<?xml version="1.0" encoding="UTF-8"?>
<testsuites name="TS_Demo" time="395.713" tests="4" failures="0" errors="1">
   <testsuite name="TS_Demo" tests="4" failures="0" errors="1" time="395.713" skipped="0" timestamp="2023-02-28 16:05:47" hostname="Dell - DESKTOP-RBJSP3C.bbrouter" id="Test Suites/TS_Demo">
      <properties>
         <property name="deviceName" value="Xiaomi Redmi Note 9 Pro (Android 12)"/>
         <property name="devicePlatform" value=""/>
         <property name="logFolder" value="C:\\Users\\Dell\\git\\SuperApp-Ajman\\Reports\\20230228_160535\\TS_Demo\\20230228_160535"/>
         <property name="logFiles" value="C:\\Users\\Dell\\git\\SuperApp-Ajman\\Reports\\20230228_160535\\TS_Demo\\20230228_160535\\appium.log, C:\\Users\\Dell\\git\\SuperApp-Ajman\\Reports\\20230228_160535\\TS_Demo\\20230228_160535\\execution0.log"/>
         <property name="attachments" value="C:\\Users\\Dell\\git\\SuperApp-Ajman\\Reports\\20230228_160535\\TS_Demo\\20230228_160535\\1677580615471.png, C:\\Users\\Dell\\git\\SuperApp-Ajman\\Reports\\20230228_160535\\TS_Demo\\20230228_160535\\1677580654081.png, C:\\Users\\Dell\\git\\SuperApp-Ajman\\Reports\\20230228_160535\\TS_Demo\\20230228_160535\\1677580700620.png, C:\\Users\\Dell\\git\\SuperApp-Ajman\\Reports\\20230228_160535\\TS_Demo\\20230228_160535\\1677580760373.png, C:\\Users\\Dell\\git\\SuperApp-Ajman\\Reports\\20230228_160535\\TS_Demo\\20230228_160535\\1677580774698.png, C:\\Users\\Dell\\git\\SuperApp-Ajman\\Reports\\20230228_160535\\TS_Demo\\20230228_160535\\1677580832023.png, C:\\Users\\Dell\\git\\SuperApp-Ajman\\Reports\\20230228_160535\\TS_Demo\\20230228_160535\\1677580901512.png, C:\\Users\\Dell\\git\\SuperApp-Ajman\\Reports\\20230228_160535\\TS_Demo\\20230228_160535\\1677580909492.png, C:\\Users\\Dell\\git\\SuperApp-Ajman\\Reports\\20230228_160535\\TS_Demo\\20230228_160535\\1677580941962.png"/>
         <property name="hostName" value="Dell - DESKTOP-RBJSP3C.bbrouter"/>
         <property name="os" value="Windows 10 64bit"/>
         <property name="appiumServerStatus" value="{&quot;value&quot;:{&quot;build&quot;:{&quot;version&quot;:&quot;1.22.0&quot;}},&quot;sessionId&quot;:null,&quot;status&quot;:0}"/>
         <property name="katalonVersion" value="8.5.5.208"/>
         <property name="deviceOS" value="Android"/>
         <property name="appiumVersion" value="1.22.0"/>
         <property name="deviceModel" value="Redmi Note 9 Pro"/>
         <property name="hostAddress" value="192.168.1.6"/>
         <property name="deviceManufacturer" value="Xiaomi"/>
         <property name="deviceId" value="b76dcbe1"/>
         <property name="deviceName" value="Xiaomi Redmi Note 9 Pro (Android 12)"/>
         <property name="deviceOSVersion" value="12"/>
      </properties>
      <testcase name="Test Cases/Demo/TC 01 - Registration with Debit Card" time="114.769" classname="Test Cases/Demo/TC 01 - Registration with Debit Card" status="PASSED">
         <system-out><![CDATA[2023-02-28 16:05:48 - [TEST_CASE][PASSED] - Test Cases/Demo/TC 01 - Registration with Debit Card: Test Cases/Demo/TC 01 - Registration with Debit Card

2023-02-28 16:05:48 - [TEST_STEP][PASSED] - Start listener action : enableSauceLabs: [SAUCELABS] Saucelabs Plugin will not attempt to auto update job status and information !

2023-02-28 16:05:48 - [MESSAGE][INFO] - [SAUCELABS] Current run configuration: Android - b76dcbe1

2023-02-28 16:05:48 - [MESSAGE][INFO] - [SAUCELABS] Saucelabs Plugin will not attempt to auto update job status and information !

2023-02-28 16:05:49 - [TEST_STEP][PASSED] - startExistingApplication("com.cbt.ajmandigital", CONTINUE_ON_FAILURE): Starting app with application ID: 'com.cbt.ajmandigital'

2023-02-28 16:05:50 - [MESSAGE][INFO] - Detected NodeJS location: "C:\Program Files\nodejs\node.exe"

2023-02-28 16:05:53 - [MESSAGE][INFO] - Appium server started on port 50,667

2023-02-28 16:06:18 - [MESSAGE][PASSED] - Starting app with application ID: 'com.cbt.ajmandigital'

2023-02-28 16:06:18 - [TEST_STEP][PASSED] - waitForElementPresent(findTestObject("1.Registration and Login/Welcome Page/button_Already a Customer"), 0): Element 'Object Repository/1.Registration and Login/Welcome Page/button_Already a Customer' is present

2023-02-28 16:06:19 - [MESSAGE][WARNING] - Timeout '0' is invalid. Using default page load timeout: '30'

2023-02-28 16:06:49 - [MESSAGE][PASSED] - Element 'Object Repository/1.Registration and Login/Welcome Page/button_Already a Customer' is present

2023-02-28 16:06:49 - [TEST_STEP][PASSED] - tap(findTestObject("1.Registration and Login/Welcome Page/button_Already a Customer"), 0): Tapped on element 'Object Repository/1.Registration and Login/Welcome Page/button_Already a Customer'

2023-02-28 16:06:49 - [MESSAGE][WARNING] - Timeout '0' is invalid. Using default page load timeout: '30'

2023-02-28 16:06:50 - [MESSAGE][PASSED] - Tapped on element 'Object Repository/1.Registration and Login/Welcome Page/button_Already a Customer'

2023-02-28 16:06:50 - [TEST_STEP][PASSED] - waitForElementPresent(findTestObject("1.Registration and Login/Card Details Page/Radio Button_Debit Card"), 0): Element 'Object Repository/1.Registration and Login/Card Details Page/Radio Button_Debit Card' is present

2023-02-28 16:06:50 - [MESSAGE][WARNING] - Timeout '0' is invalid. Using default page load timeout: '30'

2023-02-28 16:06:51 - [MESSAGE][PASSED] - Element 'Object Repository/1.Registration and Login/Card Details Page/Radio Button_Debit Card' is present

2023-02-28 16:06:51 - [TEST_STEP][PASSED] - tap(findTestObject("1.Registration and Login/Card Details Page/Radio Button_Debit Card"), 0): Tapped on element 'Object Repository/1.Registration and Login/Card Details Page/Radio Button_Debit Card'

2023-02-28 16:06:51 - [MESSAGE][WARNING] - Timeout '0' is invalid. Using default page load timeout: '30'

2023-02-28 16:06:51 - [MESSAGE][PASSED] - Tapped on element 'Object Repository/1.Registration and Login/Card Details Page/Radio Button_Debit Card'

2023-02-28 16:06:51 - [TEST_STEP][PASSED] - setText(findTestObject("1.Registration and Login/Card Details Page/Text Box_Card Number"), "5244550100131688", 0): Text '5244550100131688' has been set to element 'Object Repository/1.Registration and Login/Card Details Page/Text Box_Card Number'

2023-02-28 16:06:52 - [MESSAGE][WARNING] - Timeout '0' is invalid. Using default page load timeout: '30'

2023-02-28 16:06:52 - [MESSAGE][PASSED] - Text '5244550100131688' has been set to element 'Object Repository/1.Registration and Login/Card Details Page/Text Box_Card Number'

2023-02-28 16:06:52 - [TEST_STEP][PASSED] - setText(findTestObject("1.Registration and Login/Card Details Page/Text Box_Card Pin"), "4631", 0): Text '4631' has been set to element 'Object Repository/1.Registration and Login/Card Details Page/Text Box_Card Pin'

2023-02-28 16:06:52 - [MESSAGE][WARNING] - Timeout '0' is invalid. Using default page load timeout: '30'

2023-02-28 16:06:53 - [MESSAGE][PASSED] - Text '4631' has been set to element 'Object Repository/1.Registration and Login/Card Details Page/Text Box_Card Pin'

2023-02-28 16:06:53 - [TEST_STEP][PASSED] - delay(2, STOP_ON_FAILURE): Delayed 2 second(s)

2023-02-28 16:06:55 - [MESSAGE][PASSED] - Delayed 2 second(s)

2023-02-28 16:06:55 - [TEST_STEP][PASSED] - takeScreenshot(): Screenshot is taken

2023-02-28 16:06:56 - [MESSAGE][PASSED] - Screenshot is taken
[[ATTACHMENT|C:\\Users\\Dell\\git\\SuperApp-Ajman\\Reports\\20230228_160535\\TS_Demo\\20230228_160535\\1677580615471.png]]

2023-02-28 16:06:56 - [TEST_STEP][PASSED] - tap(findTestObject("1.Registration and Login/Card Details Page/Button_Next on Card details"), 0): Tapped on element 'Object Repository/1.Registration and Login/Card Details Page/Button_Next on Card details'

2023-02-28 16:06:56 - [MESSAGE][WARNING] - Timeout '0' is invalid. Using default page load timeout: '30'

2023-02-28 16:06:57 - [MESSAGE][PASSED] - Tapped on element 'Object Repository/1.Registration and Login/Card Details Page/Button_Next on Card details'

2023-02-28 16:06:57 - [TEST_STEP][PASSED] - waitForElementPresent(findTestObject("1.Registration and Login/OTP Page/label_Enter OTP"), 60): Element 'Object Repository/1.Registration and Login/OTP Page/label_Enter OTP' is present

2023-02-28 16:07:08 - [MESSAGE][PASSED] - Element 'Object Repository/1.Registration and Login/OTP Page/label_Enter OTP' is present

2023-02-28 16:07:08 - [TEST_STEP][PASSED] - callTestCase(findTestCase("Utilities/Enter_OTP"), [:], CONTINUE_ON_FAILURE): Call Test Case 'Test Cases/Utilities/Enter_OTP' successfully

2023-02-28 16:07:08 - [TEST_CASE][PASSED] - Test Cases/Utilities/Enter_OTP: Test Cases/Utilities/Enter_OTP

2023-02-28 16:07:09 - [TEST_STEP][PASSED] - driver = getDriver(): null

2023-02-28 16:07:09 - [TEST_STEP][PASSED] - driver.pressKey(new io.appium.java_client.android.nativekey.KeyEvent(io.appium.java_client.android.nativekey.AndroidKey.DIGIT_6)): null

2023-02-28 16:07:10 - [TEST_STEP][PASSED] - driver.pressKey(new io.appium.java_client.android.nativekey.KeyEvent(io.appium.java_client.android.nativekey.AndroidKey.DIGIT_5)): null

2023-02-28 16:07:11 - [TEST_STEP][PASSED] - driver.pressKey(new io.appium.java_client.android.nativekey.KeyEvent(io.appium.java_client.android.nativekey.AndroidKey.DIGIT_4)): null

2023-02-28 16:07:12 - [TEST_STEP][PASSED] - driver.pressKey(new io.appium.java_client.android.nativekey.KeyEvent(io.appium.java_client.android.nativekey.AndroidKey.DIGIT_3)): null

2023-02-28 16:07:13 - [TEST_STEP][PASSED] - driver.pressKey(new io.appium.java_client.android.nativekey.KeyEvent(io.appium.java_client.android.nativekey.AndroidKey.DIGIT_2)): null

2023-02-28 16:07:14 - [TEST_STEP][PASSED] - driver.pressKey(new io.appium.java_client.android.nativekey.KeyEvent(io.appium.java_client.android.nativekey.AndroidKey.DIGIT_1)): null

2023-02-28 16:07:15 - [TEST_STEP][PASSED] - driver.pressKey(new io.appium.java_client.android.nativekey.KeyEvent(io.appium.java_client.android.nativekey.AndroidKey.ENTER)): null

2023-02-28 16:07:16 - [MESSAGE][PASSED] - Call Test Case 'Test Cases/Utilities/Enter_OTP' successfully

2023-02-28 16:07:16 - [TEST_STEP][PASSED] - tap(findTestObject("1.Registration and Login/OTP Page/Button_Verify OTP"), 0): Tapped on element 'Object Repository/1.Registration and Login/OTP Page/Button_Verify OTP'

2023-02-28 16:07:16 - [MESSAGE][WARNING] - Timeout '0' is invalid. Using default page load timeout: '30'

2023-02-28 16:07:18 - [MESSAGE][PASSED] - Tapped on element 'Object Repository/1.Registration and Login/OTP Page/Button_Verify OTP'

2023-02-28 16:07:18 - [TEST_STEP][PASSED] - delay(5, STOP_ON_FAILURE): Delayed 5 second(s)

2023-02-28 16:07:23 - [MESSAGE][PASSED] - Delayed 5 second(s)

2023-02-28 16:07:23 - [TEST_STEP][PASSED] - setText(findTestObject("1.Registration and Login/mPIN Page/Text Box_Create mPIN"), "102030", 0): Text '102030' has been set to element 'Object Repository/1.Registration and Login/mPIN Page/Text Box_Create mPIN'

2023-02-28 16:07:23 - [MESSAGE][WARNING] - Timeout '0' is invalid. Using default page load timeout: '30'

2023-02-28 16:07:23 - [MESSAGE][PASSED] - Text '102030' has been set to element 'Object Repository/1.Registration and Login/mPIN Page/Text Box_Create mPIN'

2023-02-28 16:07:23 - [TEST_STEP][PASSED] - setText(findTestObject("1.Registration and Login/mPIN Page/Text Box_Confirm mPIN Entry"), "102030", 0): Text '102030' has been set to element 'Object Repository/1.Registration and Login/mPIN Page/Text Box_Confirm mPIN Entry'

2023-02-28 16:07:23 - [MESSAGE][WARNING] - Timeout '0' is invalid. Using default page load timeout: '30'

2023-02-28 16:07:24 - [MESSAGE][PASSED] - Text '102030' has been set to element 'Object Repository/1.Registration and Login/mPIN Page/Text Box_Confirm mPIN Entry'

2023-02-28 16:07:24 - [TEST_STEP][PASSED] - tap(findTestObject("1.Registration and Login/mPIN Page/Button_Next mPIN Page"), 0): Tapped on element 'Object Repository/1.Registration and Login/mPIN Page/Button_Next mPIN Page'

2023-02-28 16:07:24 - [MESSAGE][WARNING] - Timeout '0' is invalid. Using default page load timeout: '30'

2023-02-28 16:07:25 - [MESSAGE][PASSED] - Tapped on element 'Object Repository/1.Registration and Login/mPIN Page/Button_Next mPIN Page'

2023-02-28 16:07:25 - [TEST_STEP][PASSED] - waitForElementPresent(findTestObject("1.Registration and Login/mPIN Page/Button_Maybe later Biometric"), 0): Element 'Object Repository/1.Registration and Login/mPIN Page/Button_Maybe later Biometric' is present

2023-02-28 16:07:25 - [MESSAGE][WARNING] - Timeout '0' is invalid. Using default page load timeout: '30'

2023-02-28 16:07:27 - [MESSAGE][PASSED] - Element 'Object Repository/1.Registration and Login/mPIN Page/Button_Maybe later Biometric' is present

2023-02-28 16:07:27 - [TEST_STEP][PASSED] - tap(findTestObject("1.Registration and Login/mPIN Page/Button_Maybe later Biometric"), 0): Tapped on element 'Object Repository/1.Registration and Login/mPIN Page/Button_Maybe later Biometric'

2023-02-28 16:07:27 - [MESSAGE][WARNING] - Timeout '0' is invalid. Using default page load timeout: '30'

2023-02-28 16:07:28 - [MESSAGE][PASSED] - Tapped on element 'Object Repository/1.Registration and Login/mPIN Page/Button_Maybe later Biometric'

2023-02-28 16:07:28 - [TEST_STEP][PASSED] - waitForElementPresent(findTestObject("2.Dashboard/Profile Settings/Image_Profile Picture_Profile Settings"), 0): Element 'Object Repository/2.Dashboard/Profile Settings/Image_Profile Picture_Profile Settings' is present

2023-02-28 16:07:28 - [MESSAGE][WARNING] - Timeout '0' is invalid. Using default page load timeout: '30'

2023-02-28 16:07:34 - [MESSAGE][PASSED] - Element 'Object Repository/2.Dashboard/Profile Settings/Image_Profile Picture_Profile Settings' is present

2023-02-28 16:07:34 - [TEST_STEP][PASSED] - takeScreenshot(): Screenshot is taken

2023-02-28 16:07:35 - [MESSAGE][PASSED] - Screenshot is taken
[[ATTACHMENT|C:\\Users\\Dell\\git\\SuperApp-Ajman\\Reports\\20230228_160535\\TS_Demo\\20230228_160535\\1677580654081.png]]

2023-02-28 16:07:35 - [TEST_STEP][PASSED] - callTestCase(findTestCase("Utilities/Logout"), [:], CONTINUE_ON_FAILURE): Call Test Case 'Test Cases/Utilities/Logout' successfully

2023-02-28 16:07:35 - [TEST_CASE][PASSED] - Test Cases/Utilities/Logout: Test Cases/Utilities/Logout

2023-02-28 16:07:35 - [TEST_STEP][PASSED] - waitForElementPresent(findTestObject("2.Dashboard/Profile Settings/Icon_Home"), 60): Element 'Object Repository/2.Dashboard/Profile Settings/Icon_Home' is present

2023-02-28 16:07:35 - [MESSAGE][PASSED] - Element 'Object Repository/2.Dashboard/Profile Settings/Icon_Home' is present

2023-02-28 16:07:35 - [TEST_STEP][PASSED] - tap(findTestObject("2.Dashboard/Profile Settings/Icon_Home"), 0): Tapped on element 'Object Repository/2.Dashboard/Profile Settings/Icon_Home'

2023-02-28 16:07:36 - [MESSAGE][WARNING] - Timeout '0' is invalid. Using default page load timeout: '30'

2023-02-28 16:07:36 - [MESSAGE][PASSED] - Tapped on element 'Object Repository/2.Dashboard/Profile Settings/Icon_Home'

2023-02-28 16:07:36 - [TEST_STEP][PASSED] - waitForElementPresent(findTestObject("2.Dashboard/Accounts/AccountDetails"), 0): Element 'Object Repository/2.Dashboard/Accounts/AccountDetails' is present

2023-02-28 16:07:36 - [MESSAGE][WARNING] - Timeout '0' is invalid. Using default page load timeout: '30'

2023-02-28 16:07:37 - [MESSAGE][PASSED] - Element 'Object Repository/2.Dashboard/Accounts/AccountDetails' is present

2023-02-28 16:07:37 - [TEST_STEP][PASSED] - tap(findTestObject("2.Dashboard/Profile Settings/Image_Profile Picture_DashBoard"), 0): Tapped on element 'Object Repository/2.Dashboard/Profile Settings/Image_Profile Picture_DashBoard'

2023-02-28 16:07:37 - [MESSAGE][WARNING] - Timeout '0' is invalid. Using default page load timeout: '30'

2023-02-28 16:07:38 - [MESSAGE][PASSED] - Tapped on element 'Object Repository/2.Dashboard/Profile Settings/Image_Profile Picture_DashBoard'

2023-02-28 16:07:38 - [TEST_STEP][PASSED] - waitForElementPresent(findTestObject("2.Dashboard/Profile Settings/Image_Profile Picture_Profile Settings"), 0): Element 'Object Repository/2.Dashboard/Profile Settings/Image_Profile Picture_Profile Settings' is present

2023-02-28 16:07:38 - [MESSAGE][WARNING] - Timeout '0' is invalid. Using default page load timeout: '30'

2023-02-28 16:07:39 - [MESSAGE][PASSED] - Element 'Object Repository/2.Dashboard/Profile Settings/Image_Profile Picture_Profile Settings' is present

2023-02-28 16:07:39 - [TEST_STEP][PASSED] - swipe(135, 1840, 447, 259): Swiped from 135,1,840 to 447,259

2023-02-28 16:07:40 - [MESSAGE][PASSED] - Swiped from 135,1,840 to 447,259

2023-02-28 16:07:40 - [TEST_STEP][PASSED] - swipe(135, 1840, 447, 259): Swiped from 135,1,840 to 447,259

2023-02-28 16:07:41 - [MESSAGE][PASSED] - Swiped from 135,1,840 to 447,259

2023-02-28 16:07:41 - [TEST_STEP][PASSED] - tap(findTestObject("2.Dashboard/Profile Settings/Button_Logout"), 0): Tapped on element 'Object Repository/2.Dashboard/Profile Settings/Button_Logout'

2023-02-28 16:07:41 - [MESSAGE][WARNING] - Timeout '0' is invalid. Using default page load timeout: '30'

2023-02-28 16:07:42 - [MESSAGE][PASSED] - Tapped on element 'Object Repository/2.Dashboard/Profile Settings/Button_Logout'

2023-02-28 16:07:42 - [MESSAGE][PASSED] - Call Test Case 'Test Cases/Utilities/Logout' successfully

2023-02-28 16:07:42 - [TEST_STEP][PASSED] - closeApplication(): Close app successfully

2023-02-28 16:07:43 - [MESSAGE][PASSED] - Close app successfully

2023-02-28 16:07:43 - [TEST_STEP][PASSED] - Start listener action : autoUpdateJobStatus: [SAUCELABS] Current run configuration: Android - b76dcbe1

2023-02-28 16:07:43 - [MESSAGE][INFO] - [SAUCELABS] Current run configuration: Android - b76dcbe1]]></system-out>
         <system-err><![CDATA[]]></system-err>
      </testcase>
      <testcase name="Test Cases/Demo/TC 01 - Login with mPIN" time="47.115" classname="Test Cases/Demo/TC 01 - Login with mPIN" status="PASSED">
         <system-out><![CDATA[2023-02-28 16:07:43 - [TEST_CASE][PASSED] - Test Cases/Demo/TC 01 - Login with mPIN: Test Cases/Demo/TC 01 - Login with mPIN

2023-02-28 16:07:43 - [TEST_STEP][PASSED] - Start listener action : enableSauceLabs: [SAUCELABS] Saucelabs Plugin will not attempt to auto update job status and information !

2023-02-28 16:07:43 - [MESSAGE][INFO] - [SAUCELABS] Current run configuration: Android - b76dcbe1

2023-02-28 16:07:43 - [MESSAGE][INFO] - [SAUCELABS] Saucelabs Plugin will not attempt to auto update job status and information !

2023-02-28 16:07:44 - [TEST_STEP][PASSED] - startExistingApplication("com.cbt.ajmandigital", STOP_ON_FAILURE): Starting app with application ID: 'com.cbt.ajmandigital'

2023-02-28 16:07:45 - [MESSAGE][INFO] - Detected NodeJS location: "C:\Program Files\nodejs\node.exe"

2023-02-28 16:07:47 - [MESSAGE][INFO] - Appium server started on port 50,806

2023-02-28 16:08:08 - [MESSAGE][PASSED] - Starting app with application ID: 'com.cbt.ajmandigital'

2023-02-28 16:08:08 - [TEST_STEP][PASSED] - waitForElementPresent(findTestObject("1.Registration and Login/Login Page/button_ForgotmPIN"), 0): Element 'Object Repository/1.Registration and Login/Login Page/button_ForgotmPIN' is present

2023-02-28 16:08:09 - [MESSAGE][WARNING] - Timeout '0' is invalid. Using default page load timeout: '30'

2023-02-28 16:08:09 - [MESSAGE][PASSED] - Element 'Object Repository/1.Registration and Login/Login Page/button_ForgotmPIN' is present

2023-02-28 16:08:09 - [TEST_STEP][PASSED] - callTestCase(findTestCase("Utilities/Enter_mPIN"), [:], STOP_ON_FAILURE): Call Test Case 'Test Cases/Utilities/Enter_mPIN' successfully

2023-02-28 16:08:09 - [TEST_CASE][PASSED] - Test Cases/Utilities/Enter_mPIN: Test Cases/Utilities/Enter_mPIN

2023-02-28 16:08:10 - [TEST_STEP][PASSED] - driver = getDriver(): null

2023-02-28 16:08:10 - [TEST_STEP][PASSED] - driver.pressKey(new io.appium.java_client.android.nativekey.KeyEvent(io.appium.java_client.android.nativekey.AndroidKey.DIGIT_1)): null

2023-02-28 16:08:10 - [TEST_STEP][PASSED] - driver.pressKey(new io.appium.java_client.android.nativekey.KeyEvent(io.appium.java_client.android.nativekey.AndroidKey.DIGIT_0)): null

2023-02-28 16:08:11 - [TEST_STEP][PASSED] - driver.pressKey(new io.appium.java_client.android.nativekey.KeyEvent(io.appium.java_client.android.nativekey.AndroidKey.DIGIT_2)): null

2023-02-28 16:08:12 - [TEST_STEP][PASSED] - driver.pressKey(new io.appium.java_client.android.nativekey.KeyEvent(io.appium.java_client.android.nativekey.AndroidKey.DIGIT_0)): null

2023-02-28 16:08:13 - [TEST_STEP][PASSED] - driver.pressKey(new io.appium.java_client.android.nativekey.KeyEvent(io.appium.java_client.android.nativekey.AndroidKey.DIGIT_3)): null

2023-02-28 16:08:14 - [TEST_STEP][PASSED] - driver.pressKey(new io.appium.java_client.android.nativekey.KeyEvent(io.appium.java_client.android.nativekey.AndroidKey.DIGIT_0)): null

2023-02-28 16:08:14 - [TEST_STEP][PASSED] - driver.pressKey(new io.appium.java_client.android.nativekey.KeyEvent(io.appium.java_client.android.nativekey.AndroidKey.ENTER)): null

2023-02-28 16:08:16 - [MESSAGE][PASSED] - Call Test Case 'Test Cases/Utilities/Enter_mPIN' successfully

2023-02-28 16:08:16 - [TEST_STEP][PASSED] - waitForElementPresent(findTestObject("2.Dashboard/Accounts/AccountDetails"), 60): Element 'Object Repository/2.Dashboard/Accounts/AccountDetails' is present

2023-02-28 16:08:20 - [MESSAGE][PASSED] - Element 'Object Repository/2.Dashboard/Accounts/AccountDetails' is present

2023-02-28 16:08:20 - [TEST_STEP][PASSED] - takeScreenshot(): Screenshot is taken

2023-02-28 16:08:22 - [MESSAGE][PASSED] - Screenshot is taken
[[ATTACHMENT|C:\\Users\\Dell\\git\\SuperApp-Ajman\\Reports\\20230228_160535\\TS_Demo\\20230228_160535\\1677580700620.png]]

2023-02-28 16:08:22 - [TEST_STEP][PASSED] - content = getAttribute(findTestObject("2.Dashboard/Accounts/AccountDetails"), "contentDescription", 0): Element 'Object Repository/2.Dashboard/Accounts/AccountDetails' has attribute 'contentDescription' is 'Available Balance
3,261,631.94
AED
Savings Account
011074763011'

2023-02-28 16:08:22 - [MESSAGE][WARNING] - Timeout '0' is invalid. Using default page load timeout: '30'

2023-02-28 16:08:22 - [MESSAGE][PASSED] - Element 'Object Repository/2.Dashboard/Accounts/AccountDetails' has attribute 'contentDescription' is 'Available Balance
3,261,631.94
AED
Savings Account
011074763011'

2023-02-28 16:08:22 - [TEST_STEP][PASSED] - println(content): null

2023-02-28 16:08:22 - [TEST_STEP][PASSED] - line = content.split("\R"): null

2023-02-28 16:08:22 - [TEST_STEP][PASSED] - println(line[4]): null

2023-02-28 16:08:22 - [TEST_STEP][PASSED] - if (accountNumber == line[4]): Pass

2023-02-28 16:08:22 - [TEST_STEP][PASSED] - markPassed("Pass"): Pass

2023-02-28 16:08:22 - [MESSAGE][PASSED] - Pass

2023-02-28 16:08:22 - [TEST_STEP][PASSED] - callTestCase(findTestCase("Utilities/Logout"), [:], CONTINUE_ON_FAILURE): Call Test Case 'Test Cases/Utilities/Logout' successfully

2023-02-28 16:08:22 - [TEST_CASE][PASSED] - Test Cases/Utilities/Logout: Test Cases/Utilities/Logout

2023-02-28 16:08:22 - [TEST_STEP][PASSED] - waitForElementPresent(findTestObject("2.Dashboard/Profile Settings/Icon_Home"), 60): Element 'Object Repository/2.Dashboard/Profile Settings/Icon_Home' is present

2023-02-28 16:08:22 - [MESSAGE][PASSED] - Element 'Object Repository/2.Dashboard/Profile Settings/Icon_Home' is present

2023-02-28 16:08:22 - [TEST_STEP][PASSED] - tap(findTestObject("2.Dashboard/Profile Settings/Icon_Home"), 0): Tapped on element 'Object Repository/2.Dashboard/Profile Settings/Icon_Home'

2023-02-28 16:08:23 - [MESSAGE][WARNING] - Timeout '0' is invalid. Using default page load timeout: '30'

2023-02-28 16:08:23 - [MESSAGE][PASSED] - Tapped on element 'Object Repository/2.Dashboard/Profile Settings/Icon_Home'

2023-02-28 16:08:23 - [TEST_STEP][PASSED] - waitForElementPresent(findTestObject("2.Dashboard/Accounts/AccountDetails"), 0): Element 'Object Repository/2.Dashboard/Accounts/AccountDetails' is present

2023-02-28 16:08:24 - [MESSAGE][WARNING] - Timeout '0' is invalid. Using default page load timeout: '30'

2023-02-28 16:08:24 - [MESSAGE][PASSED] - Element 'Object Repository/2.Dashboard/Accounts/AccountDetails' is present

2023-02-28 16:08:24 - [TEST_STEP][PASSED] - tap(findTestObject("2.Dashboard/Profile Settings/Image_Profile Picture_DashBoard"), 0): Tapped on element 'Object Repository/2.Dashboard/Profile Settings/Image_Profile Picture_DashBoard'

2023-02-28 16:08:24 - [MESSAGE][WARNING] - Timeout '0' is invalid. Using default page load timeout: '30'

2023-02-28 16:08:25 - [MESSAGE][PASSED] - Tapped on element 'Object Repository/2.Dashboard/Profile Settings/Image_Profile Picture_DashBoard'

2023-02-28 16:08:25 - [TEST_STEP][PASSED] - waitForElementPresent(findTestObject("2.Dashboard/Profile Settings/Image_Profile Picture_Profile Settings"), 0): Element 'Object Repository/2.Dashboard/Profile Settings/Image_Profile Picture_Profile Settings' is present

2023-02-28 16:08:25 - [MESSAGE][WARNING] - Timeout '0' is invalid. Using default page load timeout: '30'

2023-02-28 16:08:26 - [MESSAGE][PASSED] - Element 'Object Repository/2.Dashboard/Profile Settings/Image_Profile Picture_Profile Settings' is present

2023-02-28 16:08:26 - [TEST_STEP][PASSED] - swipe(135, 1840, 447, 259): Swiped from 135,1,840 to 447,259

2023-02-28 16:08:27 - [MESSAGE][PASSED] - Swiped from 135,1,840 to 447,259

2023-02-28 16:08:27 - [TEST_STEP][PASSED] - swipe(135, 1840, 447, 259): Swiped from 135,1,840 to 447,259

2023-02-28 16:08:28 - [MESSAGE][PASSED] - Swiped from 135,1,840 to 447,259

2023-02-28 16:08:28 - [TEST_STEP][PASSED] - tap(findTestObject("2.Dashboard/Profile Settings/Button_Logout"), 0): Tapped on element 'Object Repository/2.Dashboard/Profile Settings/Button_Logout'

2023-02-28 16:08:28 - [MESSAGE][WARNING] - Timeout '0' is invalid. Using default page load timeout: '30'

2023-02-28 16:08:29 - [MESSAGE][PASSED] - Tapped on element 'Object Repository/2.Dashboard/Profile Settings/Button_Logout'

2023-02-28 16:08:29 - [MESSAGE][PASSED] - Call Test Case 'Test Cases/Utilities/Logout' successfully

2023-02-28 16:08:29 - [TEST_STEP][PASSED] - closeApplication(): Close app successfully

2023-02-28 16:08:30 - [MESSAGE][PASSED] - Close app successfully

2023-02-28 16:08:30 - [TEST_STEP][PASSED] - Start listener action : autoUpdateJobStatus: [SAUCELABS] Current run configuration: Android - b76dcbe1

2023-02-28 16:08:30 - [MESSAGE][INFO] - [SAUCELABS] Current run configuration: Android - b76dcbe1]]></system-out>
         <system-err><![CDATA[]]></system-err>
      </testcase>
      <testcase name="Test Cases/Demo/TC 01 - Tranfer with in Ajman" time="135.176" classname="Test Cases/Demo/TC 01 - Tranfer with in Ajman" status="PASSED">
         <system-out><![CDATA[2023-02-28 16:08:30 - [TEST_CASE][PASSED] - Test Cases/Demo/TC 01 - Tranfer with in Ajman: Test Cases/Demo/TC 01 - Tranfer with in Ajman

2023-02-28 16:08:30 - [TEST_STEP][PASSED] - Start listener action : enableSauceLabs: [SAUCELABS] Saucelabs Plugin will not attempt to auto update job status and information !

2023-02-28 16:08:30 - [MESSAGE][INFO] - [SAUCELABS] Current run configuration: Android - b76dcbe1

2023-02-28 16:08:30 - [MESSAGE][INFO] - [SAUCELABS] Saucelabs Plugin will not attempt to auto update job status and information !

2023-02-28 16:08:31 - [TEST_STEP][PASSED] - callTestCase(findTestCase("Utilities/Login"), [:], CONTINUE_ON_FAILURE): Call Test Case 'Test Cases/Utilities/Login' successfully

2023-02-28 16:08:31 - [TEST_CASE][PASSED] - Test Cases/Utilities/Login: Test Cases/Utilities/Login

2023-02-28 16:08:32 - [TEST_STEP][PASSED] - startExistingApplication("com.cbt.ajmandigital", STOP_ON_FAILURE): Starting app with application ID: 'com.cbt.ajmandigital'

2023-02-28 16:08:32 - [MESSAGE][INFO] - Detected NodeJS location: "C:\Program Files\nodejs\node.exe"

2023-02-28 16:08:34 - [MESSAGE][INFO] - Appium server started on port 50,937

2023-02-28 16:08:55 - [MESSAGE][PASSED] - Starting app with application ID: 'com.cbt.ajmandigital'

2023-02-28 16:08:55 - [TEST_STEP][PASSED] - waitForElementPresent(findTestObject("1.Registration and Login/Login Page/button_ForgotmPIN"), 0): Element 'Object Repository/1.Registration and Login/Login Page/button_ForgotmPIN' is present

2023-02-28 16:08:55 - [MESSAGE][WARNING] - Timeout '0' is invalid. Using default page load timeout: '30'

2023-02-28 16:08:55 - [MESSAGE][PASSED] - Element 'Object Repository/1.Registration and Login/Login Page/button_ForgotmPIN' is present

2023-02-28 16:08:55 - [TEST_STEP][PASSED] - callTestCase(findTestCase("Utilities/Enter_mPIN"), [:], STOP_ON_FAILURE): Call Test Case 'Test Cases/Utilities/Enter_mPIN' successfully

2023-02-28 16:08:56 - [TEST_CASE][PASSED] - Test Cases/Utilities/Enter_mPIN: Test Cases/Utilities/Enter_mPIN

2023-02-28 16:08:56 - [TEST_STEP][PASSED] - driver = getDriver(): null

2023-02-28 16:08:56 - [TEST_STEP][PASSED] - driver.pressKey(new io.appium.java_client.android.nativekey.KeyEvent(io.appium.java_client.android.nativekey.AndroidKey.DIGIT_1)): null

2023-02-28 16:08:56 - [TEST_STEP][PASSED] - driver.pressKey(new io.appium.java_client.android.nativekey.KeyEvent(io.appium.java_client.android.nativekey.AndroidKey.DIGIT_0)): null

2023-02-28 16:08:57 - [TEST_STEP][PASSED] - driver.pressKey(new io.appium.java_client.android.nativekey.KeyEvent(io.appium.java_client.android.nativekey.AndroidKey.DIGIT_2)): null

2023-02-28 16:08:57 - [TEST_STEP][PASSED] - driver.pressKey(new io.appium.java_client.android.nativekey.KeyEvent(io.appium.java_client.android.nativekey.AndroidKey.DIGIT_0)): null

2023-02-28 16:08:58 - [TEST_STEP][PASSED] - driver.pressKey(new io.appium.java_client.android.nativekey.KeyEvent(io.appium.java_client.android.nativekey.AndroidKey.DIGIT_3)): null

2023-02-28 16:08:59 - [TEST_STEP][PASSED] - driver.pressKey(new io.appium.java_client.android.nativekey.KeyEvent(io.appium.java_client.android.nativekey.AndroidKey.DIGIT_0)): null

2023-02-28 16:08:59 - [TEST_STEP][PASSED] - driver.pressKey(new io.appium.java_client.android.nativekey.KeyEvent(io.appium.java_client.android.nativekey.AndroidKey.ENTER)): null

2023-02-28 16:09:00 - [MESSAGE][PASSED] - Call Test Case 'Test Cases/Utilities/Enter_mPIN' successfully

2023-02-28 16:09:00 - [TEST_STEP][PASSED] - waitForElementPresent(findTestObject("2.Dashboard/Accounts/AccountDetails"), 60): Element 'Object Repository/2.Dashboard/Accounts/AccountDetails' is present

2023-02-28 16:09:06 - [MESSAGE][PASSED] - Element 'Object Repository/2.Dashboard/Accounts/AccountDetails' is present

2023-02-28 16:09:06 - [MESSAGE][PASSED] - Call Test Case 'Test Cases/Utilities/Login' successfully

2023-02-28 16:09:06 - [TEST_STEP][PASSED] - tap(findTestObject("3.Payments/Payments_page/tab_PAY"), 0): Tapped on element 'Object Repository/3.Payments/Payments_page/tab_PAY'

2023-02-28 16:09:07 - [MESSAGE][WARNING] - Timeout '0' is invalid. Using default page load timeout: '30'

2023-02-28 16:09:07 - [MESSAGE][PASSED] - Tapped on element 'Object Repository/3.Payments/Payments_page/tab_PAY'

2023-02-28 16:09:07 - [TEST_STEP][PASSED] - waitForElementPresent(findTestObject("4.Transfers/Button_Ajman Transfer"), 0): Element 'Object Repository/4.Transfers/Button_Ajman Transfer' is present

2023-02-28 16:09:08 - [MESSAGE][WARNING] - Timeout '0' is invalid. Using default page load timeout: '30'

2023-02-28 16:09:09 - [MESSAGE][PASSED] - Element 'Object Repository/4.Transfers/Button_Ajman Transfer' is present

2023-02-28 16:09:09 - [TEST_STEP][PASSED] - tap(findTestObject("4.Transfers/Button_Ajman Transfer"), 0): Tapped on element 'Object Repository/4.Transfers/Button_Ajman Transfer'

2023-02-28 16:09:09 - [MESSAGE][WARNING] - Timeout '0' is invalid. Using default page load timeout: '30'

2023-02-28 16:09:10 - [MESSAGE][PASSED] - Tapped on element 'Object Repository/4.Transfers/Button_Ajman Transfer'

2023-02-28 16:09:10 - [TEST_STEP][PASSED] - waitForElementPresent(findTestObject("4.Transfers/Text Box_ IBAN Account Number"), 0): Element 'Object Repository/4.Transfers/Text Box_ IBAN Account Number' is present

2023-02-28 16:09:10 - [MESSAGE][WARNING] - Timeout '0' is invalid. Using default page load timeout: '30'

2023-02-28 16:09:14 - [MESSAGE][PASSED] - Element 'Object Repository/4.Transfers/Text Box_ IBAN Account Number' is present

2023-02-28 16:09:14 - [TEST_STEP][PASSED] - callTestCase(findTestCase("Utilities/Account Selection Based on AccountNumber"), ["accountNumber":accountNumber], CONTINUE_ON_FAILURE): Call Test Case 'Test Cases/Utilities/Account Selection Based on AccountNumber' successfully

2023-02-28 16:09:14 - [TEST_CASE][PASSED] - Test Cases/Utilities/Account Selection Based on AccountNumber: Test Cases/Utilities/Account Selection Based on AccountNumber

2023-02-28 16:09:14 - [TEST_STEP][PASSED] - count = 1: null

2023-02-28 16:09:14 - [TEST_STEP][PASSED] - AccountDetails = getAttribute(findTestObject("2.Dashboard/Accounts/Account Selection", ["index":count]), "contentDescription", 0): Element 'Object Repository/2.Dashboard/Accounts/Account Selection' has attribute 'contentDescription' is 'Available Balance
3,261,631.94
AED
Savings Account
011074763011'

2023-02-28 16:09:15 - [MESSAGE][WARNING] - Timeout '0' is invalid. Using default page load timeout: '30'

2023-02-28 16:09:15 - [MESSAGE][PASSED] - Element 'Object Repository/2.Dashboard/Accounts/Account Selection' has attribute 'contentDescription' is 'Available Balance
3,261,631.94
AED
Savings Account
011074763011'

2023-02-28 16:09:15 - [TEST_STEP][PASSED] - element = <not implemented yet for class: org.codehaus.groovy.ast.expr.EmptyExpression>: null

2023-02-28 16:09:15 - [TEST_STEP][PASSED] - element = AccountDetails.split("\R"): null

2023-02-28 16:09:15 - [TEST_STEP][PASSED] - println(element[4]): null

2023-02-28 16:09:15 - [TEST_STEP][PASSED] - println(accountNumber): null

2023-02-28 16:09:15 - [TEST_STEP][PASSED] - while (accountNumber != element[4]): null

2023-02-28 16:09:15 - [TEST_STEP][PASSED] - swipe(1026, 614, 54, 614): Swiped from 1,026,614 to 54,614

2023-02-28 16:09:16 - [MESSAGE][PASSED] - Swiped from 1,026,614 to 54,614

2023-02-28 16:09:16 - [TEST_STEP][PASSED] - delay(2): Delayed 2 second(s)

2023-02-28 16:09:18 - [MESSAGE][PASSED] - Delayed 2 second(s)

2023-02-28 16:09:18 - [TEST_STEP][PASSED] - (count++): null

2023-02-28 16:09:18 - [TEST_STEP][PASSED] - AccountDetails = getAttribute(findTestObject("2.Dashboard/Accounts/Account Selection", ["index":count]), "contentDescription", 0): Element 'Object Repository/2.Dashboard/Accounts/Account Selection' has attribute 'contentDescription' is 'Available Balance
9,839.00
AED
Current Account
011074763023'

2023-02-28 16:09:18 - [MESSAGE][WARNING] - Timeout '0' is invalid. Using default page load timeout: '30'

2023-02-28 16:09:18 - [MESSAGE][PASSED] - Element 'Object Repository/2.Dashboard/Accounts/Account Selection' has attribute 'contentDescription' is 'Available Balance
9,839.00
AED
Current Account
011074763023'

2023-02-28 16:09:18 - [TEST_STEP][PASSED] - element = AccountDetails.split("\R"): null

2023-02-28 16:09:18 - [TEST_STEP][PASSED] - println(element[4]): null

2023-02-28 16:09:18 - [MESSAGE][PASSED] - Call Test Case 'Test Cases/Utilities/Account Selection Based on AccountNumber' successfully

2023-02-28 16:09:18 - [TEST_STEP][PASSED] - tap(findTestObject("4.Transfers/Text Box_ IBAN Account Number"), 0): Tapped on element 'Object Repository/4.Transfers/Text Box_ IBAN Account Number'

2023-02-28 16:09:18 - [MESSAGE][WARNING] - Timeout '0' is invalid. Using default page load timeout: '30'

2023-02-28 16:09:19 - [MESSAGE][PASSED] - Tapped on element 'Object Repository/4.Transfers/Text Box_ IBAN Account Number'

2023-02-28 16:09:19 - [TEST_STEP][PASSED] - setText(findTestObject("4.Transfers/Text Box_ IBAN Account Number"), "011000833011", 0): Text '011000833011' has been set to element 'Object Repository/4.Transfers/Text Box_ IBAN Account Number'

2023-02-28 16:09:19 - [MESSAGE][WARNING] - Timeout '0' is invalid. Using default page load timeout: '30'

2023-02-28 16:09:20 - [MESSAGE][PASSED] - Text '011000833011' has been set to element 'Object Repository/4.Transfers/Text Box_ IBAN Account Number'

2023-02-28 16:09:20 - [TEST_STEP][PASSED] - takeScreenshot(): Screenshot is taken

2023-02-28 16:09:21 - [MESSAGE][PASSED] - Screenshot is taken
[[ATTACHMENT|C:\\Users\\Dell\\git\\SuperApp-Ajman\\Reports\\20230228_160535\\TS_Demo\\20230228_160535\\1677580760373.png]]

2023-02-28 16:09:21 - [TEST_STEP][PASSED] - tap(findTestObject("4.Transfers/Button_Verify mPIN"), 0): Tapped on element 'Object Repository/4.Transfers/Button_Verify mPIN'

2023-02-28 16:09:21 - [MESSAGE][WARNING] - Timeout '0' is invalid. Using default page load timeout: '30'

2023-02-28 16:09:21 - [MESSAGE][PASSED] - Tapped on element 'Object Repository/4.Transfers/Button_Verify mPIN'

2023-02-28 16:09:21 - [TEST_STEP][PASSED] - waitForElementPresent(findTestObject("4.Transfers/Button_Next"), 0): Element 'Object Repository/4.Transfers/Button_Next' is present

2023-02-28 16:09:21 - [MESSAGE][WARNING] - Timeout '0' is invalid. Using default page load timeout: '30'

2023-02-28 16:09:29 - [MESSAGE][PASSED] - Element 'Object Repository/4.Transfers/Button_Next' is present

2023-02-28 16:09:29 - [TEST_STEP][PASSED] - tap(findTestObject("4.Transfers/Button_Next"), 0): Tapped on element 'Object Repository/4.Transfers/Button_Next'

2023-02-28 16:09:30 - [MESSAGE][WARNING] - Timeout '0' is invalid. Using default page load timeout: '30'

2023-02-28 16:09:31 - [MESSAGE][PASSED] - Tapped on element 'Object Repository/4.Transfers/Button_Next'

2023-02-28 16:09:31 - [TEST_STEP][PASSED] - delay(3): Delayed 3 second(s)

2023-02-28 16:09:34 - [MESSAGE][PASSED] - Delayed 3 second(s)

2023-02-28 16:09:34 - [TEST_STEP][PASSED] - setText(findTestObject("4.Transfers/Text Box_Amount"), amount, 0): Text '100.00' has been set to element 'Object Repository/4.Transfers/Text Box_Amount'

2023-02-28 16:09:34 - [MESSAGE][WARNING] - Timeout '0' is invalid. Using default page load timeout: '30'

2023-02-28 16:09:34 - [MESSAGE][PASSED] - Text '100.00' has been set to element 'Object Repository/4.Transfers/Text Box_Amount'

2023-02-28 16:09:34 - [TEST_STEP][PASSED] - takeScreenshot(): Screenshot is taken

2023-02-28 16:09:35 - [MESSAGE][PASSED] - Screenshot is taken
[[ATTACHMENT|C:\\Users\\Dell\\git\\SuperApp-Ajman\\Reports\\20230228_160535\\TS_Demo\\20230228_160535\\1677580774698.png]]

2023-02-28 16:09:35 - [TEST_STEP][PASSED] - tap(findTestObject("4.Transfers/Button_Next"), 0): Tapped on element 'Object Repository/4.Transfers/Button_Next'

2023-02-28 16:09:35 - [MESSAGE][WARNING] - Timeout '0' is invalid. Using default page load timeout: '30'

2023-02-28 16:09:36 - [MESSAGE][PASSED] - Tapped on element 'Object Repository/4.Transfers/Button_Next'

2023-02-28 16:09:36 - [TEST_STEP][PASSED] - delay(3): Delayed 3 second(s)

2023-02-28 16:09:39 - [MESSAGE][PASSED] - Delayed 3 second(s)

2023-02-28 16:09:39 - [TEST_STEP][PASSED] - swipe(135, 1840, 447, 259): Swiped from 135,1,840 to 447,259

2023-02-28 16:09:40 - [MESSAGE][PASSED] - Swiped from 135,1,840 to 447,259

2023-02-28 16:09:40 - [TEST_STEP][PASSED] - tap(findTestObject("4.Transfers/Button_Confirm"), 0): Tapped on element 'Object Repository/4.Transfers/Button_Confirm'

2023-02-28 16:09:40 - [MESSAGE][WARNING] - Timeout '0' is invalid. Using default page load timeout: '30'

2023-02-28 16:09:41 - [MESSAGE][PASSED] - Tapped on element 'Object Repository/4.Transfers/Button_Confirm'

2023-02-28 16:09:41 - [TEST_STEP][PASSED] - delay(5): Delayed 5 second(s)

2023-02-28 16:09:46 - [MESSAGE][PASSED] - Delayed 5 second(s)

2023-02-28 16:09:46 - [TEST_STEP][PASSED] - tapAtPosition(137, 771): Tapped at [137, 771]

2023-02-28 16:09:46 - [MESSAGE][PASSED] - Tapped at [137, 771]

2023-02-28 16:09:46 - [TEST_STEP][PASSED] - callTestCase(findTestCase("Utilities/Enter_mPIN"), [:], STOP_ON_FAILURE): Call Test Case 'Test Cases/Utilities/Enter_mPIN' successfully

2023-02-28 16:09:46 - [TEST_CASE][PASSED] - Test Cases/Utilities/Enter_mPIN: Test Cases/Utilities/Enter_mPIN

2023-02-28 16:09:46 - [TEST_STEP][PASSED] - driver = getDriver(): null

2023-02-28 16:09:46 - [TEST_STEP][PASSED] - driver.pressKey(new io.appium.java_client.android.nativekey.KeyEvent(io.appium.java_client.android.nativekey.AndroidKey.DIGIT_1)): null

2023-02-28 16:09:47 - [TEST_STEP][PASSED] - driver.pressKey(new io.appium.java_client.android.nativekey.KeyEvent(io.appium.java_client.android.nativekey.AndroidKey.DIGIT_0)): null

2023-02-28 16:09:48 - [TEST_STEP][PASSED] - driver.pressKey(new io.appium.java_client.android.nativekey.KeyEvent(io.appium.java_client.android.nativekey.AndroidKey.DIGIT_2)): null

2023-02-28 16:09:48 - [TEST_STEP][PASSED] - driver.pressKey(new io.appium.java_client.android.nativekey.KeyEvent(io.appium.java_client.android.nativekey.AndroidKey.DIGIT_0)): null

2023-02-28 16:09:49 - [TEST_STEP][PASSED] - driver.pressKey(new io.appium.java_client.android.nativekey.KeyEvent(io.appium.java_client.android.nativekey.AndroidKey.DIGIT_3)): null

2023-02-28 16:09:49 - [TEST_STEP][PASSED] - driver.pressKey(new io.appium.java_client.android.nativekey.KeyEvent(io.appium.java_client.android.nativekey.AndroidKey.DIGIT_0)): null

2023-02-28 16:09:50 - [TEST_STEP][PASSED] - driver.pressKey(new io.appium.java_client.android.nativekey.KeyEvent(io.appium.java_client.android.nativekey.AndroidKey.ENTER)): null

2023-02-28 16:09:50 - [MESSAGE][PASSED] - Call Test Case 'Test Cases/Utilities/Enter_mPIN' successfully

2023-02-28 16:09:50 - [TEST_STEP][PASSED] - tap(findTestObject("4.Transfers/Button_Verify mPIN"), 0): Tapped on element 'Object Repository/4.Transfers/Button_Verify mPIN'

2023-02-28 16:09:50 - [MESSAGE][WARNING] - Timeout '0' is invalid. Using default page load timeout: '30'

2023-02-28 16:09:52 - [MESSAGE][PASSED] - Tapped on element 'Object Repository/4.Transfers/Button_Verify mPIN'

2023-02-28 16:09:52 - [TEST_STEP][PASSED] - delay(5): Delayed 5 second(s)

2023-02-28 16:09:57 - [MESSAGE][PASSED] - Delayed 5 second(s)

2023-02-28 16:09:57 - [TEST_STEP][PASSED] - callTestCase(findTestCase("Utilities/Enter_OTP"), [:], STOP_ON_FAILURE): Call Test Case 'Test Cases/Utilities/Enter_OTP' successfully

2023-02-28 16:09:57 - [TEST_CASE][PASSED] - Test Cases/Utilities/Enter_OTP: Test Cases/Utilities/Enter_OTP

2023-02-28 16:09:57 - [TEST_STEP][PASSED] - driver = getDriver(): null

2023-02-28 16:09:57 - [TEST_STEP][PASSED] - driver.pressKey(new io.appium.java_client.android.nativekey.KeyEvent(io.appium.java_client.android.nativekey.AndroidKey.DIGIT_6)): null

2023-02-28 16:09:57 - [TEST_STEP][PASSED] - driver.pressKey(new io.appium.java_client.android.nativekey.KeyEvent(io.appium.java_client.android.nativekey.AndroidKey.DIGIT_5)): null

2023-02-28 16:09:58 - [TEST_STEP][PASSED] - driver.pressKey(new io.appium.java_client.android.nativekey.KeyEvent(io.appium.java_client.android.nativekey.AndroidKey.DIGIT_4)): null

2023-02-28 16:09:59 - [TEST_STEP][PASSED] - driver.pressKey(new io.appium.java_client.android.nativekey.KeyEvent(io.appium.java_client.android.nativekey.AndroidKey.DIGIT_3)): null

2023-02-28 16:10:00 - [TEST_STEP][PASSED] - driver.pressKey(new io.appium.java_client.android.nativekey.KeyEvent(io.appium.java_client.android.nativekey.AndroidKey.DIGIT_2)): null

2023-02-28 16:10:01 - [TEST_STEP][PASSED] - driver.pressKey(new io.appium.java_client.android.nativekey.KeyEvent(io.appium.java_client.android.nativekey.AndroidKey.DIGIT_1)): null

2023-02-28 16:10:02 - [TEST_STEP][PASSED] - driver.pressKey(new io.appium.java_client.android.nativekey.KeyEvent(io.appium.java_client.android.nativekey.AndroidKey.ENTER)): null

2023-02-28 16:10:03 - [MESSAGE][PASSED] - Call Test Case 'Test Cases/Utilities/Enter_OTP' successfully

2023-02-28 16:10:03 - [TEST_STEP][PASSED] - tap(findTestObject("4.Transfers/Button_VerifyOTP"), 0): Tapped on element 'Object Repository/4.Transfers/Button_VerifyOTP'

2023-02-28 16:10:03 - [MESSAGE][WARNING] - Timeout '0' is invalid. Using default page load timeout: '30'

2023-02-28 16:10:04 - [MESSAGE][PASSED] - Tapped on element 'Object Repository/4.Transfers/Button_VerifyOTP'

2023-02-28 16:10:04 - [TEST_STEP][PASSED] - waitForElementPresent(findTestObject("4.Transfers/Button_BackToPayment"), 180): Element 'Object Repository/4.Transfers/Button_BackToPayment' is present

2023-02-28 16:10:32 - [MESSAGE][PASSED] - Element 'Object Repository/4.Transfers/Button_BackToPayment' is present

2023-02-28 16:10:32 - [TEST_STEP][PASSED] - takeScreenshot(): Screenshot is taken

2023-02-28 16:10:33 - [MESSAGE][PASSED] - Screenshot is taken
[[ATTACHMENT|C:\\Users\\Dell\\git\\SuperApp-Ajman\\Reports\\20230228_160535\\TS_Demo\\20230228_160535\\1677580832023.png]]

2023-02-28 16:10:33 - [TEST_STEP][PASSED] - content = getAttribute(findTestObject("3.Payments/Payment Success page/label_SuccessPage"), "contentDescription", 0): Element 'Object Repository/3.Payments/Payment Success page/label_SuccessPage' has attribute 'contentDescription' is '100.00
AED
Transfer to
AED Current Account
011000833011
Ajman Bank
Description
Reference ID
FT23059N1K56'

2023-02-28 16:10:33 - [MESSAGE][WARNING] - Timeout '0' is invalid. Using default page load timeout: '30'

2023-02-28 16:10:33 - [MESSAGE][PASSED] - Element 'Object Repository/3.Payments/Payment Success page/label_SuccessPage' has attribute 'contentDescription' is '100.00
AED
Transfer to
AED Current Account
011000833011
Ajman Bank
Description
Reference ID
FT23059N1K56'

2023-02-28 16:10:33 - [TEST_STEP][PASSED] - println(content): null

2023-02-28 16:10:33 - [TEST_STEP][PASSED] - line = content.split("\R"): null

2023-02-28 16:10:33 - [TEST_STEP][PASSED] - println(line[0]): null

2023-02-28 16:10:33 - [TEST_STEP][PASSED] - if (amount == line[0]): Pass

2023-02-28 16:10:33 - [TEST_STEP][PASSED] - markPassed("Pass"): Pass

2023-02-28 16:10:33 - [MESSAGE][PASSED] - Pass

2023-02-28 16:10:33 - [TEST_STEP][PASSED] - tap(findTestObject("3.Payments/Payment Success page/Button_Back To Payment"), 0): Tapped on element 'Object Repository/3.Payments/Payment Success page/Button_Back To Payment'

2023-02-28 16:10:33 - [MESSAGE][WARNING] - Timeout '0' is invalid. Using default page load timeout: '30'

2023-02-28 16:10:34 - [MESSAGE][PASSED] - Tapped on element 'Object Repository/3.Payments/Payment Success page/Button_Back To Payment'

2023-02-28 16:10:34 - [TEST_STEP][PASSED] - callTestCase(findTestCase("Utilities/Logout"), [:], CONTINUE_ON_FAILURE): Call Test Case 'Test Cases/Utilities/Logout' successfully

2023-02-28 16:10:34 - [TEST_CASE][PASSED] - Test Cases/Utilities/Logout: Test Cases/Utilities/Logout

2023-02-28 16:10:34 - [TEST_STEP][PASSED] - waitForElementPresent(findTestObject("2.Dashboard/Profile Settings/Icon_Home"), 60): Element 'Object Repository/2.Dashboard/Profile Settings/Icon_Home' is present

2023-02-28 16:10:36 - [MESSAGE][PASSED] - Element 'Object Repository/2.Dashboard/Profile Settings/Icon_Home' is present

2023-02-28 16:10:36 - [TEST_STEP][PASSED] - tap(findTestObject("2.Dashboard/Profile Settings/Icon_Home"), 0): Tapped on element 'Object Repository/2.Dashboard/Profile Settings/Icon_Home'

2023-02-28 16:10:36 - [MESSAGE][WARNING] - Timeout '0' is invalid. Using default page load timeout: '30'

2023-02-28 16:10:37 - [MESSAGE][PASSED] - Tapped on element 'Object Repository/2.Dashboard/Profile Settings/Icon_Home'

2023-02-28 16:10:37 - [TEST_STEP][PASSED] - waitForElementPresent(findTestObject("2.Dashboard/Accounts/AccountDetails"), 0): Element 'Object Repository/2.Dashboard/Accounts/AccountDetails' is present

2023-02-28 16:10:37 - [MESSAGE][WARNING] - Timeout '0' is invalid. Using default page load timeout: '30'

2023-02-28 16:10:40 - [MESSAGE][PASSED] - Element 'Object Repository/2.Dashboard/Accounts/AccountDetails' is present

2023-02-28 16:10:40 - [TEST_STEP][PASSED] - tap(findTestObject("2.Dashboard/Profile Settings/Image_Profile Picture_DashBoard"), 0): Tapped on element 'Object Repository/2.Dashboard/Profile Settings/Image_Profile Picture_DashBoard'

2023-02-28 16:10:40 - [MESSAGE][WARNING] - Timeout '0' is invalid. Using default page load timeout: '30'

2023-02-28 16:10:41 - [MESSAGE][PASSED] - Tapped on element 'Object Repository/2.Dashboard/Profile Settings/Image_Profile Picture_DashBoard'

2023-02-28 16:10:41 - [TEST_STEP][PASSED] - waitForElementPresent(findTestObject("2.Dashboard/Profile Settings/Image_Profile Picture_Profile Settings"), 0): Element 'Object Repository/2.Dashboard/Profile Settings/Image_Profile Picture_Profile Settings' is present

2023-02-28 16:10:41 - [MESSAGE][WARNING] - Timeout '0' is invalid. Using default page load timeout: '30'

2023-02-28 16:10:41 - [MESSAGE][PASSED] - Element 'Object Repository/2.Dashboard/Profile Settings/Image_Profile Picture_Profile Settings' is present

2023-02-28 16:10:41 - [TEST_STEP][PASSED] - swipe(135, 1840, 447, 259): Swiped from 135,1,840 to 447,259

2023-02-28 16:10:43 - [MESSAGE][PASSED] - Swiped from 135,1,840 to 447,259

2023-02-28 16:10:43 - [TEST_STEP][PASSED] - swipe(135, 1840, 447, 259): Swiped from 135,1,840 to 447,259

2023-02-28 16:10:44 - [MESSAGE][PASSED] - Swiped from 135,1,840 to 447,259

2023-02-28 16:10:44 - [TEST_STEP][PASSED] - tap(findTestObject("2.Dashboard/Profile Settings/Button_Logout"), 0): Tapped on element 'Object Repository/2.Dashboard/Profile Settings/Button_Logout'

2023-02-28 16:10:44 - [MESSAGE][WARNING] - Timeout '0' is invalid. Using default page load timeout: '30'

2023-02-28 16:10:44 - [MESSAGE][PASSED] - Tapped on element 'Object Repository/2.Dashboard/Profile Settings/Button_Logout'

2023-02-28 16:10:44 - [MESSAGE][PASSED] - Call Test Case 'Test Cases/Utilities/Logout' successfully

2023-02-28 16:10:44 - [TEST_STEP][PASSED] - closeApplication(): Close app successfully

2023-02-28 16:10:45 - [MESSAGE][PASSED] - Close app successfully

2023-02-28 16:10:45 - [TEST_STEP][PASSED] - Start listener action : autoUpdateJobStatus: [SAUCELABS] Current run configuration: Android - b76dcbe1

2023-02-28 16:10:45 - [MESSAGE][INFO] - [SAUCELABS] Current run configuration: Android - b76dcbe1]]></system-out>
         <system-err><![CDATA[]]></system-err>
      </testcase>
      <testcase name="Test Cases/Demo/TC 01 - New Bill Payment" time="97.929" classname="Test Cases/Demo/TC 01 - New Bill Payment" status="ERROR">
         <error type="ERROR" message="Test Cases/Demo/TC 01 - New Bill Payment FAILED.
Reason:
java.lang.NullPointerException: Cannot invoke method split() on null object
	at TC 01 - New Bill Payment.run(TC 01 - New Bill Payment:94)
	at com.kms.katalon.core.main.ScriptEngine.run(ScriptEngine.java:194)
	at com.kms.katalon.core.main.ScriptEngine.runScriptAsRawText(ScriptEngine.java:119)
	at com.kms.katalon.core.main.TestCaseExecutor.runScript(TestCaseExecutor.java:448)
	at com.kms.katalon.core.main.TestCaseExecutor.doExecute(TestCaseExecutor.java:439)
	at com.kms.katalon.core.main.TestCaseExecutor.processExecutionPhase(TestCaseExecutor.java:418)
	at com.kms.katalon.core.main.TestCaseExecutor.accessMainPhase(TestCaseExecutor.java:410)
	at com.kms.katalon.core.main.TestCaseExecutor.execute(TestCaseExecutor.java:285)
	at com.kms.katalon.core.common.CommonExecutor.accessTestCaseMainPhase(CommonExecutor.java:65)
	at com.kms.katalon.core.main.TestSuiteExecutor.accessTestSuiteMainPhase(TestSuiteExecutor.java:151)
	at com.kms.katalon.core.main.TestSuiteExecutor.execute(TestSuiteExecutor.java:106)
	at com.kms.katalon.core.main.TestCaseMain.startTestSuite(TestCaseMain.java:185)
	at com.kms.katalon.core.main.TestCaseMain$startTestSuite$0.call(Unknown Source)
	at TempTestSuite1677580535634.run(TempTestSuite1677580535634.groovy:36)
"/>
         <system-out><![CDATA[2023-02-28 16:10:45 - [TEST_CASE][ERROR] - Test Cases/Demo/TC 01 - New Bill Payment: Test Cases/Demo/TC 01 - New Bill Payment FAILED.
Reason:
java.lang.NullPointerException: Cannot invoke method split() on null object
	at TC 01 - New Bill Payment.run(TC 01 - New Bill Payment:94)
	at com.kms.katalon.core.main.ScriptEngine.run(ScriptEngine.java:194)
	at com.kms.katalon.core.main.ScriptEngine.runScriptAsRawText(ScriptEngine.java:119)
	at com.kms.katalon.core.main.TestCaseExecutor.runScript(TestCaseExecutor.java:448)
	at com.kms.katalon.core.main.TestCaseExecutor.doExecute(TestCaseExecutor.java:439)
	at com.kms.katalon.core.main.TestCaseExecutor.processExecutionPhase(TestCaseExecutor.java:418)
	at com.kms.katalon.core.main.TestCaseExecutor.accessMainPhase(TestCaseExecutor.java:410)
	at com.kms.katalon.core.main.TestCaseExecutor.execute(TestCaseExecutor.java:285)
	at com.kms.katalon.core.common.CommonExecutor.accessTestCaseMainPhase(CommonExecutor.java:65)
	at com.kms.katalon.core.main.TestSuiteExecutor.accessTestSuiteMainPhase(TestSuiteExecutor.java:151)
	at com.kms.katalon.core.main.TestSuiteExecutor.execute(TestSuiteExecutor.java:106)
	at com.kms.katalon.core.main.TestCaseMain.startTestSuite(TestCaseMain.java:185)
	at com.kms.katalon.core.main.TestCaseMain$startTestSuite$0.call(Unknown Source)
	at TempTestSuite1677580535634.run(TempTestSuite1677580535634.groovy:36)


2023-02-28 16:10:45 - [TEST_STEP][PASSED] - Start listener action : enableSauceLabs: [SAUCELABS] Saucelabs Plugin will not attempt to auto update job status and information !

2023-02-28 16:10:45 - [MESSAGE][INFO] - [SAUCELABS] Current run configuration: Android - b76dcbe1

2023-02-28 16:10:45 - [MESSAGE][INFO] - [SAUCELABS] Saucelabs Plugin will not attempt to auto update job status and information !

2023-02-28 16:10:47 - [TEST_STEP][PASSED] - callTestCase(findTestCase("Utilities/Login"), [:], CONTINUE_ON_FAILURE): Call Test Case 'Test Cases/Utilities/Login' successfully

2023-02-28 16:10:47 - [TEST_CASE][PASSED] - Test Cases/Utilities/Login: Test Cases/Utilities/Login

2023-02-28 16:10:47 - [TEST_STEP][PASSED] - startExistingApplication("com.cbt.ajmandigital", STOP_ON_FAILURE): Starting app with application ID: 'com.cbt.ajmandigital'

2023-02-28 16:10:47 - [MESSAGE][INFO] - Detected NodeJS location: "C:\Program Files\nodejs\node.exe"

2023-02-28 16:10:49 - [MESSAGE][INFO] - Appium server started on port 51,084

2023-02-28 16:11:11 - [MESSAGE][PASSED] - Starting app with application ID: 'com.cbt.ajmandigital'

2023-02-28 16:11:11 - [TEST_STEP][PASSED] - waitForElementPresent(findTestObject("1.Registration and Login/Login Page/button_ForgotmPIN"), 0): Element 'Object Repository/1.Registration and Login/Login Page/button_ForgotmPIN' is present

2023-02-28 16:11:11 - [MESSAGE][WARNING] - Timeout '0' is invalid. Using default page load timeout: '30'

2023-02-28 16:11:12 - [MESSAGE][PASSED] - Element 'Object Repository/1.Registration and Login/Login Page/button_ForgotmPIN' is present

2023-02-28 16:11:12 - [TEST_STEP][PASSED] - callTestCase(findTestCase("Utilities/Enter_mPIN"), [:], STOP_ON_FAILURE): Call Test Case 'Test Cases/Utilities/Enter_mPIN' successfully

2023-02-28 16:11:12 - [TEST_CASE][PASSED] - Test Cases/Utilities/Enter_mPIN: Test Cases/Utilities/Enter_mPIN

2023-02-28 16:11:12 - [TEST_STEP][PASSED] - driver = getDriver(): null

2023-02-28 16:11:12 - [TEST_STEP][PASSED] - driver.pressKey(new io.appium.java_client.android.nativekey.KeyEvent(io.appium.java_client.android.nativekey.AndroidKey.DIGIT_1)): null

2023-02-28 16:11:12 - [TEST_STEP][PASSED] - driver.pressKey(new io.appium.java_client.android.nativekey.KeyEvent(io.appium.java_client.android.nativekey.AndroidKey.DIGIT_0)): null

2023-02-28 16:11:13 - [TEST_STEP][PASSED] - driver.pressKey(new io.appium.java_client.android.nativekey.KeyEvent(io.appium.java_client.android.nativekey.AndroidKey.DIGIT_2)): null

2023-02-28 16:11:14 - [TEST_STEP][PASSED] - driver.pressKey(new io.appium.java_client.android.nativekey.KeyEvent(io.appium.java_client.android.nativekey.AndroidKey.DIGIT_0)): null

2023-02-28 16:11:14 - [TEST_STEP][PASSED] - driver.pressKey(new io.appium.java_client.android.nativekey.KeyEvent(io.appium.java_client.android.nativekey.AndroidKey.DIGIT_3)): null

2023-02-28 16:11:15 - [TEST_STEP][PASSED] - driver.pressKey(new io.appium.java_client.android.nativekey.KeyEvent(io.appium.java_client.android.nativekey.AndroidKey.DIGIT_0)): null

2023-02-28 16:11:15 - [TEST_STEP][PASSED] - driver.pressKey(new io.appium.java_client.android.nativekey.KeyEvent(io.appium.java_client.android.nativekey.AndroidKey.ENTER)): null

2023-02-28 16:11:16 - [MESSAGE][PASSED] - Call Test Case 'Test Cases/Utilities/Enter_mPIN' successfully

2023-02-28 16:11:16 - [TEST_STEP][PASSED] - waitForElementPresent(findTestObject("2.Dashboard/Accounts/AccountDetails"), 60): Element 'Object Repository/2.Dashboard/Accounts/AccountDetails' is present

2023-02-28 16:11:21 - [MESSAGE][PASSED] - Element 'Object Repository/2.Dashboard/Accounts/AccountDetails' is present

2023-02-28 16:11:21 - [MESSAGE][PASSED] - Call Test Case 'Test Cases/Utilities/Login' successfully

2023-02-28 16:11:21 - [TEST_STEP][PASSED] - tap(findTestObject("3.Payments/Payments_page/tab_PAY"), 0): Tapped on element 'Object Repository/3.Payments/Payments_page/tab_PAY'

2023-02-28 16:11:21 - [MESSAGE][WARNING] - Timeout '0' is invalid. Using default page load timeout: '30'

2023-02-28 16:11:21 - [MESSAGE][PASSED] - Tapped on element 'Object Repository/3.Payments/Payments_page/tab_PAY'

2023-02-28 16:11:21 - [TEST_STEP][PASSED] - tap(findTestObject("3.Payments/Payments_page/tab_Bills"), 0): Tapped on element 'Object Repository/3.Payments/Payments_page/tab_Bills'

2023-02-28 16:11:21 - [MESSAGE][WARNING] - Timeout '0' is invalid. Using default page load timeout: '30'

2023-02-28 16:11:23 - [MESSAGE][PASSED] - Tapped on element 'Object Repository/3.Payments/Payments_page/tab_Bills'

2023-02-28 16:11:23 - [TEST_STEP][PASSED] - tap(findTestObject("3.Payments/Payments_page/button_NewBill"), 0): Tapped on element 'Object Repository/3.Payments/Payments_page/button_NewBill'

2023-02-28 16:11:23 - [MESSAGE][WARNING] - Timeout '0' is invalid. Using default page load timeout: '30'

2023-02-28 16:11:25 - [MESSAGE][PASSED] - Tapped on element 'Object Repository/3.Payments/Payments_page/button_NewBill'

2023-02-28 16:11:25 - [TEST_STEP][PASSED] - delay(2): Delayed 2 second(s)

2023-02-28 16:11:27 - [MESSAGE][PASSED] - Delayed 2 second(s)

2023-02-28 16:11:27 - [TEST_STEP][PASSED] - tap(findTestObject("3.Payments/Pay To New Biller/Label_Select Biller", ["biller":biller]), 0): Tapped on element 'Object Repository/3.Payments/Pay To New Biller/Label_Select Biller'

2023-02-28 16:11:27 - [MESSAGE][WARNING] - Timeout '0' is invalid. Using default page load timeout: '30'

2023-02-28 16:11:28 - [MESSAGE][PASSED] - Tapped on element 'Object Repository/3.Payments/Pay To New Biller/Label_Select Biller'

2023-02-28 16:11:28 - [TEST_STEP][PASSED] - tap(findTestObject("3.Payments/Pay To New Biller/Label_Select Sub Biller", ["subBiller":subBiller]), 0): Tapped on element 'Object Repository/3.Payments/Pay To New Biller/Label_Select Sub Biller'

2023-02-28 16:11:28 - [MESSAGE][WARNING] - Timeout '0' is invalid. Using default page load timeout: '30'

2023-02-28 16:11:33 - [MESSAGE][PASSED] - Tapped on element 'Object Repository/3.Payments/Pay To New Biller/Label_Select Sub Biller'

2023-02-28 16:11:33 - [TEST_STEP][PASSED] - delay(5, CONTINUE_ON_FAILURE): Delayed 5 second(s)

2023-02-28 16:11:38 - [MESSAGE][PASSED] - Delayed 5 second(s)

2023-02-28 16:11:38 - [TEST_STEP][PASSED] - callTestCase(findTestCase("Utilities/Account Selection Based on AccountNumber"), ["accountNumber":accountNumber], CONTINUE_ON_FAILURE): Call Test Case 'Test Cases/Utilities/Account Selection Based on AccountNumber' successfully

2023-02-28 16:11:38 - [TEST_CASE][PASSED] - Test Cases/Utilities/Account Selection Based on AccountNumber: Test Cases/Utilities/Account Selection Based on AccountNumber

2023-02-28 16:11:38 - [TEST_STEP][PASSED] - count = 1: null

2023-02-28 16:11:38 - [TEST_STEP][PASSED] - AccountDetails = getAttribute(findTestObject("2.Dashboard/Accounts/Account Selection", ["index":count]), "contentDescription", 0): Element 'Object Repository/2.Dashboard/Accounts/Account Selection' has attribute 'contentDescription' is 'Available Balance
3,261,631.94
AED
Savings Account
011074763011'

2023-02-28 16:11:38 - [MESSAGE][WARNING] - Timeout '0' is invalid. Using default page load timeout: '30'

2023-02-28 16:11:39 - [MESSAGE][PASSED] - Element 'Object Repository/2.Dashboard/Accounts/Account Selection' has attribute 'contentDescription' is 'Available Balance
3,261,631.94
AED
Savings Account
011074763011'

2023-02-28 16:11:39 - [TEST_STEP][PASSED] - element = <not implemented yet for class: org.codehaus.groovy.ast.expr.EmptyExpression>: null

2023-02-28 16:11:39 - [TEST_STEP][PASSED] - element = AccountDetails.split("\R"): null

2023-02-28 16:11:39 - [TEST_STEP][PASSED] - println(element[4]): null

2023-02-28 16:11:39 - [TEST_STEP][PASSED] - println(accountNumber): null

2023-02-28 16:11:39 - [TEST_STEP][PASSED] - while (accountNumber != element[4]): null

2023-02-28 16:11:39 - [MESSAGE][PASSED] - Call Test Case 'Test Cases/Utilities/Account Selection Based on AccountNumber' successfully

2023-02-28 16:11:39 - [TEST_STEP][PASSED] - tap(findTestObject("3.Payments/Pay To New Biller/Text Box_Account Number Entry"), 0): Tapped on element 'Object Repository/3.Payments/Pay To New Biller/Text Box_Account Number Entry'

2023-02-28 16:11:39 - [MESSAGE][WARNING] - Timeout '0' is invalid. Using default page load timeout: '30'

2023-02-28 16:11:39 - [MESSAGE][PASSED] - Tapped on element 'Object Repository/3.Payments/Pay To New Biller/Text Box_Account Number Entry'

2023-02-28 16:11:39 - [TEST_STEP][PASSED] - setText(findTestObject("3.Payments/Pay To New Biller/Text Box_Account Number Entry"), consumerNumber, 0): Text '210000137777' has been set to element 'Object Repository/3.Payments/Pay To New Biller/Text Box_Account Number Entry'

2023-02-28 16:11:39 - [MESSAGE][WARNING] - Timeout '0' is invalid. Using default page load timeout: '30'

2023-02-28 16:11:40 - [MESSAGE][PASSED] - Text '210000137777' has been set to element 'Object Repository/3.Payments/Pay To New Biller/Text Box_Account Number Entry'

2023-02-28 16:11:40 - [TEST_STEP][PASSED] - pressBack(): Press back button successfully

2023-02-28 16:11:41 - [MESSAGE][PASSED] - Press back button successfully

2023-02-28 16:11:41 - [TEST_STEP][PASSED] - takeScreenshot(): Screenshot is taken

2023-02-28 16:11:42 - [MESSAGE][PASSED] - Screenshot is taken
[[ATTACHMENT|C:\\Users\\Dell\\git\\SuperApp-Ajman\\Reports\\20230228_160535\\TS_Demo\\20230228_160535\\1677580901512.png]]

2023-02-28 16:11:42 - [TEST_STEP][PASSED] - tap(findTestObject("3.Payments/Pay To New Biller/Button_Next"), 0): Tapped on element 'Object Repository/3.Payments/Pay To New Biller/Button_Next'

2023-02-28 16:11:42 - [MESSAGE][WARNING] - Timeout '0' is invalid. Using default page load timeout: '30'

2023-02-28 16:11:43 - [MESSAGE][PASSED] - Tapped on element 'Object Repository/3.Payments/Pay To New Biller/Button_Next'

2023-02-28 16:11:43 - [TEST_STEP][PASSED] - waitForElementPresent(findTestObject("3.Payments/Amount/Text Box_Amount Entry"), 0): Element 'Object Repository/3.Payments/Amount/Text Box_Amount Entry' is present

2023-02-28 16:11:43 - [MESSAGE][WARNING] - Timeout '0' is invalid. Using default page load timeout: '30'

2023-02-28 16:11:47 - [MESSAGE][PASSED] - Element 'Object Repository/3.Payments/Amount/Text Box_Amount Entry' is present

2023-02-28 16:11:47 - [TEST_STEP][PASSED] - tap(findTestObject("3.Payments/Amount/Text Box_Amount Entry"), 0): Tapped on element 'Object Repository/3.Payments/Amount/Text Box_Amount Entry'

2023-02-28 16:11:47 - [MESSAGE][WARNING] - Timeout '0' is invalid. Using default page load timeout: '30'

2023-02-28 16:11:48 - [MESSAGE][PASSED] - Tapped on element 'Object Repository/3.Payments/Amount/Text Box_Amount Entry'

2023-02-28 16:11:48 - [TEST_STEP][PASSED] - clearText(findTestObject("3.Payments/Amount/Text Box_Amount Entry"), 0): Element 'Object Repository/3.Payments/Amount/Text Box_Amount Entry' text is cleared

2023-02-28 16:11:48 - [MESSAGE][WARNING] - Timeout '0' is invalid. Using default page load timeout: '30'

2023-02-28 16:11:48 - [MESSAGE][PASSED] - Element 'Object Repository/3.Payments/Amount/Text Box_Amount Entry' text is cleared

2023-02-28 16:11:48 - [TEST_STEP][PASSED] - setText(findTestObject("3.Payments/Amount/Text Box_Amount Entry"), amount, 0): Text '1.00' has been set to element 'Object Repository/3.Payments/Amount/Text Box_Amount Entry'

2023-02-28 16:11:48 - [MESSAGE][WARNING] - Timeout '0' is invalid. Using default page load timeout: '30'

2023-02-28 16:11:49 - [MESSAGE][PASSED] - Text '1.00' has been set to element 'Object Repository/3.Payments/Amount/Text Box_Amount Entry'

2023-02-28 16:11:49 - [TEST_STEP][PASSED] - takeScreenshot(): Screenshot is taken

2023-02-28 16:11:50 - [MESSAGE][PASSED] - Screenshot is taken
[[ATTACHMENT|C:\\Users\\Dell\\git\\SuperApp-Ajman\\Reports\\20230228_160535\\TS_Demo\\20230228_160535\\1677580909492.png]]

2023-02-28 16:11:50 - [TEST_STEP][PASSED] - tap(findTestObject("3.Payments/Amount/Button_Next"), 0): Tapped on element 'Object Repository/3.Payments/Amount/Button_Next'

2023-02-28 16:11:50 - [MESSAGE][WARNING] - Timeout '0' is invalid. Using default page load timeout: '30'

2023-02-28 16:11:51 - [MESSAGE][PASSED] - Tapped on element 'Object Repository/3.Payments/Amount/Button_Next'

2023-02-28 16:11:51 - [TEST_STEP][PASSED] - tap(findTestObject("3.Payments/Payment Confirmation Page/Button_Confirm"), 0): Tapped on element 'Object Repository/3.Payments/Payment Confirmation Page/Button_Confirm'

2023-02-28 16:11:51 - [MESSAGE][WARNING] - Timeout '0' is invalid. Using default page load timeout: '30'

2023-02-28 16:11:51 - [MESSAGE][PASSED] - Tapped on element 'Object Repository/3.Payments/Payment Confirmation Page/Button_Confirm'

2023-02-28 16:11:51 - [TEST_STEP][PASSED] - delay(5): Delayed 5 second(s)

2023-02-28 16:11:56 - [MESSAGE][PASSED] - Delayed 5 second(s)

2023-02-28 16:11:56 - [TEST_STEP][PASSED] - callTestCase(findTestCase("Utilities/Enter_mPIN"), [:], STOP_ON_FAILURE): Call Test Case 'Test Cases/Utilities/Enter_mPIN' successfully

2023-02-28 16:11:56 - [TEST_CASE][PASSED] - Test Cases/Utilities/Enter_mPIN: Test Cases/Utilities/Enter_mPIN

2023-02-28 16:11:56 - [TEST_STEP][PASSED] - driver = getDriver(): null

2023-02-28 16:11:56 - [TEST_STEP][PASSED] - driver.pressKey(new io.appium.java_client.android.nativekey.KeyEvent(io.appium.java_client.android.nativekey.AndroidKey.DIGIT_1)): null

2023-02-28 16:11:57 - [TEST_STEP][PASSED] - driver.pressKey(new io.appium.java_client.android.nativekey.KeyEvent(io.appium.java_client.android.nativekey.AndroidKey.DIGIT_0)): null

2023-02-28 16:11:57 - [TEST_STEP][PASSED] - driver.pressKey(new io.appium.java_client.android.nativekey.KeyEvent(io.appium.java_client.android.nativekey.AndroidKey.DIGIT_2)): null

2023-02-28 16:11:58 - [TEST_STEP][PASSED] - driver.pressKey(new io.appium.java_client.android.nativekey.KeyEvent(io.appium.java_client.android.nativekey.AndroidKey.DIGIT_0)): null

2023-02-28 16:11:59 - [TEST_STEP][PASSED] - driver.pressKey(new io.appium.java_client.android.nativekey.KeyEvent(io.appium.java_client.android.nativekey.AndroidKey.DIGIT_3)): null

2023-02-28 16:11:59 - [TEST_STEP][PASSED] - driver.pressKey(new io.appium.java_client.android.nativekey.KeyEvent(io.appium.java_client.android.nativekey.AndroidKey.DIGIT_0)): null

2023-02-28 16:12:00 - [TEST_STEP][PASSED] - driver.pressKey(new io.appium.java_client.android.nativekey.KeyEvent(io.appium.java_client.android.nativekey.AndroidKey.ENTER)): null

2023-02-28 16:12:01 - [MESSAGE][PASSED] - Call Test Case 'Test Cases/Utilities/Enter_mPIN' successfully

2023-02-28 16:12:01 - [TEST_STEP][PASSED] - tap(findTestObject("3.Payments/Payment Confirmation Page/Button_Verify"), 0): Tapped on element 'Object Repository/3.Payments/Payment Confirmation Page/Button_Verify'

2023-02-28 16:12:02 - [MESSAGE][WARNING] - Timeout '0' is invalid. Using default page load timeout: '30'

2023-02-28 16:12:02 - [MESSAGE][PASSED] - Tapped on element 'Object Repository/3.Payments/Payment Confirmation Page/Button_Verify'

2023-02-28 16:12:02 - [TEST_STEP][PASSED] - delay(5): Delayed 5 second(s)

2023-02-28 16:12:07 - [MESSAGE][PASSED] - Delayed 5 second(s)

2023-02-28 16:12:07 - [TEST_STEP][PASSED] - callTestCase(findTestCase("Utilities/Enter_OTP"), [:], STOP_ON_FAILURE): Call Test Case 'Test Cases/Utilities/Enter_OTP' successfully

2023-02-28 16:12:07 - [TEST_CASE][PASSED] - Test Cases/Utilities/Enter_OTP: Test Cases/Utilities/Enter_OTP

2023-02-28 16:12:07 - [TEST_STEP][PASSED] - driver = getDriver(): null

2023-02-28 16:12:07 - [TEST_STEP][PASSED] - driver.pressKey(new io.appium.java_client.android.nativekey.KeyEvent(io.appium.java_client.android.nativekey.AndroidKey.DIGIT_6)): null

2023-02-28 16:12:08 - [TEST_STEP][PASSED] - driver.pressKey(new io.appium.java_client.android.nativekey.KeyEvent(io.appium.java_client.android.nativekey.AndroidKey.DIGIT_5)): null

2023-02-28 16:12:09 - [TEST_STEP][PASSED] - driver.pressKey(new io.appium.java_client.android.nativekey.KeyEvent(io.appium.java_client.android.nativekey.AndroidKey.DIGIT_4)): null

2023-02-28 16:12:10 - [TEST_STEP][PASSED] - driver.pressKey(new io.appium.java_client.android.nativekey.KeyEvent(io.appium.java_client.android.nativekey.AndroidKey.DIGIT_3)): null

2023-02-28 16:12:11 - [TEST_STEP][PASSED] - driver.pressKey(new io.appium.java_client.android.nativekey.KeyEvent(io.appium.java_client.android.nativekey.AndroidKey.DIGIT_2)): null

2023-02-28 16:12:12 - [TEST_STEP][PASSED] - driver.pressKey(new io.appium.java_client.android.nativekey.KeyEvent(io.appium.java_client.android.nativekey.AndroidKey.DIGIT_1)): null

2023-02-28 16:12:12 - [TEST_STEP][PASSED] - driver.pressKey(new io.appium.java_client.android.nativekey.KeyEvent(io.appium.java_client.android.nativekey.AndroidKey.ENTER)): null

2023-02-28 16:12:13 - [MESSAGE][PASSED] - Call Test Case 'Test Cases/Utilities/Enter_OTP' successfully

2023-02-28 16:12:13 - [TEST_STEP][PASSED] - tap(findTestObject("4.Transfers/Button_VerifyOTP"), 0): Tapped on element 'Object Repository/4.Transfers/Button_VerifyOTP'

2023-02-28 16:12:13 - [MESSAGE][WARNING] - Timeout '0' is invalid. Using default page load timeout: '30'

2023-02-28 16:12:15 - [MESSAGE][PASSED] - Tapped on element 'Object Repository/4.Transfers/Button_VerifyOTP'

2023-02-28 16:12:15 - [TEST_STEP][PASSED] - waitForElementPresent(findTestObject("3.Payments/Payment Success page/Button_Back To Payment"), 180): Element 'Object Repository/3.Payments/Payment Success page/Button_Back To Payment' is present

2023-02-28 16:12:21 - [MESSAGE][PASSED] - Element 'Object Repository/3.Payments/Payment Success page/Button_Back To Payment' is present

2023-02-28 16:12:21 - [TEST_STEP][PASSED] - takeScreenshot(): Screenshot is taken

2023-02-28 16:12:22 - [MESSAGE][PASSED] - Screenshot is taken
[[ATTACHMENT|C:\\Users\\Dell\\git\\SuperApp-Ajman\\Reports\\20230228_160535\\TS_Demo\\20230228_160535\\1677580941962.png]]

2023-02-28 16:12:22 - [TEST_STEP][PASSED] - content = getAttribute(findTestObject("3.Payments/Payment Success page/label_SuccessPage"), "contentDescription", 0): Element 'Object Repository/3.Payments/Payment Success page/label_SuccessPage' has attribute 'contentDescription' is 'null'

2023-02-28 16:12:22 - [MESSAGE][WARNING] - Timeout '0' is invalid. Using default page load timeout: '30'

2023-02-28 16:12:23 - [MESSAGE][PASSED] - Element 'Object Repository/3.Payments/Payment Success page/label_SuccessPage' has attribute 'contentDescription' is 'null'

2023-02-28 16:12:23 - [TEST_STEP][PASSED] - println(content): null

2023-02-28 16:12:23 - [TEST_STEP][ERROR] - line = content.split("\R"): Test Cases/Demo/TC 01 - New Bill Payment FAILED.
Reason:
java.lang.NullPointerException: Cannot invoke method split() on null object
	at TC 01 - New Bill Payment.run(TC 01 - New Bill Payment:94)
	at com.kms.katalon.core.main.ScriptEngine.run(ScriptEngine.java:194)
	at com.kms.katalon.core.main.ScriptEngine.runScriptAsRawText(ScriptEngine.java:119)
	at com.kms.katalon.core.main.TestCaseExecutor.runScript(TestCaseExecutor.java:448)
	at com.kms.katalon.core.main.TestCaseExecutor.doExecute(TestCaseExecutor.java:439)
	at com.kms.katalon.core.main.TestCaseExecutor.processExecutionPhase(TestCaseExecutor.java:418)
	at com.kms.katalon.core.main.TestCaseExecutor.accessMainPhase(TestCaseExecutor.java:410)
	at com.kms.katalon.core.main.TestCaseExecutor.execute(TestCaseExecutor.java:285)
	at com.kms.katalon.core.common.CommonExecutor.accessTestCaseMainPhase(CommonExecutor.java:65)
	at com.kms.katalon.core.main.TestSuiteExecutor.accessTestSuiteMainPhase(TestSuiteExecutor.java:151)
	at com.kms.katalon.core.main.TestSuiteExecutor.execute(TestSuiteExecutor.java:106)
	at com.kms.katalon.core.main.TestCaseMain.startTestSuite(TestCaseMain.java:185)
	at com.kms.katalon.core.main.TestCaseMain$startTestSuite$0.call(Unknown Source)
	at TempTestSuite1677580535634.run(TempTestSuite1677580535634.groovy:36)


2023-02-28 16:12:23 - [MESSAGE][ERROR] - Test Cases/Demo/TC 01 - New Bill Payment FAILED.
Reason:
java.lang.NullPointerException: Cannot invoke method split() on null object
	at TC 01 - New Bill Payment.run(TC 01 - New Bill Payment:94)
	at com.kms.katalon.core.main.ScriptEngine.run(ScriptEngine.java:194)
	at com.kms.katalon.core.main.ScriptEngine.runScriptAsRawText(ScriptEngine.java:119)
	at com.kms.katalon.core.main.TestCaseExecutor.runScript(TestCaseExecutor.java:448)
	at com.kms.katalon.core.main.TestCaseExecutor.doExecute(TestCaseExecutor.java:439)
	at com.kms.katalon.core.main.TestCaseExecutor.processExecutionPhase(TestCaseExecutor.java:418)
	at com.kms.katalon.core.main.TestCaseExecutor.accessMainPhase(TestCaseExecutor.java:410)
	at com.kms.katalon.core.main.TestCaseExecutor.execute(TestCaseExecutor.java:285)
	at com.kms.katalon.core.common.CommonExecutor.accessTestCaseMainPhase(CommonExecutor.java:65)
	at com.kms.katalon.core.main.TestSuiteExecutor.accessTestSuiteMainPhase(TestSuiteExecutor.java:151)
	at com.kms.katalon.core.main.TestSuiteExecutor.execute(TestSuiteExecutor.java:106)
	at com.kms.katalon.core.main.TestCaseMain.startTestSuite(TestCaseMain.java:185)
	at com.kms.katalon.core.main.TestCaseMain$startTestSuite$0.call(Unknown Source)
	at TempTestSuite1677580535634.run(TempTestSuite1677580535634.groovy:36)


2023-02-28 16:12:23 - [TEST_STEP][PASSED] - Start listener action : autoUpdateJobStatus: [SAUCELABS] Current run configuration: Android - b76dcbe1

2023-02-28 16:12:23 - [MESSAGE][INFO] - [SAUCELABS] Current run configuration: Android - b76dcbe1]]></system-out>
         <system-err><![CDATA[2023-02-28 16:10:45 - [TEST_CASE][ERROR] - Test Cases/Demo/TC 01 - New Bill Payment: Test Cases/Demo/TC 01 - New Bill Payment FAILED.
Reason:
java.lang.NullPointerException: Cannot invoke method split() on null object
	at TC 01 - New Bill Payment.run(TC 01 - New Bill Payment:94)
	at com.kms.katalon.core.main.ScriptEngine.run(ScriptEngine.java:194)
	at com.kms.katalon.core.main.ScriptEngine.runScriptAsRawText(ScriptEngine.java:119)
	at com.kms.katalon.core.main.TestCaseExecutor.runScript(TestCaseExecutor.java:448)
	at com.kms.katalon.core.main.TestCaseExecutor.doExecute(TestCaseExecutor.java:439)
	at com.kms.katalon.core.main.TestCaseExecutor.processExecutionPhase(TestCaseExecutor.java:418)
	at com.kms.katalon.core.main.TestCaseExecutor.accessMainPhase(TestCaseExecutor.java:410)
	at com.kms.katalon.core.main.TestCaseExecutor.execute(TestCaseExecutor.java:285)
	at com.kms.katalon.core.common.CommonExecutor.accessTestCaseMainPhase(CommonExecutor.java:65)
	at com.kms.katalon.core.main.TestSuiteExecutor.accessTestSuiteMainPhase(TestSuiteExecutor.java:151)
	at com.kms.katalon.core.main.TestSuiteExecutor.execute(TestSuiteExecutor.java:106)
	at com.kms.katalon.core.main.TestCaseMain.startTestSuite(TestCaseMain.java:185)
	at com.kms.katalon.core.main.TestCaseMain$startTestSuite$0.call(Unknown Source)
	at TempTestSuite1677580535634.run(TempTestSuite1677580535634.groovy:36)]]></system-err>
      </testcase>
      <system-out><![CDATA[2023-02-28 16:05:47 - [TEST_SUITE][ERROR] - TS_Demo: Test Cases/Demo/TC 01 - New Bill Payment FAILED.
Reason:
java.lang.NullPointerException: Cannot invoke method split() on null object
	at TC 01 - New Bill Payment.run(TC 01 - New Bill Payment:94)
	at com.kms.katalon.core.main.ScriptEngine.run(ScriptEngine.java:194)
	at com.kms.katalon.core.main.ScriptEngine.runScriptAsRawText(ScriptEngine.java:119)
	at com.kms.katalon.core.main.TestCaseExecutor.runScript(TestCaseExecutor.java:448)
	at com.kms.katalon.core.main.TestCaseExecutor.doExecute(TestCaseExecutor.java:439)
	at com.kms.katalon.core.main.TestCaseExecutor.processExecutionPhase(TestCaseExecutor.java:418)
	at com.kms.katalon.core.main.TestCaseExecutor.accessMainPhase(TestCaseExecutor.java:410)
	at com.kms.katalon.core.main.TestCaseExecutor.execute(TestCaseExecutor.java:285)
	at com.kms.katalon.core.common.CommonExecutor.accessTestCaseMainPhase(CommonExecutor.java:65)
	at com.kms.katalon.core.main.TestSuiteExecutor.accessTestSuiteMainPhase(TestSuiteExecutor.java:151)
	at com.kms.katalon.core.main.TestSuiteExecutor.execute(TestSuiteExecutor.java:106)
	at com.kms.katalon.core.main.TestCaseMain.startTestSuite(TestCaseMain.java:185)
	at com.kms.katalon.core.main.TestCaseMain$startTestSuite$0.call(Unknown Source)
	at TempTestSuite1677580535634.run(TempTestSuite1677580535634.groovy:36)]]></system-out>
      <system-err><![CDATA[2023-02-28 16:05:47 - [TEST_SUITE][ERROR] - TS_Demo: Test Cases/Demo/TC 01 - New Bill Payment FAILED.
Reason:
java.lang.NullPointerException: Cannot invoke method split() on null object
	at TC 01 - New Bill Payment.run(TC 01 - New Bill Payment:94)
	at com.kms.katalon.core.main.ScriptEngine.run(ScriptEngine.java:194)
	at com.kms.katalon.core.main.ScriptEngine.runScriptAsRawText(ScriptEngine.java:119)
	at com.kms.katalon.core.main.TestCaseExecutor.runScript(TestCaseExecutor.java:448)
	at com.kms.katalon.core.main.TestCaseExecutor.doExecute(TestCaseExecutor.java:439)
	at com.kms.katalon.core.main.TestCaseExecutor.processExecutionPhase(TestCaseExecutor.java:418)
	at com.kms.katalon.core.main.TestCaseExecutor.accessMainPhase(TestCaseExecutor.java:410)
	at com.kms.katalon.core.main.TestCaseExecutor.execute(TestCaseExecutor.java:285)
	at com.kms.katalon.core.common.CommonExecutor.accessTestCaseMainPhase(CommonExecutor.java:65)
	at com.kms.katalon.core.main.TestSuiteExecutor.accessTestSuiteMainPhase(TestSuiteExecutor.java:151)
	at com.kms.katalon.core.main.TestSuiteExecutor.execute(TestSuiteExecutor.java:106)
	at com.kms.katalon.core.main.TestCaseMain.startTestSuite(TestCaseMain.java:185)
	at com.kms.katalon.core.main.TestCaseMain$startTestSuite$0.call(Unknown Source)
	at TempTestSuite1677580535634.run(TempTestSuite1677580535634.groovy:36)]]></system-err>
   </testsuite>
</testsuites>
