<?xml version="1.0" encoding="UTF-8"?>
<testsuites name="TS_Demo" time="456.835" tests="4" failures="1" errors="0">
   <testsuite name="TS_Demo" tests="4" failures="1" errors="0" time="456.835" skipped="0" timestamp="2023-02-28 12:57:38" hostname="Dell - DESKTOP-RBJSP3C.bbrouter" id="Test Suites/TS_Demo">
      <properties>
         <property name="deviceName" value="Xiaomi Redmi Note 9 Pro (Android 12)"/>
         <property name="devicePlatform" value=""/>
         <property name="logFolder" value="C:\\Users\\Dell\\git\\SuperApp-Ajman\\Reports\\20230228_125725\\TS_Demo\\20230228_125725"/>
         <property name="logFiles" value="C:\\Users\\Dell\\git\\SuperApp-Ajman\\Reports\\20230228_125725\\TS_Demo\\20230228_125725\\appium.log, C:\\Users\\Dell\\git\\SuperApp-Ajman\\Reports\\20230228_125725\\TS_Demo\\20230228_125725\\execution0.log"/>
         <property name="attachments" value="C:\\Users\\Dell\\git\\SuperApp-Ajman\\Reports\\20230228_125725\\TS_Demo\\20230228_125725\\1677569301775.png, C:\\Users\\Dell\\git\\SuperApp-Ajman\\Reports\\20230228_125725\\TS_Demo\\20230228_125725\\1677569340068.png, C:\\Users\\Dell\\git\\SuperApp-Ajman\\Reports\\20230228_125725\\TS_Demo\\20230228_125725\\1677569388389.png, C:\\Users\\Dell\\git\\SuperApp-Ajman\\Reports\\20230228_125725\\TS_Demo\\20230228_125725\\1677569448300.png, C:\\Users\\Dell\\git\\SuperApp-Ajman\\Reports\\20230228_125725\\TS_Demo\\20230228_125725\\1677569461742.png, C:\\Users\\Dell\\git\\SuperApp-Ajman\\Reports\\20230228_125725\\TS_Demo\\20230228_125725\\1677569518426.png, C:\\Users\\Dell\\git\\SuperApp-Ajman\\Reports\\20230228_125725\\TS_Demo\\20230228_125725\\1677569640980.png"/>
         <property name="hostName" value="Dell - DESKTOP-RBJSP3C.bbrouter"/>
         <property name="os" value="Windows 10 64bit"/>
         <property name="appiumServerStatus" value="{&quot;value&quot;:{&quot;build&quot;:{&quot;version&quot;:&quot;1.22.0&quot;}},&quot;sessionId&quot;:null,&quot;status&quot;:0}"/>
         <property name="katalonVersion" value="8.5.5.208"/>
         <property name="deviceOS" value="Android"/>
         <property name="appiumVersion" value="1.22.0"/>
         <property name="deviceModel" value="Redmi Note 9 Pro"/>
         <property name="hostAddress" value="192.168.1.6"/>
         <property name="deviceManufacturer" value="Xiaomi"/>
         <property name="deviceId" value="b76dcbe1"/>
         <property name="deviceName" value="Xiaomi Redmi Note 9 Pro (Android 12)"/>
         <property name="deviceOSVersion" value="12"/>
      </properties>
      <testcase name="Test Cases/Demo/TC 01 - Registration with Credit Card" time="90.278" classname="Test Cases/Demo/TC 01 - Registration with Credit Card" status="PASSED">
         <system-out><![CDATA[2023-02-28 12:57:39 - [TEST_CASE][PASSED] - Test Cases/Demo/TC 01 - Registration with Credit Card: Test Cases/Demo/TC 01 - Registration with Credit Card

2023-02-28 12:57:40 - [TEST_STEP][PASSED] - Start listener action : enableSauceLabs: [SAUCELABS] Saucelabs Plugin will not attempt to auto update job status and information !

2023-02-28 12:57:40 - [MESSAGE][INFO] - [SAUCELABS] Current run configuration: Android - b76dcbe1

2023-02-28 12:57:40 - [MESSAGE][INFO] - [SAUCELABS] Saucelabs Plugin will not attempt to auto update job status and information !

2023-02-28 12:57:41 - [TEST_STEP][PASSED] - startExistingApplication("com.cbt.ajmandigital", CONTINUE_ON_FAILURE): Starting app with application ID: 'com.cbt.ajmandigital'

2023-02-28 12:57:42 - [MESSAGE][INFO] - Detected NodeJS location: "C:\Program Files\nodejs\node.exe"

2023-02-28 12:57:44 - [MESSAGE][INFO] - Appium server started on port 61,537

2023-02-28 12:58:11 - [MESSAGE][PASSED] - Starting app with application ID: 'com.cbt.ajmandigital'

2023-02-28 12:58:11 - [TEST_STEP][PASSED] - waitForElementPresent(findTestObject("1.Registration and Login/Welcome Page/button_Already a Customer"), 0): Element 'Object Repository/1.Registration and Login/Welcome Page/button_Already a Customer' is present

2023-02-28 12:58:11 - [MESSAGE][WARNING] - Timeout '0' is invalid. Using default page load timeout: '30'

2023-02-28 12:58:12 - [MESSAGE][PASSED] - Element 'Object Repository/1.Registration and Login/Welcome Page/button_Already a Customer' is present

2023-02-28 12:58:12 - [TEST_STEP][PASSED] - tap(findTestObject("1.Registration and Login/Welcome Page/button_Already a Customer"), 0): Tapped on element 'Object Repository/1.Registration and Login/Welcome Page/button_Already a Customer'

2023-02-28 12:58:13 - [MESSAGE][WARNING] - Timeout '0' is invalid. Using default page load timeout: '30'

2023-02-28 12:58:13 - [MESSAGE][PASSED] - Tapped on element 'Object Repository/1.Registration and Login/Welcome Page/button_Already a Customer'

2023-02-28 12:58:13 - [TEST_STEP][PASSED] - waitForElementPresent(findTestObject("1.Registration and Login/Card Details Page/Radio Button_Debit Card"), 0): Element 'Object Repository/1.Registration and Login/Card Details Page/Radio Button_Debit Card' is present

2023-02-28 12:58:14 - [MESSAGE][WARNING] - Timeout '0' is invalid. Using default page load timeout: '30'

2023-02-28 12:58:15 - [MESSAGE][PASSED] - Element 'Object Repository/1.Registration and Login/Card Details Page/Radio Button_Debit Card' is present

2023-02-28 12:58:15 - [TEST_STEP][PASSED] - tap(findTestObject("1.Registration and Login/Card Details Page/Radio Button_Debit Card"), 0): Tapped on element 'Object Repository/1.Registration and Login/Card Details Page/Radio Button_Debit Card'

2023-02-28 12:58:15 - [MESSAGE][WARNING] - Timeout '0' is invalid. Using default page load timeout: '30'

2023-02-28 12:58:17 - [MESSAGE][PASSED] - Tapped on element 'Object Repository/1.Registration and Login/Card Details Page/Radio Button_Debit Card'

2023-02-28 12:58:17 - [TEST_STEP][PASSED] - setText(findTestObject("1.Registration and Login/Card Details Page/Text Box_Card Number"), "5244550100131688", 0): Text '5244550100131688' has been set to element 'Object Repository/1.Registration and Login/Card Details Page/Text Box_Card Number'

2023-02-28 12:58:17 - [MESSAGE][WARNING] - Timeout '0' is invalid. Using default page load timeout: '30'

2023-02-28 12:58:18 - [MESSAGE][PASSED] - Text '5244550100131688' has been set to element 'Object Repository/1.Registration and Login/Card Details Page/Text Box_Card Number'

2023-02-28 12:58:18 - [TEST_STEP][PASSED] - setText(findTestObject("1.Registration and Login/Card Details Page/Text Box_Card Pin"), "4631", 0): Text '4631' has been set to element 'Object Repository/1.Registration and Login/Card Details Page/Text Box_Card Pin'

2023-02-28 12:58:19 - [MESSAGE][WARNING] - Timeout '0' is invalid. Using default page load timeout: '30'

2023-02-28 12:58:19 - [MESSAGE][PASSED] - Text '4631' has been set to element 'Object Repository/1.Registration and Login/Card Details Page/Text Box_Card Pin'

2023-02-28 12:58:19 - [TEST_STEP][PASSED] - delay(2, STOP_ON_FAILURE): Delayed 2 second(s)

2023-02-28 12:58:21 - [MESSAGE][PASSED] - Delayed 2 second(s)

2023-02-28 12:58:21 - [TEST_STEP][PASSED] - takeScreenshot(): Screenshot is taken

2023-02-28 12:58:22 - [MESSAGE][PASSED] - Screenshot is taken
[[ATTACHMENT|C:\\Users\\Dell\\git\\SuperApp-Ajman\\Reports\\20230228_125725\\TS_Demo\\20230228_125725\\1677569301775.png]]

2023-02-28 12:58:22 - [TEST_STEP][PASSED] - tap(findTestObject("1.Registration and Login/Card Details Page/Button_Next on Card details"), 0): Tapped on element 'Object Repository/1.Registration and Login/Card Details Page/Button_Next on Card details'

2023-02-28 12:58:22 - [MESSAGE][WARNING] - Timeout '0' is invalid. Using default page load timeout: '30'

2023-02-28 12:58:23 - [MESSAGE][PASSED] - Tapped on element 'Object Repository/1.Registration and Login/Card Details Page/Button_Next on Card details'

2023-02-28 12:58:23 - [TEST_STEP][PASSED] - waitForElementPresent(findTestObject("1.Registration and Login/OTP Page/label_Enter OTP"), 60): Element 'Object Repository/1.Registration and Login/OTP Page/label_Enter OTP' is present

2023-02-28 12:58:35 - [MESSAGE][PASSED] - Element 'Object Repository/1.Registration and Login/OTP Page/label_Enter OTP' is present

2023-02-28 12:58:35 - [TEST_STEP][PASSED] - callTestCase(findTestCase("Utilities/Enter_OTP"), [:], CONTINUE_ON_FAILURE): Call Test Case 'Test Cases/Utilities/Enter_OTP' successfully

2023-02-28 12:58:35 - [TEST_CASE][PASSED] - Test Cases/Utilities/Enter_OTP: Test Cases/Utilities/Enter_OTP

2023-02-28 12:58:36 - [TEST_STEP][PASSED] - driver = getDriver(): null

2023-02-28 12:58:36 - [TEST_STEP][PASSED] - driver.pressKey(new io.appium.java_client.android.nativekey.KeyEvent(io.appium.java_client.android.nativekey.AndroidKey.DIGIT_6)): null

2023-02-28 12:58:36 - [TEST_STEP][PASSED] - driver.pressKey(new io.appium.java_client.android.nativekey.KeyEvent(io.appium.java_client.android.nativekey.AndroidKey.DIGIT_5)): null

2023-02-28 12:58:37 - [TEST_STEP][PASSED] - driver.pressKey(new io.appium.java_client.android.nativekey.KeyEvent(io.appium.java_client.android.nativekey.AndroidKey.DIGIT_4)): null

2023-02-28 12:58:39 - [TEST_STEP][PASSED] - driver.pressKey(new io.appium.java_client.android.nativekey.KeyEvent(io.appium.java_client.android.nativekey.AndroidKey.DIGIT_3)): null

2023-02-28 12:58:40 - [TEST_STEP][PASSED] - driver.pressKey(new io.appium.java_client.android.nativekey.KeyEvent(io.appium.java_client.android.nativekey.AndroidKey.DIGIT_2)): null

2023-02-28 12:58:41 - [TEST_STEP][PASSED] - driver.pressKey(new io.appium.java_client.android.nativekey.KeyEvent(io.appium.java_client.android.nativekey.AndroidKey.DIGIT_1)): null

2023-02-28 12:58:41 - [TEST_STEP][PASSED] - driver.pressKey(new io.appium.java_client.android.nativekey.KeyEvent(io.appium.java_client.android.nativekey.AndroidKey.ENTER)): null

2023-02-28 12:58:42 - [MESSAGE][PASSED] - Call Test Case 'Test Cases/Utilities/Enter_OTP' successfully

2023-02-28 12:58:42 - [TEST_STEP][PASSED] - tap(findTestObject("1.Registration and Login/OTP Page/Button_Verify OTP"), 0): Tapped on element 'Object Repository/1.Registration and Login/OTP Page/Button_Verify OTP'

2023-02-28 12:58:42 - [MESSAGE][WARNING] - Timeout '0' is invalid. Using default page load timeout: '30'

2023-02-28 12:58:44 - [MESSAGE][PASSED] - Tapped on element 'Object Repository/1.Registration and Login/OTP Page/Button_Verify OTP'

2023-02-28 12:58:44 - [TEST_STEP][PASSED] - delay(5, STOP_ON_FAILURE): Delayed 5 second(s)

2023-02-28 12:58:49 - [MESSAGE][PASSED] - Delayed 5 second(s)

2023-02-28 12:58:49 - [TEST_STEP][PASSED] - setText(findTestObject("1.Registration and Login/mPIN Page/Text Box_Create mPIN"), "102030", 0): Text '102030' has been set to element 'Object Repository/1.Registration and Login/mPIN Page/Text Box_Create mPIN'

2023-02-28 12:58:49 - [MESSAGE][WARNING] - Timeout '0' is invalid. Using default page load timeout: '30'

2023-02-28 12:58:49 - [MESSAGE][PASSED] - Text '102030' has been set to element 'Object Repository/1.Registration and Login/mPIN Page/Text Box_Create mPIN'

2023-02-28 12:58:49 - [TEST_STEP][PASSED] - setText(findTestObject("1.Registration and Login/mPIN Page/Text Box_Confirm mPIN Entry"), "102030", 0): Text '102030' has been set to element 'Object Repository/1.Registration and Login/mPIN Page/Text Box_Confirm mPIN Entry'

2023-02-28 12:58:50 - [MESSAGE][WARNING] - Timeout '0' is invalid. Using default page load timeout: '30'

2023-02-28 12:58:50 - [MESSAGE][PASSED] - Text '102030' has been set to element 'Object Repository/1.Registration and Login/mPIN Page/Text Box_Confirm mPIN Entry'

2023-02-28 12:58:50 - [TEST_STEP][PASSED] - tap(findTestObject("1.Registration and Login/mPIN Page/Button_Next mPIN Page"), 0): Tapped on element 'Object Repository/1.Registration and Login/mPIN Page/Button_Next mPIN Page'

2023-02-28 12:58:50 - [MESSAGE][WARNING] - Timeout '0' is invalid. Using default page load timeout: '30'

2023-02-28 12:58:52 - [MESSAGE][PASSED] - Tapped on element 'Object Repository/1.Registration and Login/mPIN Page/Button_Next mPIN Page'

2023-02-28 12:58:52 - [TEST_STEP][PASSED] - waitForElementPresent(findTestObject("1.Registration and Login/mPIN Page/Button_Maybe later Biometric"), 0): Element 'Object Repository/1.Registration and Login/mPIN Page/Button_Maybe later Biometric' is present

2023-02-28 12:58:52 - [MESSAGE][WARNING] - Timeout '0' is invalid. Using default page load timeout: '30'

2023-02-28 12:58:53 - [MESSAGE][PASSED] - Element 'Object Repository/1.Registration and Login/mPIN Page/Button_Maybe later Biometric' is present

2023-02-28 12:58:53 - [TEST_STEP][PASSED] - tap(findTestObject("1.Registration and Login/mPIN Page/Button_Maybe later Biometric"), 0): Tapped on element 'Object Repository/1.Registration and Login/mPIN Page/Button_Maybe later Biometric'

2023-02-28 12:58:53 - [MESSAGE][WARNING] - Timeout '0' is invalid. Using default page load timeout: '30'

2023-02-28 12:58:54 - [MESSAGE][PASSED] - Tapped on element 'Object Repository/1.Registration and Login/mPIN Page/Button_Maybe later Biometric'

2023-02-28 12:58:54 - [TEST_STEP][PASSED] - waitForElementPresent(findTestObject("2.Dashboard/Profile Settings/Image_Profile Picture_Profile Settings"), 0): Element 'Object Repository/2.Dashboard/Profile Settings/Image_Profile Picture_Profile Settings' is present

2023-02-28 12:58:54 - [MESSAGE][WARNING] - Timeout '0' is invalid. Using default page load timeout: '30'

2023-02-28 12:59:00 - [MESSAGE][PASSED] - Element 'Object Repository/2.Dashboard/Profile Settings/Image_Profile Picture_Profile Settings' is present

2023-02-28 12:59:00 - [TEST_STEP][PASSED] - takeScreenshot(): Screenshot is taken

2023-02-28 12:59:01 - [MESSAGE][PASSED] - Screenshot is taken
[[ATTACHMENT|C:\\Users\\Dell\\git\\SuperApp-Ajman\\Reports\\20230228_125725\\TS_Demo\\20230228_125725\\1677569340068.png]]

2023-02-28 12:59:01 - [TEST_STEP][PASSED] - callTestCase(findTestCase("Utilities/Logout"), [:], CONTINUE_ON_FAILURE): Call Test Case 'Test Cases/Utilities/Logout' successfully

2023-02-28 12:59:01 - [TEST_CASE][PASSED] - Test Cases/Utilities/Logout: Test Cases/Utilities/Logout

2023-02-28 12:59:02 - [TEST_STEP][PASSED] - waitForElementPresent(findTestObject("2.Dashboard/Profile Settings/Icon_Home"), 60): Element 'Object Repository/2.Dashboard/Profile Settings/Icon_Home' is present

2023-02-28 12:59:02 - [MESSAGE][PASSED] - Element 'Object Repository/2.Dashboard/Profile Settings/Icon_Home' is present

2023-02-28 12:59:02 - [TEST_STEP][PASSED] - tap(findTestObject("2.Dashboard/Profile Settings/Icon_Home"), 0): Tapped on element 'Object Repository/2.Dashboard/Profile Settings/Icon_Home'

2023-02-28 12:59:02 - [MESSAGE][WARNING] - Timeout '0' is invalid. Using default page load timeout: '30'

2023-02-28 12:59:03 - [MESSAGE][PASSED] - Tapped on element 'Object Repository/2.Dashboard/Profile Settings/Icon_Home'

2023-02-28 12:59:03 - [TEST_STEP][PASSED] - waitForElementPresent(findTestObject("2.Dashboard/Accounts/AccountDetails"), 0): Element 'Object Repository/2.Dashboard/Accounts/AccountDetails' is present

2023-02-28 12:59:03 - [MESSAGE][WARNING] - Timeout '0' is invalid. Using default page load timeout: '30'

2023-02-28 12:59:03 - [MESSAGE][PASSED] - Element 'Object Repository/2.Dashboard/Accounts/AccountDetails' is present

2023-02-28 12:59:03 - [TEST_STEP][PASSED] - tap(findTestObject("2.Dashboard/Profile Settings/Image_Profile Picture_DashBoard"), 0): Tapped on element 'Object Repository/2.Dashboard/Profile Settings/Image_Profile Picture_DashBoard'

2023-02-28 12:59:03 - [MESSAGE][WARNING] - Timeout '0' is invalid. Using default page load timeout: '30'

2023-02-28 12:59:04 - [MESSAGE][PASSED] - Tapped on element 'Object Repository/2.Dashboard/Profile Settings/Image_Profile Picture_DashBoard'

2023-02-28 12:59:04 - [TEST_STEP][PASSED] - waitForElementPresent(findTestObject("2.Dashboard/Profile Settings/Image_Profile Picture_Profile Settings"), 0): Element 'Object Repository/2.Dashboard/Profile Settings/Image_Profile Picture_Profile Settings' is present

2023-02-28 12:59:04 - [MESSAGE][WARNING] - Timeout '0' is invalid. Using default page load timeout: '30'

2023-02-28 12:59:05 - [MESSAGE][PASSED] - Element 'Object Repository/2.Dashboard/Profile Settings/Image_Profile Picture_Profile Settings' is present

2023-02-28 12:59:05 - [TEST_STEP][PASSED] - swipe(135, 1840, 447, 259): Swiped from 135,1,840 to 447,259

2023-02-28 12:59:06 - [MESSAGE][PASSED] - Swiped from 135,1,840 to 447,259

2023-02-28 12:59:06 - [TEST_STEP][PASSED] - swipe(135, 1840, 447, 259): Swiped from 135,1,840 to 447,259

2023-02-28 12:59:08 - [MESSAGE][PASSED] - Swiped from 135,1,840 to 447,259

2023-02-28 12:59:08 - [TEST_STEP][PASSED] - tap(findTestObject("2.Dashboard/Profile Settings/Button_Logout"), 0): Tapped on element 'Object Repository/2.Dashboard/Profile Settings/Button_Logout'

2023-02-28 12:59:08 - [MESSAGE][WARNING] - Timeout '0' is invalid. Using default page load timeout: '30'

2023-02-28 12:59:09 - [MESSAGE][PASSED] - Tapped on element 'Object Repository/2.Dashboard/Profile Settings/Button_Logout'

2023-02-28 12:59:09 - [MESSAGE][PASSED] - Call Test Case 'Test Cases/Utilities/Logout' successfully

2023-02-28 12:59:09 - [TEST_STEP][PASSED] - closeApplication(): Close app successfully

2023-02-28 12:59:10 - [MESSAGE][PASSED] - Close app successfully

2023-02-28 12:59:10 - [TEST_STEP][PASSED] - Start listener action : autoUpdateJobStatus: [SAUCELABS] Current run configuration: Android - b76dcbe1

2023-02-28 12:59:10 - [MESSAGE][INFO] - [SAUCELABS] Current run configuration: Android - b76dcbe1]]></system-out>
         <system-err><![CDATA[]]></system-err>
      </testcase>
      <testcase name="Test Cases/Demo/TC 01 - Login with mPIN" time="47.163" classname="Test Cases/Demo/TC 01 - Login with mPIN" status="PASSED">
         <system-out><![CDATA[2023-02-28 12:59:10 - [TEST_CASE][PASSED] - Test Cases/Demo/TC 01 - Login with mPIN: Test Cases/Demo/TC 01 - Login with mPIN

2023-02-28 12:59:10 - [TEST_STEP][PASSED] - Start listener action : enableSauceLabs: [SAUCELABS] Saucelabs Plugin will not attempt to auto update job status and information !

2023-02-28 12:59:10 - [MESSAGE][INFO] - [SAUCELABS] Current run configuration: Android - b76dcbe1

2023-02-28 12:59:10 - [MESSAGE][INFO] - [SAUCELABS] Saucelabs Plugin will not attempt to auto update job status and information !

2023-02-28 12:59:11 - [TEST_STEP][PASSED] - startExistingApplication("com.cbt.ajmandigital", STOP_ON_FAILURE): Starting app with application ID: 'com.cbt.ajmandigital'

2023-02-28 12:59:12 - [MESSAGE][INFO] - Detected NodeJS location: "C:\Program Files\nodejs\node.exe"

2023-02-28 12:59:14 - [MESSAGE][INFO] - Appium server started on port 61,674

2023-02-28 12:59:35 - [MESSAGE][PASSED] - Starting app with application ID: 'com.cbt.ajmandigital'

2023-02-28 12:59:35 - [TEST_STEP][PASSED] - waitForElementPresent(findTestObject("1.Registration and Login/Login Page/button_ForgotmPIN"), 0): Element 'Object Repository/1.Registration and Login/Login Page/button_ForgotmPIN' is present

2023-02-28 12:59:36 - [MESSAGE][WARNING] - Timeout '0' is invalid. Using default page load timeout: '30'

2023-02-28 12:59:36 - [MESSAGE][PASSED] - Element 'Object Repository/1.Registration and Login/Login Page/button_ForgotmPIN' is present

2023-02-28 12:59:36 - [TEST_STEP][PASSED] - callTestCase(findTestCase("Utilities/Enter_mPIN"), [:], STOP_ON_FAILURE): Call Test Case 'Test Cases/Utilities/Enter_mPIN' successfully

2023-02-28 12:59:36 - [TEST_CASE][PASSED] - Test Cases/Utilities/Enter_mPIN: Test Cases/Utilities/Enter_mPIN

2023-02-28 12:59:37 - [TEST_STEP][PASSED] - driver = getDriver(): null

2023-02-28 12:59:37 - [TEST_STEP][PASSED] - driver.pressKey(new io.appium.java_client.android.nativekey.KeyEvent(io.appium.java_client.android.nativekey.AndroidKey.DIGIT_1)): null

2023-02-28 12:59:38 - [TEST_STEP][PASSED] - driver.pressKey(new io.appium.java_client.android.nativekey.KeyEvent(io.appium.java_client.android.nativekey.AndroidKey.DIGIT_0)): null

2023-02-28 12:59:39 - [TEST_STEP][PASSED] - driver.pressKey(new io.appium.java_client.android.nativekey.KeyEvent(io.appium.java_client.android.nativekey.AndroidKey.DIGIT_2)): null

2023-02-28 12:59:40 - [TEST_STEP][PASSED] - driver.pressKey(new io.appium.java_client.android.nativekey.KeyEvent(io.appium.java_client.android.nativekey.AndroidKey.DIGIT_0)): null

2023-02-28 12:59:40 - [TEST_STEP][PASSED] - driver.pressKey(new io.appium.java_client.android.nativekey.KeyEvent(io.appium.java_client.android.nativekey.AndroidKey.DIGIT_3)): null

2023-02-28 12:59:41 - [TEST_STEP][PASSED] - driver.pressKey(new io.appium.java_client.android.nativekey.KeyEvent(io.appium.java_client.android.nativekey.AndroidKey.DIGIT_0)): null

2023-02-28 12:59:41 - [TEST_STEP][PASSED] - driver.pressKey(new io.appium.java_client.android.nativekey.KeyEvent(io.appium.java_client.android.nativekey.AndroidKey.ENTER)): null

2023-02-28 12:59:42 - [MESSAGE][PASSED] - Call Test Case 'Test Cases/Utilities/Enter_mPIN' successfully

2023-02-28 12:59:42 - [TEST_STEP][PASSED] - waitForElementPresent(findTestObject("2.Dashboard/Accounts/AccountDetails"), 60): Element 'Object Repository/2.Dashboard/Accounts/AccountDetails' is present

2023-02-28 12:59:48 - [MESSAGE][PASSED] - Element 'Object Repository/2.Dashboard/Accounts/AccountDetails' is present

2023-02-28 12:59:48 - [TEST_STEP][PASSED] - takeScreenshot(): Screenshot is taken

2023-02-28 12:59:49 - [MESSAGE][PASSED] - Screenshot is taken
[[ATTACHMENT|C:\\Users\\Dell\\git\\SuperApp-Ajman\\Reports\\20230228_125725\\TS_Demo\\20230228_125725\\1677569388389.png]]

2023-02-28 12:59:49 - [TEST_STEP][PASSED] - content = getAttribute(findTestObject("2.Dashboard/Accounts/AccountDetails"), "contentDescription", 0): Element 'Object Repository/2.Dashboard/Accounts/AccountDetails' has attribute 'contentDescription' is 'Available Balance
3,274,876.28
AED
Savings Account
011074763011'

2023-02-28 12:59:49 - [MESSAGE][WARNING] - Timeout '0' is invalid. Using default page load timeout: '30'

2023-02-28 12:59:50 - [MESSAGE][PASSED] - Element 'Object Repository/2.Dashboard/Accounts/AccountDetails' has attribute 'contentDescription' is 'Available Balance
3,274,876.28
AED
Savings Account
011074763011'

2023-02-28 12:59:50 - [TEST_STEP][PASSED] - println(content): null

2023-02-28 12:59:50 - [TEST_STEP][PASSED] - line = content.split("\R"): null

2023-02-28 12:59:50 - [TEST_STEP][PASSED] - println(line[4]): null

2023-02-28 12:59:50 - [TEST_STEP][PASSED] - if (accountNumber == line[4]): Pass

2023-02-28 12:59:50 - [TEST_STEP][PASSED] - markPassed("Pass"): Pass

2023-02-28 12:59:50 - [MESSAGE][PASSED] - Pass

2023-02-28 12:59:50 - [TEST_STEP][PASSED] - callTestCase(findTestCase("Utilities/Logout"), [:], CONTINUE_ON_FAILURE): Call Test Case 'Test Cases/Utilities/Logout' successfully

2023-02-28 12:59:50 - [TEST_CASE][PASSED] - Test Cases/Utilities/Logout: Test Cases/Utilities/Logout

2023-02-28 12:59:50 - [TEST_STEP][PASSED] - waitForElementPresent(findTestObject("2.Dashboard/Profile Settings/Icon_Home"), 60): Element 'Object Repository/2.Dashboard/Profile Settings/Icon_Home' is present

2023-02-28 12:59:50 - [MESSAGE][PASSED] - Element 'Object Repository/2.Dashboard/Profile Settings/Icon_Home' is present

2023-02-28 12:59:50 - [TEST_STEP][PASSED] - tap(findTestObject("2.Dashboard/Profile Settings/Icon_Home"), 0): Tapped on element 'Object Repository/2.Dashboard/Profile Settings/Icon_Home'

2023-02-28 12:59:50 - [MESSAGE][WARNING] - Timeout '0' is invalid. Using default page load timeout: '30'

2023-02-28 12:59:51 - [MESSAGE][PASSED] - Tapped on element 'Object Repository/2.Dashboard/Profile Settings/Icon_Home'

2023-02-28 12:59:51 - [TEST_STEP][PASSED] - waitForElementPresent(findTestObject("2.Dashboard/Accounts/AccountDetails"), 0): Element 'Object Repository/2.Dashboard/Accounts/AccountDetails' is present

2023-02-28 12:59:51 - [MESSAGE][WARNING] - Timeout '0' is invalid. Using default page load timeout: '30'

2023-02-28 12:59:51 - [MESSAGE][PASSED] - Element 'Object Repository/2.Dashboard/Accounts/AccountDetails' is present

2023-02-28 12:59:51 - [TEST_STEP][PASSED] - tap(findTestObject("2.Dashboard/Profile Settings/Image_Profile Picture_DashBoard"), 0): Tapped on element 'Object Repository/2.Dashboard/Profile Settings/Image_Profile Picture_DashBoard'

2023-02-28 12:59:51 - [MESSAGE][WARNING] - Timeout '0' is invalid. Using default page load timeout: '30'

2023-02-28 12:59:52 - [MESSAGE][PASSED] - Tapped on element 'Object Repository/2.Dashboard/Profile Settings/Image_Profile Picture_DashBoard'

2023-02-28 12:59:52 - [TEST_STEP][PASSED] - waitForElementPresent(findTestObject("2.Dashboard/Profile Settings/Image_Profile Picture_Profile Settings"), 0): Element 'Object Repository/2.Dashboard/Profile Settings/Image_Profile Picture_Profile Settings' is present

2023-02-28 12:59:52 - [MESSAGE][WARNING] - Timeout '0' is invalid. Using default page load timeout: '30'

2023-02-28 12:59:53 - [MESSAGE][PASSED] - Element 'Object Repository/2.Dashboard/Profile Settings/Image_Profile Picture_Profile Settings' is present

2023-02-28 12:59:53 - [TEST_STEP][PASSED] - swipe(135, 1840, 447, 259): Swiped from 135,1,840 to 447,259

2023-02-28 12:59:54 - [MESSAGE][PASSED] - Swiped from 135,1,840 to 447,259

2023-02-28 12:59:54 - [TEST_STEP][PASSED] - swipe(135, 1840, 447, 259): Swiped from 135,1,840 to 447,259

2023-02-28 12:59:56 - [MESSAGE][PASSED] - Swiped from 135,1,840 to 447,259

2023-02-28 12:59:56 - [TEST_STEP][PASSED] - tap(findTestObject("2.Dashboard/Profile Settings/Button_Logout"), 0): Tapped on element 'Object Repository/2.Dashboard/Profile Settings/Button_Logout'

2023-02-28 12:59:56 - [MESSAGE][WARNING] - Timeout '0' is invalid. Using default page load timeout: '30'

2023-02-28 12:59:56 - [MESSAGE][PASSED] - Tapped on element 'Object Repository/2.Dashboard/Profile Settings/Button_Logout'

2023-02-28 12:59:56 - [MESSAGE][PASSED] - Call Test Case 'Test Cases/Utilities/Logout' successfully

2023-02-28 12:59:56 - [TEST_STEP][PASSED] - closeApplication(): Close app successfully

2023-02-28 12:59:57 - [MESSAGE][PASSED] - Close app successfully

2023-02-28 12:59:57 - [TEST_STEP][PASSED] - Start listener action : autoUpdateJobStatus: [SAUCELABS] Current run configuration: Android - b76dcbe1

2023-02-28 12:59:57 - [MESSAGE][INFO] - [SAUCELABS] Current run configuration: Android - b76dcbe1]]></system-out>
         <system-err><![CDATA[]]></system-err>
      </testcase>
      <testcase name="Test Cases/Demo/TC 01 - Tranfer with in Ajman" time="134.898" classname="Test Cases/Demo/TC 01 - Tranfer with in Ajman" status="PASSED">
         <system-out><![CDATA[2023-02-28 12:59:57 - [TEST_CASE][PASSED] - Test Cases/Demo/TC 01 - Tranfer with in Ajman: Test Cases/Demo/TC 01 - Tranfer with in Ajman

2023-02-28 12:59:57 - [TEST_STEP][PASSED] - Start listener action : enableSauceLabs: [SAUCELABS] Saucelabs Plugin will not attempt to auto update job status and information !

2023-02-28 12:59:57 - [MESSAGE][INFO] - [SAUCELABS] Current run configuration: Android - b76dcbe1

2023-02-28 12:59:57 - [MESSAGE][INFO] - [SAUCELABS] Saucelabs Plugin will not attempt to auto update job status and information !

2023-02-28 12:59:58 - [TEST_STEP][PASSED] - callTestCase(findTestCase("Utilities/Login"), [:], CONTINUE_ON_FAILURE): Call Test Case 'Test Cases/Utilities/Login' successfully

2023-02-28 12:59:58 - [TEST_CASE][PASSED] - Test Cases/Utilities/Login: Test Cases/Utilities/Login

2023-02-28 12:59:59 - [TEST_STEP][PASSED] - startExistingApplication("com.cbt.ajmandigital", STOP_ON_FAILURE): Starting app with application ID: 'com.cbt.ajmandigital'

2023-02-28 12:59:59 - [MESSAGE][INFO] - Detected NodeJS location: "C:\Program Files\nodejs\node.exe"

2023-02-28 13:00:01 - [MESSAGE][INFO] - Appium server started on port 61,806

2023-02-28 13:00:23 - [MESSAGE][PASSED] - Starting app with application ID: 'com.cbt.ajmandigital'

2023-02-28 13:00:23 - [TEST_STEP][PASSED] - waitForElementPresent(findTestObject("1.Registration and Login/Login Page/button_ForgotmPIN"), 0): Element 'Object Repository/1.Registration and Login/Login Page/button_ForgotmPIN' is present

2023-02-28 13:00:24 - [MESSAGE][WARNING] - Timeout '0' is invalid. Using default page load timeout: '30'

2023-02-28 13:00:24 - [MESSAGE][PASSED] - Element 'Object Repository/1.Registration and Login/Login Page/button_ForgotmPIN' is present

2023-02-28 13:00:24 - [TEST_STEP][PASSED] - callTestCase(findTestCase("Utilities/Enter_mPIN"), [:], STOP_ON_FAILURE): Call Test Case 'Test Cases/Utilities/Enter_mPIN' successfully

2023-02-28 13:00:24 - [TEST_CASE][PASSED] - Test Cases/Utilities/Enter_mPIN: Test Cases/Utilities/Enter_mPIN

2023-02-28 13:00:24 - [TEST_STEP][PASSED] - driver = getDriver(): null

2023-02-28 13:00:24 - [TEST_STEP][PASSED] - driver.pressKey(new io.appium.java_client.android.nativekey.KeyEvent(io.appium.java_client.android.nativekey.AndroidKey.DIGIT_1)): null

2023-02-28 13:00:24 - [TEST_STEP][PASSED] - driver.pressKey(new io.appium.java_client.android.nativekey.KeyEvent(io.appium.java_client.android.nativekey.AndroidKey.DIGIT_0)): null

2023-02-28 13:00:25 - [TEST_STEP][PASSED] - driver.pressKey(new io.appium.java_client.android.nativekey.KeyEvent(io.appium.java_client.android.nativekey.AndroidKey.DIGIT_2)): null

2023-02-28 13:00:26 - [TEST_STEP][PASSED] - driver.pressKey(new io.appium.java_client.android.nativekey.KeyEvent(io.appium.java_client.android.nativekey.AndroidKey.DIGIT_0)): null

2023-02-28 13:00:26 - [TEST_STEP][PASSED] - driver.pressKey(new io.appium.java_client.android.nativekey.KeyEvent(io.appium.java_client.android.nativekey.AndroidKey.DIGIT_3)): null

2023-02-28 13:00:27 - [TEST_STEP][PASSED] - driver.pressKey(new io.appium.java_client.android.nativekey.KeyEvent(io.appium.java_client.android.nativekey.AndroidKey.DIGIT_0)): null

2023-02-28 13:00:27 - [TEST_STEP][PASSED] - driver.pressKey(new io.appium.java_client.android.nativekey.KeyEvent(io.appium.java_client.android.nativekey.AndroidKey.ENTER)): null

2023-02-28 13:00:28 - [MESSAGE][PASSED] - Call Test Case 'Test Cases/Utilities/Enter_mPIN' successfully

2023-02-28 13:00:28 - [TEST_STEP][PASSED] - waitForElementPresent(findTestObject("2.Dashboard/Accounts/AccountDetails"), 60): Element 'Object Repository/2.Dashboard/Accounts/AccountDetails' is present

2023-02-28 13:00:33 - [MESSAGE][PASSED] - Element 'Object Repository/2.Dashboard/Accounts/AccountDetails' is present

2023-02-28 13:00:33 - [MESSAGE][PASSED] - Call Test Case 'Test Cases/Utilities/Login' successfully

2023-02-28 13:00:33 - [TEST_STEP][PASSED] - tap(findTestObject("3.Payments/Payments_page/tab_PAY"), 0): Tapped on element 'Object Repository/3.Payments/Payments_page/tab_PAY'

2023-02-28 13:00:33 - [MESSAGE][WARNING] - Timeout '0' is invalid. Using default page load timeout: '30'

2023-02-28 13:00:34 - [MESSAGE][PASSED] - Tapped on element 'Object Repository/3.Payments/Payments_page/tab_PAY'

2023-02-28 13:00:34 - [TEST_STEP][PASSED] - waitForElementPresent(findTestObject("4.Transfers/Button_Ajman Transfer"), 0): Element 'Object Repository/4.Transfers/Button_Ajman Transfer' is present

2023-02-28 13:00:34 - [MESSAGE][WARNING] - Timeout '0' is invalid. Using default page load timeout: '30'

2023-02-28 13:00:36 - [MESSAGE][PASSED] - Element 'Object Repository/4.Transfers/Button_Ajman Transfer' is present

2023-02-28 13:00:36 - [TEST_STEP][PASSED] - tap(findTestObject("4.Transfers/Button_Ajman Transfer"), 0): Tapped on element 'Object Repository/4.Transfers/Button_Ajman Transfer'

2023-02-28 13:00:36 - [MESSAGE][WARNING] - Timeout '0' is invalid. Using default page load timeout: '30'

2023-02-28 13:00:37 - [MESSAGE][PASSED] - Tapped on element 'Object Repository/4.Transfers/Button_Ajman Transfer'

2023-02-28 13:00:37 - [TEST_STEP][PASSED] - waitForElementPresent(findTestObject("4.Transfers/Text Box_ IBAN Account Number"), 0): Element 'Object Repository/4.Transfers/Text Box_ IBAN Account Number' is present

2023-02-28 13:00:37 - [MESSAGE][WARNING] - Timeout '0' is invalid. Using default page load timeout: '30'

2023-02-28 13:00:41 - [MESSAGE][PASSED] - Element 'Object Repository/4.Transfers/Text Box_ IBAN Account Number' is present

2023-02-28 13:00:41 - [TEST_STEP][PASSED] - callTestCase(findTestCase("Utilities/Account Selection Based on AccountNumber"), ["accountNumber":accountNumber], CONTINUE_ON_FAILURE): Call Test Case 'Test Cases/Utilities/Account Selection Based on AccountNumber' successfully

2023-02-28 13:00:41 - [TEST_CASE][PASSED] - Test Cases/Utilities/Account Selection Based on AccountNumber: Test Cases/Utilities/Account Selection Based on AccountNumber

2023-02-28 13:00:42 - [TEST_STEP][PASSED] - count = 1: null

2023-02-28 13:00:42 - [TEST_STEP][PASSED] - AccountDetails = getAttribute(findTestObject("2.Dashboard/Accounts/Account Selection", ["index":count]), "contentDescription", 0): Element 'Object Repository/2.Dashboard/Accounts/Account Selection' has attribute 'contentDescription' is 'Available Balance
3,274,876.28
AED
Savings Account
011074763011'

2023-02-28 13:00:42 - [MESSAGE][WARNING] - Timeout '0' is invalid. Using default page load timeout: '30'

2023-02-28 13:00:42 - [MESSAGE][PASSED] - Element 'Object Repository/2.Dashboard/Accounts/Account Selection' has attribute 'contentDescription' is 'Available Balance
3,274,876.28
AED
Savings Account
011074763011'

2023-02-28 13:00:42 - [TEST_STEP][PASSED] - element = <not implemented yet for class: org.codehaus.groovy.ast.expr.EmptyExpression>: null

2023-02-28 13:00:42 - [TEST_STEP][PASSED] - element = AccountDetails.split("\R"): null

2023-02-28 13:00:42 - [TEST_STEP][PASSED] - println(element[4]): null

2023-02-28 13:00:42 - [TEST_STEP][PASSED] - println(accountNumber): null

2023-02-28 13:00:42 - [TEST_STEP][PASSED] - while (accountNumber != element[4]): null

2023-02-28 13:00:42 - [TEST_STEP][PASSED] - swipe(1026, 614, 54, 614): Swiped from 1,026,614 to 54,614

2023-02-28 13:00:44 - [MESSAGE][PASSED] - Swiped from 1,026,614 to 54,614

2023-02-28 13:00:44 - [TEST_STEP][PASSED] - delay(2): Delayed 2 second(s)

2023-02-28 13:00:46 - [MESSAGE][PASSED] - Delayed 2 second(s)

2023-02-28 13:00:46 - [TEST_STEP][PASSED] - (count++): null

2023-02-28 13:00:46 - [TEST_STEP][PASSED] - AccountDetails = getAttribute(findTestObject("2.Dashboard/Accounts/Account Selection", ["index":count]), "contentDescription", 0): Element 'Object Repository/2.Dashboard/Accounts/Account Selection' has attribute 'contentDescription' is 'Available Balance
239.00
AED
Current Account
011074763023'

2023-02-28 13:00:46 - [MESSAGE][WARNING] - Timeout '0' is invalid. Using default page load timeout: '30'

2023-02-28 13:00:46 - [MESSAGE][PASSED] - Element 'Object Repository/2.Dashboard/Accounts/Account Selection' has attribute 'contentDescription' is 'Available Balance
239.00
AED
Current Account
011074763023'

2023-02-28 13:00:46 - [TEST_STEP][PASSED] - element = AccountDetails.split("\R"): null

2023-02-28 13:00:46 - [TEST_STEP][PASSED] - println(element[4]): null

2023-02-28 13:00:46 - [MESSAGE][PASSED] - Call Test Case 'Test Cases/Utilities/Account Selection Based on AccountNumber' successfully

2023-02-28 13:00:46 - [TEST_STEP][PASSED] - tap(findTestObject("4.Transfers/Text Box_ IBAN Account Number"), 0): Tapped on element 'Object Repository/4.Transfers/Text Box_ IBAN Account Number'

2023-02-28 13:00:46 - [MESSAGE][WARNING] - Timeout '0' is invalid. Using default page load timeout: '30'

2023-02-28 13:00:47 - [MESSAGE][PASSED] - Tapped on element 'Object Repository/4.Transfers/Text Box_ IBAN Account Number'

2023-02-28 13:00:47 - [TEST_STEP][PASSED] - setText(findTestObject("4.Transfers/Text Box_ IBAN Account Number"), "011000833011", 0): Text '011000833011' has been set to element 'Object Repository/4.Transfers/Text Box_ IBAN Account Number'

2023-02-28 13:00:47 - [MESSAGE][WARNING] - Timeout '0' is invalid. Using default page load timeout: '30'

2023-02-28 13:00:48 - [MESSAGE][PASSED] - Text '011000833011' has been set to element 'Object Repository/4.Transfers/Text Box_ IBAN Account Number'

2023-02-28 13:00:48 - [TEST_STEP][PASSED] - takeScreenshot(): Screenshot is taken

2023-02-28 13:00:50 - [MESSAGE][PASSED] - Screenshot is taken
[[ATTACHMENT|C:\\Users\\Dell\\git\\SuperApp-Ajman\\Reports\\20230228_125725\\TS_Demo\\20230228_125725\\1677569448300.png]]

2023-02-28 13:00:50 - [TEST_STEP][PASSED] - tap(findTestObject("4.Transfers/Button_Verify mPIN"), 0): Tapped on element 'Object Repository/4.Transfers/Button_Verify mPIN'

2023-02-28 13:00:50 - [MESSAGE][WARNING] - Timeout '0' is invalid. Using default page load timeout: '30'

2023-02-28 13:00:50 - [MESSAGE][PASSED] - Tapped on element 'Object Repository/4.Transfers/Button_Verify mPIN'

2023-02-28 13:00:50 - [TEST_STEP][PASSED] - waitForElementPresent(findTestObject("4.Transfers/Button_Next"), 0): Element 'Object Repository/4.Transfers/Button_Next' is present

2023-02-28 13:00:51 - [MESSAGE][WARNING] - Timeout '0' is invalid. Using default page load timeout: '30'

2023-02-28 13:00:56 - [MESSAGE][PASSED] - Element 'Object Repository/4.Transfers/Button_Next' is present

2023-02-28 13:00:56 - [TEST_STEP][PASSED] - tap(findTestObject("4.Transfers/Button_Next"), 0): Tapped on element 'Object Repository/4.Transfers/Button_Next'

2023-02-28 13:00:57 - [MESSAGE][WARNING] - Timeout '0' is invalid. Using default page load timeout: '30'

2023-02-28 13:00:58 - [MESSAGE][PASSED] - Tapped on element 'Object Repository/4.Transfers/Button_Next'

2023-02-28 13:00:58 - [TEST_STEP][PASSED] - delay(3): Delayed 3 second(s)

2023-02-28 13:01:01 - [MESSAGE][PASSED] - Delayed 3 second(s)

2023-02-28 13:01:01 - [TEST_STEP][PASSED] - setText(findTestObject("4.Transfers/Text Box_Amount"), amount, 0): Text '100.00' has been set to element 'Object Repository/4.Transfers/Text Box_Amount'

2023-02-28 13:01:01 - [MESSAGE][WARNING] - Timeout '0' is invalid. Using default page load timeout: '30'

2023-02-28 13:01:01 - [MESSAGE][PASSED] - Text '100.00' has been set to element 'Object Repository/4.Transfers/Text Box_Amount'

2023-02-28 13:01:01 - [TEST_STEP][PASSED] - takeScreenshot(): Screenshot is taken

2023-02-28 13:01:02 - [MESSAGE][PASSED] - Screenshot is taken
[[ATTACHMENT|C:\\Users\\Dell\\git\\SuperApp-Ajman\\Reports\\20230228_125725\\TS_Demo\\20230228_125725\\1677569461742.png]]

2023-02-28 13:01:02 - [TEST_STEP][PASSED] - tap(findTestObject("4.Transfers/Button_Next"), 0): Tapped on element 'Object Repository/4.Transfers/Button_Next'

2023-02-28 13:01:02 - [MESSAGE][WARNING] - Timeout '0' is invalid. Using default page load timeout: '30'

2023-02-28 13:01:03 - [MESSAGE][PASSED] - Tapped on element 'Object Repository/4.Transfers/Button_Next'

2023-02-28 13:01:03 - [TEST_STEP][PASSED] - delay(10): Delayed 10 second(s)

2023-02-28 13:01:13 - [MESSAGE][PASSED] - Delayed 10 second(s)

2023-02-28 13:01:13 - [TEST_STEP][PASSED] - swipe(135, 1840, 447, 259): Swiped from 135,1,840 to 447,259

2023-02-28 13:01:15 - [MESSAGE][PASSED] - Swiped from 135,1,840 to 447,259

2023-02-28 13:01:15 - [TEST_STEP][PASSED] - tap(findTestObject("4.Transfers/Button_Confirm"), 0): Tapped on element 'Object Repository/4.Transfers/Button_Confirm'

2023-02-28 13:01:15 - [MESSAGE][WARNING] - Timeout '0' is invalid. Using default page load timeout: '30'

2023-02-28 13:01:16 - [MESSAGE][PASSED] - Tapped on element 'Object Repository/4.Transfers/Button_Confirm'

2023-02-28 13:01:16 - [TEST_STEP][PASSED] - delay(5): Delayed 5 second(s)

2023-02-28 13:01:21 - [MESSAGE][PASSED] - Delayed 5 second(s)

2023-02-28 13:01:21 - [TEST_STEP][PASSED] - tapAtPosition(137, 771): Tapped at [137, 771]

2023-02-28 13:01:22 - [MESSAGE][PASSED] - Tapped at [137, 771]

2023-02-28 13:01:22 - [TEST_STEP][PASSED] - callTestCase(findTestCase("Utilities/Enter_mPIN"), [:], STOP_ON_FAILURE): Call Test Case 'Test Cases/Utilities/Enter_mPIN' successfully

2023-02-28 13:01:22 - [TEST_CASE][PASSED] - Test Cases/Utilities/Enter_mPIN: Test Cases/Utilities/Enter_mPIN

2023-02-28 13:01:22 - [TEST_STEP][PASSED] - driver = getDriver(): null

2023-02-28 13:01:22 - [TEST_STEP][PASSED] - driver.pressKey(new io.appium.java_client.android.nativekey.KeyEvent(io.appium.java_client.android.nativekey.AndroidKey.DIGIT_1)): null

2023-02-28 13:01:22 - [TEST_STEP][PASSED] - driver.pressKey(new io.appium.java_client.android.nativekey.KeyEvent(io.appium.java_client.android.nativekey.AndroidKey.DIGIT_0)): null

2023-02-28 13:01:23 - [TEST_STEP][PASSED] - driver.pressKey(new io.appium.java_client.android.nativekey.KeyEvent(io.appium.java_client.android.nativekey.AndroidKey.DIGIT_2)): null

2023-02-28 13:01:23 - [TEST_STEP][PASSED] - driver.pressKey(new io.appium.java_client.android.nativekey.KeyEvent(io.appium.java_client.android.nativekey.AndroidKey.DIGIT_0)): null

2023-02-28 13:01:24 - [TEST_STEP][PASSED] - driver.pressKey(new io.appium.java_client.android.nativekey.KeyEvent(io.appium.java_client.android.nativekey.AndroidKey.DIGIT_3)): null

2023-02-28 13:01:25 - [TEST_STEP][PASSED] - driver.pressKey(new io.appium.java_client.android.nativekey.KeyEvent(io.appium.java_client.android.nativekey.AndroidKey.DIGIT_0)): null

2023-02-28 13:01:25 - [TEST_STEP][PASSED] - driver.pressKey(new io.appium.java_client.android.nativekey.KeyEvent(io.appium.java_client.android.nativekey.AndroidKey.ENTER)): null

2023-02-28 13:01:26 - [MESSAGE][PASSED] - Call Test Case 'Test Cases/Utilities/Enter_mPIN' successfully

2023-02-28 13:01:26 - [TEST_STEP][PASSED] - tap(findTestObject("4.Transfers/Button_Verify mPIN"), 0): Tapped on element 'Object Repository/4.Transfers/Button_Verify mPIN'

2023-02-28 13:01:26 - [MESSAGE][WARNING] - Timeout '0' is invalid. Using default page load timeout: '30'

2023-02-28 13:01:27 - [MESSAGE][PASSED] - Tapped on element 'Object Repository/4.Transfers/Button_Verify mPIN'

2023-02-28 13:01:27 - [TEST_STEP][PASSED] - delay(5): Delayed 5 second(s)

2023-02-28 13:01:32 - [MESSAGE][PASSED] - Delayed 5 second(s)

2023-02-28 13:01:32 - [TEST_STEP][PASSED] - callTestCase(findTestCase("Utilities/Enter_OTP"), [:], STOP_ON_FAILURE): Call Test Case 'Test Cases/Utilities/Enter_OTP' successfully

2023-02-28 13:01:32 - [TEST_CASE][PASSED] - Test Cases/Utilities/Enter_OTP: Test Cases/Utilities/Enter_OTP

2023-02-28 13:01:32 - [TEST_STEP][PASSED] - driver = getDriver(): null

2023-02-28 13:01:32 - [TEST_STEP][PASSED] - driver.pressKey(new io.appium.java_client.android.nativekey.KeyEvent(io.appium.java_client.android.nativekey.AndroidKey.DIGIT_6)): null

2023-02-28 13:01:32 - [TEST_STEP][PASSED] - driver.pressKey(new io.appium.java_client.android.nativekey.KeyEvent(io.appium.java_client.android.nativekey.AndroidKey.DIGIT_5)): null

2023-02-28 13:01:33 - [TEST_STEP][PASSED] - driver.pressKey(new io.appium.java_client.android.nativekey.KeyEvent(io.appium.java_client.android.nativekey.AndroidKey.DIGIT_4)): null

2023-02-28 13:01:34 - [TEST_STEP][PASSED] - driver.pressKey(new io.appium.java_client.android.nativekey.KeyEvent(io.appium.java_client.android.nativekey.AndroidKey.DIGIT_3)): null

2023-02-28 13:01:35 - [TEST_STEP][PASSED] - driver.pressKey(new io.appium.java_client.android.nativekey.KeyEvent(io.appium.java_client.android.nativekey.AndroidKey.DIGIT_2)): null

2023-02-28 13:01:36 - [TEST_STEP][PASSED] - driver.pressKey(new io.appium.java_client.android.nativekey.KeyEvent(io.appium.java_client.android.nativekey.AndroidKey.DIGIT_1)): null

2023-02-28 13:01:37 - [TEST_STEP][PASSED] - driver.pressKey(new io.appium.java_client.android.nativekey.KeyEvent(io.appium.java_client.android.nativekey.AndroidKey.ENTER)): null

2023-02-28 13:01:38 - [MESSAGE][PASSED] - Call Test Case 'Test Cases/Utilities/Enter_OTP' successfully

2023-02-28 13:01:38 - [TEST_STEP][PASSED] - tap(findTestObject("4.Transfers/Button_VerifyOTP"), 0): Tapped on element 'Object Repository/4.Transfers/Button_VerifyOTP'

2023-02-28 13:01:38 - [MESSAGE][WARNING] - Timeout '0' is invalid. Using default page load timeout: '30'

2023-02-28 13:01:40 - [MESSAGE][PASSED] - Tapped on element 'Object Repository/4.Transfers/Button_VerifyOTP'

2023-02-28 13:01:40 - [TEST_STEP][PASSED] - waitForElementPresent(findTestObject("4.Transfers/Button_BackToPayment"), 180): Element 'Object Repository/4.Transfers/Button_BackToPayment' is present

2023-02-28 13:01:58 - [MESSAGE][PASSED] - Element 'Object Repository/4.Transfers/Button_BackToPayment' is present

2023-02-28 13:01:58 - [TEST_STEP][PASSED] - takeScreenshot(): Screenshot is taken

2023-02-28 13:01:59 - [MESSAGE][PASSED] - Screenshot is taken
[[ATTACHMENT|C:\\Users\\Dell\\git\\SuperApp-Ajman\\Reports\\20230228_125725\\TS_Demo\\20230228_125725\\1677569518426.png]]

2023-02-28 13:01:59 - [TEST_STEP][PASSED] - content = getAttribute(findTestObject("3.Payments/Payment Success page/label_SuccessPage"), "contentDescription", 0): Element 'Object Repository/3.Payments/Payment Success page/label_SuccessPage' has attribute 'contentDescription' is '100.00
AED
Transfer to
AED Current Account
011000833011
Ajman Bank
Description
Reference ID
FT23059JVD5J'

2023-02-28 13:01:59 - [MESSAGE][WARNING] - Timeout '0' is invalid. Using default page load timeout: '30'

2023-02-28 13:01:59 - [MESSAGE][PASSED] - Element 'Object Repository/3.Payments/Payment Success page/label_SuccessPage' has attribute 'contentDescription' is '100.00
AED
Transfer to
AED Current Account
011000833011
Ajman Bank
Description
Reference ID
FT23059JVD5J'

2023-02-28 13:01:59 - [TEST_STEP][PASSED] - println(content): null

2023-02-28 13:01:59 - [TEST_STEP][PASSED] - line = content.split("\R"): null

2023-02-28 13:01:59 - [TEST_STEP][PASSED] - println(line[0]): null

2023-02-28 13:01:59 - [TEST_STEP][PASSED] - if (amount == line[0]): Pass

2023-02-28 13:01:59 - [TEST_STEP][PASSED] - markPassed("Pass"): Pass

2023-02-28 13:01:59 - [MESSAGE][PASSED] - Pass

2023-02-28 13:01:59 - [TEST_STEP][PASSED] - tap(findTestObject("3.Payments/Payment Success page/Button_Back To Payment"), 0): Tapped on element 'Object Repository/3.Payments/Payment Success page/Button_Back To Payment'

2023-02-28 13:02:00 - [MESSAGE][WARNING] - Timeout '0' is invalid. Using default page load timeout: '30'

2023-02-28 13:02:00 - [MESSAGE][PASSED] - Tapped on element 'Object Repository/3.Payments/Payment Success page/Button_Back To Payment'

2023-02-28 13:02:00 - [TEST_STEP][PASSED] - callTestCase(findTestCase("Utilities/Logout"), [:], CONTINUE_ON_FAILURE): Call Test Case 'Test Cases/Utilities/Logout' successfully

2023-02-28 13:02:01 - [TEST_CASE][PASSED] - Test Cases/Utilities/Logout: Test Cases/Utilities/Logout

2023-02-28 13:02:01 - [TEST_STEP][PASSED] - waitForElementPresent(findTestObject("2.Dashboard/Profile Settings/Icon_Home"), 60): Element 'Object Repository/2.Dashboard/Profile Settings/Icon_Home' is present

2023-02-28 13:02:03 - [MESSAGE][PASSED] - Element 'Object Repository/2.Dashboard/Profile Settings/Icon_Home' is present

2023-02-28 13:02:03 - [TEST_STEP][PASSED] - tap(findTestObject("2.Dashboard/Profile Settings/Icon_Home"), 0): Tapped on element 'Object Repository/2.Dashboard/Profile Settings/Icon_Home'

2023-02-28 13:02:03 - [MESSAGE][WARNING] - Timeout '0' is invalid. Using default page load timeout: '30'

2023-02-28 13:02:04 - [MESSAGE][PASSED] - Tapped on element 'Object Repository/2.Dashboard/Profile Settings/Icon_Home'

2023-02-28 13:02:04 - [TEST_STEP][PASSED] - waitForElementPresent(findTestObject("2.Dashboard/Accounts/AccountDetails"), 0): Element 'Object Repository/2.Dashboard/Accounts/AccountDetails' is present

2023-02-28 13:02:04 - [MESSAGE][WARNING] - Timeout '0' is invalid. Using default page load timeout: '30'

2023-02-28 13:02:06 - [MESSAGE][PASSED] - Element 'Object Repository/2.Dashboard/Accounts/AccountDetails' is present

2023-02-28 13:02:06 - [TEST_STEP][PASSED] - tap(findTestObject("2.Dashboard/Profile Settings/Image_Profile Picture_DashBoard"), 0): Tapped on element 'Object Repository/2.Dashboard/Profile Settings/Image_Profile Picture_DashBoard'

2023-02-28 13:02:06 - [MESSAGE][WARNING] - Timeout '0' is invalid. Using default page load timeout: '30'

2023-02-28 13:02:07 - [MESSAGE][PASSED] - Tapped on element 'Object Repository/2.Dashboard/Profile Settings/Image_Profile Picture_DashBoard'

2023-02-28 13:02:07 - [TEST_STEP][PASSED] - waitForElementPresent(findTestObject("2.Dashboard/Profile Settings/Image_Profile Picture_Profile Settings"), 0): Element 'Object Repository/2.Dashboard/Profile Settings/Image_Profile Picture_Profile Settings' is present

2023-02-28 13:02:07 - [MESSAGE][WARNING] - Timeout '0' is invalid. Using default page load timeout: '30'

2023-02-28 13:02:08 - [MESSAGE][PASSED] - Element 'Object Repository/2.Dashboard/Profile Settings/Image_Profile Picture_Profile Settings' is present

2023-02-28 13:02:08 - [TEST_STEP][PASSED] - swipe(135, 1840, 447, 259): Swiped from 135,1,840 to 447,259

2023-02-28 13:02:09 - [MESSAGE][PASSED] - Swiped from 135,1,840 to 447,259

2023-02-28 13:02:09 - [TEST_STEP][PASSED] - swipe(135, 1840, 447, 259): Swiped from 135,1,840 to 447,259

2023-02-28 13:02:10 - [MESSAGE][PASSED] - Swiped from 135,1,840 to 447,259

2023-02-28 13:02:10 - [TEST_STEP][PASSED] - tap(findTestObject("2.Dashboard/Profile Settings/Button_Logout"), 0): Tapped on element 'Object Repository/2.Dashboard/Profile Settings/Button_Logout'

2023-02-28 13:02:10 - [MESSAGE][WARNING] - Timeout '0' is invalid. Using default page load timeout: '30'

2023-02-28 13:02:11 - [MESSAGE][PASSED] - Tapped on element 'Object Repository/2.Dashboard/Profile Settings/Button_Logout'

2023-02-28 13:02:11 - [MESSAGE][PASSED] - Call Test Case 'Test Cases/Utilities/Logout' successfully

2023-02-28 13:02:11 - [TEST_STEP][PASSED] - closeApplication(): Close app successfully

2023-02-28 13:02:12 - [MESSAGE][PASSED] - Close app successfully

2023-02-28 13:02:12 - [TEST_STEP][PASSED] - Start listener action : autoUpdateJobStatus: [SAUCELABS] Current run configuration: Android - b76dcbe1

2023-02-28 13:02:12 - [MESSAGE][INFO] - [SAUCELABS] Current run configuration: Android - b76dcbe1]]></system-out>
         <system-err><![CDATA[]]></system-err>
      </testcase>
      <testcase name="Test Cases/Payments/TC 01 - New Bill Payment- LocalCorrency" time="183.395" classname="Test Cases/Payments/TC 01 - New Bill Payment- LocalCorrency" status="FAILED">
         <failure type="FAILED" message="Test Cases/Payments/TC 01 - New Bill Payment- LocalCorrency FAILED.
Reason:
com.kms.katalon.core.exception.StepFailedException: Unable to call Test Case 'Test Cases/Utilities/Account Selection Based on AccountNumber' (Root cause: com.kms.katalon.core.exception.StepFailedException: Call Test Case 'Test Cases/Utilities/Account Selection Based on AccountNumber' failed
	at com.kms.katalon.core.keyword.builtin.CallTestCaseKeyword$_callTestCase_closure1.doCall(CallTestCaseKeyword.groovy:63)
	at com.kms.katalon.core.keyword.builtin.CallTestCaseKeyword$_callTestCase_closure1.call(CallTestCaseKeyword.groovy)
	at com.kms.katalon.core.keyword.internal.KeywordMain.runKeyword(KeywordMain.groovy:74)
	at com.kms.katalon.core.keyword.builtin.CallTestCaseKeyword.callTestCase(CallTestCaseKeyword.groovy:81)
	at com.kms.katalon.core.keyword.builtin.CallTestCaseKeyword.execute(CallTestCaseKeyword.groovy:44)
	at com.kms.katalon.core.keyword.internal.KeywordExecutor.executeKeywordForPlatform(KeywordExecutor.groovy:74)
	at com.kms.katalon.core.keyword.BuiltinKeywords.callTestCase(BuiltinKeywords.groovy:334)
	at TC 01 - New Bill Payment- LocalCorrency.run(TC 01 - New Bill Payment- LocalCorrency:45)
	at com.kms.katalon.core.main.ScriptEngine.run(ScriptEngine.java:194)
	at com.kms.katalon.core.main.ScriptEngine.runScriptAsRawText(ScriptEngine.java:119)
	at com.kms.katalon.core.main.TestCaseExecutor.runScript(TestCaseExecutor.java:448)
	at com.kms.katalon.core.main.TestCaseExecutor.doExecute(TestCaseExecutor.java:439)
	at com.kms.katalon.core.main.TestCaseExecutor.processExecutionPhase(TestCaseExecutor.java:418)
	at com.kms.katalon.core.main.TestCaseExecutor.accessMainPhase(TestCaseExecutor.java:410)
	at com.kms.katalon.core.main.TestCaseExecutor.execute(TestCaseExecutor.java:285)
	at com.kms.katalon.core.common.CommonExecutor.accessTestCaseMainPhase(CommonExecutor.java:65)
	at com.kms.katalon.core.main.TestSuiteExecutor.accessTestSuiteMainPhase(TestSuiteExecutor.java:151)
	at com.kms.katalon.core.main.TestSuiteExecutor.execute(TestSuiteExecutor.java:106)
	at com.kms.katalon.core.main.TestCaseMain.startTestSuite(TestCaseMain.java:185)
	at com.kms.katalon.core.main.TestCaseMain$startTestSuite$0.call(Unknown Source)
	at TempTestSuite1677569245727.run(TempTestSuite1677569245727.groovy:36)
Caused by: com.kms.katalon.core.exception.StepFailedException: Object Object Repository/2.Dashboard/Accounts/Account Selection not found
	at com.kms.katalon.core.keyword.internal.KeywordMain.stepFailed(KeywordMain.groovy:39)
	at com.kms.katalon.core.mobile.keyword.internal.MobileKeywordMain.stepFailed(MobileKeywordMain.groovy:40)
	at com.kms.katalon.core.mobile.keyword.builtin.GetAttributeKeyword$_getAttribute_closure1.doCall(GetAttributeKeyword.groovy:76)
	at com.kms.katalon.core.mobile.keyword.builtin.GetAttributeKeyword$_getAttribute_closure1.call(GetAttributeKeyword.groovy)
	at com.kms.katalon.core.mobile.keyword.internal.MobileKeywordMain.runKeyword(MobileKeywordMain.groovy:21)
	at com.kms.katalon.core.mobile.keyword.builtin.GetAttributeKeyword.getAttribute(GetAttributeKeyword.groovy:82)
	at com.kms.katalon.core.mobile.keyword.builtin.GetAttributeKeyword.execute(GetAttributeKeyword.groovy:66)
	at com.kms.katalon.core.keyword.internal.KeywordExecutor.executeKeywordForPlatform(KeywordExecutor.groovy:74)
	at com.kms.katalon.core.mobile.keyword.MobileBuiltInKeywords.getAttribute(MobileBuiltInKeywords.groovy:1656)
	at com.kms.katalon.core.mobile.keyword.MobileBuiltInKeywords$getAttribute$6.call(Unknown Source)
	at Account Selection Based on AccountNumber.run(Account Selection Based on AccountNumber:39)
	at com.kms.katalon.core.main.ScriptEngine.run(ScriptEngine.java:194)
	at com.kms.katalon.core.main.ScriptEngine.runScriptAsRawText(ScriptEngine.java:119)
	at com.kms.katalon.core.main.TestCaseExecutor.runScript(TestCaseExecutor.java:448)
	at com.kms.katalon.core.main.TestCaseExecutor.doExecute(TestCaseExecutor.java:439)
	at com.kms.katalon.core.main.TestCaseExecutor.processExecutionPhase(TestCaseExecutor.java:418)
	at com.kms.katalon.core.main.TestCaseExecutor.accessMainPhase(TestCaseExecutor.java:410)
	at com.kms.katalon.core.main.TestCaseExecutor.execute(TestCaseExecutor.java:285)
	at com.kms.katalon.core.main.TestCaseMain.runTestCase(TestCaseMain.java:142)
	at com.kms.katalon.core.keyword.builtin.CallTestCaseKeyword$_callTestCase_closure1.doCall(CallTestCaseKeyword.groovy:59)
	... 20 more
)
	at com.kms.katalon.core.keyword.internal.KeywordMain.stepFailed(KeywordMain.groovy:39)
	at com.kms.katalon.core.keyword.internal.KeywordMain.stepFailed(KeywordMain.groovy)
	at com.kms.katalon.core.keyword.internal.KeywordMain.runKeyword(KeywordMain.groovy:76)
	at com.kms.katalon.core.keyword.builtin.CallTestCaseKeyword.callTestCase(CallTestCaseKeyword.groovy:81)
	at com.kms.katalon.core.keyword.builtin.CallTestCaseKeyword.execute(CallTestCaseKeyword.groovy:44)
	at com.kms.katalon.core.keyword.internal.KeywordExecutor.executeKeywordForPlatform(KeywordExecutor.groovy:74)
	at com.kms.katalon.core.keyword.BuiltinKeywords.callTestCase(BuiltinKeywords.groovy:334)
	at TC 01 - New Bill Payment- LocalCorrency.run(TC 01 - New Bill Payment- LocalCorrency:45)
	at com.kms.katalon.core.main.ScriptEngine.run(ScriptEngine.java:194)
	at com.kms.katalon.core.main.ScriptEngine.runScriptAsRawText(ScriptEngine.java:119)
	at com.kms.katalon.core.main.TestCaseExecutor.runScript(TestCaseExecutor.java:448)
	at com.kms.katalon.core.main.TestCaseExecutor.doExecute(TestCaseExecutor.java:439)
	at com.kms.katalon.core.main.TestCaseExecutor.processExecutionPhase(TestCaseExecutor.java:418)
	at com.kms.katalon.core.main.TestCaseExecutor.accessMainPhase(TestCaseExecutor.java:410)
	at com.kms.katalon.core.main.TestCaseExecutor.execute(TestCaseExecutor.java:285)
	at com.kms.katalon.core.common.CommonExecutor.accessTestCaseMainPhase(CommonExecutor.java:65)
	at com.kms.katalon.core.main.TestSuiteExecutor.accessTestSuiteMainPhase(TestSuiteExecutor.java:151)
	at com.kms.katalon.core.main.TestSuiteExecutor.execute(TestSuiteExecutor.java:106)
	at com.kms.katalon.core.main.TestCaseMain.startTestSuite(TestCaseMain.java:185)
	at com.kms.katalon.core.main.TestCaseMain$startTestSuite$0.call(Unknown Source)
	at TempTestSuite1677569245727.run(TempTestSuite1677569245727.groovy:36)
Caused by: com.kms.katalon.core.exception.StepFailedException: Call Test Case 'Test Cases/Utilities/Account Selection Based on AccountNumber' failed
	at com.kms.katalon.core.keyword.builtin.CallTestCaseKeyword$_callTestCase_closure1.doCall(CallTestCaseKeyword.groovy:63)
	at com.kms.katalon.core.keyword.builtin.CallTestCaseKeyword$_callTestCase_closure1.call(CallTestCaseKeyword.groovy)
	at com.kms.katalon.core.keyword.internal.KeywordMain.runKeyword(KeywordMain.groovy:74)
	... 18 more
Caused by: com.kms.katalon.core.exception.StepFailedException: Object Object Repository/2.Dashboard/Accounts/Account Selection not found
	at com.kms.katalon.core.keyword.internal.KeywordMain.stepFailed(KeywordMain.groovy:39)
	at com.kms.katalon.core.mobile.keyword.internal.MobileKeywordMain.stepFailed(MobileKeywordMain.groovy:40)
	at com.kms.katalon.core.mobile.keyword.builtin.GetAttributeKeyword$_getAttribute_closure1.doCall(GetAttributeKeyword.groovy:76)
	at com.kms.katalon.core.mobile.keyword.builtin.GetAttributeKeyword$_getAttribute_closure1.call(GetAttributeKeyword.groovy)
	at com.kms.katalon.core.mobile.keyword.internal.MobileKeywordMain.runKeyword(MobileKeywordMain.groovy:21)
	at com.kms.katalon.core.mobile.keyword.builtin.GetAttributeKeyword.getAttribute(GetAttributeKeyword.groovy:82)
	at com.kms.katalon.core.mobile.keyword.builtin.GetAttributeKeyword.execute(GetAttributeKeyword.groovy:66)
	at com.kms.katalon.core.keyword.internal.KeywordExecutor.executeKeywordForPlatform(KeywordExecutor.groovy:74)
	at com.kms.katalon.core.mobile.keyword.MobileBuiltInKeywords.getAttribute(MobileBuiltInKeywords.groovy:1656)
	at com.kms.katalon.core.mobile.keyword.MobileBuiltInKeywords$getAttribute$6.call(Unknown Source)
	at Account Selection Based on AccountNumber.run(Account Selection Based on AccountNumber:39)
	at com.kms.katalon.core.main.ScriptEngine.run(ScriptEngine.java:194)
	at com.kms.katalon.core.main.ScriptEngine.runScriptAsRawText(ScriptEngine.java:119)
	at com.kms.katalon.core.main.TestCaseExecutor.runScript(TestCaseExecutor.java:448)
	at com.kms.katalon.core.main.TestCaseExecutor.doExecute(TestCaseExecutor.java:439)
	at com.kms.katalon.core.main.TestCaseExecutor.processExecutionPhase(TestCaseExecutor.java:418)
	at com.kms.katalon.core.main.TestCaseExecutor.accessMainPhase(TestCaseExecutor.java:410)
	at com.kms.katalon.core.main.TestCaseExecutor.execute(TestCaseExecutor.java:285)
	at com.kms.katalon.core.main.TestCaseMain.runTestCase(TestCaseMain.java:142)
	at com.kms.katalon.core.keyword.builtin.CallTestCaseKeyword$_callTestCase_closure1.doCall(CallTestCaseKeyword.groovy:59)
	... 20 more
"/>
         <system-out><![CDATA[2023-02-28 13:02:12 - [TEST_CASE][FAILED] - Test Cases/Payments/TC 01 - New Bill Payment- LocalCorrency: Test Cases/Payments/TC 01 - New Bill Payment- LocalCorrency FAILED.
Reason:
com.kms.katalon.core.exception.StepFailedException: Unable to call Test Case 'Test Cases/Utilities/Account Selection Based on AccountNumber' (Root cause: com.kms.katalon.core.exception.StepFailedException: Call Test Case 'Test Cases/Utilities/Account Selection Based on AccountNumber' failed
	at com.kms.katalon.core.keyword.builtin.CallTestCaseKeyword$_callTestCase_closure1.doCall(CallTestCaseKeyword.groovy:63)
	at com.kms.katalon.core.keyword.builtin.CallTestCaseKeyword$_callTestCase_closure1.call(CallTestCaseKeyword.groovy)
	at com.kms.katalon.core.keyword.internal.KeywordMain.runKeyword(KeywordMain.groovy:74)
	at com.kms.katalon.core.keyword.builtin.CallTestCaseKeyword.callTestCase(CallTestCaseKeyword.groovy:81)
	at com.kms.katalon.core.keyword.builtin.CallTestCaseKeyword.execute(CallTestCaseKeyword.groovy:44)
	at com.kms.katalon.core.keyword.internal.KeywordExecutor.executeKeywordForPlatform(KeywordExecutor.groovy:74)
	at com.kms.katalon.core.keyword.BuiltinKeywords.callTestCase(BuiltinKeywords.groovy:334)
	at TC 01 - New Bill Payment- LocalCorrency.run(TC 01 - New Bill Payment- LocalCorrency:45)
	at com.kms.katalon.core.main.ScriptEngine.run(ScriptEngine.java:194)
	at com.kms.katalon.core.main.ScriptEngine.runScriptAsRawText(ScriptEngine.java:119)
	at com.kms.katalon.core.main.TestCaseExecutor.runScript(TestCaseExecutor.java:448)
	at com.kms.katalon.core.main.TestCaseExecutor.doExecute(TestCaseExecutor.java:439)
	at com.kms.katalon.core.main.TestCaseExecutor.processExecutionPhase(TestCaseExecutor.java:418)
	at com.kms.katalon.core.main.TestCaseExecutor.accessMainPhase(TestCaseExecutor.java:410)
	at com.kms.katalon.core.main.TestCaseExecutor.execute(TestCaseExecutor.java:285)
	at com.kms.katalon.core.common.CommonExecutor.accessTestCaseMainPhase(CommonExecutor.java:65)
	at com.kms.katalon.core.main.TestSuiteExecutor.accessTestSuiteMainPhase(TestSuiteExecutor.java:151)
	at com.kms.katalon.core.main.TestSuiteExecutor.execute(TestSuiteExecutor.java:106)
	at com.kms.katalon.core.main.TestCaseMain.startTestSuite(TestCaseMain.java:185)
	at com.kms.katalon.core.main.TestCaseMain$startTestSuite$0.call(Unknown Source)
	at TempTestSuite1677569245727.run(TempTestSuite1677569245727.groovy:36)
Caused by: com.kms.katalon.core.exception.StepFailedException: Object Object Repository/2.Dashboard/Accounts/Account Selection not found
	at com.kms.katalon.core.keyword.internal.KeywordMain.stepFailed(KeywordMain.groovy:39)
	at com.kms.katalon.core.mobile.keyword.internal.MobileKeywordMain.stepFailed(MobileKeywordMain.groovy:40)
	at com.kms.katalon.core.mobile.keyword.builtin.GetAttributeKeyword$_getAttribute_closure1.doCall(GetAttributeKeyword.groovy:76)
	at com.kms.katalon.core.mobile.keyword.builtin.GetAttributeKeyword$_getAttribute_closure1.call(GetAttributeKeyword.groovy)
	at com.kms.katalon.core.mobile.keyword.internal.MobileKeywordMain.runKeyword(MobileKeywordMain.groovy:21)
	at com.kms.katalon.core.mobile.keyword.builtin.GetAttributeKeyword.getAttribute(GetAttributeKeyword.groovy:82)
	at com.kms.katalon.core.mobile.keyword.builtin.GetAttributeKeyword.execute(GetAttributeKeyword.groovy:66)
	at com.kms.katalon.core.keyword.internal.KeywordExecutor.executeKeywordForPlatform(KeywordExecutor.groovy:74)
	at com.kms.katalon.core.mobile.keyword.MobileBuiltInKeywords.getAttribute(MobileBuiltInKeywords.groovy:1656)
	at com.kms.katalon.core.mobile.keyword.MobileBuiltInKeywords$getAttribute$6.call(Unknown Source)
	at Account Selection Based on AccountNumber.run(Account Selection Based on AccountNumber:39)
	at com.kms.katalon.core.main.ScriptEngine.run(ScriptEngine.java:194)
	at com.kms.katalon.core.main.ScriptEngine.runScriptAsRawText(ScriptEngine.java:119)
	at com.kms.katalon.core.main.TestCaseExecutor.runScript(TestCaseExecutor.java:448)
	at com.kms.katalon.core.main.TestCaseExecutor.doExecute(TestCaseExecutor.java:439)
	at com.kms.katalon.core.main.TestCaseExecutor.processExecutionPhase(TestCaseExecutor.java:418)
	at com.kms.katalon.core.main.TestCaseExecutor.accessMainPhase(TestCaseExecutor.java:410)
	at com.kms.katalon.core.main.TestCaseExecutor.execute(TestCaseExecutor.java:285)
	at com.kms.katalon.core.main.TestCaseMain.runTestCase(TestCaseMain.java:142)
	at com.kms.katalon.core.keyword.builtin.CallTestCaseKeyword$_callTestCase_closure1.doCall(CallTestCaseKeyword.groovy:59)
	... 20 more
)
	at com.kms.katalon.core.keyword.internal.KeywordMain.stepFailed(KeywordMain.groovy:39)
	at com.kms.katalon.core.keyword.internal.KeywordMain.stepFailed(KeywordMain.groovy)
	at com.kms.katalon.core.keyword.internal.KeywordMain.runKeyword(KeywordMain.groovy:76)
	at com.kms.katalon.core.keyword.builtin.CallTestCaseKeyword.callTestCase(CallTestCaseKeyword.groovy:81)
	at com.kms.katalon.core.keyword.builtin.CallTestCaseKeyword.execute(CallTestCaseKeyword.groovy:44)
	at com.kms.katalon.core.keyword.internal.KeywordExecutor.executeKeywordForPlatform(KeywordExecutor.groovy:74)
	at com.kms.katalon.core.keyword.BuiltinKeywords.callTestCase(BuiltinKeywords.groovy:334)
	at TC 01 - New Bill Payment- LocalCorrency.run(TC 01 - New Bill Payment- LocalCorrency:45)
	at com.kms.katalon.core.main.ScriptEngine.run(ScriptEngine.java:194)
	at com.kms.katalon.core.main.ScriptEngine.runScriptAsRawText(ScriptEngine.java:119)
	at com.kms.katalon.core.main.TestCaseExecutor.runScript(TestCaseExecutor.java:448)
	at com.kms.katalon.core.main.TestCaseExecutor.doExecute(TestCaseExecutor.java:439)
	at com.kms.katalon.core.main.TestCaseExecutor.processExecutionPhase(TestCaseExecutor.java:418)
	at com.kms.katalon.core.main.TestCaseExecutor.accessMainPhase(TestCaseExecutor.java:410)
	at com.kms.katalon.core.main.TestCaseExecutor.execute(TestCaseExecutor.java:285)
	at com.kms.katalon.core.common.CommonExecutor.accessTestCaseMainPhase(CommonExecutor.java:65)
	at com.kms.katalon.core.main.TestSuiteExecutor.accessTestSuiteMainPhase(TestSuiteExecutor.java:151)
	at com.kms.katalon.core.main.TestSuiteExecutor.execute(TestSuiteExecutor.java:106)
	at com.kms.katalon.core.main.TestCaseMain.startTestSuite(TestCaseMain.java:185)
	at com.kms.katalon.core.main.TestCaseMain$startTestSuite$0.call(Unknown Source)
	at TempTestSuite1677569245727.run(TempTestSuite1677569245727.groovy:36)
Caused by: com.kms.katalon.core.exception.StepFailedException: Call Test Case 'Test Cases/Utilities/Account Selection Based on AccountNumber' failed
	at com.kms.katalon.core.keyword.builtin.CallTestCaseKeyword$_callTestCase_closure1.doCall(CallTestCaseKeyword.groovy:63)
	at com.kms.katalon.core.keyword.builtin.CallTestCaseKeyword$_callTestCase_closure1.call(CallTestCaseKeyword.groovy)
	at com.kms.katalon.core.keyword.internal.KeywordMain.runKeyword(KeywordMain.groovy:74)
	... 18 more
Caused by: com.kms.katalon.core.exception.StepFailedException: Object Object Repository/2.Dashboard/Accounts/Account Selection not found
	at com.kms.katalon.core.keyword.internal.KeywordMain.stepFailed(KeywordMain.groovy:39)
	at com.kms.katalon.core.mobile.keyword.internal.MobileKeywordMain.stepFailed(MobileKeywordMain.groovy:40)
	at com.kms.katalon.core.mobile.keyword.builtin.GetAttributeKeyword$_getAttribute_closure1.doCall(GetAttributeKeyword.groovy:76)
	at com.kms.katalon.core.mobile.keyword.builtin.GetAttributeKeyword$_getAttribute_closure1.call(GetAttributeKeyword.groovy)
	at com.kms.katalon.core.mobile.keyword.internal.MobileKeywordMain.runKeyword(MobileKeywordMain.groovy:21)
	at com.kms.katalon.core.mobile.keyword.builtin.GetAttributeKeyword.getAttribute(GetAttributeKeyword.groovy:82)
	at com.kms.katalon.core.mobile.keyword.builtin.GetAttributeKeyword.execute(GetAttributeKeyword.groovy:66)
	at com.kms.katalon.core.keyword.internal.KeywordExecutor.executeKeywordForPlatform(KeywordExecutor.groovy:74)
	at com.kms.katalon.core.mobile.keyword.MobileBuiltInKeywords.getAttribute(MobileBuiltInKeywords.groovy:1656)
	at com.kms.katalon.core.mobile.keyword.MobileBuiltInKeywords$getAttribute$6.call(Unknown Source)
	at Account Selection Based on AccountNumber.run(Account Selection Based on AccountNumber:39)
	at com.kms.katalon.core.main.ScriptEngine.run(ScriptEngine.java:194)
	at com.kms.katalon.core.main.ScriptEngine.runScriptAsRawText(ScriptEngine.java:119)
	at com.kms.katalon.core.main.TestCaseExecutor.runScript(TestCaseExecutor.java:448)
	at com.kms.katalon.core.main.TestCaseExecutor.doExecute(TestCaseExecutor.java:439)
	at com.kms.katalon.core.main.TestCaseExecutor.processExecutionPhase(TestCaseExecutor.java:418)
	at com.kms.katalon.core.main.TestCaseExecutor.accessMainPhase(TestCaseExecutor.java:410)
	at com.kms.katalon.core.main.TestCaseExecutor.execute(TestCaseExecutor.java:285)
	at com.kms.katalon.core.main.TestCaseMain.runTestCase(TestCaseMain.java:142)
	at com.kms.katalon.core.keyword.builtin.CallTestCaseKeyword$_callTestCase_closure1.doCall(CallTestCaseKeyword.groovy:59)
	... 20 more


2023-02-28 13:02:12 - [TEST_STEP][PASSED] - Start listener action : enableSauceLabs: [SAUCELABS] Saucelabs Plugin will not attempt to auto update job status and information !

2023-02-28 13:02:12 - [MESSAGE][INFO] - [SAUCELABS] Current run configuration: Android - b76dcbe1

2023-02-28 13:02:12 - [MESSAGE][INFO] - [SAUCELABS] Saucelabs Plugin will not attempt to auto update job status and information !

2023-02-28 13:02:14 - [TEST_STEP][PASSED] - callTestCase(findTestCase("Utilities/Login"), [:], CONTINUE_ON_FAILURE): Call Test Case 'Test Cases/Utilities/Login' successfully

2023-02-28 13:02:14 - [TEST_CASE][PASSED] - Test Cases/Utilities/Login: Test Cases/Utilities/Login

2023-02-28 13:02:14 - [TEST_STEP][PASSED] - startExistingApplication("com.cbt.ajmandigital", STOP_ON_FAILURE): Starting app with application ID: 'com.cbt.ajmandigital'

2023-02-28 13:02:14 - [MESSAGE][INFO] - Detected NodeJS location: "C:\Program Files\nodejs\node.exe"

2023-02-28 13:02:16 - [MESSAGE][INFO] - Appium server started on port 61,955

2023-02-28 13:02:37 - [MESSAGE][PASSED] - Starting app with application ID: 'com.cbt.ajmandigital'

2023-02-28 13:02:37 - [TEST_STEP][PASSED] - waitForElementPresent(findTestObject("1.Registration and Login/Login Page/button_ForgotmPIN"), 0): Element 'Object Repository/1.Registration and Login/Login Page/button_ForgotmPIN' is present

2023-02-28 13:02:37 - [MESSAGE][WARNING] - Timeout '0' is invalid. Using default page load timeout: '30'

2023-02-28 13:02:38 - [MESSAGE][PASSED] - Element 'Object Repository/1.Registration and Login/Login Page/button_ForgotmPIN' is present

2023-02-28 13:02:38 - [TEST_STEP][PASSED] - callTestCase(findTestCase("Utilities/Enter_mPIN"), [:], STOP_ON_FAILURE): Call Test Case 'Test Cases/Utilities/Enter_mPIN' successfully

2023-02-28 13:02:38 - [TEST_CASE][PASSED] - Test Cases/Utilities/Enter_mPIN: Test Cases/Utilities/Enter_mPIN

2023-02-28 13:02:38 - [TEST_STEP][PASSED] - driver = getDriver(): null

2023-02-28 13:02:38 - [TEST_STEP][PASSED] - driver.pressKey(new io.appium.java_client.android.nativekey.KeyEvent(io.appium.java_client.android.nativekey.AndroidKey.DIGIT_1)): null

2023-02-28 13:02:38 - [TEST_STEP][PASSED] - driver.pressKey(new io.appium.java_client.android.nativekey.KeyEvent(io.appium.java_client.android.nativekey.AndroidKey.DIGIT_0)): null

2023-02-28 13:02:39 - [TEST_STEP][PASSED] - driver.pressKey(new io.appium.java_client.android.nativekey.KeyEvent(io.appium.java_client.android.nativekey.AndroidKey.DIGIT_2)): null

2023-02-28 13:02:40 - [TEST_STEP][PASSED] - driver.pressKey(new io.appium.java_client.android.nativekey.KeyEvent(io.appium.java_client.android.nativekey.AndroidKey.DIGIT_0)): null

2023-02-28 13:02:40 - [TEST_STEP][PASSED] - driver.pressKey(new io.appium.java_client.android.nativekey.KeyEvent(io.appium.java_client.android.nativekey.AndroidKey.DIGIT_3)): null

2023-02-28 13:02:41 - [TEST_STEP][PASSED] - driver.pressKey(new io.appium.java_client.android.nativekey.KeyEvent(io.appium.java_client.android.nativekey.AndroidKey.DIGIT_0)): null

2023-02-28 13:02:41 - [TEST_STEP][PASSED] - driver.pressKey(new io.appium.java_client.android.nativekey.KeyEvent(io.appium.java_client.android.nativekey.AndroidKey.ENTER)): null

2023-02-28 13:02:42 - [MESSAGE][PASSED] - Call Test Case 'Test Cases/Utilities/Enter_mPIN' successfully

2023-02-28 13:02:42 - [TEST_STEP][PASSED] - waitForElementPresent(findTestObject("2.Dashboard/Accounts/AccountDetails"), 60): Element 'Object Repository/2.Dashboard/Accounts/AccountDetails' is present

2023-02-28 13:02:47 - [MESSAGE][PASSED] - Element 'Object Repository/2.Dashboard/Accounts/AccountDetails' is present

2023-02-28 13:02:47 - [MESSAGE][PASSED] - Call Test Case 'Test Cases/Utilities/Login' successfully

2023-02-28 13:02:47 - [TEST_STEP][PASSED] - tap(findTestObject("3.Payments/Payments_page/tab_PAY"), 0): Tapped on element 'Object Repository/3.Payments/Payments_page/tab_PAY'

2023-02-28 13:02:47 - [MESSAGE][WARNING] - Timeout '0' is invalid. Using default page load timeout: '30'

2023-02-28 13:02:48 - [MESSAGE][PASSED] - Tapped on element 'Object Repository/3.Payments/Payments_page/tab_PAY'

2023-02-28 13:02:48 - [TEST_STEP][PASSED] - tap(findTestObject("3.Payments/Payments_page/tab_Bills"), 0): Tapped on element 'Object Repository/3.Payments/Payments_page/tab_Bills'

2023-02-28 13:02:48 - [MESSAGE][WARNING] - Timeout '0' is invalid. Using default page load timeout: '30'

2023-02-28 13:02:49 - [MESSAGE][PASSED] - Tapped on element 'Object Repository/3.Payments/Payments_page/tab_Bills'

2023-02-28 13:02:49 - [TEST_STEP][PASSED] - tap(findTestObject("3.Payments/Payments_page/button_NewBill"), 0): Tapped on element 'Object Repository/3.Payments/Payments_page/button_NewBill'

2023-02-28 13:02:50 - [MESSAGE][WARNING] - Timeout '0' is invalid. Using default page load timeout: '30'

2023-02-28 13:02:51 - [MESSAGE][PASSED] - Tapped on element 'Object Repository/3.Payments/Payments_page/button_NewBill'

2023-02-28 13:02:51 - [TEST_STEP][PASSED] - delay(2): Delayed 2 second(s)

2023-02-28 13:02:53 - [MESSAGE][PASSED] - Delayed 2 second(s)

2023-02-28 13:02:53 - [TEST_STEP][PASSED] - tap(findTestObject("3.Payments/Pay To New Biller/Label_Select Biller", ["biller":biller]), 0): Tapped on element 'Object Repository/3.Payments/Pay To New Biller/Label_Select Biller'

2023-02-28 13:02:53 - [MESSAGE][WARNING] - Timeout '0' is invalid. Using default page load timeout: '30'

2023-02-28 13:02:54 - [MESSAGE][PASSED] - Tapped on element 'Object Repository/3.Payments/Pay To New Biller/Label_Select Biller'

2023-02-28 13:02:54 - [TEST_STEP][PASSED] - tap(findTestObject("3.Payments/Pay To New Biller/Label_Select Sub Biller", ["subBiller":subBiller]), 0): Tapped on element 'Object Repository/3.Payments/Pay To New Biller/Label_Select Sub Biller'

2023-02-28 13:02:54 - [MESSAGE][WARNING] - Timeout '0' is invalid. Using default page load timeout: '30'

2023-02-28 13:03:00 - [MESSAGE][PASSED] - Tapped on element 'Object Repository/3.Payments/Pay To New Biller/Label_Select Sub Biller'

2023-02-28 13:03:00 - [TEST_STEP][PASSED] - delay(5, CONTINUE_ON_FAILURE): Delayed 5 second(s)

2023-02-28 13:03:05 - [MESSAGE][PASSED] - Delayed 5 second(s)

2023-02-28 13:03:05 - [TEST_STEP][FAILED] - callTestCase(findTestCase("Utilities/Account Selection Based on AccountNumber"), ["accountNumber":accountNumber], CONTINUE_ON_FAILURE): Unable to call Test Case 'Test Cases/Utilities/Account Selection Based on AccountNumber' (Root cause: com.kms.katalon.core.exception.StepFailedException: Call Test Case 'Test Cases/Utilities/Account Selection Based on AccountNumber' failed
	at com.kms.katalon.core.keyword.builtin.CallTestCaseKeyword$_callTestCase_closure1.doCall(CallTestCaseKeyword.groovy:63)
	at com.kms.katalon.core.keyword.builtin.CallTestCaseKeyword$_callTestCase_closure1.call(CallTestCaseKeyword.groovy)
	at com.kms.katalon.core.keyword.internal.KeywordMain.runKeyword(KeywordMain.groovy:74)
	at com.kms.katalon.core.keyword.builtin.CallTestCaseKeyword.callTestCase(CallTestCaseKeyword.groovy:81)
	at com.kms.katalon.core.keyword.builtin.CallTestCaseKeyword.execute(CallTestCaseKeyword.groovy:44)
	at com.kms.katalon.core.keyword.internal.KeywordExecutor.executeKeywordForPlatform(KeywordExecutor.groovy:74)
	at com.kms.katalon.core.keyword.BuiltinKeywords.callTestCase(BuiltinKeywords.groovy:334)
	at TC 01 - New Bill Payment- LocalCorrency.run(TC 01 - New Bill Payment- LocalCorrency:45)
	at com.kms.katalon.core.main.ScriptEngine.run(ScriptEngine.java:194)
	at com.kms.katalon.core.main.ScriptEngine.runScriptAsRawText(ScriptEngine.java:119)
	at com.kms.katalon.core.main.TestCaseExecutor.runScript(TestCaseExecutor.java:448)
	at com.kms.katalon.core.main.TestCaseExecutor.doExecute(TestCaseExecutor.java:439)
	at com.kms.katalon.core.main.TestCaseExecutor.processExecutionPhase(TestCaseExecutor.java:418)
	at com.kms.katalon.core.main.TestCaseExecutor.accessMainPhase(TestCaseExecutor.java:410)
	at com.kms.katalon.core.main.TestCaseExecutor.execute(TestCaseExecutor.java:285)
	at com.kms.katalon.core.common.CommonExecutor.accessTestCaseMainPhase(CommonExecutor.java:65)
	at com.kms.katalon.core.main.TestSuiteExecutor.accessTestSuiteMainPhase(TestSuiteExecutor.java:151)
	at com.kms.katalon.core.main.TestSuiteExecutor.execute(TestSuiteExecutor.java:106)
	at com.kms.katalon.core.main.TestCaseMain.startTestSuite(TestCaseMain.java:185)
	at com.kms.katalon.core.main.TestCaseMain$startTestSuite$0.call(Unknown Source)
	at TempTestSuite1677569245727.run(TempTestSuite1677569245727.groovy:36)
Caused by: com.kms.katalon.core.exception.StepFailedException: Object Object Repository/2.Dashboard/Accounts/Account Selection not found
	at com.kms.katalon.core.keyword.internal.KeywordMain.stepFailed(KeywordMain.groovy:39)
	at com.kms.katalon.core.mobile.keyword.internal.MobileKeywordMain.stepFailed(MobileKeywordMain.groovy:40)
	at com.kms.katalon.core.mobile.keyword.builtin.GetAttributeKeyword$_getAttribute_closure1.doCall(GetAttributeKeyword.groovy:76)
	at com.kms.katalon.core.mobile.keyword.builtin.GetAttributeKeyword$_getAttribute_closure1.call(GetAttributeKeyword.groovy)
	at com.kms.katalon.core.mobile.keyword.internal.MobileKeywordMain.runKeyword(MobileKeywordMain.groovy:21)
	at com.kms.katalon.core.mobile.keyword.builtin.GetAttributeKeyword.getAttribute(GetAttributeKeyword.groovy:82)
	at com.kms.katalon.core.mobile.keyword.builtin.GetAttributeKeyword.execute(GetAttributeKeyword.groovy:66)
	at com.kms.katalon.core.keyword.internal.KeywordExecutor.executeKeywordForPlatform(KeywordExecutor.groovy:74)
	at com.kms.katalon.core.mobile.keyword.MobileBuiltInKeywords.getAttribute(MobileBuiltInKeywords.groovy:1656)
	at com.kms.katalon.core.mobile.keyword.MobileBuiltInKeywords$getAttribute$6.call(Unknown Source)
	at Account Selection Based on AccountNumber.run(Account Selection Based on AccountNumber:39)
	at com.kms.katalon.core.main.ScriptEngine.run(ScriptEngine.java:194)
	at com.kms.katalon.core.main.ScriptEngine.runScriptAsRawText(ScriptEngine.java:119)
	at com.kms.katalon.core.main.TestCaseExecutor.runScript(TestCaseExecutor.java:448)
	at com.kms.katalon.core.main.TestCaseExecutor.doExecute(TestCaseExecutor.java:439)
	at com.kms.katalon.core.main.TestCaseExecutor.processExecutionPhase(TestCaseExecutor.java:418)
	at com.kms.katalon.core.main.TestCaseExecutor.accessMainPhase(TestCaseExecutor.java:410)
	at com.kms.katalon.core.main.TestCaseExecutor.execute(TestCaseExecutor.java:285)
	at com.kms.katalon.core.main.TestCaseMain.runTestCase(TestCaseMain.java:142)
	at com.kms.katalon.core.keyword.builtin.CallTestCaseKeyword$_callTestCase_closure1.doCall(CallTestCaseKeyword.groovy:59)
	... 20 more
)

2023-02-28 13:03:05 - [TEST_CASE][FAILED] - Test Cases/Utilities/Account Selection Based on AccountNumber: Test Cases/Utilities/Account Selection Based on AccountNumber FAILED.
Reason:
com.kms.katalon.core.exception.StepFailedException: Object Object Repository/2.Dashboard/Accounts/Account Selection not found
	at com.kms.katalon.core.keyword.internal.KeywordMain.stepFailed(KeywordMain.groovy:39)
	at com.kms.katalon.core.mobile.keyword.internal.MobileKeywordMain.stepFailed(MobileKeywordMain.groovy:40)
	at com.kms.katalon.core.mobile.keyword.builtin.GetAttributeKeyword$_getAttribute_closure1.doCall(GetAttributeKeyword.groovy:76)
	at com.kms.katalon.core.mobile.keyword.builtin.GetAttributeKeyword$_getAttribute_closure1.call(GetAttributeKeyword.groovy)
	at com.kms.katalon.core.mobile.keyword.internal.MobileKeywordMain.runKeyword(MobileKeywordMain.groovy:21)
	at com.kms.katalon.core.mobile.keyword.builtin.GetAttributeKeyword.getAttribute(GetAttributeKeyword.groovy:82)
	at com.kms.katalon.core.mobile.keyword.builtin.GetAttributeKeyword.execute(GetAttributeKeyword.groovy:66)
	at com.kms.katalon.core.keyword.internal.KeywordExecutor.executeKeywordForPlatform(KeywordExecutor.groovy:74)
	at com.kms.katalon.core.mobile.keyword.MobileBuiltInKeywords.getAttribute(MobileBuiltInKeywords.groovy:1656)
	at com.kms.katalon.core.mobile.keyword.MobileBuiltInKeywords$getAttribute$6.call(Unknown Source)
	at Account Selection Based on AccountNumber.run(Account Selection Based on AccountNumber:39)
	at com.kms.katalon.core.main.ScriptEngine.run(ScriptEngine.java:194)
	at com.kms.katalon.core.main.ScriptEngine.runScriptAsRawText(ScriptEngine.java:119)
	at com.kms.katalon.core.main.TestCaseExecutor.runScript(TestCaseExecutor.java:448)
	at com.kms.katalon.core.main.TestCaseExecutor.doExecute(TestCaseExecutor.java:439)
	at com.kms.katalon.core.main.TestCaseExecutor.processExecutionPhase(TestCaseExecutor.java:418)
	at com.kms.katalon.core.main.TestCaseExecutor.accessMainPhase(TestCaseExecutor.java:410)
	at com.kms.katalon.core.main.TestCaseExecutor.execute(TestCaseExecutor.java:285)
	at com.kms.katalon.core.main.TestCaseMain.runTestCase(TestCaseMain.java:142)
	at com.kms.katalon.core.keyword.builtin.CallTestCaseKeyword$_callTestCase_closure1.doCall(CallTestCaseKeyword.groovy:59)
	at com.kms.katalon.core.keyword.builtin.CallTestCaseKeyword$_callTestCase_closure1.call(CallTestCaseKeyword.groovy)
	at com.kms.katalon.core.keyword.internal.KeywordMain.runKeyword(KeywordMain.groovy:74)
	at com.kms.katalon.core.keyword.builtin.CallTestCaseKeyword.callTestCase(CallTestCaseKeyword.groovy:81)
	at com.kms.katalon.core.keyword.builtin.CallTestCaseKeyword.execute(CallTestCaseKeyword.groovy:44)
	at com.kms.katalon.core.keyword.internal.KeywordExecutor.executeKeywordForPlatform(KeywordExecutor.groovy:74)
	at com.kms.katalon.core.keyword.BuiltinKeywords.callTestCase(BuiltinKeywords.groovy:334)
	at TC 01 - New Bill Payment- LocalCorrency.run(TC 01 - New Bill Payment- LocalCorrency:45)
	at com.kms.katalon.core.main.ScriptEngine.run(ScriptEngine.java:194)
	at com.kms.katalon.core.main.ScriptEngine.runScriptAsRawText(ScriptEngine.java:119)
	at com.kms.katalon.core.main.TestCaseExecutor.runScript(TestCaseExecutor.java:448)
	at com.kms.katalon.core.main.TestCaseExecutor.doExecute(TestCaseExecutor.java:439)
	at com.kms.katalon.core.main.TestCaseExecutor.processExecutionPhase(TestCaseExecutor.java:418)
	at com.kms.katalon.core.main.TestCaseExecutor.accessMainPhase(TestCaseExecutor.java:410)
	at com.kms.katalon.core.main.TestCaseExecutor.execute(TestCaseExecutor.java:285)
	at com.kms.katalon.core.common.CommonExecutor.accessTestCaseMainPhase(CommonExecutor.java:65)
	at com.kms.katalon.core.main.TestSuiteExecutor.accessTestSuiteMainPhase(TestSuiteExecutor.java:151)
	at com.kms.katalon.core.main.TestSuiteExecutor.execute(TestSuiteExecutor.java:106)
	at com.kms.katalon.core.main.TestCaseMain.startTestSuite(TestCaseMain.java:185)
	at com.kms.katalon.core.main.TestCaseMain$startTestSuite$0.call(Unknown Source)
	at TempTestSuite1677569245727.run(TempTestSuite1677569245727.groovy:36)


2023-02-28 13:03:05 - [TEST_STEP][PASSED] - count = 1: null

2023-02-28 13:03:05 - [TEST_STEP][PASSED] - AccountDetails = getAttribute(findTestObject("2.Dashboard/Accounts/Account Selection", ["index":count]), "contentDescription", 0): Element 'Object Repository/2.Dashboard/Accounts/Account Selection' has attribute 'contentDescription' is 'Available Balance
3,274,876.28
AED
Savings Account
011074763011'

2023-02-28 13:03:05 - [MESSAGE][WARNING] - Timeout '0' is invalid. Using default page load timeout: '30'

2023-02-28 13:03:05 - [MESSAGE][PASSED] - Element 'Object Repository/2.Dashboard/Accounts/Account Selection' has attribute 'contentDescription' is 'Available Balance
3,274,876.28
AED
Savings Account
011074763011'

2023-02-28 13:03:05 - [TEST_STEP][PASSED] - element = <not implemented yet for class: org.codehaus.groovy.ast.expr.EmptyExpression>: null

2023-02-28 13:03:05 - [TEST_STEP][PASSED] - element = AccountDetails.split("\R"): null

2023-02-28 13:03:05 - [TEST_STEP][PASSED] - println(element[4]): null

2023-02-28 13:03:05 - [TEST_STEP][PASSED] - println(accountNumber): null

2023-02-28 13:03:05 - [TEST_STEP][FAILED] - while (accountNumber != element[4]): null

2023-02-28 13:03:05 - [TEST_STEP][PASSED] - swipe(1026, 614, 54, 614): Swiped from 1,026,614 to 54,614

2023-02-28 13:03:06 - [MESSAGE][PASSED] - Swiped from 1,026,614 to 54,614

2023-02-28 13:03:06 - [TEST_STEP][PASSED] - delay(2): Delayed 2 second(s)

2023-02-28 13:03:08 - [MESSAGE][PASSED] - Delayed 2 second(s)

2023-02-28 13:03:08 - [TEST_STEP][PASSED] - (count++): null

2023-02-28 13:03:08 - [TEST_STEP][PASSED] - AccountDetails = getAttribute(findTestObject("2.Dashboard/Accounts/Account Selection", ["index":count]), "contentDescription", 0): Element 'Object Repository/2.Dashboard/Accounts/Account Selection' has attribute 'contentDescription' is 'Available Balance
139.00
AED
Current Account
011074763023'

2023-02-28 13:03:09 - [MESSAGE][WARNING] - Timeout '0' is invalid. Using default page load timeout: '30'

2023-02-28 13:03:09 - [MESSAGE][PASSED] - Element 'Object Repository/2.Dashboard/Accounts/Account Selection' has attribute 'contentDescription' is 'Available Balance
139.00
AED
Current Account
011074763023'

2023-02-28 13:03:09 - [TEST_STEP][PASSED] - element = AccountDetails.split("\R"): null

2023-02-28 13:03:09 - [TEST_STEP][PASSED] - println(element[4]): null

2023-02-28 13:03:09 - [TEST_STEP][PASSED] - swipe(1026, 614, 54, 614): Swiped from 1,026,614 to 54,614

2023-02-28 13:03:10 - [MESSAGE][PASSED] - Swiped from 1,026,614 to 54,614

2023-02-28 13:03:10 - [TEST_STEP][PASSED] - delay(2): Delayed 2 second(s)

2023-02-28 13:03:12 - [MESSAGE][PASSED] - Delayed 2 second(s)

2023-02-28 13:03:12 - [TEST_STEP][PASSED] - (count++): null

2023-02-28 13:03:12 - [TEST_STEP][PASSED] - AccountDetails = getAttribute(findTestObject("2.Dashboard/Accounts/Account Selection", ["index":count]), "contentDescription", 0): Element 'Object Repository/2.Dashboard/Accounts/Account Selection' has attribute 'contentDescription' is 'Available Balance
502.22
EUR
Current Account
011074763025'

2023-02-28 13:03:12 - [MESSAGE][WARNING] - Timeout '0' is invalid. Using default page load timeout: '30'

2023-02-28 13:03:12 - [MESSAGE][PASSED] - Element 'Object Repository/2.Dashboard/Accounts/Account Selection' has attribute 'contentDescription' is 'Available Balance
502.22
EUR
Current Account
011074763025'

2023-02-28 13:03:12 - [TEST_STEP][PASSED] - element = AccountDetails.split("\R"): null

2023-02-28 13:03:12 - [TEST_STEP][PASSED] - println(element[4]): null

2023-02-28 13:03:12 - [TEST_STEP][PASSED] - swipe(1026, 614, 54, 614): Swiped from 1,026,614 to 54,614

2023-02-28 13:03:13 - [MESSAGE][PASSED] - Swiped from 1,026,614 to 54,614

2023-02-28 13:03:13 - [TEST_STEP][PASSED] - delay(2): Delayed 2 second(s)

2023-02-28 13:03:15 - [MESSAGE][PASSED] - Delayed 2 second(s)

2023-02-28 13:03:15 - [TEST_STEP][PASSED] - (count++): null

2023-02-28 13:03:15 - [TEST_STEP][FAILED] - AccountDetails = getAttribute(findTestObject("2.Dashboard/Accounts/Account Selection", ["index":count]), "contentDescription", 0): Object Object Repository/2.Dashboard/Accounts/Account Selection not found

2023-02-28 13:03:15 - [MESSAGE][WARNING] - Timeout '0' is invalid. Using default page load timeout: '30'

2023-02-28 13:03:45 - [MESSAGE][FAILED] - Object Object Repository/2.Dashboard/Accounts/Account Selection not found

2023-02-28 13:03:45 - [TEST_STEP][ERROR] - element = AccountDetails.split("\R"): Test Cases/Utilities/Account Selection Based on AccountNumber FAILED.
Reason:
java.lang.NullPointerException: Cannot invoke method split() on null object
	at java_lang_String$split$3.call(Unknown Source)
	at Account Selection Based on AccountNumber.run(Account Selection Based on AccountNumber:42)
	at com.kms.katalon.core.main.ScriptEngine.run(ScriptEngine.java:194)
	at com.kms.katalon.core.main.ScriptEngine.runScriptAsRawText(ScriptEngine.java:119)
	at com.kms.katalon.core.main.TestCaseExecutor.runScript(TestCaseExecutor.java:448)
	at com.kms.katalon.core.main.TestCaseExecutor.doExecute(TestCaseExecutor.java:439)
	at com.kms.katalon.core.main.TestCaseExecutor.processExecutionPhase(TestCaseExecutor.java:418)
	at com.kms.katalon.core.main.TestCaseExecutor.accessMainPhase(TestCaseExecutor.java:410)
	at com.kms.katalon.core.main.TestCaseExecutor.execute(TestCaseExecutor.java:285)
	at com.kms.katalon.core.main.TestCaseMain.runTestCase(TestCaseMain.java:142)
	at com.kms.katalon.core.keyword.builtin.CallTestCaseKeyword$_callTestCase_closure1.doCall(CallTestCaseKeyword.groovy:59)
	at com.kms.katalon.core.keyword.builtin.CallTestCaseKeyword$_callTestCase_closure1.call(CallTestCaseKeyword.groovy)
	at com.kms.katalon.core.keyword.internal.KeywordMain.runKeyword(KeywordMain.groovy:74)
	at com.kms.katalon.core.keyword.builtin.CallTestCaseKeyword.callTestCase(CallTestCaseKeyword.groovy:81)
	at com.kms.katalon.core.keyword.builtin.CallTestCaseKeyword.execute(CallTestCaseKeyword.groovy:44)
	at com.kms.katalon.core.keyword.internal.KeywordExecutor.executeKeywordForPlatform(KeywordExecutor.groovy:74)
	at com.kms.katalon.core.keyword.BuiltinKeywords.callTestCase(BuiltinKeywords.groovy:334)
	at TC 01 - New Bill Payment- LocalCorrency.run(TC 01 - New Bill Payment- LocalCorrency:45)
	at com.kms.katalon.core.main.ScriptEngine.run(ScriptEngine.java:194)
	at com.kms.katalon.core.main.ScriptEngine.runScriptAsRawText(ScriptEngine.java:119)
	at com.kms.katalon.core.main.TestCaseExecutor.runScript(TestCaseExecutor.java:448)
	at com.kms.katalon.core.main.TestCaseExecutor.doExecute(TestCaseExecutor.java:439)
	at com.kms.katalon.core.main.TestCaseExecutor.processExecutionPhase(TestCaseExecutor.java:418)
	at com.kms.katalon.core.main.TestCaseExecutor.accessMainPhase(TestCaseExecutor.java:410)
	at com.kms.katalon.core.main.TestCaseExecutor.execute(TestCaseExecutor.java:285)
	at com.kms.katalon.core.common.CommonExecutor.accessTestCaseMainPhase(CommonExecutor.java:65)
	at com.kms.katalon.core.main.TestSuiteExecutor.accessTestSuiteMainPhase(TestSuiteExecutor.java:151)
	at com.kms.katalon.core.main.TestSuiteExecutor.execute(TestSuiteExecutor.java:106)
	at com.kms.katalon.core.main.TestCaseMain.startTestSuite(TestCaseMain.java:185)
	at com.kms.katalon.core.main.TestCaseMain$startTestSuite$0.call(Unknown Source)
	at TempTestSuite1677569245727.run(TempTestSuite1677569245727.groovy:36)


2023-02-28 13:03:45 - [MESSAGE][ERROR] - Test Cases/Utilities/Account Selection Based on AccountNumber FAILED.
Reason:
java.lang.NullPointerException: Cannot invoke method split() on null object
	at java_lang_String$split$3.call(Unknown Source)
	at Account Selection Based on AccountNumber.run(Account Selection Based on AccountNumber:42)
	at com.kms.katalon.core.main.ScriptEngine.run(ScriptEngine.java:194)
	at com.kms.katalon.core.main.ScriptEngine.runScriptAsRawText(ScriptEngine.java:119)
	at com.kms.katalon.core.main.TestCaseExecutor.runScript(TestCaseExecutor.java:448)
	at com.kms.katalon.core.main.TestCaseExecutor.doExecute(TestCaseExecutor.java:439)
	at com.kms.katalon.core.main.TestCaseExecutor.processExecutionPhase(TestCaseExecutor.java:418)
	at com.kms.katalon.core.main.TestCaseExecutor.accessMainPhase(TestCaseExecutor.java:410)
	at com.kms.katalon.core.main.TestCaseExecutor.execute(TestCaseExecutor.java:285)
	at com.kms.katalon.core.main.TestCaseMain.runTestCase(TestCaseMain.java:142)
	at com.kms.katalon.core.keyword.builtin.CallTestCaseKeyword$_callTestCase_closure1.doCall(CallTestCaseKeyword.groovy:59)
	at com.kms.katalon.core.keyword.builtin.CallTestCaseKeyword$_callTestCase_closure1.call(CallTestCaseKeyword.groovy)
	at com.kms.katalon.core.keyword.internal.KeywordMain.runKeyword(KeywordMain.groovy:74)
	at com.kms.katalon.core.keyword.builtin.CallTestCaseKeyword.callTestCase(CallTestCaseKeyword.groovy:81)
	at com.kms.katalon.core.keyword.builtin.CallTestCaseKeyword.execute(CallTestCaseKeyword.groovy:44)
	at com.kms.katalon.core.keyword.internal.KeywordExecutor.executeKeywordForPlatform(KeywordExecutor.groovy:74)
	at com.kms.katalon.core.keyword.BuiltinKeywords.callTestCase(BuiltinKeywords.groovy:334)
	at TC 01 - New Bill Payment- LocalCorrency.run(TC 01 - New Bill Payment- LocalCorrency:45)
	at com.kms.katalon.core.main.ScriptEngine.run(ScriptEngine.java:194)
	at com.kms.katalon.core.main.ScriptEngine.runScriptAsRawText(ScriptEngine.java:119)
	at com.kms.katalon.core.main.TestCaseExecutor.runScript(TestCaseExecutor.java:448)
	at com.kms.katalon.core.main.TestCaseExecutor.doExecute(TestCaseExecutor.java:439)
	at com.kms.katalon.core.main.TestCaseExecutor.processExecutionPhase(TestCaseExecutor.java:418)
	at com.kms.katalon.core.main.TestCaseExecutor.accessMainPhase(TestCaseExecutor.java:410)
	at com.kms.katalon.core.main.TestCaseExecutor.execute(TestCaseExecutor.java:285)
	at com.kms.katalon.core.common.CommonExecutor.accessTestCaseMainPhase(CommonExecutor.java:65)
	at com.kms.katalon.core.main.TestSuiteExecutor.accessTestSuiteMainPhase(TestSuiteExecutor.java:151)
	at com.kms.katalon.core.main.TestSuiteExecutor.execute(TestSuiteExecutor.java:106)
	at com.kms.katalon.core.main.TestCaseMain.startTestSuite(TestCaseMain.java:185)
	at com.kms.katalon.core.main.TestCaseMain$startTestSuite$0.call(Unknown Source)
	at TempTestSuite1677569245727.run(TempTestSuite1677569245727.groovy:36)


2023-02-28 13:03:45 - [MESSAGE][FAILED] - Unable to call Test Case 'Test Cases/Utilities/Account Selection Based on AccountNumber' (Root cause: com.kms.katalon.core.exception.StepFailedException: Call Test Case 'Test Cases/Utilities/Account Selection Based on AccountNumber' failed
	at com.kms.katalon.core.keyword.builtin.CallTestCaseKeyword$_callTestCase_closure1.doCall(CallTestCaseKeyword.groovy:63)
	at com.kms.katalon.core.keyword.builtin.CallTestCaseKeyword$_callTestCase_closure1.call(CallTestCaseKeyword.groovy)
	at com.kms.katalon.core.keyword.internal.KeywordMain.runKeyword(KeywordMain.groovy:74)
	at com.kms.katalon.core.keyword.builtin.CallTestCaseKeyword.callTestCase(CallTestCaseKeyword.groovy:81)
	at com.kms.katalon.core.keyword.builtin.CallTestCaseKeyword.execute(CallTestCaseKeyword.groovy:44)
	at com.kms.katalon.core.keyword.internal.KeywordExecutor.executeKeywordForPlatform(KeywordExecutor.groovy:74)
	at com.kms.katalon.core.keyword.BuiltinKeywords.callTestCase(BuiltinKeywords.groovy:334)
	at TC 01 - New Bill Payment- LocalCorrency.run(TC 01 - New Bill Payment- LocalCorrency:45)
	at com.kms.katalon.core.main.ScriptEngine.run(ScriptEngine.java:194)
	at com.kms.katalon.core.main.ScriptEngine.runScriptAsRawText(ScriptEngine.java:119)
	at com.kms.katalon.core.main.TestCaseExecutor.runScript(TestCaseExecutor.java:448)
	at com.kms.katalon.core.main.TestCaseExecutor.doExecute(TestCaseExecutor.java:439)
	at com.kms.katalon.core.main.TestCaseExecutor.processExecutionPhase(TestCaseExecutor.java:418)
	at com.kms.katalon.core.main.TestCaseExecutor.accessMainPhase(TestCaseExecutor.java:410)
	at com.kms.katalon.core.main.TestCaseExecutor.execute(TestCaseExecutor.java:285)
	at com.kms.katalon.core.common.CommonExecutor.accessTestCaseMainPhase(CommonExecutor.java:65)
	at com.kms.katalon.core.main.TestSuiteExecutor.accessTestSuiteMainPhase(TestSuiteExecutor.java:151)
	at com.kms.katalon.core.main.TestSuiteExecutor.execute(TestSuiteExecutor.java:106)
	at com.kms.katalon.core.main.TestCaseMain.startTestSuite(TestCaseMain.java:185)
	at com.kms.katalon.core.main.TestCaseMain$startTestSuite$0.call(Unknown Source)
	at TempTestSuite1677569245727.run(TempTestSuite1677569245727.groovy:36)
Caused by: com.kms.katalon.core.exception.StepFailedException: Object Object Repository/2.Dashboard/Accounts/Account Selection not found
	at com.kms.katalon.core.keyword.internal.KeywordMain.stepFailed(KeywordMain.groovy:39)
	at com.kms.katalon.core.mobile.keyword.internal.MobileKeywordMain.stepFailed(MobileKeywordMain.groovy:40)
	at com.kms.katalon.core.mobile.keyword.builtin.GetAttributeKeyword$_getAttribute_closure1.doCall(GetAttributeKeyword.groovy:76)
	at com.kms.katalon.core.mobile.keyword.builtin.GetAttributeKeyword$_getAttribute_closure1.call(GetAttributeKeyword.groovy)
	at com.kms.katalon.core.mobile.keyword.internal.MobileKeywordMain.runKeyword(MobileKeywordMain.groovy:21)
	at com.kms.katalon.core.mobile.keyword.builtin.GetAttributeKeyword.getAttribute(GetAttributeKeyword.groovy:82)
	at com.kms.katalon.core.mobile.keyword.builtin.GetAttributeKeyword.execute(GetAttributeKeyword.groovy:66)
	at com.kms.katalon.core.keyword.internal.KeywordExecutor.executeKeywordForPlatform(KeywordExecutor.groovy:74)
	at com.kms.katalon.core.mobile.keyword.MobileBuiltInKeywords.getAttribute(MobileBuiltInKeywords.groovy:1656)
	at com.kms.katalon.core.mobile.keyword.MobileBuiltInKeywords$getAttribute$6.call(Unknown Source)
	at Account Selection Based on AccountNumber.run(Account Selection Based on AccountNumber:39)
	at com.kms.katalon.core.main.ScriptEngine.run(ScriptEngine.java:194)
	at com.kms.katalon.core.main.ScriptEngine.runScriptAsRawText(ScriptEngine.java:119)
	at com.kms.katalon.core.main.TestCaseExecutor.runScript(TestCaseExecutor.java:448)
	at com.kms.katalon.core.main.TestCaseExecutor.doExecute(TestCaseExecutor.java:439)
	at com.kms.katalon.core.main.TestCaseExecutor.processExecutionPhase(TestCaseExecutor.java:418)
	at com.kms.katalon.core.main.TestCaseExecutor.accessMainPhase(TestCaseExecutor.java:410)
	at com.kms.katalon.core.main.TestCaseExecutor.execute(TestCaseExecutor.java:285)
	at com.kms.katalon.core.main.TestCaseMain.runTestCase(TestCaseMain.java:142)
	at com.kms.katalon.core.keyword.builtin.CallTestCaseKeyword$_callTestCase_closure1.doCall(CallTestCaseKeyword.groovy:59)
	... 20 more
)

2023-02-28 13:03:45 - [TEST_STEP][PASSED] - tap(findTestObject("3.Payments/Pay To New Biller/Text Box_Account Number Entry"), 0): Tapped on element 'Object Repository/3.Payments/Pay To New Biller/Text Box_Account Number Entry'

2023-02-28 13:03:46 - [MESSAGE][WARNING] - Timeout '0' is invalid. Using default page load timeout: '30'

2023-02-28 13:03:46 - [MESSAGE][PASSED] - Tapped on element 'Object Repository/3.Payments/Pay To New Biller/Text Box_Account Number Entry'

2023-02-28 13:03:46 - [TEST_STEP][PASSED] - setText(findTestObject("3.Payments/Pay To New Biller/Text Box_Account Number Entry"), consumerNumber, 0): Text '210000137777' has been set to element 'Object Repository/3.Payments/Pay To New Biller/Text Box_Account Number Entry'

2023-02-28 13:03:46 - [MESSAGE][WARNING] - Timeout '0' is invalid. Using default page load timeout: '30'

2023-02-28 13:03:47 - [MESSAGE][PASSED] - Text '210000137777' has been set to element 'Object Repository/3.Payments/Pay To New Biller/Text Box_Account Number Entry'

2023-02-28 13:03:47 - [TEST_STEP][PASSED] - pressBack(): Press back button successfully

2023-02-28 13:03:48 - [MESSAGE][PASSED] - Press back button successfully

2023-02-28 13:03:48 - [TEST_STEP][PASSED] - tap(findTestObject("3.Payments/Pay To New Biller/Button_Next"), 0): Tapped on element 'Object Repository/3.Payments/Pay To New Biller/Button_Next'

2023-02-28 13:03:48 - [MESSAGE][WARNING] - Timeout '0' is invalid. Using default page load timeout: '30'

2023-02-28 13:03:50 - [MESSAGE][PASSED] - Tapped on element 'Object Repository/3.Payments/Pay To New Biller/Button_Next'

2023-02-28 13:03:50 - [TEST_STEP][PASSED] - waitForElementPresent(findTestObject("3.Payments/Amount/Text Box_Amount Entry"), 0): Element 'Object Repository/3.Payments/Amount/Text Box_Amount Entry' is present

2023-02-28 13:03:50 - [MESSAGE][WARNING] - Timeout '0' is invalid. Using default page load timeout: '30'

2023-02-28 13:04:00 - [MESSAGE][PASSED] - Element 'Object Repository/3.Payments/Amount/Text Box_Amount Entry' is present

2023-02-28 13:04:00 - [TEST_STEP][PASSED] - if (paymentType.equals("partial")): null

2023-02-28 13:04:00 - [TEST_STEP][PASSED] - takeScreenshot(): Screenshot is taken

2023-02-28 13:04:02 - [MESSAGE][PASSED] - Screenshot is taken
[[ATTACHMENT|C:\\Users\\Dell\\git\\SuperApp-Ajman\\Reports\\20230228_125725\\TS_Demo\\20230228_125725\\1677569640980.png]]

2023-02-28 13:04:02 - [TEST_STEP][PASSED] - tap(findTestObject("3.Payments/Amount/Button_Next"), 0): Tapped on element 'Object Repository/3.Payments/Amount/Button_Next'

2023-02-28 13:04:02 - [MESSAGE][WARNING] - Timeout '0' is invalid. Using default page load timeout: '30'

2023-02-28 13:04:02 - [MESSAGE][PASSED] - Tapped on element 'Object Repository/3.Payments/Amount/Button_Next'

2023-02-28 13:04:02 - [TEST_STEP][PASSED] - tap(findTestObject("3.Payments/Payment Confirmation Page/Button_Confirm"), 0): Tapped on element 'Object Repository/3.Payments/Payment Confirmation Page/Button_Confirm'

2023-02-28 13:04:02 - [MESSAGE][WARNING] - Timeout '0' is invalid. Using default page load timeout: '30'

2023-02-28 13:04:21 - [MESSAGE][PASSED] - Tapped on element 'Object Repository/3.Payments/Payment Confirmation Page/Button_Confirm'

2023-02-28 13:04:21 - [TEST_STEP][PASSED] - delay(5): Delayed 5 second(s)

2023-02-28 13:04:26 - [MESSAGE][PASSED] - Delayed 5 second(s)

2023-02-28 13:04:26 - [TEST_STEP][PASSED] - callTestCase(findTestCase("Utilities/Enter_mPIN"), [:], STOP_ON_FAILURE): Call Test Case 'Test Cases/Utilities/Enter_mPIN' successfully

2023-02-28 13:04:26 - [TEST_CASE][PASSED] - Test Cases/Utilities/Enter_mPIN: Test Cases/Utilities/Enter_mPIN

2023-02-28 13:04:26 - [TEST_STEP][PASSED] - driver = getDriver(): null

2023-02-28 13:04:26 - [TEST_STEP][PASSED] - driver.pressKey(new io.appium.java_client.android.nativekey.KeyEvent(io.appium.java_client.android.nativekey.AndroidKey.DIGIT_1)): null

2023-02-28 13:04:27 - [TEST_STEP][PASSED] - driver.pressKey(new io.appium.java_client.android.nativekey.KeyEvent(io.appium.java_client.android.nativekey.AndroidKey.DIGIT_0)): null

2023-02-28 13:04:27 - [TEST_STEP][PASSED] - driver.pressKey(new io.appium.java_client.android.nativekey.KeyEvent(io.appium.java_client.android.nativekey.AndroidKey.DIGIT_2)): null

2023-02-28 13:04:27 - [TEST_STEP][PASSED] - driver.pressKey(new io.appium.java_client.android.nativekey.KeyEvent(io.appium.java_client.android.nativekey.AndroidKey.DIGIT_0)): null

2023-02-28 13:04:28 - [TEST_STEP][PASSED] - driver.pressKey(new io.appium.java_client.android.nativekey.KeyEvent(io.appium.java_client.android.nativekey.AndroidKey.DIGIT_3)): null

2023-02-28 13:04:29 - [TEST_STEP][PASSED] - driver.pressKey(new io.appium.java_client.android.nativekey.KeyEvent(io.appium.java_client.android.nativekey.AndroidKey.DIGIT_0)): null

2023-02-28 13:04:30 - [TEST_STEP][PASSED] - driver.pressKey(new io.appium.java_client.android.nativekey.KeyEvent(io.appium.java_client.android.nativekey.AndroidKey.ENTER)): null

2023-02-28 13:04:31 - [MESSAGE][PASSED] - Call Test Case 'Test Cases/Utilities/Enter_mPIN' successfully

2023-02-28 13:04:31 - [TEST_STEP][PASSED] - tap(findTestObject("3.Payments/Payment Confirmation Page/Button_Verify"), 0): Tapped on element 'Object Repository/3.Payments/Payment Confirmation Page/Button_Verify'

2023-02-28 13:04:31 - [MESSAGE][WARNING] - Timeout '0' is invalid. Using default page load timeout: '30'

2023-02-28 13:04:32 - [MESSAGE][PASSED] - Tapped on element 'Object Repository/3.Payments/Payment Confirmation Page/Button_Verify'

2023-02-28 13:04:32 - [TEST_STEP][PASSED] - delay(5): Delayed 5 second(s)

2023-02-28 13:04:37 - [MESSAGE][PASSED] - Delayed 5 second(s)

2023-02-28 13:04:37 - [TEST_STEP][PASSED] - callTestCase(findTestCase("Utilities/Enter_OTP"), [:], STOP_ON_FAILURE): Call Test Case 'Test Cases/Utilities/Enter_OTP' successfully

2023-02-28 13:04:37 - [TEST_CASE][PASSED] - Test Cases/Utilities/Enter_OTP: Test Cases/Utilities/Enter_OTP

2023-02-28 13:04:37 - [TEST_STEP][PASSED] - driver = getDriver(): null

2023-02-28 13:04:37 - [TEST_STEP][PASSED] - driver.pressKey(new io.appium.java_client.android.nativekey.KeyEvent(io.appium.java_client.android.nativekey.AndroidKey.DIGIT_6)): null

2023-02-28 13:04:38 - [TEST_STEP][PASSED] - driver.pressKey(new io.appium.java_client.android.nativekey.KeyEvent(io.appium.java_client.android.nativekey.AndroidKey.DIGIT_5)): null

2023-02-28 13:04:40 - [TEST_STEP][PASSED] - driver.pressKey(new io.appium.java_client.android.nativekey.KeyEvent(io.appium.java_client.android.nativekey.AndroidKey.DIGIT_4)): null

2023-02-28 13:04:41 - [TEST_STEP][PASSED] - driver.pressKey(new io.appium.java_client.android.nativekey.KeyEvent(io.appium.java_client.android.nativekey.AndroidKey.DIGIT_3)): null

2023-02-28 13:04:41 - [TEST_STEP][PASSED] - driver.pressKey(new io.appium.java_client.android.nativekey.KeyEvent(io.appium.java_client.android.nativekey.AndroidKey.DIGIT_2)): null

2023-02-28 13:04:41 - [TEST_STEP][PASSED] - driver.pressKey(new io.appium.java_client.android.nativekey.KeyEvent(io.appium.java_client.android.nativekey.AndroidKey.DIGIT_1)): null

2023-02-28 13:04:42 - [TEST_STEP][PASSED] - driver.pressKey(new io.appium.java_client.android.nativekey.KeyEvent(io.appium.java_client.android.nativekey.AndroidKey.ENTER)): null

2023-02-28 13:04:42 - [MESSAGE][PASSED] - Call Test Case 'Test Cases/Utilities/Enter_OTP' successfully

2023-02-28 13:04:42 - [TEST_STEP][FAILED] - tap(findTestObject("4.Transfers/Button_VerifyOTP"), 0): Object Object Repository/4.Transfers/Button_VerifyOTP not found

2023-02-28 13:04:42 - [MESSAGE][WARNING] - Timeout '0' is invalid. Using default page load timeout: '30'

2023-02-28 13:05:12 - [MESSAGE][FAILED] - Object Object Repository/4.Transfers/Button_VerifyOTP not found

2023-02-28 13:05:12 - [TEST_STEP][FAILED] - waitForElementPresent(findTestObject("3.Payments/Payment Success page/Button_Back To Payment"), 180): Failed to wait for element present (Root cause: org.openqa.selenium.WebDriverException: An unknown server-side error occurred while processing the command. Original error: Could not proxy command to the remote server. Original error: socket hang up
Build info: version: '3.141.59', revision: 'e82be7d358', time: '2018-11-14T08:25:53'
System info: host: 'DESKTOP-RBJSP3C', ip: '192.168.1.6', os.name: 'Windows 10', os.arch: 'amd64', os.version: '10.0', java.version: '1.8.0_282'
Driver info: com.kms.katalon.core.appium.driver.SwipeableAndroidDriver
Capabilities {appActivity: .Settings, appPackage: com.android.settings, autoGrantPermissions: true, automationName: uiautomator2, chromedriverPort: 61957, databaseEnabled: false, desired: {appActivity: .Settings, appPackage: com.android.settings, autoGrantPermissions: true, automationName: uiautomator2, chromedriverPort: 61957, deviceName: Xiaomi Redmi Note 9 Pro (An..., newCommandTimeout: 1800, platform: ANDROID, platformName: android, platformVersion: 12, systemPort: 8257, udid: b76dcbe1}, deviceApiLevel: 31, deviceManufacturer: Xiaomi, deviceModel: Redmi Note 9 Pro, deviceName: b76dcbe1, deviceScreenDensity: 440, deviceScreenSize: 1080x2400, deviceUDID: b76dcbe1, javascriptEnabled: true, locationContextEnabled: false, networkConnectionEnabled: true, newCommandTimeout: 1800, pixelRatio: 2.75, platform: ANDROID, platformName: Android, platformVersion: 12, statBarHeight: 102, systemPort: 8257, takesScreenshot: true, udid: b76dcbe1, viewportRect: {height: 2066, left: 0, top: 102, width: 1080}, warnings: {}, webStorageEnabled: false}
Session ID: d8e1c0c4-3ccb-41dc-93aa-086511c7a486
*** Element info: {Using=accessibility id, value=Back to Payment}
	at org.openqa.selenium.remote.http.W3CHttpResponseCodec.createException(W3CHttpResponseCodec.java:187)
	at org.openqa.selenium.remote.http.W3CHttpResponseCodec.decode(W3CHttpResponseCodec.java:122)
	at org.openqa.selenium.remote.http.W3CHttpResponseCodec.decode(W3CHttpResponseCodec.java:49)
	at org.openqa.selenium.remote.HttpCommandExecutor.execute(HttpCommandExecutor.java:158)
	at io.appium.java_client.remote.AppiumCommandExecutor.execute(AppiumCommandExecutor.java:239)
	at org.openqa.selenium.remote.RemoteWebDriver.execute(RemoteWebDriver.java:552)
	at io.appium.java_client.DefaultGenericMobileDriver.execute(DefaultGenericMobileDriver.java:42)
	at io.appium.java_client.AppiumDriver.execute(AppiumDriver.java:1)
	at io.appium.java_client.android.AndroidDriver.execute(AndroidDriver.java:1)
	at com.kms.katalon.core.appium.driver.SwipeableAndroidDriver.execute(SwipeableAndroidDriver.java:1)
	at org.openqa.selenium.remote.RemoteWebDriver.findElements(RemoteWebDriver.java:353)
	at io.appium.java_client.DefaultGenericMobileDriver.findElements(DefaultGenericMobileDriver.java:54)
	at io.appium.java_client.AppiumDriver.findElements(AppiumDriver.java:152)
	at io.appium.java_client.FindsByAccessibilityId.findElementsByAccessibilityId(FindsByAccessibilityId.java:50)
	at io.appium.java_client.AppiumDriver.findElementsByAccessibilityId(AppiumDriver.java:188)
	at io.appium.java_client.MobileBy$ByAccessibilityId.findElements(MobileBy.java:317)
	at org.openqa.selenium.remote.RemoteWebDriver.findElements(RemoteWebDriver.java:311)
	at io.appium.java_client.DefaultGenericMobileDriver.findElements(DefaultGenericMobileDriver.java:50)
	at io.appium.java_client.AppiumDriver.findElements(AppiumDriver.java:148)
	at com.kms.katalon.core.mobile.keyword.internal.MobileSearchEngine.findElementsByMobileLocator(MobileSearchEngine.java:615)
	at com.kms.katalon.core.mobile.keyword.internal.MobileSearchEngine.findWebElement(MobileSearchEngine.java:542)
	at com.kms.katalon.core.mobile.keyword.internal.MobileSearchEngine$findWebElement.call(Unknown Source)
	at com.kms.katalon.core.mobile.keyword.internal.MobileAbstractKeyword.findElement(MobileAbstractKeyword.groovy:84)
	at com.kms.katalon.core.mobile.keyword.builtin.WaitForElementPresentKeyword.access$1(WaitForElementPresentKeyword.groovy)
	at com.kms.katalon.core.mobile.keyword.builtin.WaitForElementPresentKeyword$_waitForElementPresent_closure1.doCall(WaitForElementPresentKeyword.groovy:72)
	at com.kms.katalon.core.mobile.keyword.builtin.WaitForElementPresentKeyword$_waitForElementPresent_closure1.call(WaitForElementPresentKeyword.groovy)
	at com.kms.katalon.core.mobile.keyword.internal.MobileKeywordMain.runKeyword(MobileKeywordMain.groovy:21)
	at com.kms.katalon.core.mobile.keyword.builtin.WaitForElementPresentKeyword.waitForElementPresent(WaitForElementPresentKeyword.groovy:80)
	at com.kms.katalon.core.mobile.keyword.builtin.WaitForElementPresentKeyword.execute(WaitForElementPresentKeyword.groovy:64)
	at com.kms.katalon.core.keyword.internal.KeywordExecutor.executeKeywordForPlatform(KeywordExecutor.groovy:74)
	at com.kms.katalon.core.mobile.keyword.MobileBuiltInKeywords.waitForElementPresent(MobileBuiltInKeywords.groovy:1689)
	at com.kms.katalon.core.mobile.keyword.MobileBuiltInKeywords$waitForElementPresent$0.call(Unknown Source)
	at TC 01 - New Bill Payment- LocalCorrency.run(TC 01 - New Bill Payment- LocalCorrency:85)
	at com.kms.katalon.core.main.ScriptEngine.run(ScriptEngine.java:194)
	at com.kms.katalon.core.main.ScriptEngine.runScriptAsRawText(ScriptEngine.java:119)
	at com.kms.katalon.core.main.TestCaseExecutor.runScript(TestCaseExecutor.java:448)
	at com.kms.katalon.core.main.TestCaseExecutor.doExecute(TestCaseExecutor.java:439)
	at com.kms.katalon.core.main.TestCaseExecutor.processExecutionPhase(TestCaseExecutor.java:418)
	at com.kms.katalon.core.main.TestCaseExecutor.accessMainPhase(TestCaseExecutor.java:410)
	at com.kms.katalon.core.main.TestCaseExecutor.execute(TestCaseExecutor.java:285)
	at com.kms.katalon.core.common.CommonExecutor.accessTestCaseMainPhase(CommonExecutor.java:65)
	at com.kms.katalon.core.main.TestSuiteExecutor.accessTestSuiteMainPhase(TestSuiteExecutor.java:151)
	at com.kms.katalon.core.main.TestSuiteExecutor.execute(TestSuiteExecutor.java:106)
	at com.kms.katalon.core.main.TestCaseMain.startTestSuite(TestCaseMain.java:185)
	at com.kms.katalon.core.main.TestCaseMain$startTestSuite$0.call(Unknown Source)
	at TempTestSuite1677569245727.run(TempTestSuite1677569245727.groovy:36)
)

2023-02-28 13:05:15 - [MESSAGE][WARNING] - Cannot take screenshot

2023-02-28 13:05:15 - [MESSAGE][FAILED] - Failed to wait for element present (Root cause: org.openqa.selenium.WebDriverException: An unknown server-side error occurred while processing the command. Original error: Could not proxy command to the remote server. Original error: socket hang up
Build info: version: '3.141.59', revision: 'e82be7d358', time: '2018-11-14T08:25:53'
System info: host: 'DESKTOP-RBJSP3C', ip: '192.168.1.6', os.name: 'Windows 10', os.arch: 'amd64', os.version: '10.0', java.version: '1.8.0_282'
Driver info: com.kms.katalon.core.appium.driver.SwipeableAndroidDriver
Capabilities {appActivity: .Settings, appPackage: com.android.settings, autoGrantPermissions: true, automationName: uiautomator2, chromedriverPort: 61957, databaseEnabled: false, desired: {appActivity: .Settings, appPackage: com.android.settings, autoGrantPermissions: true, automationName: uiautomator2, chromedriverPort: 61957, deviceName: Xiaomi Redmi Note 9 Pro (An..., newCommandTimeout: 1800, platform: ANDROID, platformName: android, platformVersion: 12, systemPort: 8257, udid: b76dcbe1}, deviceApiLevel: 31, deviceManufacturer: Xiaomi, deviceModel: Redmi Note 9 Pro, deviceName: b76dcbe1, deviceScreenDensity: 440, deviceScreenSize: 1080x2400, deviceUDID: b76dcbe1, javascriptEnabled: true, locationContextEnabled: false, networkConnectionEnabled: true, newCommandTimeout: 1800, pixelRatio: 2.75, platform: ANDROID, platformName: Android, platformVersion: 12, statBarHeight: 102, systemPort: 8257, takesScreenshot: true, udid: b76dcbe1, viewportRect: {height: 2066, left: 0, top: 102, width: 1080}, warnings: {}, webStorageEnabled: false}
Session ID: d8e1c0c4-3ccb-41dc-93aa-086511c7a486
*** Element info: {Using=accessibility id, value=Back to Payment}
	at org.openqa.selenium.remote.http.W3CHttpResponseCodec.createException(W3CHttpResponseCodec.java:187)
	at org.openqa.selenium.remote.http.W3CHttpResponseCodec.decode(W3CHttpResponseCodec.java:122)
	at org.openqa.selenium.remote.http.W3CHttpResponseCodec.decode(W3CHttpResponseCodec.java:49)
	at org.openqa.selenium.remote.HttpCommandExecutor.execute(HttpCommandExecutor.java:158)
	at io.appium.java_client.remote.AppiumCommandExecutor.execute(AppiumCommandExecutor.java:239)
	at org.openqa.selenium.remote.RemoteWebDriver.execute(RemoteWebDriver.java:552)
	at io.appium.java_client.DefaultGenericMobileDriver.execute(DefaultGenericMobileDriver.java:42)
	at io.appium.java_client.AppiumDriver.execute(AppiumDriver.java:1)
	at io.appium.java_client.android.AndroidDriver.execute(AndroidDriver.java:1)
	at com.kms.katalon.core.appium.driver.SwipeableAndroidDriver.execute(SwipeableAndroidDriver.java:1)
	at org.openqa.selenium.remote.RemoteWebDriver.findElements(RemoteWebDriver.java:353)
	at io.appium.java_client.DefaultGenericMobileDriver.findElements(DefaultGenericMobileDriver.java:54)
	at io.appium.java_client.AppiumDriver.findElements(AppiumDriver.java:152)
	at io.appium.java_client.FindsByAccessibilityId.findElementsByAccessibilityId(FindsByAccessibilityId.java:50)
	at io.appium.java_client.AppiumDriver.findElementsByAccessibilityId(AppiumDriver.java:188)
	at io.appium.java_client.MobileBy$ByAccessibilityId.findElements(MobileBy.java:317)
	at org.openqa.selenium.remote.RemoteWebDriver.findElements(RemoteWebDriver.java:311)
	at io.appium.java_client.DefaultGenericMobileDriver.findElements(DefaultGenericMobileDriver.java:50)
	at io.appium.java_client.AppiumDriver.findElements(AppiumDriver.java:148)
	at com.kms.katalon.core.mobile.keyword.internal.MobileSearchEngine.findElementsByMobileLocator(MobileSearchEngine.java:615)
	at com.kms.katalon.core.mobile.keyword.internal.MobileSearchEngine.findWebElement(MobileSearchEngine.java:542)
	at com.kms.katalon.core.mobile.keyword.internal.MobileSearchEngine$findWebElement.call(Unknown Source)
	at com.kms.katalon.core.mobile.keyword.internal.MobileAbstractKeyword.findElement(MobileAbstractKeyword.groovy:84)
	at com.kms.katalon.core.mobile.keyword.builtin.WaitForElementPresentKeyword.access$1(WaitForElementPresentKeyword.groovy)
	at com.kms.katalon.core.mobile.keyword.builtin.WaitForElementPresentKeyword$_waitForElementPresent_closure1.doCall(WaitForElementPresentKeyword.groovy:72)
	at com.kms.katalon.core.mobile.keyword.builtin.WaitForElementPresentKeyword$_waitForElementPresent_closure1.call(WaitForElementPresentKeyword.groovy)
	at com.kms.katalon.core.mobile.keyword.internal.MobileKeywordMain.runKeyword(MobileKeywordMain.groovy:21)
	at com.kms.katalon.core.mobile.keyword.builtin.WaitForElementPresentKeyword.waitForElementPresent(WaitForElementPresentKeyword.groovy:80)
	at com.kms.katalon.core.mobile.keyword.builtin.WaitForElementPresentKeyword.execute(WaitForElementPresentKeyword.groovy:64)
	at com.kms.katalon.core.keyword.internal.KeywordExecutor.executeKeywordForPlatform(KeywordExecutor.groovy:74)
	at com.kms.katalon.core.mobile.keyword.MobileBuiltInKeywords.waitForElementPresent(MobileBuiltInKeywords.groovy:1689)
	at com.kms.katalon.core.mobile.keyword.MobileBuiltInKeywords$waitForElementPresent$0.call(Unknown Source)
	at TC 01 - New Bill Payment- LocalCorrency.run(TC 01 - New Bill Payment- LocalCorrency:85)
	at com.kms.katalon.core.main.ScriptEngine.run(ScriptEngine.java:194)
	at com.kms.katalon.core.main.ScriptEngine.runScriptAsRawText(ScriptEngine.java:119)
	at com.kms.katalon.core.main.TestCaseExecutor.runScript(TestCaseExecutor.java:448)
	at com.kms.katalon.core.main.TestCaseExecutor.doExecute(TestCaseExecutor.java:439)
	at com.kms.katalon.core.main.TestCaseExecutor.processExecutionPhase(TestCaseExecutor.java:418)
	at com.kms.katalon.core.main.TestCaseExecutor.accessMainPhase(TestCaseExecutor.java:410)
	at com.kms.katalon.core.main.TestCaseExecutor.execute(TestCaseExecutor.java:285)
	at com.kms.katalon.core.common.CommonExecutor.accessTestCaseMainPhase(CommonExecutor.java:65)
	at com.kms.katalon.core.main.TestSuiteExecutor.accessTestSuiteMainPhase(TestSuiteExecutor.java:151)
	at com.kms.katalon.core.main.TestSuiteExecutor.execute(TestSuiteExecutor.java:106)
	at com.kms.katalon.core.main.TestCaseMain.startTestSuite(TestCaseMain.java:185)
	at com.kms.katalon.core.main.TestCaseMain$startTestSuite$0.call(Unknown Source)
	at TempTestSuite1677569245727.run(TempTestSuite1677569245727.groovy:36)
)

2023-02-28 13:05:15 - [TEST_STEP][FAILED] - takeScreenshot(): Unable to take screenshot (Root cause: org.openqa.selenium.WebDriverException: An unknown server-side error occurred while processing the command. Original error: 'GET /screenshot' cannot be proxied to UiAutomator2 server because the instrumentation process is not running (probably crashed). Check the server log and/or the logcat output for more details
Build info: version: '3.141.59', revision: 'e82be7d358', time: '2018-11-14T08:25:53'
System info: host: 'DESKTOP-RBJSP3C', ip: '192.168.1.6', os.name: 'Windows 10', os.arch: 'amd64', os.version: '10.0', java.version: '1.8.0_282'
Driver info: com.kms.katalon.core.appium.driver.SwipeableAndroidDriver
Capabilities {appActivity: .Settings, appPackage: com.android.settings, autoGrantPermissions: true, automationName: uiautomator2, chromedriverPort: 61957, databaseEnabled: false, desired: {appActivity: .Settings, appPackage: com.android.settings, autoGrantPermissions: true, automationName: uiautomator2, chromedriverPort: 61957, deviceName: Xiaomi Redmi Note 9 Pro (An..., newCommandTimeout: 1800, platform: ANDROID, platformName: android, platformVersion: 12, systemPort: 8257, udid: b76dcbe1}, deviceApiLevel: 31, deviceManufacturer: Xiaomi, deviceModel: Redmi Note 9 Pro, deviceName: b76dcbe1, deviceScreenDensity: 440, deviceScreenSize: 1080x2400, deviceUDID: b76dcbe1, javascriptEnabled: true, locationContextEnabled: false, networkConnectionEnabled: true, newCommandTimeout: 1800, pixelRatio: 2.75, platform: ANDROID, platformName: Android, platformVersion: 12, statBarHeight: 102, systemPort: 8257, takesScreenshot: true, udid: b76dcbe1, viewportRect: {height: 2066, left: 0, top: 102, width: 1080}, warnings: {}, webStorageEnabled: false}
Session ID: d8e1c0c4-3ccb-41dc-93aa-086511c7a486
	at org.openqa.selenium.remote.http.W3CHttpResponseCodec.createException(W3CHttpResponseCodec.java:187)
	at org.openqa.selenium.remote.http.W3CHttpResponseCodec.decode(W3CHttpResponseCodec.java:122)
	at org.openqa.selenium.remote.http.W3CHttpResponseCodec.decode(W3CHttpResponseCodec.java:49)
	at org.openqa.selenium.remote.HttpCommandExecutor.execute(HttpCommandExecutor.java:158)
	at io.appium.java_client.remote.AppiumCommandExecutor.execute(AppiumCommandExecutor.java:239)
	at org.openqa.selenium.remote.RemoteWebDriver.execute(RemoteWebDriver.java:552)
	at io.appium.java_client.DefaultGenericMobileDriver.execute(DefaultGenericMobileDriver.java:46)
	at io.appium.java_client.AppiumDriver.execute(AppiumDriver.java:1)
	at io.appium.java_client.android.AndroidDriver.execute(AndroidDriver.java:1)
	at com.kms.katalon.core.appium.driver.SwipeableAndroidDriver.execute(SwipeableAndroidDriver.java:1)
	at org.openqa.selenium.remote.RemoteWebDriver.getScreenshotAs(RemoteWebDriver.java:295)
	at com.kms.katalon.core.mobile.helper.MobileScreenCaptor.takeScreenshot(MobileScreenCaptor.java:111)
	at com.kms.katalon.core.mobile.keyword.builtin.TakeScreenshotKeyword$_takeScreenshot_closure1.doCall(TakeScreenshotKeyword.groovy:109)
	at com.kms.katalon.core.mobile.keyword.builtin.TakeScreenshotKeyword$_takeScreenshot_closure1.call(TakeScreenshotKeyword.groovy)
	at com.kms.katalon.core.mobile.keyword.internal.MobileKeywordMain.runKeyword(MobileKeywordMain.groovy:21)
	at com.kms.katalon.core.mobile.keyword.builtin.TakeScreenshotKeyword.takeScreenshot(TakeScreenshotKeyword.groovy:93)
	at com.kms.katalon.core.mobile.keyword.builtin.TakeScreenshotKeyword.execute(TakeScreenshotKeyword.groovy:53)
	at com.kms.katalon.core.keyword.internal.KeywordExecutor.executeKeywordForPlatform(KeywordExecutor.groovy:74)
	at com.kms.katalon.core.mobile.keyword.MobileBuiltInKeywords.takeScreenshot(MobileBuiltInKeywords.groovy:241)
	at com.kms.katalon.core.mobile.keyword.MobileBuiltInKeywords$takeScreenshot$3.call(Unknown Source)
	at TC 01 - New Bill Payment- LocalCorrency.run(TC 01 - New Bill Payment- LocalCorrency:87)
	at com.kms.katalon.core.main.ScriptEngine.run(ScriptEngine.java:194)
	at com.kms.katalon.core.main.ScriptEngine.runScriptAsRawText(ScriptEngine.java:119)
	at com.kms.katalon.core.main.TestCaseExecutor.runScript(TestCaseExecutor.java:448)
	at com.kms.katalon.core.main.TestCaseExecutor.doExecute(TestCaseExecutor.java:439)
	at com.kms.katalon.core.main.TestCaseExecutor.processExecutionPhase(TestCaseExecutor.java:418)
	at com.kms.katalon.core.main.TestCaseExecutor.accessMainPhase(TestCaseExecutor.java:410)
	at com.kms.katalon.core.main.TestCaseExecutor.execute(TestCaseExecutor.java:285)
	at com.kms.katalon.core.common.CommonExecutor.accessTestCaseMainPhase(CommonExecutor.java:65)
	at com.kms.katalon.core.main.TestSuiteExecutor.accessTestSuiteMainPhase(TestSuiteExecutor.java:151)
	at com.kms.katalon.core.main.TestSuiteExecutor.execute(TestSuiteExecutor.java:106)
	at com.kms.katalon.core.main.TestCaseMain.startTestSuite(TestCaseMain.java:185)
	at com.kms.katalon.core.main.TestCaseMain$startTestSuite$0.call(Unknown Source)
	at TempTestSuite1677569245727.run(TempTestSuite1677569245727.groovy:36)
)

2023-02-28 13:05:15 - [MESSAGE][FAILED] - Unable to take screenshot (Root cause: org.openqa.selenium.WebDriverException: An unknown server-side error occurred while processing the command. Original error: 'GET /screenshot' cannot be proxied to UiAutomator2 server because the instrumentation process is not running (probably crashed). Check the server log and/or the logcat output for more details
Build info: version: '3.141.59', revision: 'e82be7d358', time: '2018-11-14T08:25:53'
System info: host: 'DESKTOP-RBJSP3C', ip: '192.168.1.6', os.name: 'Windows 10', os.arch: 'amd64', os.version: '10.0', java.version: '1.8.0_282'
Driver info: com.kms.katalon.core.appium.driver.SwipeableAndroidDriver
Capabilities {appActivity: .Settings, appPackage: com.android.settings, autoGrantPermissions: true, automationName: uiautomator2, chromedriverPort: 61957, databaseEnabled: false, desired: {appActivity: .Settings, appPackage: com.android.settings, autoGrantPermissions: true, automationName: uiautomator2, chromedriverPort: 61957, deviceName: Xiaomi Redmi Note 9 Pro (An..., newCommandTimeout: 1800, platform: ANDROID, platformName: android, platformVersion: 12, systemPort: 8257, udid: b76dcbe1}, deviceApiLevel: 31, deviceManufacturer: Xiaomi, deviceModel: Redmi Note 9 Pro, deviceName: b76dcbe1, deviceScreenDensity: 440, deviceScreenSize: 1080x2400, deviceUDID: b76dcbe1, javascriptEnabled: true, locationContextEnabled: false, networkConnectionEnabled: true, newCommandTimeout: 1800, pixelRatio: 2.75, platform: ANDROID, platformName: Android, platformVersion: 12, statBarHeight: 102, systemPort: 8257, takesScreenshot: true, udid: b76dcbe1, viewportRect: {height: 2066, left: 0, top: 102, width: 1080}, warnings: {}, webStorageEnabled: false}
Session ID: d8e1c0c4-3ccb-41dc-93aa-086511c7a486
	at org.openqa.selenium.remote.http.W3CHttpResponseCodec.createException(W3CHttpResponseCodec.java:187)
	at org.openqa.selenium.remote.http.W3CHttpResponseCodec.decode(W3CHttpResponseCodec.java:122)
	at org.openqa.selenium.remote.http.W3CHttpResponseCodec.decode(W3CHttpResponseCodec.java:49)
	at org.openqa.selenium.remote.HttpCommandExecutor.execute(HttpCommandExecutor.java:158)
	at io.appium.java_client.remote.AppiumCommandExecutor.execute(AppiumCommandExecutor.java:239)
	at org.openqa.selenium.remote.RemoteWebDriver.execute(RemoteWebDriver.java:552)
	at io.appium.java_client.DefaultGenericMobileDriver.execute(DefaultGenericMobileDriver.java:46)
	at io.appium.java_client.AppiumDriver.execute(AppiumDriver.java:1)
	at io.appium.java_client.android.AndroidDriver.execute(AndroidDriver.java:1)
	at com.kms.katalon.core.appium.driver.SwipeableAndroidDriver.execute(SwipeableAndroidDriver.java:1)
	at org.openqa.selenium.remote.RemoteWebDriver.getScreenshotAs(RemoteWebDriver.java:295)
	at com.kms.katalon.core.mobile.helper.MobileScreenCaptor.takeScreenshot(MobileScreenCaptor.java:111)
	at com.kms.katalon.core.mobile.keyword.builtin.TakeScreenshotKeyword$_takeScreenshot_closure1.doCall(TakeScreenshotKeyword.groovy:109)
	at com.kms.katalon.core.mobile.keyword.builtin.TakeScreenshotKeyword$_takeScreenshot_closure1.call(TakeScreenshotKeyword.groovy)
	at com.kms.katalon.core.mobile.keyword.internal.MobileKeywordMain.runKeyword(MobileKeywordMain.groovy:21)
	at com.kms.katalon.core.mobile.keyword.builtin.TakeScreenshotKeyword.takeScreenshot(TakeScreenshotKeyword.groovy:93)
	at com.kms.katalon.core.mobile.keyword.builtin.TakeScreenshotKeyword.execute(TakeScreenshotKeyword.groovy:53)
	at com.kms.katalon.core.keyword.internal.KeywordExecutor.executeKeywordForPlatform(KeywordExecutor.groovy:74)
	at com.kms.katalon.core.mobile.keyword.MobileBuiltInKeywords.takeScreenshot(MobileBuiltInKeywords.groovy:241)
	at com.kms.katalon.core.mobile.keyword.MobileBuiltInKeywords$takeScreenshot$3.call(Unknown Source)
	at TC 01 - New Bill Payment- LocalCorrency.run(TC 01 - New Bill Payment- LocalCorrency:87)
	at com.kms.katalon.core.main.ScriptEngine.run(ScriptEngine.java:194)
	at com.kms.katalon.core.main.ScriptEngine.runScriptAsRawText(ScriptEngine.java:119)
	at com.kms.katalon.core.main.TestCaseExecutor.runScript(TestCaseExecutor.java:448)
	at com.kms.katalon.core.main.TestCaseExecutor.doExecute(TestCaseExecutor.java:439)
	at com.kms.katalon.core.main.TestCaseExecutor.processExecutionPhase(TestCaseExecutor.java:418)
	at com.kms.katalon.core.main.TestCaseExecutor.accessMainPhase(TestCaseExecutor.java:410)
	at com.kms.katalon.core.main.TestCaseExecutor.execute(TestCaseExecutor.java:285)
	at com.kms.katalon.core.common.CommonExecutor.accessTestCaseMainPhase(CommonExecutor.java:65)
	at com.kms.katalon.core.main.TestSuiteExecutor.accessTestSuiteMainPhase(TestSuiteExecutor.java:151)
	at com.kms.katalon.core.main.TestSuiteExecutor.execute(TestSuiteExecutor.java:106)
	at com.kms.katalon.core.main.TestCaseMain.startTestSuite(TestCaseMain.java:185)
	at com.kms.katalon.core.main.TestCaseMain$startTestSuite$0.call(Unknown Source)
	at TempTestSuite1677569245727.run(TempTestSuite1677569245727.groovy:36)
)

2023-02-28 13:05:15 - [TEST_STEP][FAILED] - content = getAttribute(findTestObject("3.Payments/Payment Success page/label_SuccessPage"), "contentDescription", 0): Failed to get attribute 'Object Repository/3.Payments/Payment Success page/label_SuccessPage' on element 'contentDescription' (Root cause: org.openqa.selenium.WebDriverException: An unknown server-side error occurred while processing the command. Original error: 'GET /window/current/size' cannot be proxied to UiAutomator2 server because the instrumentation process is not running (probably crashed). Check the server log and/or the logcat output for more details
Build info: version: '3.141.59', revision: 'e82be7d358', time: '2018-11-14T08:25:53'
System info: host: 'DESKTOP-RBJSP3C', ip: '192.168.1.6', os.name: 'Windows 10', os.arch: 'amd64', os.version: '10.0', java.version: '1.8.0_282'
Driver info: com.kms.katalon.core.appium.driver.SwipeableAndroidDriver
Capabilities {appActivity: .Settings, appPackage: com.android.settings, autoGrantPermissions: true, automationName: uiautomator2, chromedriverPort: 61957, databaseEnabled: false, desired: {appActivity: .Settings, appPackage: com.android.settings, autoGrantPermissions: true, automationName: uiautomator2, chromedriverPort: 61957, deviceName: Xiaomi Redmi Note 9 Pro (An..., newCommandTimeout: 1800, platform: ANDROID, platformName: android, platformVersion: 12, systemPort: 8257, udid: b76dcbe1}, deviceApiLevel: 31, deviceManufacturer: Xiaomi, deviceModel: Redmi Note 9 Pro, deviceName: b76dcbe1, deviceScreenDensity: 440, deviceScreenSize: 1080x2400, deviceUDID: b76dcbe1, javascriptEnabled: true, locationContextEnabled: false, networkConnectionEnabled: true, newCommandTimeout: 1800, pixelRatio: 2.75, platform: ANDROID, platformName: Android, platformVersion: 12, statBarHeight: 102, systemPort: 8257, takesScreenshot: true, udid: b76dcbe1, viewportRect: {height: 2066, left: 0, top: 102, width: 1080}, warnings: {}, webStorageEnabled: false}
Session ID: d8e1c0c4-3ccb-41dc-93aa-086511c7a486
	at org.openqa.selenium.remote.http.W3CHttpResponseCodec.createException(W3CHttpResponseCodec.java:187)
	at org.openqa.selenium.remote.http.W3CHttpResponseCodec.decode(W3CHttpResponseCodec.java:122)
	at org.openqa.selenium.remote.http.W3CHttpResponseCodec.decode(W3CHttpResponseCodec.java:49)
	at org.openqa.selenium.remote.HttpCommandExecutor.execute(HttpCommandExecutor.java:158)
	at io.appium.java_client.remote.AppiumCommandExecutor.execute(AppiumCommandExecutor.java:239)
	at org.openqa.selenium.remote.RemoteWebDriver.execute(RemoteWebDriver.java:552)
	at io.appium.java_client.DefaultGenericMobileDriver.execute(DefaultGenericMobileDriver.java:46)
	at io.appium.java_client.AppiumDriver.execute(AppiumDriver.java:1)
	at io.appium.java_client.android.AndroidDriver.execute(AndroidDriver.java:1)
	at com.kms.katalon.core.appium.driver.SwipeableAndroidDriver.execute(SwipeableAndroidDriver.java:1)
	at org.openqa.selenium.remote.RemoteWebDriver$RemoteWebDriverOptions$RemoteWindow.getSize(RemoteWebDriver.java:813)
	at org.openqa.selenium.WebDriver$Window$getSize.call(Unknown Source)
	at com.kms.katalon.core.mobile.keyword.internal.MobileAbstractKeyword.findElement(MobileAbstractKeyword.groovy:81)
	at com.kms.katalon.core.mobile.keyword.builtin.GetAttributeKeyword.access$1(GetAttributeKeyword.groovy)
	at com.kms.katalon.core.mobile.keyword.builtin.GetAttributeKeyword$_getAttribute_closure1.doCall(GetAttributeKeyword.groovy:74)
	at com.kms.katalon.core.mobile.keyword.builtin.GetAttributeKeyword$_getAttribute_closure1.call(GetAttributeKeyword.groovy)
	at com.kms.katalon.core.mobile.keyword.internal.MobileKeywordMain.runKeyword(MobileKeywordMain.groovy:21)
	at com.kms.katalon.core.mobile.keyword.builtin.GetAttributeKeyword.getAttribute(GetAttributeKeyword.groovy:82)
	at com.kms.katalon.core.mobile.keyword.builtin.GetAttributeKeyword.execute(GetAttributeKeyword.groovy:66)
	at com.kms.katalon.core.keyword.internal.KeywordExecutor.executeKeywordForPlatform(KeywordExecutor.groovy:74)
	at com.kms.katalon.core.mobile.keyword.MobileBuiltInKeywords.getAttribute(MobileBuiltInKeywords.groovy:1656)
	at com.kms.katalon.core.mobile.keyword.MobileBuiltInKeywords$getAttribute$6.call(Unknown Source)
	at TC 01 - New Bill Payment- LocalCorrency.run(TC 01 - New Bill Payment- LocalCorrency:89)
	at com.kms.katalon.core.main.ScriptEngine.run(ScriptEngine.java:194)
	at com.kms.katalon.core.main.ScriptEngine.runScriptAsRawText(ScriptEngine.java:119)
	at com.kms.katalon.core.main.TestCaseExecutor.runScript(TestCaseExecutor.java:448)
	at com.kms.katalon.core.main.TestCaseExecutor.doExecute(TestCaseExecutor.java:439)
	at com.kms.katalon.core.main.TestCaseExecutor.processExecutionPhase(TestCaseExecutor.java:418)
	at com.kms.katalon.core.main.TestCaseExecutor.accessMainPhase(TestCaseExecutor.java:410)
	at com.kms.katalon.core.main.TestCaseExecutor.execute(TestCaseExecutor.java:285)
	at com.kms.katalon.core.common.CommonExecutor.accessTestCaseMainPhase(CommonExecutor.java:65)
	at com.kms.katalon.core.main.TestSuiteExecutor.accessTestSuiteMainPhase(TestSuiteExecutor.java:151)
	at com.kms.katalon.core.main.TestSuiteExecutor.execute(TestSuiteExecutor.java:106)
	at com.kms.katalon.core.main.TestCaseMain.startTestSuite(TestCaseMain.java:185)
	at com.kms.katalon.core.main.TestCaseMain$startTestSuite$0.call(Unknown Source)
	at TempTestSuite1677569245727.run(TempTestSuite1677569245727.groovy:36)
)

2023-02-28 13:05:15 - [MESSAGE][WARNING] - Timeout '0' is invalid. Using default page load timeout: '30'

2023-02-28 13:05:15 - [MESSAGE][WARNING] - Cannot take screenshot

2023-02-28 13:05:15 - [MESSAGE][FAILED] - Failed to get attribute 'Object Repository/3.Payments/Payment Success page/label_SuccessPage' on element 'contentDescription' (Root cause: org.openqa.selenium.WebDriverException: An unknown server-side error occurred while processing the command. Original error: 'GET /window/current/size' cannot be proxied to UiAutomator2 server because the instrumentation process is not running (probably crashed). Check the server log and/or the logcat output for more details
Build info: version: '3.141.59', revision: 'e82be7d358', time: '2018-11-14T08:25:53'
System info: host: 'DESKTOP-RBJSP3C', ip: '192.168.1.6', os.name: 'Windows 10', os.arch: 'amd64', os.version: '10.0', java.version: '1.8.0_282'
Driver info: com.kms.katalon.core.appium.driver.SwipeableAndroidDriver
Capabilities {appActivity: .Settings, appPackage: com.android.settings, autoGrantPermissions: true, automationName: uiautomator2, chromedriverPort: 61957, databaseEnabled: false, desired: {appActivity: .Settings, appPackage: com.android.settings, autoGrantPermissions: true, automationName: uiautomator2, chromedriverPort: 61957, deviceName: Xiaomi Redmi Note 9 Pro (An..., newCommandTimeout: 1800, platform: ANDROID, platformName: android, platformVersion: 12, systemPort: 8257, udid: b76dcbe1}, deviceApiLevel: 31, deviceManufacturer: Xiaomi, deviceModel: Redmi Note 9 Pro, deviceName: b76dcbe1, deviceScreenDensity: 440, deviceScreenSize: 1080x2400, deviceUDID: b76dcbe1, javascriptEnabled: true, locationContextEnabled: false, networkConnectionEnabled: true, newCommandTimeout: 1800, pixelRatio: 2.75, platform: ANDROID, platformName: Android, platformVersion: 12, statBarHeight: 102, systemPort: 8257, takesScreenshot: true, udid: b76dcbe1, viewportRect: {height: 2066, left: 0, top: 102, width: 1080}, warnings: {}, webStorageEnabled: false}
Session ID: d8e1c0c4-3ccb-41dc-93aa-086511c7a486
	at org.openqa.selenium.remote.http.W3CHttpResponseCodec.createException(W3CHttpResponseCodec.java:187)
	at org.openqa.selenium.remote.http.W3CHttpResponseCodec.decode(W3CHttpResponseCodec.java:122)
	at org.openqa.selenium.remote.http.W3CHttpResponseCodec.decode(W3CHttpResponseCodec.java:49)
	at org.openqa.selenium.remote.HttpCommandExecutor.execute(HttpCommandExecutor.java:158)
	at io.appium.java_client.remote.AppiumCommandExecutor.execute(AppiumCommandExecutor.java:239)
	at org.openqa.selenium.remote.RemoteWebDriver.execute(RemoteWebDriver.java:552)
	at io.appium.java_client.DefaultGenericMobileDriver.execute(DefaultGenericMobileDriver.java:46)
	at io.appium.java_client.AppiumDriver.execute(AppiumDriver.java:1)
	at io.appium.java_client.android.AndroidDriver.execute(AndroidDriver.java:1)
	at com.kms.katalon.core.appium.driver.SwipeableAndroidDriver.execute(SwipeableAndroidDriver.java:1)
	at org.openqa.selenium.remote.RemoteWebDriver$RemoteWebDriverOptions$RemoteWindow.getSize(RemoteWebDriver.java:813)
	at org.openqa.selenium.WebDriver$Window$getSize.call(Unknown Source)
	at com.kms.katalon.core.mobile.keyword.internal.MobileAbstractKeyword.findElement(MobileAbstractKeyword.groovy:81)
	at com.kms.katalon.core.mobile.keyword.builtin.GetAttributeKeyword.access$1(GetAttributeKeyword.groovy)
	at com.kms.katalon.core.mobile.keyword.builtin.GetAttributeKeyword$_getAttribute_closure1.doCall(GetAttributeKeyword.groovy:74)
	at com.kms.katalon.core.mobile.keyword.builtin.GetAttributeKeyword$_getAttribute_closure1.call(GetAttributeKeyword.groovy)
	at com.kms.katalon.core.mobile.keyword.internal.MobileKeywordMain.runKeyword(MobileKeywordMain.groovy:21)
	at com.kms.katalon.core.mobile.keyword.builtin.GetAttributeKeyword.getAttribute(GetAttributeKeyword.groovy:82)
	at com.kms.katalon.core.mobile.keyword.builtin.GetAttributeKeyword.execute(GetAttributeKeyword.groovy:66)
	at com.kms.katalon.core.keyword.internal.KeywordExecutor.executeKeywordForPlatform(KeywordExecutor.groovy:74)
	at com.kms.katalon.core.mobile.keyword.MobileBuiltInKeywords.getAttribute(MobileBuiltInKeywords.groovy:1656)
	at com.kms.katalon.core.mobile.keyword.MobileBuiltInKeywords$getAttribute$6.call(Unknown Source)
	at TC 01 - New Bill Payment- LocalCorrency.run(TC 01 - New Bill Payment- LocalCorrency:89)
	at com.kms.katalon.core.main.ScriptEngine.run(ScriptEngine.java:194)
	at com.kms.katalon.core.main.ScriptEngine.runScriptAsRawText(ScriptEngine.java:119)
	at com.kms.katalon.core.main.TestCaseExecutor.runScript(TestCaseExecutor.java:448)
	at com.kms.katalon.core.main.TestCaseExecutor.doExecute(TestCaseExecutor.java:439)
	at com.kms.katalon.core.main.TestCaseExecutor.processExecutionPhase(TestCaseExecutor.java:418)
	at com.kms.katalon.core.main.TestCaseExecutor.accessMainPhase(TestCaseExecutor.java:410)
	at com.kms.katalon.core.main.TestCaseExecutor.execute(TestCaseExecutor.java:285)
	at com.kms.katalon.core.common.CommonExecutor.accessTestCaseMainPhase(CommonExecutor.java:65)
	at com.kms.katalon.core.main.TestSuiteExecutor.accessTestSuiteMainPhase(TestSuiteExecutor.java:151)
	at com.kms.katalon.core.main.TestSuiteExecutor.execute(TestSuiteExecutor.java:106)
	at com.kms.katalon.core.main.TestCaseMain.startTestSuite(TestCaseMain.java:185)
	at com.kms.katalon.core.main.TestCaseMain$startTestSuite$0.call(Unknown Source)
	at TempTestSuite1677569245727.run(TempTestSuite1677569245727.groovy:36)
)

2023-02-28 13:05:15 - [TEST_STEP][PASSED] - println(content): null

2023-02-28 13:05:15 - [TEST_STEP][ERROR] - line = content.split("\R"): Test Cases/Payments/TC 01 - New Bill Payment- LocalCorrency FAILED.
Reason:
java.lang.NullPointerException: Cannot invoke method split() on null object
	at TC 01 - New Bill Payment- LocalCorrency.run(TC 01 - New Bill Payment- LocalCorrency:94)
	at com.kms.katalon.core.main.ScriptEngine.run(ScriptEngine.java:194)
	at com.kms.katalon.core.main.ScriptEngine.runScriptAsRawText(ScriptEngine.java:119)
	at com.kms.katalon.core.main.TestCaseExecutor.runScript(TestCaseExecutor.java:448)
	at com.kms.katalon.core.main.TestCaseExecutor.doExecute(TestCaseExecutor.java:439)
	at com.kms.katalon.core.main.TestCaseExecutor.processExecutionPhase(TestCaseExecutor.java:418)
	at com.kms.katalon.core.main.TestCaseExecutor.accessMainPhase(TestCaseExecutor.java:410)
	at com.kms.katalon.core.main.TestCaseExecutor.execute(TestCaseExecutor.java:285)
	at com.kms.katalon.core.common.CommonExecutor.accessTestCaseMainPhase(CommonExecutor.java:65)
	at com.kms.katalon.core.main.TestSuiteExecutor.accessTestSuiteMainPhase(TestSuiteExecutor.java:151)
	at com.kms.katalon.core.main.TestSuiteExecutor.execute(TestSuiteExecutor.java:106)
	at com.kms.katalon.core.main.TestCaseMain.startTestSuite(TestCaseMain.java:185)
	at com.kms.katalon.core.main.TestCaseMain$startTestSuite$0.call(Unknown Source)
	at TempTestSuite1677569245727.run(TempTestSuite1677569245727.groovy:36)


2023-02-28 13:05:15 - [MESSAGE][ERROR] - Test Cases/Payments/TC 01 - New Bill Payment- LocalCorrency FAILED.
Reason:
java.lang.NullPointerException: Cannot invoke method split() on null object
	at TC 01 - New Bill Payment- LocalCorrency.run(TC 01 - New Bill Payment- LocalCorrency:94)
	at com.kms.katalon.core.main.ScriptEngine.run(ScriptEngine.java:194)
	at com.kms.katalon.core.main.ScriptEngine.runScriptAsRawText(ScriptEngine.java:119)
	at com.kms.katalon.core.main.TestCaseExecutor.runScript(TestCaseExecutor.java:448)
	at com.kms.katalon.core.main.TestCaseExecutor.doExecute(TestCaseExecutor.java:439)
	at com.kms.katalon.core.main.TestCaseExecutor.processExecutionPhase(TestCaseExecutor.java:418)
	at com.kms.katalon.core.main.TestCaseExecutor.accessMainPhase(TestCaseExecutor.java:410)
	at com.kms.katalon.core.main.TestCaseExecutor.execute(TestCaseExecutor.java:285)
	at com.kms.katalon.core.common.CommonExecutor.accessTestCaseMainPhase(CommonExecutor.java:65)
	at com.kms.katalon.core.main.TestSuiteExecutor.accessTestSuiteMainPhase(TestSuiteExecutor.java:151)
	at com.kms.katalon.core.main.TestSuiteExecutor.execute(TestSuiteExecutor.java:106)
	at com.kms.katalon.core.main.TestCaseMain.startTestSuite(TestCaseMain.java:185)
	at com.kms.katalon.core.main.TestCaseMain$startTestSuite$0.call(Unknown Source)
	at TempTestSuite1677569245727.run(TempTestSuite1677569245727.groovy:36)


2023-02-28 13:05:15 - [TEST_STEP][PASSED] - Start listener action : autoUpdateJobStatus: [SAUCELABS] Current run configuration: Android - b76dcbe1

2023-02-28 13:05:15 - [MESSAGE][INFO] - [SAUCELABS] Current run configuration: Android - b76dcbe1]]></system-out>
         <system-err><![CDATA[2023-02-28 13:02:12 - [TEST_CASE][FAILED] - Test Cases/Payments/TC 01 - New Bill Payment- LocalCorrency: Test Cases/Payments/TC 01 - New Bill Payment- LocalCorrency FAILED.
Reason:
com.kms.katalon.core.exception.StepFailedException: Unable to call Test Case 'Test Cases/Utilities/Account Selection Based on AccountNumber' (Root cause: com.kms.katalon.core.exception.StepFailedException: Call Test Case 'Test Cases/Utilities/Account Selection Based on AccountNumber' failed
	at com.kms.katalon.core.keyword.builtin.CallTestCaseKeyword$_callTestCase_closure1.doCall(CallTestCaseKeyword.groovy:63)
	at com.kms.katalon.core.keyword.builtin.CallTestCaseKeyword$_callTestCase_closure1.call(CallTestCaseKeyword.groovy)
	at com.kms.katalon.core.keyword.internal.KeywordMain.runKeyword(KeywordMain.groovy:74)
	at com.kms.katalon.core.keyword.builtin.CallTestCaseKeyword.callTestCase(CallTestCaseKeyword.groovy:81)
	at com.kms.katalon.core.keyword.builtin.CallTestCaseKeyword.execute(CallTestCaseKeyword.groovy:44)
	at com.kms.katalon.core.keyword.internal.KeywordExecutor.executeKeywordForPlatform(KeywordExecutor.groovy:74)
	at com.kms.katalon.core.keyword.BuiltinKeywords.callTestCase(BuiltinKeywords.groovy:334)
	at TC 01 - New Bill Payment- LocalCorrency.run(TC 01 - New Bill Payment- LocalCorrency:45)
	at com.kms.katalon.core.main.ScriptEngine.run(ScriptEngine.java:194)
	at com.kms.katalon.core.main.ScriptEngine.runScriptAsRawText(ScriptEngine.java:119)
	at com.kms.katalon.core.main.TestCaseExecutor.runScript(TestCaseExecutor.java:448)
	at com.kms.katalon.core.main.TestCaseExecutor.doExecute(TestCaseExecutor.java:439)
	at com.kms.katalon.core.main.TestCaseExecutor.processExecutionPhase(TestCaseExecutor.java:418)
	at com.kms.katalon.core.main.TestCaseExecutor.accessMainPhase(TestCaseExecutor.java:410)
	at com.kms.katalon.core.main.TestCaseExecutor.execute(TestCaseExecutor.java:285)
	at com.kms.katalon.core.common.CommonExecutor.accessTestCaseMainPhase(CommonExecutor.java:65)
	at com.kms.katalon.core.main.TestSuiteExecutor.accessTestSuiteMainPhase(TestSuiteExecutor.java:151)
	at com.kms.katalon.core.main.TestSuiteExecutor.execute(TestSuiteExecutor.java:106)
	at com.kms.katalon.core.main.TestCaseMain.startTestSuite(TestCaseMain.java:185)
	at com.kms.katalon.core.main.TestCaseMain$startTestSuite$0.call(Unknown Source)
	at TempTestSuite1677569245727.run(TempTestSuite1677569245727.groovy:36)
Caused by: com.kms.katalon.core.exception.StepFailedException: Object Object Repository/2.Dashboard/Accounts/Account Selection not found
	at com.kms.katalon.core.keyword.internal.KeywordMain.stepFailed(KeywordMain.groovy:39)
	at com.kms.katalon.core.mobile.keyword.internal.MobileKeywordMain.stepFailed(MobileKeywordMain.groovy:40)
	at com.kms.katalon.core.mobile.keyword.builtin.GetAttributeKeyword$_getAttribute_closure1.doCall(GetAttributeKeyword.groovy:76)
	at com.kms.katalon.core.mobile.keyword.builtin.GetAttributeKeyword$_getAttribute_closure1.call(GetAttributeKeyword.groovy)
	at com.kms.katalon.core.mobile.keyword.internal.MobileKeywordMain.runKeyword(MobileKeywordMain.groovy:21)
	at com.kms.katalon.core.mobile.keyword.builtin.GetAttributeKeyword.getAttribute(GetAttributeKeyword.groovy:82)
	at com.kms.katalon.core.mobile.keyword.builtin.GetAttributeKeyword.execute(GetAttributeKeyword.groovy:66)
	at com.kms.katalon.core.keyword.internal.KeywordExecutor.executeKeywordForPlatform(KeywordExecutor.groovy:74)
	at com.kms.katalon.core.mobile.keyword.MobileBuiltInKeywords.getAttribute(MobileBuiltInKeywords.groovy:1656)
	at com.kms.katalon.core.mobile.keyword.MobileBuiltInKeywords$getAttribute$6.call(Unknown Source)
	at Account Selection Based on AccountNumber.run(Account Selection Based on AccountNumber:39)
	at com.kms.katalon.core.main.ScriptEngine.run(ScriptEngine.java:194)
	at com.kms.katalon.core.main.ScriptEngine.runScriptAsRawText(ScriptEngine.java:119)
	at com.kms.katalon.core.main.TestCaseExecutor.runScript(TestCaseExecutor.java:448)
	at com.kms.katalon.core.main.TestCaseExecutor.doExecute(TestCaseExecutor.java:439)
	at com.kms.katalon.core.main.TestCaseExecutor.processExecutionPhase(TestCaseExecutor.java:418)
	at com.kms.katalon.core.main.TestCaseExecutor.accessMainPhase(TestCaseExecutor.java:410)
	at com.kms.katalon.core.main.TestCaseExecutor.execute(TestCaseExecutor.java:285)
	at com.kms.katalon.core.main.TestCaseMain.runTestCase(TestCaseMain.java:142)
	at com.kms.katalon.core.keyword.builtin.CallTestCaseKeyword$_callTestCase_closure1.doCall(CallTestCaseKeyword.groovy:59)
	... 20 more
)
	at com.kms.katalon.core.keyword.internal.KeywordMain.stepFailed(KeywordMain.groovy:39)
	at com.kms.katalon.core.keyword.internal.KeywordMain.stepFailed(KeywordMain.groovy)
	at com.kms.katalon.core.keyword.internal.KeywordMain.runKeyword(KeywordMain.groovy:76)
	at com.kms.katalon.core.keyword.builtin.CallTestCaseKeyword.callTestCase(CallTestCaseKeyword.groovy:81)
	at com.kms.katalon.core.keyword.builtin.CallTestCaseKeyword.execute(CallTestCaseKeyword.groovy:44)
	at com.kms.katalon.core.keyword.internal.KeywordExecutor.executeKeywordForPlatform(KeywordExecutor.groovy:74)
	at com.kms.katalon.core.keyword.BuiltinKeywords.callTestCase(BuiltinKeywords.groovy:334)
	at TC 01 - New Bill Payment- LocalCorrency.run(TC 01 - New Bill Payment- LocalCorrency:45)
	at com.kms.katalon.core.main.ScriptEngine.run(ScriptEngine.java:194)
	at com.kms.katalon.core.main.ScriptEngine.runScriptAsRawText(ScriptEngine.java:119)
	at com.kms.katalon.core.main.TestCaseExecutor.runScript(TestCaseExecutor.java:448)
	at com.kms.katalon.core.main.TestCaseExecutor.doExecute(TestCaseExecutor.java:439)
	at com.kms.katalon.core.main.TestCaseExecutor.processExecutionPhase(TestCaseExecutor.java:418)
	at com.kms.katalon.core.main.TestCaseExecutor.accessMainPhase(TestCaseExecutor.java:410)
	at com.kms.katalon.core.main.TestCaseExecutor.execute(TestCaseExecutor.java:285)
	at com.kms.katalon.core.common.CommonExecutor.accessTestCaseMainPhase(CommonExecutor.java:65)
	at com.kms.katalon.core.main.TestSuiteExecutor.accessTestSuiteMainPhase(TestSuiteExecutor.java:151)
	at com.kms.katalon.core.main.TestSuiteExecutor.execute(TestSuiteExecutor.java:106)
	at com.kms.katalon.core.main.TestCaseMain.startTestSuite(TestCaseMain.java:185)
	at com.kms.katalon.core.main.TestCaseMain$startTestSuite$0.call(Unknown Source)
	at TempTestSuite1677569245727.run(TempTestSuite1677569245727.groovy:36)
Caused by: com.kms.katalon.core.exception.StepFailedException: Call Test Case 'Test Cases/Utilities/Account Selection Based on AccountNumber' failed
	at com.kms.katalon.core.keyword.builtin.CallTestCaseKeyword$_callTestCase_closure1.doCall(CallTestCaseKeyword.groovy:63)
	at com.kms.katalon.core.keyword.builtin.CallTestCaseKeyword$_callTestCase_closure1.call(CallTestCaseKeyword.groovy)
	at com.kms.katalon.core.keyword.internal.KeywordMain.runKeyword(KeywordMain.groovy:74)
	... 18 more
Caused by: com.kms.katalon.core.exception.StepFailedException: Object Object Repository/2.Dashboard/Accounts/Account Selection not found
	at com.kms.katalon.core.keyword.internal.KeywordMain.stepFailed(KeywordMain.groovy:39)
	at com.kms.katalon.core.mobile.keyword.internal.MobileKeywordMain.stepFailed(MobileKeywordMain.groovy:40)
	at com.kms.katalon.core.mobile.keyword.builtin.GetAttributeKeyword$_getAttribute_closure1.doCall(GetAttributeKeyword.groovy:76)
	at com.kms.katalon.core.mobile.keyword.builtin.GetAttributeKeyword$_getAttribute_closure1.call(GetAttributeKeyword.groovy)
	at com.kms.katalon.core.mobile.keyword.internal.MobileKeywordMain.runKeyword(MobileKeywordMain.groovy:21)
	at com.kms.katalon.core.mobile.keyword.builtin.GetAttributeKeyword.getAttribute(GetAttributeKeyword.groovy:82)
	at com.kms.katalon.core.mobile.keyword.builtin.GetAttributeKeyword.execute(GetAttributeKeyword.groovy:66)
	at com.kms.katalon.core.keyword.internal.KeywordExecutor.executeKeywordForPlatform(KeywordExecutor.groovy:74)
	at com.kms.katalon.core.mobile.keyword.MobileBuiltInKeywords.getAttribute(MobileBuiltInKeywords.groovy:1656)
	at com.kms.katalon.core.mobile.keyword.MobileBuiltInKeywords$getAttribute$6.call(Unknown Source)
	at Account Selection Based on AccountNumber.run(Account Selection Based on AccountNumber:39)
	at com.kms.katalon.core.main.ScriptEngine.run(ScriptEngine.java:194)
	at com.kms.katalon.core.main.ScriptEngine.runScriptAsRawText(ScriptEngine.java:119)
	at com.kms.katalon.core.main.TestCaseExecutor.runScript(TestCaseExecutor.java:448)
	at com.kms.katalon.core.main.TestCaseExecutor.doExecute(TestCaseExecutor.java:439)
	at com.kms.katalon.core.main.TestCaseExecutor.processExecutionPhase(TestCaseExecutor.java:418)
	at com.kms.katalon.core.main.TestCaseExecutor.accessMainPhase(TestCaseExecutor.java:410)
	at com.kms.katalon.core.main.TestCaseExecutor.execute(TestCaseExecutor.java:285)
	at com.kms.katalon.core.main.TestCaseMain.runTestCase(TestCaseMain.java:142)
	at com.kms.katalon.core.keyword.builtin.CallTestCaseKeyword$_callTestCase_closure1.doCall(CallTestCaseKeyword.groovy:59)
	... 20 more]]></system-err>
      </testcase>
      <system-out><![CDATA[2023-02-28 12:57:38 - [TEST_SUITE][FAILED] - TS_Demo: Test Cases/Payments/TC 01 - New Bill Payment- LocalCorrency FAILED.
Reason:
com.kms.katalon.core.exception.StepFailedException: Unable to call Test Case 'Test Cases/Utilities/Account Selection Based on AccountNumber' (Root cause: com.kms.katalon.core.exception.StepFailedException: Call Test Case 'Test Cases/Utilities/Account Selection Based on AccountNumber' failed
	at com.kms.katalon.core.keyword.builtin.CallTestCaseKeyword$_callTestCase_closure1.doCall(CallTestCaseKeyword.groovy:63)
	at com.kms.katalon.core.keyword.builtin.CallTestCaseKeyword$_callTestCase_closure1.call(CallTestCaseKeyword.groovy)
	at com.kms.katalon.core.keyword.internal.KeywordMain.runKeyword(KeywordMain.groovy:74)
	at com.kms.katalon.core.keyword.builtin.CallTestCaseKeyword.callTestCase(CallTestCaseKeyword.groovy:81)
	at com.kms.katalon.core.keyword.builtin.CallTestCaseKeyword.execute(CallTestCaseKeyword.groovy:44)
	at com.kms.katalon.core.keyword.internal.KeywordExecutor.executeKeywordForPlatform(KeywordExecutor.groovy:74)
	at com.kms.katalon.core.keyword.BuiltinKeywords.callTestCase(BuiltinKeywords.groovy:334)
	at TC 01 - New Bill Payment- LocalCorrency.run(TC 01 - New Bill Payment- LocalCorrency:45)
	at com.kms.katalon.core.main.ScriptEngine.run(ScriptEngine.java:194)
	at com.kms.katalon.core.main.ScriptEngine.runScriptAsRawText(ScriptEngine.java:119)
	at com.kms.katalon.core.main.TestCaseExecutor.runScript(TestCaseExecutor.java:448)
	at com.kms.katalon.core.main.TestCaseExecutor.doExecute(TestCaseExecutor.java:439)
	at com.kms.katalon.core.main.TestCaseExecutor.processExecutionPhase(TestCaseExecutor.java:418)
	at com.kms.katalon.core.main.TestCaseExecutor.accessMainPhase(TestCaseExecutor.java:410)
	at com.kms.katalon.core.main.TestCaseExecutor.execute(TestCaseExecutor.java:285)
	at com.kms.katalon.core.common.CommonExecutor.accessTestCaseMainPhase(CommonExecutor.java:65)
	at com.kms.katalon.core.main.TestSuiteExecutor.accessTestSuiteMainPhase(TestSuiteExecutor.java:151)
	at com.kms.katalon.core.main.TestSuiteExecutor.execute(TestSuiteExecutor.java:106)
	at com.kms.katalon.core.main.TestCaseMain.startTestSuite(TestCaseMain.java:185)
	at com.kms.katalon.core.main.TestCaseMain$startTestSuite$0.call(Unknown Source)
	at TempTestSuite1677569245727.run(TempTestSuite1677569245727.groovy:36)
Caused by: com.kms.katalon.core.exception.StepFailedException: Object Object Repository/2.Dashboard/Accounts/Account Selection not found
	at com.kms.katalon.core.keyword.internal.KeywordMain.stepFailed(KeywordMain.groovy:39)
	at com.kms.katalon.core.mobile.keyword.internal.MobileKeywordMain.stepFailed(MobileKeywordMain.groovy:40)
	at com.kms.katalon.core.mobile.keyword.builtin.GetAttributeKeyword$_getAttribute_closure1.doCall(GetAttributeKeyword.groovy:76)
	at com.kms.katalon.core.mobile.keyword.builtin.GetAttributeKeyword$_getAttribute_closure1.call(GetAttributeKeyword.groovy)
	at com.kms.katalon.core.mobile.keyword.internal.MobileKeywordMain.runKeyword(MobileKeywordMain.groovy:21)
	at com.kms.katalon.core.mobile.keyword.builtin.GetAttributeKeyword.getAttribute(GetAttributeKeyword.groovy:82)
	at com.kms.katalon.core.mobile.keyword.builtin.GetAttributeKeyword.execute(GetAttributeKeyword.groovy:66)
	at com.kms.katalon.core.keyword.internal.KeywordExecutor.executeKeywordForPlatform(KeywordExecutor.groovy:74)
	at com.kms.katalon.core.mobile.keyword.MobileBuiltInKeywords.getAttribute(MobileBuiltInKeywords.groovy:1656)
	at com.kms.katalon.core.mobile.keyword.MobileBuiltInKeywords$getAttribute$6.call(Unknown Source)
	at Account Selection Based on AccountNumber.run(Account Selection Based on AccountNumber:39)
	at com.kms.katalon.core.main.ScriptEngine.run(ScriptEngine.java:194)
	at com.kms.katalon.core.main.ScriptEngine.runScriptAsRawText(ScriptEngine.java:119)
	at com.kms.katalon.core.main.TestCaseExecutor.runScript(TestCaseExecutor.java:448)
	at com.kms.katalon.core.main.TestCaseExecutor.doExecute(TestCaseExecutor.java:439)
	at com.kms.katalon.core.main.TestCaseExecutor.processExecutionPhase(TestCaseExecutor.java:418)
	at com.kms.katalon.core.main.TestCaseExecutor.accessMainPhase(TestCaseExecutor.java:410)
	at com.kms.katalon.core.main.TestCaseExecutor.execute(TestCaseExecutor.java:285)
	at com.kms.katalon.core.main.TestCaseMain.runTestCase(TestCaseMain.java:142)
	at com.kms.katalon.core.keyword.builtin.CallTestCaseKeyword$_callTestCase_closure1.doCall(CallTestCaseKeyword.groovy:59)
	... 20 more
)
	at com.kms.katalon.core.keyword.internal.KeywordMain.stepFailed(KeywordMain.groovy:39)
	at com.kms.katalon.core.keyword.internal.KeywordMain.stepFailed(KeywordMain.groovy)
	at com.kms.katalon.core.keyword.internal.KeywordMain.runKeyword(KeywordMain.groovy:76)
	at com.kms.katalon.core.keyword.builtin.CallTestCaseKeyword.callTestCase(CallTestCaseKeyword.groovy:81)
	at com.kms.katalon.core.keyword.builtin.CallTestCaseKeyword.execute(CallTestCaseKeyword.groovy:44)
	at com.kms.katalon.core.keyword.internal.KeywordExecutor.executeKeywordForPlatform(KeywordExecutor.groovy:74)
	at com.kms.katalon.core.keyword.BuiltinKeywords.callTestCase(BuiltinKeywords.groovy:334)
	at TC 01 - New Bill Payment- LocalCorrency.run(TC 01 - New Bill Payment- LocalCorrency:45)
	at com.kms.katalon.core.main.ScriptEngine.run(ScriptEngine.java:194)
	at com.kms.katalon.core.main.ScriptEngine.runScriptAsRawText(ScriptEngine.java:119)
	at com.kms.katalon.core.main.TestCaseExecutor.runScript(TestCaseExecutor.java:448)
	at com.kms.katalon.core.main.TestCaseExecutor.doExecute(TestCaseExecutor.java:439)
	at com.kms.katalon.core.main.TestCaseExecutor.processExecutionPhase(TestCaseExecutor.java:418)
	at com.kms.katalon.core.main.TestCaseExecutor.accessMainPhase(TestCaseExecutor.java:410)
	at com.kms.katalon.core.main.TestCaseExecutor.execute(TestCaseExecutor.java:285)
	at com.kms.katalon.core.common.CommonExecutor.accessTestCaseMainPhase(CommonExecutor.java:65)
	at com.kms.katalon.core.main.TestSuiteExecutor.accessTestSuiteMainPhase(TestSuiteExecutor.java:151)
	at com.kms.katalon.core.main.TestSuiteExecutor.execute(TestSuiteExecutor.java:106)
	at com.kms.katalon.core.main.TestCaseMain.startTestSuite(TestCaseMain.java:185)
	at com.kms.katalon.core.main.TestCaseMain$startTestSuite$0.call(Unknown Source)
	at TempTestSuite1677569245727.run(TempTestSuite1677569245727.groovy:36)
Caused by: com.kms.katalon.core.exception.StepFailedException: Call Test Case 'Test Cases/Utilities/Account Selection Based on AccountNumber' failed
	at com.kms.katalon.core.keyword.builtin.CallTestCaseKeyword$_callTestCase_closure1.doCall(CallTestCaseKeyword.groovy:63)
	at com.kms.katalon.core.keyword.builtin.CallTestCaseKeyword$_callTestCase_closure1.call(CallTestCaseKeyword.groovy)
	at com.kms.katalon.core.keyword.internal.KeywordMain.runKeyword(KeywordMain.groovy:74)
	... 18 more
Caused by: com.kms.katalon.core.exception.StepFailedException: Object Object Repository/2.Dashboard/Accounts/Account Selection not found
	at com.kms.katalon.core.keyword.internal.KeywordMain.stepFailed(KeywordMain.groovy:39)
	at com.kms.katalon.core.mobile.keyword.internal.MobileKeywordMain.stepFailed(MobileKeywordMain.groovy:40)
	at com.kms.katalon.core.mobile.keyword.builtin.GetAttributeKeyword$_getAttribute_closure1.doCall(GetAttributeKeyword.groovy:76)
	at com.kms.katalon.core.mobile.keyword.builtin.GetAttributeKeyword$_getAttribute_closure1.call(GetAttributeKeyword.groovy)
	at com.kms.katalon.core.mobile.keyword.internal.MobileKeywordMain.runKeyword(MobileKeywordMain.groovy:21)
	at com.kms.katalon.core.mobile.keyword.builtin.GetAttributeKeyword.getAttribute(GetAttributeKeyword.groovy:82)
	at com.kms.katalon.core.mobile.keyword.builtin.GetAttributeKeyword.execute(GetAttributeKeyword.groovy:66)
	at com.kms.katalon.core.keyword.internal.KeywordExecutor.executeKeywordForPlatform(KeywordExecutor.groovy:74)
	at com.kms.katalon.core.mobile.keyword.MobileBuiltInKeywords.getAttribute(MobileBuiltInKeywords.groovy:1656)
	at com.kms.katalon.core.mobile.keyword.MobileBuiltInKeywords$getAttribute$6.call(Unknown Source)
	at Account Selection Based on AccountNumber.run(Account Selection Based on AccountNumber:39)
	at com.kms.katalon.core.main.ScriptEngine.run(ScriptEngine.java:194)
	at com.kms.katalon.core.main.ScriptEngine.runScriptAsRawText(ScriptEngine.java:119)
	at com.kms.katalon.core.main.TestCaseExecutor.runScript(TestCaseExecutor.java:448)
	at com.kms.katalon.core.main.TestCaseExecutor.doExecute(TestCaseExecutor.java:439)
	at com.kms.katalon.core.main.TestCaseExecutor.processExecutionPhase(TestCaseExecutor.java:418)
	at com.kms.katalon.core.main.TestCaseExecutor.accessMainPhase(TestCaseExecutor.java:410)
	at com.kms.katalon.core.main.TestCaseExecutor.execute(TestCaseExecutor.java:285)
	at com.kms.katalon.core.main.TestCaseMain.runTestCase(TestCaseMain.java:142)
	at com.kms.katalon.core.keyword.builtin.CallTestCaseKeyword$_callTestCase_closure1.doCall(CallTestCaseKeyword.groovy:59)
	... 20 more]]></system-out>
      <system-err><![CDATA[2023-02-28 12:57:38 - [TEST_SUITE][FAILED] - TS_Demo: Test Cases/Payments/TC 01 - New Bill Payment- LocalCorrency FAILED.
Reason:
com.kms.katalon.core.exception.StepFailedException: Unable to call Test Case 'Test Cases/Utilities/Account Selection Based on AccountNumber' (Root cause: com.kms.katalon.core.exception.StepFailedException: Call Test Case 'Test Cases/Utilities/Account Selection Based on AccountNumber' failed
	at com.kms.katalon.core.keyword.builtin.CallTestCaseKeyword$_callTestCase_closure1.doCall(CallTestCaseKeyword.groovy:63)
	at com.kms.katalon.core.keyword.builtin.CallTestCaseKeyword$_callTestCase_closure1.call(CallTestCaseKeyword.groovy)
	at com.kms.katalon.core.keyword.internal.KeywordMain.runKeyword(KeywordMain.groovy:74)
	at com.kms.katalon.core.keyword.builtin.CallTestCaseKeyword.callTestCase(CallTestCaseKeyword.groovy:81)
	at com.kms.katalon.core.keyword.builtin.CallTestCaseKeyword.execute(CallTestCaseKeyword.groovy:44)
	at com.kms.katalon.core.keyword.internal.KeywordExecutor.executeKeywordForPlatform(KeywordExecutor.groovy:74)
	at com.kms.katalon.core.keyword.BuiltinKeywords.callTestCase(BuiltinKeywords.groovy:334)
	at TC 01 - New Bill Payment- LocalCorrency.run(TC 01 - New Bill Payment- LocalCorrency:45)
	at com.kms.katalon.core.main.ScriptEngine.run(ScriptEngine.java:194)
	at com.kms.katalon.core.main.ScriptEngine.runScriptAsRawText(ScriptEngine.java:119)
	at com.kms.katalon.core.main.TestCaseExecutor.runScript(TestCaseExecutor.java:448)
	at com.kms.katalon.core.main.TestCaseExecutor.doExecute(TestCaseExecutor.java:439)
	at com.kms.katalon.core.main.TestCaseExecutor.processExecutionPhase(TestCaseExecutor.java:418)
	at com.kms.katalon.core.main.TestCaseExecutor.accessMainPhase(TestCaseExecutor.java:410)
	at com.kms.katalon.core.main.TestCaseExecutor.execute(TestCaseExecutor.java:285)
	at com.kms.katalon.core.common.CommonExecutor.accessTestCaseMainPhase(CommonExecutor.java:65)
	at com.kms.katalon.core.main.TestSuiteExecutor.accessTestSuiteMainPhase(TestSuiteExecutor.java:151)
	at com.kms.katalon.core.main.TestSuiteExecutor.execute(TestSuiteExecutor.java:106)
	at com.kms.katalon.core.main.TestCaseMain.startTestSuite(TestCaseMain.java:185)
	at com.kms.katalon.core.main.TestCaseMain$startTestSuite$0.call(Unknown Source)
	at TempTestSuite1677569245727.run(TempTestSuite1677569245727.groovy:36)
Caused by: com.kms.katalon.core.exception.StepFailedException: Object Object Repository/2.Dashboard/Accounts/Account Selection not found
	at com.kms.katalon.core.keyword.internal.KeywordMain.stepFailed(KeywordMain.groovy:39)
	at com.kms.katalon.core.mobile.keyword.internal.MobileKeywordMain.stepFailed(MobileKeywordMain.groovy:40)
	at com.kms.katalon.core.mobile.keyword.builtin.GetAttributeKeyword$_getAttribute_closure1.doCall(GetAttributeKeyword.groovy:76)
	at com.kms.katalon.core.mobile.keyword.builtin.GetAttributeKeyword$_getAttribute_closure1.call(GetAttributeKeyword.groovy)
	at com.kms.katalon.core.mobile.keyword.internal.MobileKeywordMain.runKeyword(MobileKeywordMain.groovy:21)
	at com.kms.katalon.core.mobile.keyword.builtin.GetAttributeKeyword.getAttribute(GetAttributeKeyword.groovy:82)
	at com.kms.katalon.core.mobile.keyword.builtin.GetAttributeKeyword.execute(GetAttributeKeyword.groovy:66)
	at com.kms.katalon.core.keyword.internal.KeywordExecutor.executeKeywordForPlatform(KeywordExecutor.groovy:74)
	at com.kms.katalon.core.mobile.keyword.MobileBuiltInKeywords.getAttribute(MobileBuiltInKeywords.groovy:1656)
	at com.kms.katalon.core.mobile.keyword.MobileBuiltInKeywords$getAttribute$6.call(Unknown Source)
	at Account Selection Based on AccountNumber.run(Account Selection Based on AccountNumber:39)
	at com.kms.katalon.core.main.ScriptEngine.run(ScriptEngine.java:194)
	at com.kms.katalon.core.main.ScriptEngine.runScriptAsRawText(ScriptEngine.java:119)
	at com.kms.katalon.core.main.TestCaseExecutor.runScript(TestCaseExecutor.java:448)
	at com.kms.katalon.core.main.TestCaseExecutor.doExecute(TestCaseExecutor.java:439)
	at com.kms.katalon.core.main.TestCaseExecutor.processExecutionPhase(TestCaseExecutor.java:418)
	at com.kms.katalon.core.main.TestCaseExecutor.accessMainPhase(TestCaseExecutor.java:410)
	at com.kms.katalon.core.main.TestCaseExecutor.execute(TestCaseExecutor.java:285)
	at com.kms.katalon.core.main.TestCaseMain.runTestCase(TestCaseMain.java:142)
	at com.kms.katalon.core.keyword.builtin.CallTestCaseKeyword$_callTestCase_closure1.doCall(CallTestCaseKeyword.groovy:59)
	... 20 more
)
	at com.kms.katalon.core.keyword.internal.KeywordMain.stepFailed(KeywordMain.groovy:39)
	at com.kms.katalon.core.keyword.internal.KeywordMain.stepFailed(KeywordMain.groovy)
	at com.kms.katalon.core.keyword.internal.KeywordMain.runKeyword(KeywordMain.groovy:76)
	at com.kms.katalon.core.keyword.builtin.CallTestCaseKeyword.callTestCase(CallTestCaseKeyword.groovy:81)
	at com.kms.katalon.core.keyword.builtin.CallTestCaseKeyword.execute(CallTestCaseKeyword.groovy:44)
	at com.kms.katalon.core.keyword.internal.KeywordExecutor.executeKeywordForPlatform(KeywordExecutor.groovy:74)
	at com.kms.katalon.core.keyword.BuiltinKeywords.callTestCase(BuiltinKeywords.groovy:334)
	at TC 01 - New Bill Payment- LocalCorrency.run(TC 01 - New Bill Payment- LocalCorrency:45)
	at com.kms.katalon.core.main.ScriptEngine.run(ScriptEngine.java:194)
	at com.kms.katalon.core.main.ScriptEngine.runScriptAsRawText(ScriptEngine.java:119)
	at com.kms.katalon.core.main.TestCaseExecutor.runScript(TestCaseExecutor.java:448)
	at com.kms.katalon.core.main.TestCaseExecutor.doExecute(TestCaseExecutor.java:439)
	at com.kms.katalon.core.main.TestCaseExecutor.processExecutionPhase(TestCaseExecutor.java:418)
	at com.kms.katalon.core.main.TestCaseExecutor.accessMainPhase(TestCaseExecutor.java:410)
	at com.kms.katalon.core.main.TestCaseExecutor.execute(TestCaseExecutor.java:285)
	at com.kms.katalon.core.common.CommonExecutor.accessTestCaseMainPhase(CommonExecutor.java:65)
	at com.kms.katalon.core.main.TestSuiteExecutor.accessTestSuiteMainPhase(TestSuiteExecutor.java:151)
	at com.kms.katalon.core.main.TestSuiteExecutor.execute(TestSuiteExecutor.java:106)
	at com.kms.katalon.core.main.TestCaseMain.startTestSuite(TestCaseMain.java:185)
	at com.kms.katalon.core.main.TestCaseMain$startTestSuite$0.call(Unknown Source)
	at TempTestSuite1677569245727.run(TempTestSuite1677569245727.groovy:36)
Caused by: com.kms.katalon.core.exception.StepFailedException: Call Test Case 'Test Cases/Utilities/Account Selection Based on AccountNumber' failed
	at com.kms.katalon.core.keyword.builtin.CallTestCaseKeyword$_callTestCase_closure1.doCall(CallTestCaseKeyword.groovy:63)
	at com.kms.katalon.core.keyword.builtin.CallTestCaseKeyword$_callTestCase_closure1.call(CallTestCaseKeyword.groovy)
	at com.kms.katalon.core.keyword.internal.KeywordMain.runKeyword(KeywordMain.groovy:74)
	... 18 more
Caused by: com.kms.katalon.core.exception.StepFailedException: Object Object Repository/2.Dashboard/Accounts/Account Selection not found
	at com.kms.katalon.core.keyword.internal.KeywordMain.stepFailed(KeywordMain.groovy:39)
	at com.kms.katalon.core.mobile.keyword.internal.MobileKeywordMain.stepFailed(MobileKeywordMain.groovy:40)
	at com.kms.katalon.core.mobile.keyword.builtin.GetAttributeKeyword$_getAttribute_closure1.doCall(GetAttributeKeyword.groovy:76)
	at com.kms.katalon.core.mobile.keyword.builtin.GetAttributeKeyword$_getAttribute_closure1.call(GetAttributeKeyword.groovy)
	at com.kms.katalon.core.mobile.keyword.internal.MobileKeywordMain.runKeyword(MobileKeywordMain.groovy:21)
	at com.kms.katalon.core.mobile.keyword.builtin.GetAttributeKeyword.getAttribute(GetAttributeKeyword.groovy:82)
	at com.kms.katalon.core.mobile.keyword.builtin.GetAttributeKeyword.execute(GetAttributeKeyword.groovy:66)
	at com.kms.katalon.core.keyword.internal.KeywordExecutor.executeKeywordForPlatform(KeywordExecutor.groovy:74)
	at com.kms.katalon.core.mobile.keyword.MobileBuiltInKeywords.getAttribute(MobileBuiltInKeywords.groovy:1656)
	at com.kms.katalon.core.mobile.keyword.MobileBuiltInKeywords$getAttribute$6.call(Unknown Source)
	at Account Selection Based on AccountNumber.run(Account Selection Based on AccountNumber:39)
	at com.kms.katalon.core.main.ScriptEngine.run(ScriptEngine.java:194)
	at com.kms.katalon.core.main.ScriptEngine.runScriptAsRawText(ScriptEngine.java:119)
	at com.kms.katalon.core.main.TestCaseExecutor.runScript(TestCaseExecutor.java:448)
	at com.kms.katalon.core.main.TestCaseExecutor.doExecute(TestCaseExecutor.java:439)
	at com.kms.katalon.core.main.TestCaseExecutor.processExecutionPhase(TestCaseExecutor.java:418)
	at com.kms.katalon.core.main.TestCaseExecutor.accessMainPhase(TestCaseExecutor.java:410)
	at com.kms.katalon.core.main.TestCaseExecutor.execute(TestCaseExecutor.java:285)
	at com.kms.katalon.core.main.TestCaseMain.runTestCase(TestCaseMain.java:142)
	at com.kms.katalon.core.keyword.builtin.CallTestCaseKeyword$_callTestCase_closure1.doCall(CallTestCaseKeyword.groovy:59)
	... 20 more]]></system-err>
   </testsuite>
</testsuites>
