<?xml version="1.0" encoding="UTF-8"?>
<testsuites name="TS_Demo" time="305.012" tests="2" failures="1" errors="0">
   <testsuite name="TS_Demo" tests="2" failures="1" errors="0" time="305.012" skipped="0" timestamp="2023-03-02 13:13:42" hostname="Dell - DESKTOP-RBJSP3C.bbrouter" id="Test Suites/TS_Demo">
      <properties>
         <property name="deviceName" value="null"/>
         <property name="devicePlatform" value=""/>
         <property name="logFolder" value="C:\\Users\\Dell\\git\\SuperApp-Ajman\\Reports\\20230302_131329\\TS_Demo\\20230302_131329"/>
         <property name="logFiles" value="C:\\Users\\Dell\\git\\SuperApp-Ajman\\Reports\\20230302_131329\\TS_Demo\\20230302_131329\\execution0.log"/>
         <property name="attachments" value="C:\\Users\\Dell\\git\\SuperApp-Ajman\\Reports\\20230302_131329\\TS_Demo\\20230302_131329\\1677743088933.png, C:\\Users\\Dell\\git\\SuperApp-Ajman\\Reports\\20230302_131329\\TS_Demo\\20230302_131329\\1677743139890.png, C:\\Users\\Dell\\git\\SuperApp-Ajman\\Reports\\20230302_131329\\TS_Demo\\20230302_131329\\1677743290112.png"/>
         <property name="hostName" value="Dell - DESKTOP-RBJSP3C.bbrouter"/>
         <property name="os" value="Windows 10 64bit"/>
         <property name="appiumServerStatus" value="{&quot;status&quot;:0,&quot;sessionId&quot;:null,&quot;value&quot;:{&quot;build&quot;:{&quot;time&quot;:&quot;2015-02-26 23:59:50&quot;,&quot;version&quot;:&quot;2.45.0&quot;,&quot;revision&quot;:&quot;5017cb8&quot;}},&quot;state&quot;:&quot;success&quot;}"/>
         <property name="katalonVersion" value="8.5.5.208"/>
         <property name="deviceOS" value="null"/>
         <property name="appiumVersion" value="2.45.0"/>
         <property name="deviceModel" value="null"/>
         <property name="hostAddress" value="192.168.1.6"/>
         <property name="deviceManufacturer" value="null"/>
         <property name="deviceId" value="null"/>
         <property name="deviceName" value="null"/>
         <property name="deviceOSVersion" value="null"/>
      </properties>
      <testcase name="Test Cases/Demo/TC 01 - Registration with Debit Card" time="138.588" classname="Test Cases/Demo/TC 01 - Registration with Debit Card" status="PASSED">
         <system-out><![CDATA[2023-03-02 13:13:42 - [TEST_CASE][PASSED] - Test Cases/Demo/TC 01 - Registration with Debit Card: Test Cases/Demo/TC 01 - Registration with Debit Card

2023-03-02 13:13:42 - [TEST_STEP][PASSED] - Start listener action : enableSauceLabs: [SAUCELABS] Saucelabs Plugin will not attempt to auto update job status and information !

2023-03-02 13:13:42 - [MESSAGE][INFO] - [SAUCELABS] Current run configuration: Chrome

2023-03-02 13:13:42 - [MESSAGE][INFO] - [SAUCELABS] Saucelabs Plugin will not attempt to auto update job status and information !

2023-03-02 13:13:43 - [TEST_STEP][PASSED] - callTestCase(findTestCase("Utilities/BrowserStackIntegration"), [:], CONTINUE_ON_FAILURE): Call Test Case 'Test Cases/Utilities/BrowserStackIntegration' successfully

2023-03-02 13:13:44 - [TEST_CASE][PASSED] - Test Cases/Utilities/BrowserStackIntegration: Test Cases/Utilities/BrowserStackIntegration

2023-03-02 13:13:45 - [TEST_STEP][PASSED] - caps = new org.openqa.selenium.remote.DesiredCapabilities(): null

2023-03-02 13:13:45 - [TEST_STEP][PASSED] - caps.setCapability("browserstack.user", "akhilg_bcP6MO"): null

2023-03-02 13:13:45 - [TEST_STEP][PASSED] - caps.setCapability("browserstack.key", "RcXLz7Sh5mbzziaT81Jd"): null

2023-03-02 13:13:45 - [TEST_STEP][PASSED] - caps.setCapability("app", "bs://8e1bdaf1e2220e857eeee2a8c8d2d59f4ba08396"): null

2023-03-02 13:13:45 - [TEST_STEP][PASSED] - caps.setCapability("device", "Google Pixel 3"): null

2023-03-02 13:13:45 - [TEST_STEP][PASSED] - caps.setCapability("os_version", "9.0"): null

2023-03-02 13:13:45 - [TEST_STEP][PASSED] - caps.setCapability("project", "First Java Project"): null

2023-03-02 13:13:45 - [TEST_STEP][PASSED] - caps.setCapability("build", "browserstack-build-1"): null

2023-03-02 13:13:45 - [TEST_STEP][PASSED] - caps.setCapability("name", "first_test"): null

2023-03-02 13:13:45 - [TEST_STEP][PASSED] - createMobileDriver(ANDROID_DRIVER, caps, new java.net.URL(http://hub.browserstack.com/wd/hub)): null

2023-03-02 13:14:27 - [MESSAGE][PASSED] - Call Test Case 'Test Cases/Utilities/BrowserStackIntegration' successfully

2023-03-02 13:14:27 - [TEST_STEP][PASSED] - waitForElementPresent(findTestObject("1.Registration and Login/Welcome Page/button_Already a Customer"), 0): Element 'Object Repository/1.Registration and Login/Welcome Page/button_Already a Customer' is present

2023-03-02 13:14:28 - [MESSAGE][WARNING] - Timeout '0' is invalid. Using default page load timeout: '30'

2023-03-02 13:14:35 - [MESSAGE][PASSED] - Element 'Object Repository/1.Registration and Login/Welcome Page/button_Already a Customer' is present

2023-03-02 13:14:35 - [TEST_STEP][PASSED] - tap(findTestObject("1.Registration and Login/Welcome Page/button_Already a Customer"), 0): Tapped on element 'Object Repository/1.Registration and Login/Welcome Page/button_Already a Customer'

2023-03-02 13:14:35 - [MESSAGE][WARNING] - Timeout '0' is invalid. Using default page load timeout: '30'

2023-03-02 13:14:37 - [MESSAGE][PASSED] - Tapped on element 'Object Repository/1.Registration and Login/Welcome Page/button_Already a Customer'

2023-03-02 13:14:37 - [TEST_STEP][PASSED] - waitForElementPresent(findTestObject("1.Registration and Login/Card Details Page/Radio Button_Debit Card"), 0): Element 'Object Repository/1.Registration and Login/Card Details Page/Radio Button_Debit Card' is present

2023-03-02 13:14:37 - [MESSAGE][WARNING] - Timeout '0' is invalid. Using default page load timeout: '30'

2023-03-02 13:14:39 - [MESSAGE][PASSED] - Element 'Object Repository/1.Registration and Login/Card Details Page/Radio Button_Debit Card' is present

2023-03-02 13:14:39 - [TEST_STEP][PASSED] - tap(findTestObject("1.Registration and Login/Card Details Page/Radio Button_Debit Card"), 0): Tapped on element 'Object Repository/1.Registration and Login/Card Details Page/Radio Button_Debit Card'

2023-03-02 13:14:39 - [MESSAGE][WARNING] - Timeout '0' is invalid. Using default page load timeout: '30'

2023-03-02 13:14:41 - [MESSAGE][PASSED] - Tapped on element 'Object Repository/1.Registration and Login/Card Details Page/Radio Button_Debit Card'

2023-03-02 13:14:41 - [TEST_STEP][PASSED] - setText(findTestObject("1.Registration and Login/Card Details Page/Text Box_Card Number"), "5244550100131688", 0): Text '5244550100131688' has been set to element 'Object Repository/1.Registration and Login/Card Details Page/Text Box_Card Number'

2023-03-02 13:14:41 - [MESSAGE][WARNING] - Timeout '0' is invalid. Using default page load timeout: '30'

2023-03-02 13:14:44 - [MESSAGE][PASSED] - Text '5244550100131688' has been set to element 'Object Repository/1.Registration and Login/Card Details Page/Text Box_Card Number'

2023-03-02 13:14:44 - [TEST_STEP][PASSED] - setText(findTestObject("1.Registration and Login/Card Details Page/Text Box_Card Pin"), "4631", 0): Text '4631' has been set to element 'Object Repository/1.Registration and Login/Card Details Page/Text Box_Card Pin'

2023-03-02 13:14:44 - [MESSAGE][WARNING] - Timeout '0' is invalid. Using default page load timeout: '30'

2023-03-02 13:14:46 - [MESSAGE][PASSED] - Text '4631' has been set to element 'Object Repository/1.Registration and Login/Card Details Page/Text Box_Card Pin'

2023-03-02 13:14:46 - [TEST_STEP][PASSED] - delay(2, STOP_ON_FAILURE): Delayed 2 second(s)

2023-03-02 13:14:48 - [MESSAGE][PASSED] - Delayed 2 second(s)

2023-03-02 13:14:48 - [TEST_STEP][PASSED] - takeScreenshot(): Screenshot is taken

2023-03-02 13:14:51 - [MESSAGE][PASSED] - Screenshot is taken
[[ATTACHMENT|C:\\Users\\Dell\\git\\SuperApp-Ajman\\Reports\\20230302_131329\\TS_Demo\\20230302_131329\\1677743088933.png]]

2023-03-02 13:14:51 - [TEST_STEP][PASSED] - tap(findTestObject("1.Registration and Login/Card Details Page/Button_Next on Card details"), 0): Tapped on element 'Object Repository/1.Registration and Login/Card Details Page/Button_Next on Card details'

2023-03-02 13:14:51 - [MESSAGE][WARNING] - Timeout '0' is invalid. Using default page load timeout: '30'

2023-03-02 13:14:53 - [MESSAGE][PASSED] - Tapped on element 'Object Repository/1.Registration and Login/Card Details Page/Button_Next on Card details'

2023-03-02 13:14:53 - [TEST_STEP][PASSED] - waitForElementPresent(findTestObject("1.Registration and Login/OTP Page/label_Enter OTP"), 60): Element 'Object Repository/1.Registration and Login/OTP Page/label_Enter OTP' is present

2023-03-02 13:15:05 - [MESSAGE][PASSED] - Element 'Object Repository/1.Registration and Login/OTP Page/label_Enter OTP' is present

2023-03-02 13:15:05 - [TEST_STEP][PASSED] - callTestCase(findTestCase("Utilities/Enter_OTP"), [:], CONTINUE_ON_FAILURE): Call Test Case 'Test Cases/Utilities/Enter_OTP' successfully

2023-03-02 13:15:05 - [TEST_CASE][PASSED] - Test Cases/Utilities/Enter_OTP: Test Cases/Utilities/Enter_OTP

2023-03-02 13:15:07 - [TEST_STEP][PASSED] - driver = getDriver(): null

2023-03-02 13:15:07 - [TEST_STEP][PASSED] - driver.pressKey(new io.appium.java_client.android.nativekey.KeyEvent(io.appium.java_client.android.nativekey.AndroidKey.DIGIT_6)): null

2023-03-02 13:15:08 - [TEST_STEP][PASSED] - driver.pressKey(new io.appium.java_client.android.nativekey.KeyEvent(io.appium.java_client.android.nativekey.AndroidKey.DIGIT_5)): null

2023-03-02 13:15:09 - [TEST_STEP][PASSED] - driver.pressKey(new io.appium.java_client.android.nativekey.KeyEvent(io.appium.java_client.android.nativekey.AndroidKey.DIGIT_4)): null

2023-03-02 13:15:10 - [TEST_STEP][PASSED] - driver.pressKey(new io.appium.java_client.android.nativekey.KeyEvent(io.appium.java_client.android.nativekey.AndroidKey.DIGIT_3)): null

2023-03-02 13:15:11 - [TEST_STEP][PASSED] - driver.pressKey(new io.appium.java_client.android.nativekey.KeyEvent(io.appium.java_client.android.nativekey.AndroidKey.DIGIT_2)): null

2023-03-02 13:15:12 - [TEST_STEP][PASSED] - driver.pressKey(new io.appium.java_client.android.nativekey.KeyEvent(io.appium.java_client.android.nativekey.AndroidKey.DIGIT_1)): null

2023-03-02 13:15:13 - [TEST_STEP][PASSED] - driver.pressKey(new io.appium.java_client.android.nativekey.KeyEvent(io.appium.java_client.android.nativekey.AndroidKey.ENTER)): null

2023-03-02 13:15:14 - [MESSAGE][PASSED] - Call Test Case 'Test Cases/Utilities/Enter_OTP' successfully

2023-03-02 13:15:14 - [TEST_STEP][PASSED] - tap(findTestObject("1.Registration and Login/OTP Page/Button_Verify OTP"), 0): Tapped on element 'Object Repository/1.Registration and Login/OTP Page/Button_Verify OTP'

2023-03-02 13:15:14 - [MESSAGE][WARNING] - Timeout '0' is invalid. Using default page load timeout: '30'

2023-03-02 13:15:17 - [MESSAGE][PASSED] - Tapped on element 'Object Repository/1.Registration and Login/OTP Page/Button_Verify OTP'

2023-03-02 13:15:17 - [TEST_STEP][PASSED] - delay(5, STOP_ON_FAILURE): Delayed 5 second(s)

2023-03-02 13:15:22 - [MESSAGE][PASSED] - Delayed 5 second(s)

2023-03-02 13:15:22 - [TEST_STEP][PASSED] - setText(findTestObject("1.Registration and Login/mPIN Page/Text Box_Create mPIN"), "102030", 0): Text '102030' has been set to element 'Object Repository/1.Registration and Login/mPIN Page/Text Box_Create mPIN'

2023-03-02 13:15:22 - [MESSAGE][WARNING] - Timeout '0' is invalid. Using default page load timeout: '30'

2023-03-02 13:15:25 - [MESSAGE][PASSED] - Text '102030' has been set to element 'Object Repository/1.Registration and Login/mPIN Page/Text Box_Create mPIN'

2023-03-02 13:15:25 - [TEST_STEP][PASSED] - setText(findTestObject("1.Registration and Login/mPIN Page/Text Box_Confirm mPIN Entry"), "102030", 0): Text '102030' has been set to element 'Object Repository/1.Registration and Login/mPIN Page/Text Box_Confirm mPIN Entry'

2023-03-02 13:15:25 - [MESSAGE][WARNING] - Timeout '0' is invalid. Using default page load timeout: '30'

2023-03-02 13:15:27 - [MESSAGE][PASSED] - Text '102030' has been set to element 'Object Repository/1.Registration and Login/mPIN Page/Text Box_Confirm mPIN Entry'

2023-03-02 13:15:27 - [TEST_STEP][PASSED] - tap(findTestObject("1.Registration and Login/mPIN Page/Button_Next mPIN Page"), 0): Tapped on element 'Object Repository/1.Registration and Login/mPIN Page/Button_Next mPIN Page'

2023-03-02 13:15:28 - [MESSAGE][WARNING] - Timeout '0' is invalid. Using default page load timeout: '30'

2023-03-02 13:15:30 - [MESSAGE][PASSED] - Tapped on element 'Object Repository/1.Registration and Login/mPIN Page/Button_Next mPIN Page'

2023-03-02 13:15:30 - [TEST_STEP][PASSED] - waitForElementPresent(findTestObject("1.Registration and Login/mPIN Page/Button_Maybe later Biometric"), 0): Element 'Object Repository/1.Registration and Login/mPIN Page/Button_Maybe later Biometric' is present

2023-03-02 13:15:30 - [MESSAGE][WARNING] - Timeout '0' is invalid. Using default page load timeout: '30'

2023-03-02 13:15:31 - [MESSAGE][PASSED] - Element 'Object Repository/1.Registration and Login/mPIN Page/Button_Maybe later Biometric' is present

2023-03-02 13:15:31 - [TEST_STEP][PASSED] - tap(findTestObject("1.Registration and Login/mPIN Page/Button_Maybe later Biometric"), 0): Tapped on element 'Object Repository/1.Registration and Login/mPIN Page/Button_Maybe later Biometric'

2023-03-02 13:15:32 - [MESSAGE][WARNING] - Timeout '0' is invalid. Using default page load timeout: '30'

2023-03-02 13:15:34 - [MESSAGE][PASSED] - Tapped on element 'Object Repository/1.Registration and Login/mPIN Page/Button_Maybe later Biometric'

2023-03-02 13:15:34 - [TEST_STEP][PASSED] - waitForElementPresent(findTestObject("2.Dashboard/Profile Settings/Image_Profile Picture_Profile Settings"), 0): Element 'Object Repository/2.Dashboard/Profile Settings/Image_Profile Picture_Profile Settings' is present

2023-03-02 13:15:34 - [MESSAGE][WARNING] - Timeout '0' is invalid. Using default page load timeout: '30'

2023-03-02 13:15:39 - [MESSAGE][PASSED] - Element 'Object Repository/2.Dashboard/Profile Settings/Image_Profile Picture_Profile Settings' is present

2023-03-02 13:15:39 - [TEST_STEP][PASSED] - takeScreenshot(): Screenshot is taken

2023-03-02 13:15:42 - [MESSAGE][PASSED] - Screenshot is taken
[[ATTACHMENT|C:\\Users\\Dell\\git\\SuperApp-Ajman\\Reports\\20230302_131329\\TS_Demo\\20230302_131329\\1677743139890.png]]

2023-03-02 13:15:42 - [TEST_STEP][PASSED] - callTestCase(findTestCase("Utilities/Logout"), [:], CONTINUE_ON_FAILURE): Call Test Case 'Test Cases/Utilities/Logout' successfully

2023-03-02 13:15:42 - [TEST_CASE][PASSED] - Test Cases/Utilities/Logout: Test Cases/Utilities/Logout

2023-03-02 13:15:44 - [TEST_STEP][PASSED] - waitForElementPresent(findTestObject("2.Dashboard/Profile Settings/Icon_Home"), 60): Element 'Object Repository/2.Dashboard/Profile Settings/Icon_Home' is present

2023-03-02 13:15:45 - [MESSAGE][PASSED] - Element 'Object Repository/2.Dashboard/Profile Settings/Icon_Home' is present

2023-03-02 13:15:45 - [TEST_STEP][PASSED] - tap(findTestObject("2.Dashboard/Profile Settings/Icon_Home"), 0): Tapped on element 'Object Repository/2.Dashboard/Profile Settings/Icon_Home'

2023-03-02 13:15:46 - [MESSAGE][WARNING] - Timeout '0' is invalid. Using default page load timeout: '30'

2023-03-02 13:15:48 - [MESSAGE][PASSED] - Tapped on element 'Object Repository/2.Dashboard/Profile Settings/Icon_Home'

2023-03-02 13:15:48 - [TEST_STEP][PASSED] - waitForElementPresent(findTestObject("2.Dashboard/Accounts/AccountDetails"), 0): Element 'Object Repository/2.Dashboard/Accounts/AccountDetails' is present

2023-03-02 13:15:48 - [MESSAGE][WARNING] - Timeout '0' is invalid. Using default page load timeout: '30'

2023-03-02 13:15:50 - [MESSAGE][PASSED] - Element 'Object Repository/2.Dashboard/Accounts/AccountDetails' is present

2023-03-02 13:15:50 - [TEST_STEP][PASSED] - tap(findTestObject("2.Dashboard/Profile Settings/Image_Profile Picture_DashBoard"), 0): Tapped on element 'Object Repository/2.Dashboard/Profile Settings/Image_Profile Picture_DashBoard'

2023-03-02 13:15:50 - [MESSAGE][WARNING] - Timeout '0' is invalid. Using default page load timeout: '30'

2023-03-02 13:15:52 - [MESSAGE][PASSED] - Tapped on element 'Object Repository/2.Dashboard/Profile Settings/Image_Profile Picture_DashBoard'

2023-03-02 13:15:52 - [TEST_STEP][PASSED] - waitForElementPresent(findTestObject("2.Dashboard/Profile Settings/Image_Profile Picture_Profile Settings"), 0): Element 'Object Repository/2.Dashboard/Profile Settings/Image_Profile Picture_Profile Settings' is present

2023-03-02 13:15:52 - [MESSAGE][WARNING] - Timeout '0' is invalid. Using default page load timeout: '30'

2023-03-02 13:15:54 - [MESSAGE][PASSED] - Element 'Object Repository/2.Dashboard/Profile Settings/Image_Profile Picture_Profile Settings' is present

2023-03-02 13:15:54 - [TEST_STEP][PASSED] - swipe(135, 1840, 447, 259): Swiped from 135,1,840 to 447,259

2023-03-02 13:15:56 - [MESSAGE][PASSED] - Swiped from 135,1,840 to 447,259

2023-03-02 13:15:56 - [TEST_STEP][PASSED] - swipe(135, 1840, 447, 259): Swiped from 135,1,840 to 447,259

2023-03-02 13:15:59 - [MESSAGE][PASSED] - Swiped from 135,1,840 to 447,259

2023-03-02 13:15:59 - [TEST_STEP][PASSED] - tap(findTestObject("2.Dashboard/Profile Settings/Button_Logout"), 0): Tapped on element 'Object Repository/2.Dashboard/Profile Settings/Button_Logout'

2023-03-02 13:15:59 - [MESSAGE][WARNING] - Timeout '0' is invalid. Using default page load timeout: '30'

2023-03-02 13:16:01 - [MESSAGE][PASSED] - Tapped on element 'Object Repository/2.Dashboard/Profile Settings/Button_Logout'

2023-03-02 13:16:01 - [MESSAGE][PASSED] - Call Test Case 'Test Cases/Utilities/Logout' successfully

2023-03-02 13:16:01 - [TEST_STEP][PASSED] - Start listener action : autoUpdateJobStatus: [SAUCELABS] Current run configuration: Chrome

2023-03-02 13:16:01 - [MESSAGE][INFO] - [SAUCELABS] Current run configuration: Chrome]]></system-out>
         <system-err><![CDATA[]]></system-err>
      </testcase>
      <testcase name="Test Cases/Demo/TC 01 - Login with mPIN" time="165.871" classname="Test Cases/Demo/TC 01 - Login with mPIN" status="FAILED">
         <failure type="FAILED" message="Test Cases/Demo/TC 01 - Login with mPIN FAILED.
Reason:
com.kms.katalon.core.exception.StepFailedException: Object Object Repository/2.Dashboard/Accounts/AccountDetails not found
	at com.kms.katalon.core.keyword.internal.KeywordMain.stepFailed(KeywordMain.groovy:39)
	at com.kms.katalon.core.mobile.keyword.internal.MobileKeywordMain.stepFailed(MobileKeywordMain.groovy:40)
	at com.kms.katalon.core.mobile.keyword.builtin.GetAttributeKeyword$_getAttribute_closure1.doCall(GetAttributeKeyword.groovy:76)
	at com.kms.katalon.core.mobile.keyword.builtin.GetAttributeKeyword$_getAttribute_closure1.call(GetAttributeKeyword.groovy)
	at com.kms.katalon.core.mobile.keyword.internal.MobileKeywordMain.runKeyword(MobileKeywordMain.groovy:21)
	at com.kms.katalon.core.mobile.keyword.builtin.GetAttributeKeyword.getAttribute(GetAttributeKeyword.groovy:82)
	at com.kms.katalon.core.mobile.keyword.builtin.GetAttributeKeyword.execute(GetAttributeKeyword.groovy:66)
	at com.kms.katalon.core.keyword.internal.KeywordExecutor.executeKeywordForPlatform(KeywordExecutor.groovy:74)
	at com.kms.katalon.core.mobile.keyword.MobileBuiltInKeywords.getAttribute(MobileBuiltInKeywords.groovy:1656)
	at com.kms.katalon.core.mobile.keyword.MobileBuiltInKeywords$getAttribute$4.call(Unknown Source)
	at TC 01 - Login with mPIN.run(TC 01 - Login with mPIN:39)
	at com.kms.katalon.core.main.ScriptEngine.run(ScriptEngine.java:194)
	at com.kms.katalon.core.main.ScriptEngine.runScriptAsRawText(ScriptEngine.java:119)
	at com.kms.katalon.core.main.TestCaseExecutor.runScript(TestCaseExecutor.java:448)
	at com.kms.katalon.core.main.TestCaseExecutor.doExecute(TestCaseExecutor.java:439)
	at com.kms.katalon.core.main.TestCaseExecutor.processExecutionPhase(TestCaseExecutor.java:418)
	at com.kms.katalon.core.main.TestCaseExecutor.accessMainPhase(TestCaseExecutor.java:410)
	at com.kms.katalon.core.main.TestCaseExecutor.execute(TestCaseExecutor.java:285)
	at com.kms.katalon.core.common.CommonExecutor.accessTestCaseMainPhase(CommonExecutor.java:65)
	at com.kms.katalon.core.main.TestSuiteExecutor.accessTestSuiteMainPhase(TestSuiteExecutor.java:151)
	at com.kms.katalon.core.main.TestSuiteExecutor.execute(TestSuiteExecutor.java:106)
	at com.kms.katalon.core.main.TestCaseMain.startTestSuite(TestCaseMain.java:185)
	at com.kms.katalon.core.main.TestCaseMain$startTestSuite$0.call(Unknown Source)
	at TempTestSuite1677743009884.run(TempTestSuite1677743009884.groovy:36)
"/>
         <system-out><![CDATA[2023-03-02 13:16:01 - [TEST_CASE][FAILED] - Test Cases/Demo/TC 01 - Login with mPIN: Test Cases/Demo/TC 01 - Login with mPIN FAILED.
Reason:
com.kms.katalon.core.exception.StepFailedException: Object Object Repository/2.Dashboard/Accounts/AccountDetails not found
	at com.kms.katalon.core.keyword.internal.KeywordMain.stepFailed(KeywordMain.groovy:39)
	at com.kms.katalon.core.mobile.keyword.internal.MobileKeywordMain.stepFailed(MobileKeywordMain.groovy:40)
	at com.kms.katalon.core.mobile.keyword.builtin.GetAttributeKeyword$_getAttribute_closure1.doCall(GetAttributeKeyword.groovy:76)
	at com.kms.katalon.core.mobile.keyword.builtin.GetAttributeKeyword$_getAttribute_closure1.call(GetAttributeKeyword.groovy)
	at com.kms.katalon.core.mobile.keyword.internal.MobileKeywordMain.runKeyword(MobileKeywordMain.groovy:21)
	at com.kms.katalon.core.mobile.keyword.builtin.GetAttributeKeyword.getAttribute(GetAttributeKeyword.groovy:82)
	at com.kms.katalon.core.mobile.keyword.builtin.GetAttributeKeyword.execute(GetAttributeKeyword.groovy:66)
	at com.kms.katalon.core.keyword.internal.KeywordExecutor.executeKeywordForPlatform(KeywordExecutor.groovy:74)
	at com.kms.katalon.core.mobile.keyword.MobileBuiltInKeywords.getAttribute(MobileBuiltInKeywords.groovy:1656)
	at com.kms.katalon.core.mobile.keyword.MobileBuiltInKeywords$getAttribute$4.call(Unknown Source)
	at TC 01 - Login with mPIN.run(TC 01 - Login with mPIN:39)
	at com.kms.katalon.core.main.ScriptEngine.run(ScriptEngine.java:194)
	at com.kms.katalon.core.main.ScriptEngine.runScriptAsRawText(ScriptEngine.java:119)
	at com.kms.katalon.core.main.TestCaseExecutor.runScript(TestCaseExecutor.java:448)
	at com.kms.katalon.core.main.TestCaseExecutor.doExecute(TestCaseExecutor.java:439)
	at com.kms.katalon.core.main.TestCaseExecutor.processExecutionPhase(TestCaseExecutor.java:418)
	at com.kms.katalon.core.main.TestCaseExecutor.accessMainPhase(TestCaseExecutor.java:410)
	at com.kms.katalon.core.main.TestCaseExecutor.execute(TestCaseExecutor.java:285)
	at com.kms.katalon.core.common.CommonExecutor.accessTestCaseMainPhase(CommonExecutor.java:65)
	at com.kms.katalon.core.main.TestSuiteExecutor.accessTestSuiteMainPhase(TestSuiteExecutor.java:151)
	at com.kms.katalon.core.main.TestSuiteExecutor.execute(TestSuiteExecutor.java:106)
	at com.kms.katalon.core.main.TestCaseMain.startTestSuite(TestCaseMain.java:185)
	at com.kms.katalon.core.main.TestCaseMain$startTestSuite$0.call(Unknown Source)
	at TempTestSuite1677743009884.run(TempTestSuite1677743009884.groovy:36)


2023-03-02 13:16:02 - [TEST_STEP][PASSED] - Start listener action : enableSauceLabs: [SAUCELABS] Saucelabs Plugin will not attempt to auto update job status and information !

2023-03-02 13:16:02 - [MESSAGE][INFO] - [SAUCELABS] Current run configuration: Chrome

2023-03-02 13:16:02 - [MESSAGE][INFO] - [SAUCELABS] Saucelabs Plugin will not attempt to auto update job status and information !

2023-03-02 13:16:03 - [TEST_STEP][PASSED] - callTestCase(findTestCase("Utilities/BrowserStackIntegration"), [:], CONTINUE_ON_FAILURE): Call Test Case 'Test Cases/Utilities/BrowserStackIntegration' successfully

2023-03-02 13:16:03 - [TEST_CASE][PASSED] - Test Cases/Utilities/BrowserStackIntegration: Test Cases/Utilities/BrowserStackIntegration

2023-03-02 13:16:03 - [TEST_STEP][PASSED] - caps = new org.openqa.selenium.remote.DesiredCapabilities(): null

2023-03-02 13:16:03 - [TEST_STEP][PASSED] - caps.setCapability("browserstack.user", "akhilg_bcP6MO"): null

2023-03-02 13:16:03 - [TEST_STEP][PASSED] - caps.setCapability("browserstack.key", "RcXLz7Sh5mbzziaT81Jd"): null

2023-03-02 13:16:03 - [TEST_STEP][PASSED] - caps.setCapability("app", "bs://8e1bdaf1e2220e857eeee2a8c8d2d59f4ba08396"): null

2023-03-02 13:16:03 - [TEST_STEP][PASSED] - caps.setCapability("device", "Google Pixel 3"): null

2023-03-02 13:16:03 - [TEST_STEP][PASSED] - caps.setCapability("os_version", "9.0"): null

2023-03-02 13:16:03 - [TEST_STEP][PASSED] - caps.setCapability("project", "First Java Project"): null

2023-03-02 13:16:03 - [TEST_STEP][PASSED] - caps.setCapability("build", "browserstack-build-1"): null

2023-03-02 13:16:03 - [TEST_STEP][PASSED] - caps.setCapability("name", "first_test"): null

2023-03-02 13:16:03 - [TEST_STEP][PASSED] - createMobileDriver(ANDROID_DRIVER, caps, new java.net.URL(http://hub.browserstack.com/wd/hub)): null

2023-03-02 13:16:36 - [MESSAGE][PASSED] - Call Test Case 'Test Cases/Utilities/BrowserStackIntegration' successfully

2023-03-02 13:16:36 - [TEST_STEP][PASSED] - waitForElementPresent(findTestObject("1.Registration and Login/Login Page/button_ForgotmPIN"), 0): Object Object Repository/1.Registration and Login/Login Page/button_ForgotmPIN not found

2023-03-02 13:16:36 - [MESSAGE][WARNING] - Timeout '0' is invalid. Using default page load timeout: '30'

2023-03-02 13:17:06 - [MESSAGE][WARNING] - Object Object Repository/1.Registration and Login/Login Page/button_ForgotmPIN not found

2023-03-02 13:17:06 - [TEST_STEP][PASSED] - callTestCase(findTestCase("Utilities/Enter_mPIN"), [:], STOP_ON_FAILURE): Call Test Case 'Test Cases/Utilities/Enter_mPIN' successfully

2023-03-02 13:17:06 - [TEST_CASE][PASSED] - Test Cases/Utilities/Enter_mPIN: Test Cases/Utilities/Enter_mPIN

2023-03-02 13:17:08 - [TEST_STEP][PASSED] - driver = getDriver(): null

2023-03-02 13:17:08 - [TEST_STEP][PASSED] - driver.pressKey(new io.appium.java_client.android.nativekey.KeyEvent(io.appium.java_client.android.nativekey.AndroidKey.DIGIT_1)): null

2023-03-02 13:17:08 - [TEST_STEP][PASSED] - driver.pressKey(new io.appium.java_client.android.nativekey.KeyEvent(io.appium.java_client.android.nativekey.AndroidKey.DIGIT_0)): null

2023-03-02 13:17:09 - [TEST_STEP][PASSED] - driver.pressKey(new io.appium.java_client.android.nativekey.KeyEvent(io.appium.java_client.android.nativekey.AndroidKey.DIGIT_2)): null

2023-03-02 13:17:09 - [TEST_STEP][PASSED] - driver.pressKey(new io.appium.java_client.android.nativekey.KeyEvent(io.appium.java_client.android.nativekey.AndroidKey.DIGIT_0)): null

2023-03-02 13:17:09 - [TEST_STEP][PASSED] - driver.pressKey(new io.appium.java_client.android.nativekey.KeyEvent(io.appium.java_client.android.nativekey.AndroidKey.DIGIT_3)): null

2023-03-02 13:17:09 - [TEST_STEP][PASSED] - driver.pressKey(new io.appium.java_client.android.nativekey.KeyEvent(io.appium.java_client.android.nativekey.AndroidKey.DIGIT_0)): null

2023-03-02 13:17:09 - [TEST_STEP][PASSED] - driver.pressKey(new io.appium.java_client.android.nativekey.KeyEvent(io.appium.java_client.android.nativekey.AndroidKey.ENTER)): null

2023-03-02 13:17:09 - [MESSAGE][PASSED] - Call Test Case 'Test Cases/Utilities/Enter_mPIN' successfully

2023-03-02 13:17:09 - [TEST_STEP][PASSED] - waitForElementPresent(findTestObject("2.Dashboard/Accounts/AccountDetails"), 60): Object Object Repository/2.Dashboard/Accounts/AccountDetails not found

2023-03-02 13:18:10 - [MESSAGE][WARNING] - Object Object Repository/2.Dashboard/Accounts/AccountDetails not found

2023-03-02 13:18:10 - [TEST_STEP][PASSED] - takeScreenshot(): Screenshot is taken

2023-03-02 13:18:12 - [MESSAGE][PASSED] - Screenshot is taken
[[ATTACHMENT|C:\\Users\\Dell\\git\\SuperApp-Ajman\\Reports\\20230302_131329\\TS_Demo\\20230302_131329\\1677743290112.png]]

2023-03-02 13:18:12 - [TEST_STEP][FAILED] - content = getAttribute(findTestObject("2.Dashboard/Accounts/AccountDetails"), "contentDescription", 0): Object Object Repository/2.Dashboard/Accounts/AccountDetails not found

2023-03-02 13:18:13 - [MESSAGE][WARNING] - Timeout '0' is invalid. Using default page load timeout: '30'

2023-03-02 13:18:43 - [MESSAGE][FAILED] - Object Object Repository/2.Dashboard/Accounts/AccountDetails not found

2023-03-02 13:18:43 - [TEST_STEP][ERROR] - tap(findTestObject("2.Dashboard/Accounts/label_Finances"), 0): Test Cases/Demo/TC 01 - Login with mPIN FAILED.
Reason:
org.openqa.selenium.NoSuchSessionException: A session is either terminated or not started (WARNING: The server did not provide any stacktrace information)
Command duration or timeout: 0 milliseconds
Build info: version: '3.141.59', revision: 'e82be7d358', time: '2018-11-14T08:25:53'
System info: host: 'DESKTOP-RBJSP3C', ip: '192.168.1.6', os.name: 'Windows 10', os.arch: 'amd64', os.version: '10.0', java.version: '1.8.0_282'
Driver info: com.kms.katalon.core.appium.driver.SwipeableAndroidDriver
Capabilities {64bit: false, acceptSslCert: false, acceptSslCerts: false, adbExecTimeout: 120000, appActivity: com.example.ajman.MainActivity, appPackage: com.cbt.ajmandigital, automationName: uiautomator2, browserstack.appium_version: 1.17.0, browserstack.is_hub_canary: false, browserstack.minOSVersion: 5.0, buildName: browserstack-build-1, bundleID: com.cbt.ajmandigital, bundleId: com.cbt.ajmandigital, capabilities: {64bit: false, acceptSslCert: false, acceptSslCerts: false, adbExecTimeout: 120000, appActivity: com.example.ajman.MainActivity, appPackage: com.cbt.ajmandigital, automationName: uiautomator2, browserstack.appium_version: 1.17.0, browserstack.is_hub_canary: false, browserstack.minOSVersion: 5.0, buildName: browserstack-build-1, bundleID: com.cbt.ajmandigital, bundleId: com.cbt.ajmandigital, chromeOptions: {w3c: false}, chromedriverPort: 18081, chromedriverPorts: [[18111, 18121]], databaseEnabled: false, detected_language: selenium/3.141.59 (java win..., device: google pixel 3, deviceApiLevel: 28, deviceManufacturer: Google, deviceModel: Pixel 3, deviceName: 8BQX1E0W3, deviceScreenDensity: 440, deviceScreenSize: 1080x2160, deviceUDID: 8BQX1E0W3, disableSuppressAccessibilityService: true, enablePerformanceLogging: false, javascriptEnabled: true, locationContextEnabled: false, mobile: {browser: mobile, version: Google Pixel 3-9.0}, nativeWebScreenshot: true, networkConnectionEnabled: true, newCommandTimeout: 0, new_bucketing: true, orig_os: android, osVersion: 9.0, os_version: 9.0, pixelRatio: 2.75, platform: ANDROID, platformName: Android, platformVersion: 9, projectName: First Java Project, realMobile: true, sessionId: bc9875037ffeb5a73ba99b59408..., sessionName: first_test, skipServerInstallation: true, statBarHeight: 66, systemPort: 8201, takesScreenshot: true, udid: 8BQX1E0W3, uiautomator2ServerLaunchTimeout: 60000, version: , viewportRect: {height: 1962, left: 0, top: 66, width: 1080}, warnings: {}, webStorageEnabled: false}, chromeOptions: {w3c: false}, chromedriverPort: 18081, chromedriverPorts: [[18111, 18121]], databaseEnabled: false, detected_language: selenium/3.141.59 (java win..., device: google pixel 3, deviceApiLevel: 28, deviceManufacturer: Google, deviceModel: Pixel 3, deviceName: 8BQX1E0W3, deviceScreenDensity: 440, deviceScreenSize: 1080x2160, deviceUDID: 8BQX1E0W3, disableSuppressAccessibilityService: true, enablePerformanceLogging: false, javascriptEnabled: true, locationContextEnabled: false, mobile: {browser: mobile, version: Google Pixel 3-9.0}, nativeWebScreenshot: true, networkConnectionEnabled: true, newCommandTimeout: 0, new_bucketing: true, orig_os: android, osVersion: 9.0, os_version: 9.0, pixelRatio: 2.75, platform: ANDROID, platformName: Android, platformVersion: 9, projectName: First Java Project, realMobile: true, sessionId: bc9875037ffeb5a73ba99b59408..., sessionName: first_test, skipServerInstallation: true, statBarHeight: 66, systemPort: 8201, takesScreenshot: true, udid: 8BQX1E0W3, uiautomator2ServerLaunchTimeout: 60000, version: , viewportRect: {height: 1962, left: 0, top: 66, width: 1080}, warnings: {}, webStorageEnabled: false}
Session ID: bc9875037ffeb5a73ba99b594082cce2f8270e15
	at org.openqa.selenium.remote.ErrorHandler.createThrowable(ErrorHandler.java:214)
	at org.openqa.selenium.remote.ErrorHandler.throwIfResponseFailed(ErrorHandler.java:166)
	at org.openqa.selenium.remote.http.JsonHttpResponseCodec.reconstructValue(JsonHttpResponseCodec.java:40)
	at org.openqa.selenium.remote.http.AbstractHttpResponseCodec.decode(AbstractHttpResponseCodec.java:80)
	at org.openqa.selenium.remote.http.AbstractHttpResponseCodec.decode(AbstractHttpResponseCodec.java:44)
	at org.openqa.selenium.remote.HttpCommandExecutor.execute(HttpCommandExecutor.java:158)
	at io.appium.java_client.remote.AppiumCommandExecutor.execute(AppiumCommandExecutor.java:239)
	at org.openqa.selenium.remote.RemoteWebDriver.execute(RemoteWebDriver.java:552)
	at io.appium.java_client.DefaultGenericMobileDriver.execute(DefaultGenericMobileDriver.java:46)
	at io.appium.java_client.AppiumDriver.execute(AppiumDriver.java:1)
	at io.appium.java_client.android.AndroidDriver.execute(AndroidDriver.java:1)
	at com.kms.katalon.core.appium.driver.SwipeableAndroidDriver.execute(SwipeableAndroidDriver.java:1)
	at io.appium.java_client.AppiumDriver.getContext(AppiumDriver.java:219)
	at com.kms.katalon.core.mobile.helper.MobileScreenCaptor.take(MobileScreenCaptor.java:50)
	at com.kms.katalon.core.helper.screenshot.ScreenCaptor.takeScreenshotAndGetAttributes(ScreenCaptor.java:37)
	at com.kms.katalon.core.mobile.keyword.internal.MobileKeywordMain.stepFailed(MobileKeywordMain.groovy:40)
	at com.kms.katalon.core.mobile.keyword.internal.MobileKeywordMain.runKeyword(MobileKeywordMain.groovy:23)
	at com.kms.katalon.core.mobile.keyword.builtin.TapKeyword.tap(TapKeyword.groovy:84)
	at com.kms.katalon.core.mobile.keyword.builtin.TapKeyword.execute(TapKeyword.groovy:68)
	at com.kms.katalon.core.keyword.internal.KeywordExecutor.executeKeywordForPlatform(KeywordExecutor.groovy:74)
	at com.kms.katalon.core.mobile.keyword.MobileBuiltInKeywords.tap(MobileBuiltInKeywords.groovy:1490)
	at com.kms.katalon.core.mobile.keyword.MobileBuiltInKeywords$tap$0.call(Unknown Source)
	at TC 01 - Login with mPIN.run(TC 01 - Login with mPIN:41)
	at com.kms.katalon.core.main.ScriptEngine.run(ScriptEngine.java:194)
	at com.kms.katalon.core.main.ScriptEngine.runScriptAsRawText(ScriptEngine.java:119)
	at com.kms.katalon.core.main.TestCaseExecutor.runScript(TestCaseExecutor.java:448)
	at com.kms.katalon.core.main.TestCaseExecutor.doExecute(TestCaseExecutor.java:439)
	at com.kms.katalon.core.main.TestCaseExecutor.processExecutionPhase(TestCaseExecutor.java:418)
	at com.kms.katalon.core.main.TestCaseExecutor.accessMainPhase(TestCaseExecutor.java:410)
	at com.kms.katalon.core.main.TestCaseExecutor.execute(TestCaseExecutor.java:285)
	at com.kms.katalon.core.common.CommonExecutor.accessTestCaseMainPhase(CommonExecutor.java:65)
	at com.kms.katalon.core.main.TestSuiteExecutor.accessTestSuiteMainPhase(TestSuiteExecutor.java:151)
	at com.kms.katalon.core.main.TestSuiteExecutor.execute(TestSuiteExecutor.java:106)
	at com.kms.katalon.core.main.TestCaseMain.startTestSuite(TestCaseMain.java:185)
	at com.kms.katalon.core.main.TestCaseMain$startTestSuite$0.call(Unknown Source)
	at TempTestSuite1677743009884.run(TempTestSuite1677743009884.groovy:36)


2023-03-02 13:18:43 - [MESSAGE][WARNING] - Timeout '0' is invalid. Using default page load timeout: '30'

2023-03-02 13:18:47 - [MESSAGE][ERROR] - Test Cases/Demo/TC 01 - Login with mPIN FAILED.
Reason:
org.openqa.selenium.NoSuchSessionException: A session is either terminated or not started (WARNING: The server did not provide any stacktrace information)
Command duration or timeout: 0 milliseconds
Build info: version: '3.141.59', revision: 'e82be7d358', time: '2018-11-14T08:25:53'
System info: host: 'DESKTOP-RBJSP3C', ip: '192.168.1.6', os.name: 'Windows 10', os.arch: 'amd64', os.version: '10.0', java.version: '1.8.0_282'
Driver info: com.kms.katalon.core.appium.driver.SwipeableAndroidDriver
Capabilities {64bit: false, acceptSslCert: false, acceptSslCerts: false, adbExecTimeout: 120000, appActivity: com.example.ajman.MainActivity, appPackage: com.cbt.ajmandigital, automationName: uiautomator2, browserstack.appium_version: 1.17.0, browserstack.is_hub_canary: false, browserstack.minOSVersion: 5.0, buildName: browserstack-build-1, bundleID: com.cbt.ajmandigital, bundleId: com.cbt.ajmandigital, capabilities: {64bit: false, acceptSslCert: false, acceptSslCerts: false, adbExecTimeout: 120000, appActivity: com.example.ajman.MainActivity, appPackage: com.cbt.ajmandigital, automationName: uiautomator2, browserstack.appium_version: 1.17.0, browserstack.is_hub_canary: false, browserstack.minOSVersion: 5.0, buildName: browserstack-build-1, bundleID: com.cbt.ajmandigital, bundleId: com.cbt.ajmandigital, chromeOptions: {w3c: false}, chromedriverPort: 18081, chromedriverPorts: [[18111, 18121]], databaseEnabled: false, detected_language: selenium/3.141.59 (java win..., device: google pixel 3, deviceApiLevel: 28, deviceManufacturer: Google, deviceModel: Pixel 3, deviceName: 8BQX1E0W3, deviceScreenDensity: 440, deviceScreenSize: 1080x2160, deviceUDID: 8BQX1E0W3, disableSuppressAccessibilityService: true, enablePerformanceLogging: false, javascriptEnabled: true, locationContextEnabled: false, mobile: {browser: mobile, version: Google Pixel 3-9.0}, nativeWebScreenshot: true, networkConnectionEnabled: true, newCommandTimeout: 0, new_bucketing: true, orig_os: android, osVersion: 9.0, os_version: 9.0, pixelRatio: 2.75, platform: ANDROID, platformName: Android, platformVersion: 9, projectName: First Java Project, realMobile: true, sessionId: bc9875037ffeb5a73ba99b59408..., sessionName: first_test, skipServerInstallation: true, statBarHeight: 66, systemPort: 8201, takesScreenshot: true, udid: 8BQX1E0W3, uiautomator2ServerLaunchTimeout: 60000, version: , viewportRect: {height: 1962, left: 0, top: 66, width: 1080}, warnings: {}, webStorageEnabled: false}, chromeOptions: {w3c: false}, chromedriverPort: 18081, chromedriverPorts: [[18111, 18121]], databaseEnabled: false, detected_language: selenium/3.141.59 (java win..., device: google pixel 3, deviceApiLevel: 28, deviceManufacturer: Google, deviceModel: Pixel 3, deviceName: 8BQX1E0W3, deviceScreenDensity: 440, deviceScreenSize: 1080x2160, deviceUDID: 8BQX1E0W3, disableSuppressAccessibilityService: true, enablePerformanceLogging: false, javascriptEnabled: true, locationContextEnabled: false, mobile: {browser: mobile, version: Google Pixel 3-9.0}, nativeWebScreenshot: true, networkConnectionEnabled: true, newCommandTimeout: 0, new_bucketing: true, orig_os: android, osVersion: 9.0, os_version: 9.0, pixelRatio: 2.75, platform: ANDROID, platformName: Android, platformVersion: 9, projectName: First Java Project, realMobile: true, sessionId: bc9875037ffeb5a73ba99b59408..., sessionName: first_test, skipServerInstallation: true, statBarHeight: 66, systemPort: 8201, takesScreenshot: true, udid: 8BQX1E0W3, uiautomator2ServerLaunchTimeout: 60000, version: , viewportRect: {height: 1962, left: 0, top: 66, width: 1080}, warnings: {}, webStorageEnabled: false}
Session ID: bc9875037ffeb5a73ba99b594082cce2f8270e15
	at org.openqa.selenium.remote.ErrorHandler.createThrowable(ErrorHandler.java:214)
	at org.openqa.selenium.remote.ErrorHandler.throwIfResponseFailed(ErrorHandler.java:166)
	at org.openqa.selenium.remote.http.JsonHttpResponseCodec.reconstructValue(JsonHttpResponseCodec.java:40)
	at org.openqa.selenium.remote.http.AbstractHttpResponseCodec.decode(AbstractHttpResponseCodec.java:80)
	at org.openqa.selenium.remote.http.AbstractHttpResponseCodec.decode(AbstractHttpResponseCodec.java:44)
	at org.openqa.selenium.remote.HttpCommandExecutor.execute(HttpCommandExecutor.java:158)
	at io.appium.java_client.remote.AppiumCommandExecutor.execute(AppiumCommandExecutor.java:239)
	at org.openqa.selenium.remote.RemoteWebDriver.execute(RemoteWebDriver.java:552)
	at io.appium.java_client.DefaultGenericMobileDriver.execute(DefaultGenericMobileDriver.java:46)
	at io.appium.java_client.AppiumDriver.execute(AppiumDriver.java:1)
	at io.appium.java_client.android.AndroidDriver.execute(AndroidDriver.java:1)
	at com.kms.katalon.core.appium.driver.SwipeableAndroidDriver.execute(SwipeableAndroidDriver.java:1)
	at io.appium.java_client.AppiumDriver.getContext(AppiumDriver.java:219)
	at com.kms.katalon.core.mobile.helper.MobileScreenCaptor.take(MobileScreenCaptor.java:50)
	at com.kms.katalon.core.helper.screenshot.ScreenCaptor.takeScreenshotAndGetAttributes(ScreenCaptor.java:37)
	at com.kms.katalon.core.mobile.keyword.internal.MobileKeywordMain.stepFailed(MobileKeywordMain.groovy:40)
	at com.kms.katalon.core.mobile.keyword.internal.MobileKeywordMain.runKeyword(MobileKeywordMain.groovy:23)
	at com.kms.katalon.core.mobile.keyword.builtin.TapKeyword.tap(TapKeyword.groovy:84)
	at com.kms.katalon.core.mobile.keyword.builtin.TapKeyword.execute(TapKeyword.groovy:68)
	at com.kms.katalon.core.keyword.internal.KeywordExecutor.executeKeywordForPlatform(KeywordExecutor.groovy:74)
	at com.kms.katalon.core.mobile.keyword.MobileBuiltInKeywords.tap(MobileBuiltInKeywords.groovy:1490)
	at com.kms.katalon.core.mobile.keyword.MobileBuiltInKeywords$tap$0.call(Unknown Source)
	at TC 01 - Login with mPIN.run(TC 01 - Login with mPIN:41)
	at com.kms.katalon.core.main.ScriptEngine.run(ScriptEngine.java:194)
	at com.kms.katalon.core.main.ScriptEngine.runScriptAsRawText(ScriptEngine.java:119)
	at com.kms.katalon.core.main.TestCaseExecutor.runScript(TestCaseExecutor.java:448)
	at com.kms.katalon.core.main.TestCaseExecutor.doExecute(TestCaseExecutor.java:439)
	at com.kms.katalon.core.main.TestCaseExecutor.processExecutionPhase(TestCaseExecutor.java:418)
	at com.kms.katalon.core.main.TestCaseExecutor.accessMainPhase(TestCaseExecutor.java:410)
	at com.kms.katalon.core.main.TestCaseExecutor.execute(TestCaseExecutor.java:285)
	at com.kms.katalon.core.common.CommonExecutor.accessTestCaseMainPhase(CommonExecutor.java:65)
	at com.kms.katalon.core.main.TestSuiteExecutor.accessTestSuiteMainPhase(TestSuiteExecutor.java:151)
	at com.kms.katalon.core.main.TestSuiteExecutor.execute(TestSuiteExecutor.java:106)
	at com.kms.katalon.core.main.TestCaseMain.startTestSuite(TestCaseMain.java:185)
	at com.kms.katalon.core.main.TestCaseMain$startTestSuite$0.call(Unknown Source)
	at TempTestSuite1677743009884.run(TempTestSuite1677743009884.groovy:36)


2023-03-02 13:18:47 - [TEST_STEP][PASSED] - Start listener action : autoUpdateJobStatus: [SAUCELABS] Current run configuration: Chrome

2023-03-02 13:18:47 - [MESSAGE][INFO] - [SAUCELABS] Current run configuration: Chrome]]></system-out>
         <system-err><![CDATA[2023-03-02 13:16:01 - [TEST_CASE][FAILED] - Test Cases/Demo/TC 01 - Login with mPIN: Test Cases/Demo/TC 01 - Login with mPIN FAILED.
Reason:
com.kms.katalon.core.exception.StepFailedException: Object Object Repository/2.Dashboard/Accounts/AccountDetails not found
	at com.kms.katalon.core.keyword.internal.KeywordMain.stepFailed(KeywordMain.groovy:39)
	at com.kms.katalon.core.mobile.keyword.internal.MobileKeywordMain.stepFailed(MobileKeywordMain.groovy:40)
	at com.kms.katalon.core.mobile.keyword.builtin.GetAttributeKeyword$_getAttribute_closure1.doCall(GetAttributeKeyword.groovy:76)
	at com.kms.katalon.core.mobile.keyword.builtin.GetAttributeKeyword$_getAttribute_closure1.call(GetAttributeKeyword.groovy)
	at com.kms.katalon.core.mobile.keyword.internal.MobileKeywordMain.runKeyword(MobileKeywordMain.groovy:21)
	at com.kms.katalon.core.mobile.keyword.builtin.GetAttributeKeyword.getAttribute(GetAttributeKeyword.groovy:82)
	at com.kms.katalon.core.mobile.keyword.builtin.GetAttributeKeyword.execute(GetAttributeKeyword.groovy:66)
	at com.kms.katalon.core.keyword.internal.KeywordExecutor.executeKeywordForPlatform(KeywordExecutor.groovy:74)
	at com.kms.katalon.core.mobile.keyword.MobileBuiltInKeywords.getAttribute(MobileBuiltInKeywords.groovy:1656)
	at com.kms.katalon.core.mobile.keyword.MobileBuiltInKeywords$getAttribute$4.call(Unknown Source)
	at TC 01 - Login with mPIN.run(TC 01 - Login with mPIN:39)
	at com.kms.katalon.core.main.ScriptEngine.run(ScriptEngine.java:194)
	at com.kms.katalon.core.main.ScriptEngine.runScriptAsRawText(ScriptEngine.java:119)
	at com.kms.katalon.core.main.TestCaseExecutor.runScript(TestCaseExecutor.java:448)
	at com.kms.katalon.core.main.TestCaseExecutor.doExecute(TestCaseExecutor.java:439)
	at com.kms.katalon.core.main.TestCaseExecutor.processExecutionPhase(TestCaseExecutor.java:418)
	at com.kms.katalon.core.main.TestCaseExecutor.accessMainPhase(TestCaseExecutor.java:410)
	at com.kms.katalon.core.main.TestCaseExecutor.execute(TestCaseExecutor.java:285)
	at com.kms.katalon.core.common.CommonExecutor.accessTestCaseMainPhase(CommonExecutor.java:65)
	at com.kms.katalon.core.main.TestSuiteExecutor.accessTestSuiteMainPhase(TestSuiteExecutor.java:151)
	at com.kms.katalon.core.main.TestSuiteExecutor.execute(TestSuiteExecutor.java:106)
	at com.kms.katalon.core.main.TestCaseMain.startTestSuite(TestCaseMain.java:185)
	at com.kms.katalon.core.main.TestCaseMain$startTestSuite$0.call(Unknown Source)
	at TempTestSuite1677743009884.run(TempTestSuite1677743009884.groovy:36)]]></system-err>
      </testcase>
      <system-out><![CDATA[2023-03-02 13:13:42 - [TEST_SUITE][INCOMPLETE] - TS_Demo: null]]></system-out>
      <system-err><![CDATA[2023-03-02 13:13:42 - [TEST_SUITE][INCOMPLETE] - TS_Demo: null]]></system-err>
   </testsuite>
</testsuites>
