<?xml version="1.0" encoding="UTF-8"?>
<testsuites name="TS_001" time="427.248" tests="2" failures="0" errors="0">
   <testsuite name="TS_001" tests="2" failures="0" errors="0" time="427.248" skipped="0" timestamp="2023-01-22 11:54:49" hostname="Dell - DESKTOP-RBJSP3C.bbrouter" id="Test Suites/TS_001">
      <properties>
         <property name="deviceName" value="null"/>
         <property name="devicePlatform" value=""/>
         <property name="logFolder" value="C:\\Users\\Dell\\git\\SuperApp-Ajman\\Reports\\20230122_115443\\TS_001\\20230122_115443"/>
         <property name="logFiles" value="C:\\Users\\Dell\\git\\SuperApp-Ajman\\Reports\\20230122_115443\\TS_001\\20230122_115443\\execution0.log"/>
         <property name="attachments" value="C:\\Users\\Dell\\git\\SuperApp-Ajman\\Reports\\20230122_115443\\TS_001\\20230122_115443\\./ScreenShots/FEWA.png"/>
         <property name="hostName" value="Dell - DESKTOP-RBJSP3C.bbrouter"/>
         <property name="os" value="Windows 10 64bit"/>
         <property name="appiumServerStatus" value="{&quot;status&quot;:0,&quot;sessionId&quot;:null,&quot;value&quot;:{&quot;build&quot;:{&quot;time&quot;:&quot;2015-02-26 23:59:50&quot;,&quot;version&quot;:&quot;2.45.0&quot;,&quot;revision&quot;:&quot;5017cb8&quot;}},&quot;state&quot;:&quot;success&quot;}"/>
         <property name="katalonVersion" value="8.4.0.208"/>
         <property name="deviceOS" value="null"/>
         <property name="appiumVersion" value="2.45.0"/>
         <property name="deviceModel" value="null"/>
         <property name="hostAddress" value="192.168.1.6"/>
         <property name="deviceManufacturer" value="null"/>
         <property name="deviceId" value="null"/>
         <property name="deviceName" value="null"/>
         <property name="deviceOSVersion" value="null"/>
      </properties>
      <testcase name="Test Cases/Registration/TC 01 - Registration with Debit Card" time="195.941" classname="Test Cases/Registration/TC 01 - Registration with Debit Card" status="PASSED">
         <system-out><![CDATA[2023-01-22 11:54:49 - [TEST_CASE][PASSED] - Test Cases/Registration/TC 01 - Registration with Debit Card: Test Cases/Registration/TC 01 - Registration with Debit Card

2023-01-22 11:54:49 - [TEST_STEP][PASSED] - Start listener action : enableSauceLabs: [SAUCELABS] Saucelabs Plugin will not attempt to auto update job status and information !

2023-01-22 11:54:49 - [MESSAGE][INFO] - [SAUCELABS] Current run configuration: Chrome

2023-01-22 11:54:49 - [MESSAGE][INFO] - [SAUCELABS] Saucelabs Plugin will not attempt to auto update job status and information !

2023-01-22 11:54:51 - [TEST_STEP][PASSED] - callTestCase(findTestCase("Utilities/BrowserStackIntegration"), [:], STOP_ON_FAILURE): Call Test Case 'Test Cases/Utilities/BrowserStackIntegration' successfully

2023-01-22 11:54:52 - [TEST_CASE][PASSED] - Test Cases/Utilities/BrowserStackIntegration: Test Cases/Utilities/BrowserStackIntegration

2023-01-22 11:54:53 - [TEST_STEP][PASSED] - caps = new org.openqa.selenium.remote.DesiredCapabilities(): null

2023-01-22 11:54:53 - [TEST_STEP][PASSED] - caps.setCapability("browserstack.user", "akhilg_bcP6MO"): null

2023-01-22 11:54:53 - [TEST_STEP][PASSED] - caps.setCapability("browserstack.key", "RcXLz7Sh5mbzziaT81Jd"): null

2023-01-22 11:54:53 - [TEST_STEP][PASSED] - caps.setCapability("app", "bs://7ca0d82e87441ed71a307a05d6adba85324711bb"): null

2023-01-22 11:54:53 - [TEST_STEP][PASSED] - caps.setCapability("device", "Google Pixel 3"): null

2023-01-22 11:54:53 - [TEST_STEP][PASSED] - caps.setCapability("os_version", "9.0"): null

2023-01-22 11:54:53 - [TEST_STEP][PASSED] - caps.setCapability("project", "First Java Project"): null

2023-01-22 11:54:53 - [TEST_STEP][PASSED] - caps.setCapability("build", "browserstack-build-1"): null

2023-01-22 11:54:53 - [TEST_STEP][PASSED] - caps.setCapability("name", "first_test"): null

2023-01-22 11:54:53 - [TEST_STEP][PASSED] - createMobileDriver(ANDROID_DRIVER, caps, new java.net.URL(http://hub.browserstack.com/wd/hub)): null

2023-01-22 11:55:26 - [MESSAGE][PASSED] - Call Test Case 'Test Cases/Utilities/BrowserStackIntegration' successfully

2023-01-22 11:55:26 - [TEST_STEP][PASSED] - delay(30, STOP_ON_FAILURE): Delayed 30 second(s)

2023-01-22 11:55:56 - [MESSAGE][PASSED] - Delayed 30 second(s)

2023-01-22 11:55:56 - [TEST_STEP][PASSED] - tap(findTestObject("1.Registration and Login/Welcome Page/Button_Existing Customer"), 0): Tapped on element 'Object Repository/1.Registration and Login/Welcome Page/Button_Existing Customer'

2023-01-22 11:55:56 - [MESSAGE][WARNING] - Timeout '0' is invalid. Using default page load timeout: '30'

2023-01-22 11:55:57 - [MESSAGE][PASSED] - Tapped on element 'Object Repository/1.Registration and Login/Welcome Page/Button_Existing Customer'

2023-01-22 11:55:57 - [TEST_STEP][PASSED] - delay(2, STOP_ON_FAILURE): Delayed 2 second(s)

2023-01-22 11:55:59 - [MESSAGE][PASSED] - Delayed 2 second(s)

2023-01-22 11:55:59 - [TEST_STEP][PASSED] - tap(findTestObject("1.Registration and Login/Card Details Page/Radio Button_Debit Card"), 0): Tapped on element 'Object Repository/1.Registration and Login/Card Details Page/Radio Button_Debit Card'

2023-01-22 11:56:00 - [MESSAGE][WARNING] - Timeout '0' is invalid. Using default page load timeout: '30'

2023-01-22 11:56:00 - [MESSAGE][PASSED] - Tapped on element 'Object Repository/1.Registration and Login/Card Details Page/Radio Button_Debit Card'

2023-01-22 11:56:00 - [TEST_STEP][PASSED] - delay(2, STOP_ON_FAILURE): Delayed 2 second(s)

2023-01-22 11:56:02 - [MESSAGE][PASSED] - Delayed 2 second(s)

2023-01-22 11:56:02 - [TEST_STEP][PASSED] - tap(findTestObject("1.Registration and Login/Card Details Page/Text Box_Debit Card"), 0): Tapped on element 'Object Repository/1.Registration and Login/Card Details Page/Text Box_Debit Card'

2023-01-22 11:56:02 - [MESSAGE][WARNING] - Timeout '0' is invalid. Using default page load timeout: '30'

2023-01-22 11:56:03 - [MESSAGE][PASSED] - Tapped on element 'Object Repository/1.Registration and Login/Card Details Page/Text Box_Debit Card'

2023-01-22 11:56:03 - [TEST_STEP][PASSED] - delay(1, STOP_ON_FAILURE): Delayed 1 second(s)

2023-01-22 11:56:04 - [MESSAGE][PASSED] - Delayed 1 second(s)

2023-01-22 11:56:04 - [TEST_STEP][PASSED] - setText(findTestObject("1.Registration and Login/Card Details Page/Text Box_Debit Card Entry"), "5244550100131209", 0): Text '5244550100131209' has been set to element 'Object Repository/1.Registration and Login/Card Details Page/Text Box_Debit Card Entry'

2023-01-22 11:56:05 - [MESSAGE][WARNING] - Timeout '0' is invalid. Using default page load timeout: '30'

2023-01-22 11:56:05 - [MESSAGE][PASSED] - Text '5244550100131209' has been set to element 'Object Repository/1.Registration and Login/Card Details Page/Text Box_Debit Card Entry'

2023-01-22 11:56:05 - [TEST_STEP][PASSED] - delay(2, STOP_ON_FAILURE): Delayed 2 second(s)

2023-01-22 11:56:07 - [MESSAGE][PASSED] - Delayed 2 second(s)

2023-01-22 11:56:07 - [TEST_STEP][PASSED] - tap(findTestObject("1.Registration and Login/Card Details Page/Text Box_Card Pin"), 0): Tapped on element 'Object Repository/1.Registration and Login/Card Details Page/Text Box_Card Pin'

2023-01-22 11:56:08 - [MESSAGE][WARNING] - Timeout '0' is invalid. Using default page load timeout: '30'

2023-01-22 11:56:08 - [MESSAGE][PASSED] - Tapped on element 'Object Repository/1.Registration and Login/Card Details Page/Text Box_Card Pin'

2023-01-22 11:56:08 - [TEST_STEP][PASSED] - delay(1, STOP_ON_FAILURE): Delayed 1 second(s)

2023-01-22 11:56:09 - [MESSAGE][PASSED] - Delayed 1 second(s)

2023-01-22 11:56:09 - [TEST_STEP][PASSED] - setText(findTestObject("1.Registration and Login/Card Details Page/Text Box_Card Pin"), "1234", 0): Text '1234' has been set to element 'Object Repository/1.Registration and Login/Card Details Page/Text Box_Card Pin'

2023-01-22 11:56:09 - [MESSAGE][WARNING] - Timeout '0' is invalid. Using default page load timeout: '30'

2023-01-22 11:56:10 - [MESSAGE][PASSED] - Text '1234' has been set to element 'Object Repository/1.Registration and Login/Card Details Page/Text Box_Card Pin'

2023-01-22 11:56:10 - [TEST_STEP][PASSED] - delay(2, STOP_ON_FAILURE): Delayed 2 second(s)

2023-01-22 11:56:12 - [MESSAGE][PASSED] - Delayed 2 second(s)

2023-01-22 11:56:12 - [TEST_STEP][PASSED] - tap(findTestObject("1.Registration and Login/Card Details Page/Button_Next on Card details"), 0): Tapped on element 'Object Repository/1.Registration and Login/Card Details Page/Button_Next on Card details'

2023-01-22 11:56:13 - [MESSAGE][WARNING] - Timeout '0' is invalid. Using default page load timeout: '30'

2023-01-22 11:56:13 - [MESSAGE][PASSED] - Tapped on element 'Object Repository/1.Registration and Login/Card Details Page/Button_Next on Card details'

2023-01-22 11:56:13 - [TEST_STEP][PASSED] - delay(30, STOP_ON_FAILURE): Delayed 30 second(s)

2023-01-22 11:56:43 - [MESSAGE][PASSED] - Delayed 30 second(s)

2023-01-22 11:56:43 - [TEST_STEP][PASSED] - driver = getDriver(): null

2023-01-22 11:56:43 - [TEST_STEP][PASSED] - delay(2): Delayed 2 second(s)

2023-01-22 11:56:45 - [MESSAGE][PASSED] - Delayed 2 second(s)

2023-01-22 11:56:45 - [TEST_STEP][PASSED] - driver.pressKey(new io.appium.java_client.android.nativekey.KeyEvent(io.appium.java_client.android.nativekey.AndroidKey.DIGIT_6)): null

2023-01-22 11:56:46 - [TEST_STEP][PASSED] - delay(2): Delayed 2 second(s)

2023-01-22 11:56:48 - [MESSAGE][PASSED] - Delayed 2 second(s)

2023-01-22 11:56:48 - [TEST_STEP][PASSED] - driver.pressKey(new io.appium.java_client.android.nativekey.KeyEvent(io.appium.java_client.android.nativekey.AndroidKey.DIGIT_5)): null

2023-01-22 11:56:48 - [TEST_STEP][PASSED] - delay(2): Delayed 2 second(s)

2023-01-22 11:56:50 - [MESSAGE][PASSED] - Delayed 2 second(s)

2023-01-22 11:56:50 - [TEST_STEP][PASSED] - driver.pressKey(new io.appium.java_client.android.nativekey.KeyEvent(io.appium.java_client.android.nativekey.AndroidKey.DIGIT_4)): null

2023-01-22 11:56:50 - [TEST_STEP][PASSED] - delay(2): Delayed 2 second(s)

2023-01-22 11:56:52 - [MESSAGE][PASSED] - Delayed 2 second(s)

2023-01-22 11:56:52 - [TEST_STEP][PASSED] - driver.pressKey(new io.appium.java_client.android.nativekey.KeyEvent(io.appium.java_client.android.nativekey.AndroidKey.DIGIT_3)): null

2023-01-22 11:56:53 - [TEST_STEP][PASSED] - delay(2): Delayed 2 second(s)

2023-01-22 11:56:55 - [MESSAGE][PASSED] - Delayed 2 second(s)

2023-01-22 11:56:55 - [TEST_STEP][PASSED] - driver.pressKey(new io.appium.java_client.android.nativekey.KeyEvent(io.appium.java_client.android.nativekey.AndroidKey.DIGIT_2)): null

2023-01-22 11:56:55 - [TEST_STEP][PASSED] - delay(2): Delayed 2 second(s)

2023-01-22 11:56:57 - [MESSAGE][PASSED] - Delayed 2 second(s)

2023-01-22 11:56:57 - [TEST_STEP][PASSED] - driver.pressKey(new io.appium.java_client.android.nativekey.KeyEvent(io.appium.java_client.android.nativekey.AndroidKey.DIGIT_1)): null

2023-01-22 11:56:57 - [TEST_STEP][PASSED] - delay(2): Delayed 2 second(s)

2023-01-22 11:56:59 - [MESSAGE][PASSED] - Delayed 2 second(s)

2023-01-22 11:56:59 - [TEST_STEP][PASSED] - driver.pressKey(new io.appium.java_client.android.nativekey.KeyEvent(io.appium.java_client.android.nativekey.AndroidKey.ENTER)): null

2023-01-22 11:56:59 - [TEST_STEP][PASSED] - delay(5, STOP_ON_FAILURE): Delayed 5 second(s)

2023-01-22 11:57:04 - [MESSAGE][PASSED] - Delayed 5 second(s)

2023-01-22 11:57:04 - [TEST_STEP][PASSED] - tap(findTestObject("1.Registration and Login/OTP Page/Button_Verify OTP"), 0): Tapped on element 'Object Repository/1.Registration and Login/OTP Page/Button_Verify OTP'

2023-01-22 11:57:05 - [MESSAGE][WARNING] - Timeout '0' is invalid. Using default page load timeout: '30'

2023-01-22 11:57:05 - [MESSAGE][PASSED] - Tapped on element 'Object Repository/1.Registration and Login/OTP Page/Button_Verify OTP'

2023-01-22 11:57:05 - [TEST_STEP][PASSED] - delay(5, STOP_ON_FAILURE): Delayed 5 second(s)

2023-01-22 11:57:10 - [MESSAGE][PASSED] - Delayed 5 second(s)

2023-01-22 11:57:10 - [TEST_STEP][PASSED] - tap(findTestObject("1.Registration and Login/mPIN Page/Text Box_Create mPIN"), 0): Tapped on element 'Object Repository/1.Registration and Login/mPIN Page/Text Box_Create mPIN'

2023-01-22 11:57:10 - [MESSAGE][WARNING] - Timeout '0' is invalid. Using default page load timeout: '30'

2023-01-22 11:57:11 - [MESSAGE][PASSED] - Tapped on element 'Object Repository/1.Registration and Login/mPIN Page/Text Box_Create mPIN'

2023-01-22 11:57:11 - [TEST_STEP][PASSED] - delay(2, STOP_ON_FAILURE): Delayed 2 second(s)

2023-01-22 11:57:13 - [MESSAGE][PASSED] - Delayed 2 second(s)

2023-01-22 11:57:13 - [TEST_STEP][PASSED] - setText(findTestObject("1.Registration and Login/mPIN Page/Text Box_Create mPIN Entry"), "102030", 0): Text '102030' has been set to element 'Object Repository/1.Registration and Login/mPIN Page/Text Box_Create mPIN Entry'

2023-01-22 11:57:13 - [MESSAGE][WARNING] - Timeout '0' is invalid. Using default page load timeout: '30'

2023-01-22 11:57:14 - [MESSAGE][PASSED] - Text '102030' has been set to element 'Object Repository/1.Registration and Login/mPIN Page/Text Box_Create mPIN Entry'

2023-01-22 11:57:14 - [TEST_STEP][PASSED] - delay(3, STOP_ON_FAILURE): Delayed 3 second(s)

2023-01-22 11:57:17 - [MESSAGE][PASSED] - Delayed 3 second(s)

2023-01-22 11:57:17 - [TEST_STEP][PASSED] - tap(findTestObject("1.Registration and Login/mPIN Page/Text Box_Confirm mPIN Entry"), 0): Tapped on element 'Object Repository/1.Registration and Login/mPIN Page/Text Box_Confirm mPIN Entry'

2023-01-22 11:57:17 - [MESSAGE][WARNING] - Timeout '0' is invalid. Using default page load timeout: '30'

2023-01-22 11:57:17 - [MESSAGE][PASSED] - Tapped on element 'Object Repository/1.Registration and Login/mPIN Page/Text Box_Confirm mPIN Entry'

2023-01-22 11:57:17 - [TEST_STEP][PASSED] - delay(2, STOP_ON_FAILURE): Delayed 2 second(s)

2023-01-22 11:57:19 - [MESSAGE][PASSED] - Delayed 2 second(s)

2023-01-22 11:57:19 - [TEST_STEP][PASSED] - setText(findTestObject("1.Registration and Login/mPIN Page/Text Box_Confirm mPIN Entry"), "102030", 0): Text '102030' has been set to element 'Object Repository/1.Registration and Login/mPIN Page/Text Box_Confirm mPIN Entry'

2023-01-22 11:57:20 - [MESSAGE][WARNING] - Timeout '0' is invalid. Using default page load timeout: '30'

2023-01-22 11:57:20 - [MESSAGE][PASSED] - Text '102030' has been set to element 'Object Repository/1.Registration and Login/mPIN Page/Text Box_Confirm mPIN Entry'

2023-01-22 11:57:20 - [TEST_STEP][PASSED] - delay(3, STOP_ON_FAILURE): Delayed 3 second(s)

2023-01-22 11:57:23 - [MESSAGE][PASSED] - Delayed 3 second(s)

2023-01-22 11:57:23 - [TEST_STEP][PASSED] - tap(findTestObject("1.Registration and Login/mPIN Page/Button_Next mPIN Page"), 0): Tapped on element 'Object Repository/1.Registration and Login/mPIN Page/Button_Next mPIN Page'

2023-01-22 11:57:24 - [MESSAGE][WARNING] - Timeout '0' is invalid. Using default page load timeout: '30'

2023-01-22 11:57:24 - [MESSAGE][PASSED] - Tapped on element 'Object Repository/1.Registration and Login/mPIN Page/Button_Next mPIN Page'

2023-01-22 11:57:24 - [TEST_STEP][PASSED] - delay(4, STOP_ON_FAILURE): Delayed 4 second(s)

2023-01-22 11:57:28 - [MESSAGE][PASSED] - Delayed 4 second(s)

2023-01-22 11:57:28 - [TEST_STEP][PASSED] - swipe(135, 1840, 447, 259): Swiped from 135,1,840 to 447,259

2023-01-22 11:57:30 - [MESSAGE][PASSED] - Swiped from 135,1,840 to 447,259

2023-01-22 11:57:30 - [TEST_STEP][PASSED] - tap(findTestObject("1.Registration and Login/mPIN Page/Button_Maybe later Biometric"), 0): Tapped on element 'Object Repository/1.Registration and Login/mPIN Page/Button_Maybe later Biometric'

2023-01-22 11:57:31 - [MESSAGE][WARNING] - Timeout '0' is invalid. Using default page load timeout: '30'

2023-01-22 11:57:31 - [MESSAGE][PASSED] - Tapped on element 'Object Repository/1.Registration and Login/mPIN Page/Button_Maybe later Biometric'

2023-01-22 11:57:31 - [TEST_STEP][PASSED] - delay(6, STOP_ON_FAILURE): Delayed 6 second(s)

2023-01-22 11:57:37 - [MESSAGE][PASSED] - Delayed 6 second(s)

2023-01-22 11:57:37 - [TEST_STEP][PASSED] - tap(findTestObject("2.Dashboard/Profile Settings/Image_Profile Picture"), 0): Tapped on element 'Object Repository/2.Dashboard/Profile Settings/Image_Profile Picture'

2023-01-22 11:57:37 - [MESSAGE][WARNING] - Timeout '0' is invalid. Using default page load timeout: '30'

2023-01-22 11:57:53 - [MESSAGE][PASSED] - Tapped on element 'Object Repository/2.Dashboard/Profile Settings/Image_Profile Picture'

2023-01-22 11:57:53 - [TEST_STEP][PASSED] - delay(5, STOP_ON_FAILURE): Delayed 5 second(s)

2023-01-22 11:57:58 - [MESSAGE][PASSED] - Delayed 5 second(s)

2023-01-22 11:57:58 - [TEST_STEP][PASSED] - swipe(135, 1840, 447, 259): Swiped from 135,1,840 to 447,259

2023-01-22 11:58:00 - [MESSAGE][PASSED] - Swiped from 135,1,840 to 447,259

2023-01-22 11:58:00 - [TEST_STEP][PASSED] - swipe(135, 1840, 447, 259): Swiped from 135,1,840 to 447,259

2023-01-22 11:58:01 - [MESSAGE][PASSED] - Swiped from 135,1,840 to 447,259

2023-01-22 11:58:01 - [TEST_STEP][PASSED] - tap(findTestObject("2.Dashboard/Profile Settings/Button_Logout"), 0): Tapped on element 'Object Repository/2.Dashboard/Profile Settings/Button_Logout'

2023-01-22 11:58:01 - [MESSAGE][WARNING] - Timeout '0' is invalid. Using default page load timeout: '30'

2023-01-22 11:58:02 - [MESSAGE][PASSED] - Tapped on element 'Object Repository/2.Dashboard/Profile Settings/Button_Logout'

2023-01-22 11:58:02 - [TEST_STEP][PASSED] - delay(2, STOP_ON_FAILURE): Delayed 2 second(s)

2023-01-22 11:58:04 - [MESSAGE][PASSED] - Delayed 2 second(s)

2023-01-22 11:58:04 - [TEST_STEP][PASSED] - closeApplication(): Close app successfully

2023-01-22 11:58:05 - [MESSAGE][PASSED] - Close app successfully

2023-01-22 11:58:05 - [TEST_STEP][PASSED] - Start listener action : autoUpdateJobStatus: [SAUCELABS] Current run configuration: Chrome

2023-01-22 11:58:05 - [MESSAGE][INFO] - [SAUCELABS] Current run configuration: Chrome]]></system-out>
         <system-err><![CDATA[]]></system-err>
      </testcase>
      <testcase name="Test Cases/Payments/TC 01 - New Bill Payment - Copy" time="230.574" classname="Test Cases/Payments/TC 01 - New Bill Payment - Copy" status="PASSED">
         <system-out><![CDATA[2023-01-22 11:58:05 - [TEST_CASE][PASSED] - Test Cases/Payments/TC 01 - New Bill Payment - Copy: Test Cases/Payments/TC 01 - New Bill Payment - Copy

2023-01-22 11:58:06 - [TEST_STEP][PASSED] - Start listener action : enableSauceLabs: [SAUCELABS] Saucelabs Plugin will not attempt to auto update job status and information !

2023-01-22 11:58:06 - [MESSAGE][INFO] - [SAUCELABS] Current run configuration: Chrome

2023-01-22 11:58:06 - [MESSAGE][INFO] - [SAUCELABS] Saucelabs Plugin will not attempt to auto update job status and information !

2023-01-22 11:58:07 - [TEST_STEP][PASSED] - callTestCase(findTestCase("Utilities/BrowserStackIntegration"), [:], STOP_ON_FAILURE): Call Test Case 'Test Cases/Utilities/BrowserStackIntegration' successfully

2023-01-22 11:58:07 - [TEST_CASE][PASSED] - Test Cases/Utilities/BrowserStackIntegration: Test Cases/Utilities/BrowserStackIntegration

2023-01-22 11:58:07 - [TEST_STEP][PASSED] - caps = new org.openqa.selenium.remote.DesiredCapabilities(): null

2023-01-22 11:58:07 - [TEST_STEP][PASSED] - caps.setCapability("browserstack.user", "akhilg_bcP6MO"): null

2023-01-22 11:58:07 - [TEST_STEP][PASSED] - caps.setCapability("browserstack.key", "RcXLz7Sh5mbzziaT81Jd"): null

2023-01-22 11:58:07 - [TEST_STEP][PASSED] - caps.setCapability("app", "bs://7ca0d82e87441ed71a307a05d6adba85324711bb"): null

2023-01-22 11:58:07 - [TEST_STEP][PASSED] - caps.setCapability("device", "Google Pixel 3"): null

2023-01-22 11:58:07 - [TEST_STEP][PASSED] - caps.setCapability("os_version", "9.0"): null

2023-01-22 11:58:07 - [TEST_STEP][PASSED] - caps.setCapability("project", "First Java Project"): null

2023-01-22 11:58:07 - [TEST_STEP][PASSED] - caps.setCapability("build", "browserstack-build-1"): null

2023-01-22 11:58:07 - [TEST_STEP][PASSED] - caps.setCapability("name", "first_test"): null

2023-01-22 11:58:07 - [TEST_STEP][PASSED] - createMobileDriver(ANDROID_DRIVER, caps, new java.net.URL(http://hub.browserstack.com/wd/hub)): null

2023-01-22 11:58:35 - [MESSAGE][PASSED] - Call Test Case 'Test Cases/Utilities/BrowserStackIntegration' successfully

2023-01-22 11:58:35 - [TEST_STEP][PASSED] - delay(30, STOP_ON_FAILURE): Delayed 30 second(s)

2023-01-22 11:59:05 - [MESSAGE][PASSED] - Delayed 30 second(s)

2023-01-22 11:59:05 - [TEST_STEP][PASSED] - tap(findTestObject("1.Registration and Login/Welcome Page/Button_Existing Customer"), 0): Tapped on element 'Object Repository/1.Registration and Login/Welcome Page/Button_Existing Customer'

2023-01-22 11:59:05 - [MESSAGE][WARNING] - Timeout '0' is invalid. Using default page load timeout: '30'

2023-01-22 11:59:06 - [MESSAGE][PASSED] - Tapped on element 'Object Repository/1.Registration and Login/Welcome Page/Button_Existing Customer'

2023-01-22 11:59:06 - [TEST_STEP][PASSED] - delay(2, STOP_ON_FAILURE): Delayed 2 second(s)

2023-01-22 11:59:08 - [MESSAGE][PASSED] - Delayed 2 second(s)

2023-01-22 11:59:08 - [TEST_STEP][PASSED] - tap(findTestObject("1.Registration and Login/Card Details Page/Radio Button_Debit Card"), 0): Tapped on element 'Object Repository/1.Registration and Login/Card Details Page/Radio Button_Debit Card'

2023-01-22 11:59:08 - [MESSAGE][WARNING] - Timeout '0' is invalid. Using default page load timeout: '30'

2023-01-22 11:59:09 - [MESSAGE][PASSED] - Tapped on element 'Object Repository/1.Registration and Login/Card Details Page/Radio Button_Debit Card'

2023-01-22 11:59:09 - [TEST_STEP][PASSED] - delay(2, STOP_ON_FAILURE): Delayed 2 second(s)

2023-01-22 11:59:11 - [MESSAGE][PASSED] - Delayed 2 second(s)

2023-01-22 11:59:11 - [TEST_STEP][PASSED] - tap(findTestObject("1.Registration and Login/Card Details Page/Text Box_Debit Card"), 0): Tapped on element 'Object Repository/1.Registration and Login/Card Details Page/Text Box_Debit Card'

2023-01-22 11:59:11 - [MESSAGE][WARNING] - Timeout '0' is invalid. Using default page load timeout: '30'

2023-01-22 11:59:12 - [MESSAGE][PASSED] - Tapped on element 'Object Repository/1.Registration and Login/Card Details Page/Text Box_Debit Card'

2023-01-22 11:59:12 - [TEST_STEP][PASSED] - delay(1, STOP_ON_FAILURE): Delayed 1 second(s)

2023-01-22 11:59:13 - [MESSAGE][PASSED] - Delayed 1 second(s)

2023-01-22 11:59:13 - [TEST_STEP][PASSED] - setText(findTestObject("1.Registration and Login/Card Details Page/Text Box_Debit Card Entry"), "5244550100131209", 0): Text '5244550100131209' has been set to element 'Object Repository/1.Registration and Login/Card Details Page/Text Box_Debit Card Entry'

2023-01-22 11:59:13 - [MESSAGE][WARNING] - Timeout '0' is invalid. Using default page load timeout: '30'

2023-01-22 11:59:14 - [MESSAGE][PASSED] - Text '5244550100131209' has been set to element 'Object Repository/1.Registration and Login/Card Details Page/Text Box_Debit Card Entry'

2023-01-22 11:59:14 - [TEST_STEP][PASSED] - delay(2, STOP_ON_FAILURE): Delayed 2 second(s)

2023-01-22 11:59:16 - [MESSAGE][PASSED] - Delayed 2 second(s)

2023-01-22 11:59:16 - [TEST_STEP][PASSED] - tap(findTestObject("1.Registration and Login/Card Details Page/Text Box_Card Pin"), 0): Tapped on element 'Object Repository/1.Registration and Login/Card Details Page/Text Box_Card Pin'

2023-01-22 11:59:16 - [MESSAGE][WARNING] - Timeout '0' is invalid. Using default page load timeout: '30'

2023-01-22 11:59:17 - [MESSAGE][PASSED] - Tapped on element 'Object Repository/1.Registration and Login/Card Details Page/Text Box_Card Pin'

2023-01-22 11:59:17 - [TEST_STEP][PASSED] - delay(1, STOP_ON_FAILURE): Delayed 1 second(s)

2023-01-22 11:59:18 - [MESSAGE][PASSED] - Delayed 1 second(s)

2023-01-22 11:59:18 - [TEST_STEP][PASSED] - setText(findTestObject("1.Registration and Login/Card Details Page/Text Box_Card Pin"), "1234", 0): Text '1234' has been set to element 'Object Repository/1.Registration and Login/Card Details Page/Text Box_Card Pin'

2023-01-22 11:59:18 - [MESSAGE][WARNING] - Timeout '0' is invalid. Using default page load timeout: '30'

2023-01-22 11:59:19 - [MESSAGE][PASSED] - Text '1234' has been set to element 'Object Repository/1.Registration and Login/Card Details Page/Text Box_Card Pin'

2023-01-22 11:59:19 - [TEST_STEP][PASSED] - delay(2, STOP_ON_FAILURE): Delayed 2 second(s)

2023-01-22 11:59:21 - [MESSAGE][PASSED] - Delayed 2 second(s)

2023-01-22 11:59:21 - [TEST_STEP][PASSED] - tap(findTestObject("1.Registration and Login/Card Details Page/Button_Next on Card details"), 0): Tapped on element 'Object Repository/1.Registration and Login/Card Details Page/Button_Next on Card details'

2023-01-22 11:59:21 - [MESSAGE][WARNING] - Timeout '0' is invalid. Using default page load timeout: '30'

2023-01-22 11:59:21 - [MESSAGE][PASSED] - Tapped on element 'Object Repository/1.Registration and Login/Card Details Page/Button_Next on Card details'

2023-01-22 11:59:21 - [TEST_STEP][PASSED] - delay(30, STOP_ON_FAILURE): Delayed 30 second(s)

2023-01-22 11:59:51 - [MESSAGE][PASSED] - Delayed 30 second(s)

2023-01-22 11:59:51 - [TEST_STEP][PASSED] - driver = getDriver(): null

2023-01-22 11:59:51 - [TEST_STEP][PASSED] - delay(2): Delayed 2 second(s)

2023-01-22 11:59:53 - [MESSAGE][PASSED] - Delayed 2 second(s)

2023-01-22 11:59:53 - [TEST_STEP][PASSED] - driver.pressKey(new io.appium.java_client.android.nativekey.KeyEvent(io.appium.java_client.android.nativekey.AndroidKey.DIGIT_6)): null

2023-01-22 11:59:53 - [TEST_STEP][PASSED] - delay(2): Delayed 2 second(s)

2023-01-22 11:59:55 - [MESSAGE][PASSED] - Delayed 2 second(s)

2023-01-22 11:59:55 - [TEST_STEP][PASSED] - driver.pressKey(new io.appium.java_client.android.nativekey.KeyEvent(io.appium.java_client.android.nativekey.AndroidKey.DIGIT_5)): null

2023-01-22 11:59:56 - [TEST_STEP][PASSED] - delay(2): Delayed 2 second(s)

2023-01-22 11:59:58 - [MESSAGE][PASSED] - Delayed 2 second(s)

2023-01-22 11:59:58 - [TEST_STEP][PASSED] - driver.pressKey(new io.appium.java_client.android.nativekey.KeyEvent(io.appium.java_client.android.nativekey.AndroidKey.DIGIT_4)): null

2023-01-22 11:59:58 - [TEST_STEP][PASSED] - delay(2): Delayed 2 second(s)

2023-01-22 12:00:00 - [MESSAGE][PASSED] - Delayed 2 second(s)

2023-01-22 12:00:00 - [TEST_STEP][PASSED] - driver.pressKey(new io.appium.java_client.android.nativekey.KeyEvent(io.appium.java_client.android.nativekey.AndroidKey.DIGIT_3)): null

2023-01-22 12:00:00 - [TEST_STEP][PASSED] - delay(2): Delayed 2 second(s)

2023-01-22 12:00:02 - [MESSAGE][PASSED] - Delayed 2 second(s)

2023-01-22 12:00:02 - [TEST_STEP][PASSED] - driver.pressKey(new io.appium.java_client.android.nativekey.KeyEvent(io.appium.java_client.android.nativekey.AndroidKey.DIGIT_2)): null

2023-01-22 12:00:03 - [TEST_STEP][PASSED] - delay(2): Delayed 2 second(s)

2023-01-22 12:00:05 - [MESSAGE][PASSED] - Delayed 2 second(s)

2023-01-22 12:00:05 - [TEST_STEP][PASSED] - driver.pressKey(new io.appium.java_client.android.nativekey.KeyEvent(io.appium.java_client.android.nativekey.AndroidKey.DIGIT_1)): null

2023-01-22 12:00:05 - [TEST_STEP][PASSED] - delay(2): Delayed 2 second(s)

2023-01-22 12:00:07 - [MESSAGE][PASSED] - Delayed 2 second(s)

2023-01-22 12:00:07 - [TEST_STEP][PASSED] - driver.pressKey(new io.appium.java_client.android.nativekey.KeyEvent(io.appium.java_client.android.nativekey.AndroidKey.ENTER)): null

2023-01-22 12:00:07 - [TEST_STEP][PASSED] - delay(5, STOP_ON_FAILURE): Delayed 5 second(s)

2023-01-22 12:00:12 - [MESSAGE][PASSED] - Delayed 5 second(s)

2023-01-22 12:00:12 - [TEST_STEP][PASSED] - tap(findTestObject("1.Registration and Login/OTP Page/Button_Verify OTP"), 0): Tapped on element 'Object Repository/1.Registration and Login/OTP Page/Button_Verify OTP'

2023-01-22 12:00:13 - [MESSAGE][WARNING] - Timeout '0' is invalid. Using default page load timeout: '30'

2023-01-22 12:00:14 - [MESSAGE][PASSED] - Tapped on element 'Object Repository/1.Registration and Login/OTP Page/Button_Verify OTP'

2023-01-22 12:00:14 - [TEST_STEP][PASSED] - delay(5, STOP_ON_FAILURE): Delayed 5 second(s)

2023-01-22 12:00:19 - [MESSAGE][PASSED] - Delayed 5 second(s)

2023-01-22 12:00:19 - [TEST_STEP][PASSED] - tap(findTestObject("1.Registration and Login/mPIN Page/Text Box_Create mPIN"), 0): Tapped on element 'Object Repository/1.Registration and Login/mPIN Page/Text Box_Create mPIN'

2023-01-22 12:00:19 - [MESSAGE][WARNING] - Timeout '0' is invalid. Using default page load timeout: '30'

2023-01-22 12:00:19 - [MESSAGE][PASSED] - Tapped on element 'Object Repository/1.Registration and Login/mPIN Page/Text Box_Create mPIN'

2023-01-22 12:00:19 - [TEST_STEP][PASSED] - delay(2, STOP_ON_FAILURE): Delayed 2 second(s)

2023-01-22 12:00:21 - [MESSAGE][PASSED] - Delayed 2 second(s)

2023-01-22 12:00:21 - [TEST_STEP][PASSED] - setText(findTestObject("1.Registration and Login/mPIN Page/Text Box_Create mPIN Entry"), "102030", 0): Text '102030' has been set to element 'Object Repository/1.Registration and Login/mPIN Page/Text Box_Create mPIN Entry'

2023-01-22 12:00:22 - [MESSAGE][WARNING] - Timeout '0' is invalid. Using default page load timeout: '30'

2023-01-22 12:00:22 - [MESSAGE][PASSED] - Text '102030' has been set to element 'Object Repository/1.Registration and Login/mPIN Page/Text Box_Create mPIN Entry'

2023-01-22 12:00:22 - [TEST_STEP][PASSED] - delay(3, STOP_ON_FAILURE): Delayed 3 second(s)

2023-01-22 12:00:25 - [MESSAGE][PASSED] - Delayed 3 second(s)

2023-01-22 12:00:25 - [TEST_STEP][PASSED] - tap(findTestObject("1.Registration and Login/mPIN Page/Text Box_Confirm mPIN Entry"), 0): Tapped on element 'Object Repository/1.Registration and Login/mPIN Page/Text Box_Confirm mPIN Entry'

2023-01-22 12:00:25 - [MESSAGE][WARNING] - Timeout '0' is invalid. Using default page load timeout: '30'

2023-01-22 12:00:26 - [MESSAGE][PASSED] - Tapped on element 'Object Repository/1.Registration and Login/mPIN Page/Text Box_Confirm mPIN Entry'

2023-01-22 12:00:26 - [TEST_STEP][PASSED] - delay(2, STOP_ON_FAILURE): Delayed 2 second(s)

2023-01-22 12:00:28 - [MESSAGE][PASSED] - Delayed 2 second(s)

2023-01-22 12:00:28 - [TEST_STEP][PASSED] - setText(findTestObject("1.Registration and Login/mPIN Page/Text Box_Confirm mPIN Entry"), "102030", 0): Text '102030' has been set to element 'Object Repository/1.Registration and Login/mPIN Page/Text Box_Confirm mPIN Entry'

2023-01-22 12:00:28 - [MESSAGE][WARNING] - Timeout '0' is invalid. Using default page load timeout: '30'

2023-01-22 12:00:29 - [MESSAGE][PASSED] - Text '102030' has been set to element 'Object Repository/1.Registration and Login/mPIN Page/Text Box_Confirm mPIN Entry'

2023-01-22 12:00:29 - [TEST_STEP][PASSED] - delay(3, STOP_ON_FAILURE): Delayed 3 second(s)

2023-01-22 12:00:32 - [MESSAGE][PASSED] - Delayed 3 second(s)

2023-01-22 12:00:32 - [TEST_STEP][PASSED] - tap(findTestObject("1.Registration and Login/mPIN Page/Button_Next mPIN Page"), 0): Tapped on element 'Object Repository/1.Registration and Login/mPIN Page/Button_Next mPIN Page'

2023-01-22 12:00:32 - [MESSAGE][WARNING] - Timeout '0' is invalid. Using default page load timeout: '30'

2023-01-22 12:00:33 - [MESSAGE][PASSED] - Tapped on element 'Object Repository/1.Registration and Login/mPIN Page/Button_Next mPIN Page'

2023-01-22 12:00:33 - [TEST_STEP][PASSED] - delay(4, STOP_ON_FAILURE): Delayed 4 second(s)

2023-01-22 12:00:37 - [MESSAGE][PASSED] - Delayed 4 second(s)

2023-01-22 12:00:37 - [TEST_STEP][PASSED] - swipe(135, 1840, 447, 259): Swiped from 135,1,840 to 447,259

2023-01-22 12:00:38 - [MESSAGE][PASSED] - Swiped from 135,1,840 to 447,259

2023-01-22 12:00:38 - [TEST_STEP][PASSED] - tap(findTestObject("1.Registration and Login/mPIN Page/Button_Maybe later Biometric"), 0): Tapped on element 'Object Repository/1.Registration and Login/mPIN Page/Button_Maybe later Biometric'

2023-01-22 12:00:39 - [MESSAGE][WARNING] - Timeout '0' is invalid. Using default page load timeout: '30'

2023-01-22 12:00:39 - [MESSAGE][PASSED] - Tapped on element 'Object Repository/1.Registration and Login/mPIN Page/Button_Maybe later Biometric'

2023-01-22 12:00:39 - [TEST_STEP][PASSED] - waitForElementPresent(findTestObject("3.Payments/Payments_page/tab_PAY"), 60): Element 'Object Repository/3.Payments/Payments_page/tab_PAY' is present

2023-01-22 12:00:46 - [MESSAGE][PASSED] - Element 'Object Repository/3.Payments/Payments_page/tab_PAY' is present

2023-01-22 12:00:46 - [TEST_STEP][PASSED] - tap(findTestObject("3.Payments/Payments_page/tab_PAY"), 0): Tapped on element 'Object Repository/3.Payments/Payments_page/tab_PAY'

2023-01-22 12:00:47 - [MESSAGE][WARNING] - Timeout '0' is invalid. Using default page load timeout: '30'

2023-01-22 12:00:47 - [MESSAGE][PASSED] - Tapped on element 'Object Repository/3.Payments/Payments_page/tab_PAY'

2023-01-22 12:00:47 - [TEST_STEP][PASSED] - tap(findTestObject("3.Payments/Payments_page/tab_Bills"), 0): Tapped on element 'Object Repository/3.Payments/Payments_page/tab_Bills'

2023-01-22 12:00:47 - [MESSAGE][WARNING] - Timeout '0' is invalid. Using default page load timeout: '30'

2023-01-22 12:00:49 - [MESSAGE][PASSED] - Tapped on element 'Object Repository/3.Payments/Payments_page/tab_Bills'

2023-01-22 12:00:49 - [TEST_STEP][PASSED] - tap(findTestObject("3.Payments/Payments_page/button_NewBill"), 0): Tapped on element 'Object Repository/3.Payments/Payments_page/button_NewBill'

2023-01-22 12:00:49 - [MESSAGE][WARNING] - Timeout '0' is invalid. Using default page load timeout: '30'

2023-01-22 12:00:50 - [MESSAGE][PASSED] - Tapped on element 'Object Repository/3.Payments/Payments_page/button_NewBill'

2023-01-22 12:00:50 - [TEST_STEP][PASSED] - delay(2): Delayed 2 second(s)

2023-01-22 12:00:52 - [MESSAGE][PASSED] - Delayed 2 second(s)

2023-01-22 12:00:52 - [TEST_STEP][PASSED] - tap(findTestObject("3.Payments/Pay To New Biller/Label_Select Biller", ["biller":biller]), 0): Tapped on element 'Object Repository/3.Payments/Pay To New Biller/Label_Select Biller'

2023-01-22 12:00:52 - [MESSAGE][WARNING] - Timeout '0' is invalid. Using default page load timeout: '30'

2023-01-22 12:00:53 - [MESSAGE][PASSED] - Tapped on element 'Object Repository/3.Payments/Pay To New Biller/Label_Select Biller'

2023-01-22 12:00:53 - [TEST_STEP][PASSED] - tap(findTestObject("3.Payments/Pay To New Biller/Label_Select Sub Biller", ["subBiller":subBiller]), 0): Tapped on element 'Object Repository/3.Payments/Pay To New Biller/Label_Select Sub Biller'

2023-01-22 12:00:53 - [MESSAGE][WARNING] - Timeout '0' is invalid. Using default page load timeout: '30'

2023-01-22 12:00:55 - [MESSAGE][PASSED] - Tapped on element 'Object Repository/3.Payments/Pay To New Biller/Label_Select Sub Biller'

2023-01-22 12:00:55 - [TEST_STEP][PASSED] - tap(findTestObject("3.Payments/Pay To New Biller/Text Box_Account Number Entry"), 0): Tapped on element 'Object Repository/3.Payments/Pay To New Biller/Text Box_Account Number Entry'

2023-01-22 12:00:55 - [MESSAGE][WARNING] - Timeout '0' is invalid. Using default page load timeout: '30'

2023-01-22 12:00:57 - [MESSAGE][PASSED] - Tapped on element 'Object Repository/3.Payments/Pay To New Biller/Text Box_Account Number Entry'

2023-01-22 12:00:57 - [TEST_STEP][PASSED] - setText(findTestObject("3.Payments/Pay To New Biller/Text Box_Account Number Entry"), accountNumber, 0): Text '210000137777' has been set to element 'Object Repository/3.Payments/Pay To New Biller/Text Box_Account Number Entry'

2023-01-22 12:00:57 - [MESSAGE][WARNING] - Timeout '0' is invalid. Using default page load timeout: '30'

2023-01-22 12:00:58 - [MESSAGE][PASSED] - Text '210000137777' has been set to element 'Object Repository/3.Payments/Pay To New Biller/Text Box_Account Number Entry'

2023-01-22 12:00:58 - [TEST_STEP][PASSED] - pressBack(): Press back button successfully

2023-01-22 12:00:59 - [MESSAGE][PASSED] - Press back button successfully

2023-01-22 12:00:59 - [TEST_STEP][PASSED] - tap(findTestObject("3.Payments/Pay To New Biller/Button_Next"), 0): Tapped on element 'Object Repository/3.Payments/Pay To New Biller/Button_Next'

2023-01-22 12:00:59 - [MESSAGE][WARNING] - Timeout '0' is invalid. Using default page load timeout: '30'

2023-01-22 12:01:01 - [MESSAGE][PASSED] - Tapped on element 'Object Repository/3.Payments/Pay To New Biller/Button_Next'

2023-01-22 12:01:01 - [TEST_STEP][PASSED] - waitForElementPresent(findTestObject("3.Payments/Amount/Text Box_Amount Entry"), 0): Element 'Object Repository/3.Payments/Amount/Text Box_Amount Entry' is present

2023-01-22 12:01:01 - [MESSAGE][WARNING] - Timeout '0' is invalid. Using default page load timeout: '30'

2023-01-22 12:01:06 - [MESSAGE][PASSED] - Element 'Object Repository/3.Payments/Amount/Text Box_Amount Entry' is present

2023-01-22 12:01:06 - [TEST_STEP][PASSED] - tap(findTestObject("3.Payments/Amount/Text Box_Amount Entry"), 0): Tapped on element 'Object Repository/3.Payments/Amount/Text Box_Amount Entry'

2023-01-22 12:01:06 - [MESSAGE][WARNING] - Timeout '0' is invalid. Using default page load timeout: '30'

2023-01-22 12:01:07 - [MESSAGE][PASSED] - Tapped on element 'Object Repository/3.Payments/Amount/Text Box_Amount Entry'

2023-01-22 12:01:07 - [TEST_STEP][PASSED] - setText(findTestObject("3.Payments/Amount/Text Box_Amount Entry"), amount, 0): Text '12000' has been set to element 'Object Repository/3.Payments/Amount/Text Box_Amount Entry'

2023-01-22 12:01:07 - [MESSAGE][WARNING] - Timeout '0' is invalid. Using default page load timeout: '30'

2023-01-22 12:01:08 - [MESSAGE][PASSED] - Text '12000' has been set to element 'Object Repository/3.Payments/Amount/Text Box_Amount Entry'

2023-01-22 12:01:08 - [TEST_STEP][PASSED] - tap(findTestObject("3.Payments/Amount/Button_Next"), 0): Tapped on element 'Object Repository/3.Payments/Amount/Button_Next'

2023-01-22 12:01:08 - [MESSAGE][WARNING] - Timeout '0' is invalid. Using default page load timeout: '30'

2023-01-22 12:01:09 - [MESSAGE][PASSED] - Tapped on element 'Object Repository/3.Payments/Amount/Button_Next'

2023-01-22 12:01:09 - [TEST_STEP][PASSED] - tap(findTestObject("3.Payments/Payment Confirmation Page/Button_Confirm"), 0): Tapped on element 'Object Repository/3.Payments/Payment Confirmation Page/Button_Confirm'

2023-01-22 12:01:09 - [MESSAGE][WARNING] - Timeout '0' is invalid. Using default page load timeout: '30'

2023-01-22 12:01:24 - [MESSAGE][PASSED] - Tapped on element 'Object Repository/3.Payments/Payment Confirmation Page/Button_Confirm'

2023-01-22 12:01:24 - [TEST_STEP][PASSED] - delay(2): Delayed 2 second(s)

2023-01-22 12:01:26 - [MESSAGE][PASSED] - Delayed 2 second(s)

2023-01-22 12:01:26 - [TEST_STEP][PASSED] - tapAtPosition(137, 771): Tapped at [137, 771]

2023-01-22 12:01:26 - [MESSAGE][PASSED] - Tapped at [137, 771]

2023-01-22 12:01:26 - [TEST_STEP][PASSED] - driver.pressKey(new io.appium.java_client.android.nativekey.KeyEvent(io.appium.java_client.android.nativekey.AndroidKey.DIGIT_1)): null

2023-01-22 12:01:27 - [TEST_STEP][PASSED] - driver.pressKey(new io.appium.java_client.android.nativekey.KeyEvent(io.appium.java_client.android.nativekey.AndroidKey.DIGIT_0)): null

2023-01-22 12:01:28 - [TEST_STEP][PASSED] - driver.pressKey(new io.appium.java_client.android.nativekey.KeyEvent(io.appium.java_client.android.nativekey.AndroidKey.DIGIT_2)): null

2023-01-22 12:01:29 - [TEST_STEP][PASSED] - driver.pressKey(new io.appium.java_client.android.nativekey.KeyEvent(io.appium.java_client.android.nativekey.AndroidKey.DIGIT_0)): null

2023-01-22 12:01:29 - [TEST_STEP][PASSED] - driver.pressKey(new io.appium.java_client.android.nativekey.KeyEvent(io.appium.java_client.android.nativekey.AndroidKey.DIGIT_3)): null

2023-01-22 12:01:30 - [TEST_STEP][PASSED] - driver.pressKey(new io.appium.java_client.android.nativekey.KeyEvent(io.appium.java_client.android.nativekey.AndroidKey.DIGIT_0)): null

2023-01-22 12:01:30 - [TEST_STEP][PASSED] - driver.pressKey(new io.appium.java_client.android.nativekey.KeyEvent(io.appium.java_client.android.nativekey.AndroidKey.ENTER)): null

2023-01-22 12:01:31 - [TEST_STEP][PASSED] - tap(findTestObject("3.Payments/Payment Confirmation Page/Button_Verify"), 0): Tapped on element 'Object Repository/3.Payments/Payment Confirmation Page/Button_Verify'

2023-01-22 12:01:31 - [MESSAGE][WARNING] - Timeout '0' is invalid. Using default page load timeout: '30'

2023-01-22 12:01:32 - [MESSAGE][PASSED] - Tapped on element 'Object Repository/3.Payments/Payment Confirmation Page/Button_Verify'

2023-01-22 12:01:32 - [TEST_STEP][PASSED] - waitForElementPresent(findTestObject("3.Payments/Payment Success page/Button_Back To Payment"), 60): Element 'Object Repository/3.Payments/Payment Success page/Button_Back To Payment' is present

2023-01-22 12:01:39 - [MESSAGE][PASSED] - Element 'Object Repository/3.Payments/Payment Success page/Button_Back To Payment' is present

2023-01-22 12:01:39 - [TEST_STEP][PASSED] - takeScreenshot("./ScreenShots/FEWA.png", STOP_ON_FAILURE): Screenshot is taken

2023-01-22 12:01:41 - [MESSAGE][PASSED] - Screenshot is taken
[[ATTACHMENT|C:\\Users\\Dell\\git\\SuperApp-Ajman\\Reports\\20230122_115443\\TS_001\\20230122_115443\\./ScreenShots/FEWA.png]]

2023-01-22 12:01:41 - [TEST_STEP][PASSED] - tap(findTestObject("3.Payments/Payment Success page/Button_Back To Payment"), 0): Tapped on element 'Object Repository/3.Payments/Payment Success page/Button_Back To Payment'

2023-01-22 12:01:41 - [MESSAGE][WARNING] - Timeout '0' is invalid. Using default page load timeout: '30'

2023-01-22 12:01:42 - [MESSAGE][PASSED] - Tapped on element 'Object Repository/3.Payments/Payment Success page/Button_Back To Payment'

2023-01-22 12:01:42 - [TEST_STEP][PASSED] - delay(3): Delayed 3 second(s)

2023-01-22 12:01:45 - [MESSAGE][PASSED] - Delayed 3 second(s)

2023-01-22 12:01:45 - [TEST_STEP][PASSED] - tap(findTestObject("2.Dashboard/Profile Settings/Icon_Home"), 0): Tapped on element 'Object Repository/2.Dashboard/Profile Settings/Icon_Home'

2023-01-22 12:01:45 - [MESSAGE][WARNING] - Timeout '0' is invalid. Using default page load timeout: '30'

2023-01-22 12:01:46 - [MESSAGE][PASSED] - Tapped on element 'Object Repository/2.Dashboard/Profile Settings/Icon_Home'

2023-01-22 12:01:46 - [TEST_STEP][PASSED] - tap(findTestObject("2.Dashboard/Profile Settings/Image_Profile Picture"), 0): Tapped on element 'Object Repository/2.Dashboard/Profile Settings/Image_Profile Picture'

2023-01-22 12:01:47 - [MESSAGE][WARNING] - Timeout '0' is invalid. Using default page load timeout: '30'

2023-01-22 12:01:51 - [MESSAGE][PASSED] - Tapped on element 'Object Repository/2.Dashboard/Profile Settings/Image_Profile Picture'

2023-01-22 12:01:51 - [TEST_STEP][PASSED] - swipe(135, 1840, 447, 259): Swiped from 135,1,840 to 447,259

2023-01-22 12:01:52 - [MESSAGE][PASSED] - Swiped from 135,1,840 to 447,259

2023-01-22 12:01:52 - [TEST_STEP][PASSED] - swipe(135, 1840, 447, 259): Swiped from 135,1,840 to 447,259

2023-01-22 12:01:53 - [MESSAGE][PASSED] - Swiped from 135,1,840 to 447,259

2023-01-22 12:01:53 - [TEST_STEP][PASSED] - tap(findTestObject("2.Dashboard/Profile Settings/Button_Logout"), 0): Tapped on element 'Object Repository/2.Dashboard/Profile Settings/Button_Logout'

2023-01-22 12:01:54 - [MESSAGE][WARNING] - Timeout '0' is invalid. Using default page load timeout: '30'

2023-01-22 12:01:54 - [MESSAGE][PASSED] - Tapped on element 'Object Repository/2.Dashboard/Profile Settings/Button_Logout'

2023-01-22 12:01:54 - [TEST_STEP][PASSED] - closeApplication(): Close app successfully

2023-01-22 12:01:56 - [MESSAGE][PASSED] - Close app successfully

2023-01-22 12:01:56 - [TEST_STEP][PASSED] - Start listener action : autoUpdateJobStatus: [SAUCELABS] Current run configuration: Chrome

2023-01-22 12:01:56 - [MESSAGE][INFO] - [SAUCELABS] Current run configuration: Chrome]]></system-out>
         <system-err><![CDATA[]]></system-err>
      </testcase>
      <system-out><![CDATA[2023-01-22 11:54:49 - [TEST_SUITE][PASSED] - TS_001: Test Cases/Payments/TC 01 - New Bill Payment - Copy]]></system-out>
      <system-err><![CDATA[]]></system-err>
   </testsuite>
</testsuites>
