<?xml version="1.0" encoding="UTF-8"?>
<testsuites name="TS_Demo" time="262.587" tests="2" failures="1" errors="0">
   <testsuite name="TS_Demo" tests="2" failures="1" errors="0" time="262.587" skipped="0" timestamp="2023-03-02 11:57:48" hostname="Dell - DESKTOP-RBJSP3C.bbrouter" id="Test Suites/TS_Demo">
      <properties>
         <property name="deviceName" value="null"/>
         <property name="devicePlatform" value=""/>
         <property name="logFolder" value="C:\\Users\\Dell\\git\\SuperApp-Ajman\\Reports\\20230302_115735\\TS_Demo\\20230302_115735"/>
         <property name="logFiles" value="C:\\Users\\Dell\\git\\SuperApp-Ajman\\Reports\\20230302_115735\\TS_Demo\\20230302_115735\\execution0.log"/>
         <property name="attachments" value="C:\\Users\\Dell\\git\\SuperApp-Ajman\\Reports\\20230302_115735\\TS_Demo\\20230302_115735\\1677738522216.png, C:\\Users\\Dell\\git\\SuperApp-Ajman\\Reports\\20230302_115735\\TS_Demo\\20230302_115735\\1677738557193.png, C:\\Users\\Dell\\git\\SuperApp-Ajman\\Reports\\20230302_115735\\TS_Demo\\20230302_115735\\1677738698602.png"/>
         <property name="hostName" value="Dell - DESKTOP-RBJSP3C.bbrouter"/>
         <property name="os" value="Windows 10 64bit"/>
         <property name="appiumServerStatus" value="{&quot;status&quot;:0,&quot;sessionId&quot;:null,&quot;value&quot;:{&quot;build&quot;:{&quot;time&quot;:&quot;2015-02-26 23:59:50&quot;,&quot;version&quot;:&quot;2.45.0&quot;,&quot;revision&quot;:&quot;5017cb8&quot;}},&quot;state&quot;:&quot;success&quot;}"/>
         <property name="katalonVersion" value="8.5.5.208"/>
         <property name="deviceOS" value="null"/>
         <property name="appiumVersion" value="2.45.0"/>
         <property name="deviceModel" value="null"/>
         <property name="hostAddress" value="192.168.1.6"/>
         <property name="deviceManufacturer" value="null"/>
         <property name="deviceId" value="null"/>
         <property name="deviceName" value="null"/>
         <property name="deviceOSVersion" value="null"/>
      </properties>
      <testcase name="Test Cases/Demo/TC 01 - Registration with Debit Card" time="101.036" classname="Test Cases/Demo/TC 01 - Registration with Debit Card" status="PASSED">
         <system-out><![CDATA[2023-03-02 11:57:49 - [TEST_CASE][PASSED] - Test Cases/Demo/TC 01 - Registration with Debit Card: Test Cases/Demo/TC 01 - Registration with Debit Card

2023-03-02 11:57:49 - [TEST_STEP][PASSED] - Start listener action : enableSauceLabs: [SAUCELABS] Saucelabs Plugin will not attempt to auto update job status and information !

2023-03-02 11:57:49 - [MESSAGE][INFO] - [SAUCELABS] Current run configuration: Chrome

2023-03-02 11:57:49 - [MESSAGE][INFO] - [SAUCELABS] Saucelabs Plugin will not attempt to auto update job status and information !

2023-03-02 11:57:50 - [TEST_STEP][PASSED] - callTestCase(findTestCase("Utilities/BrowserStackIntegration"), [:], CONTINUE_ON_FAILURE): Call Test Case 'Test Cases/Utilities/BrowserStackIntegration' successfully

2023-03-02 11:57:50 - [TEST_CASE][PASSED] - Test Cases/Utilities/BrowserStackIntegration: Test Cases/Utilities/BrowserStackIntegration

2023-03-02 11:57:52 - [TEST_STEP][PASSED] - caps = new org.openqa.selenium.remote.DesiredCapabilities(): null

2023-03-02 11:57:52 - [TEST_STEP][PASSED] - caps.setCapability("browserstack.user", "akhilg_bcP6MO"): null

2023-03-02 11:57:52 - [TEST_STEP][PASSED] - caps.setCapability("browserstack.key", "RcXLz7Sh5mbzziaT81Jd"): null

2023-03-02 11:57:52 - [TEST_STEP][PASSED] - caps.setCapability("app", "bs://8e1bdaf1e2220e857eeee2a8c8d2d59f4ba08396"): null

2023-03-02 11:57:52 - [TEST_STEP][PASSED] - caps.setCapability("device", "Google Pixel 3"): null

2023-03-02 11:57:52 - [TEST_STEP][PASSED] - caps.setCapability("os_version", "9.0"): null

2023-03-02 11:57:52 - [TEST_STEP][PASSED] - caps.setCapability("project", "First Java Project"): null

2023-03-02 11:57:52 - [TEST_STEP][PASSED] - caps.setCapability("build", "browserstack-build-1"): null

2023-03-02 11:57:52 - [TEST_STEP][PASSED] - caps.setCapability("name", "first_test"): null

2023-03-02 11:57:52 - [TEST_STEP][PASSED] - createMobileDriver(ANDROID_DRIVER, caps, new java.net.URL(http://hub.browserstack.com/wd/hub)): null

2023-03-02 11:58:24 - [MESSAGE][PASSED] - Call Test Case 'Test Cases/Utilities/BrowserStackIntegration' successfully

2023-03-02 11:58:24 - [TEST_STEP][PASSED] - waitForElementPresent(findTestObject("1.Registration and Login/Welcome Page/button_Already a Customer"), 0): Element 'Object Repository/1.Registration and Login/Welcome Page/button_Already a Customer' is present

2023-03-02 11:58:26 - [MESSAGE][WARNING] - Timeout '0' is invalid. Using default page load timeout: '30'

2023-03-02 11:58:34 - [MESSAGE][PASSED] - Element 'Object Repository/1.Registration and Login/Welcome Page/button_Already a Customer' is present

2023-03-02 11:58:34 - [TEST_STEP][PASSED] - tap(findTestObject("1.Registration and Login/Welcome Page/button_Already a Customer"), 0): Tapped on element 'Object Repository/1.Registration and Login/Welcome Page/button_Already a Customer'

2023-03-02 11:58:34 - [MESSAGE][WARNING] - Timeout '0' is invalid. Using default page load timeout: '30'

2023-03-02 11:58:34 - [MESSAGE][PASSED] - Tapped on element 'Object Repository/1.Registration and Login/Welcome Page/button_Already a Customer'

2023-03-02 11:58:34 - [TEST_STEP][PASSED] - waitForElementPresent(findTestObject("1.Registration and Login/Card Details Page/Radio Button_Debit Card"), 0): Element 'Object Repository/1.Registration and Login/Card Details Page/Radio Button_Debit Card' is present

2023-03-02 11:58:35 - [MESSAGE][WARNING] - Timeout '0' is invalid. Using default page load timeout: '30'

2023-03-02 11:58:36 - [MESSAGE][PASSED] - Element 'Object Repository/1.Registration and Login/Card Details Page/Radio Button_Debit Card' is present

2023-03-02 11:58:36 - [TEST_STEP][PASSED] - tap(findTestObject("1.Registration and Login/Card Details Page/Radio Button_Debit Card"), 0): Tapped on element 'Object Repository/1.Registration and Login/Card Details Page/Radio Button_Debit Card'

2023-03-02 11:58:36 - [MESSAGE][WARNING] - Timeout '0' is invalid. Using default page load timeout: '30'

2023-03-02 11:58:38 - [MESSAGE][PASSED] - Tapped on element 'Object Repository/1.Registration and Login/Card Details Page/Radio Button_Debit Card'

2023-03-02 11:58:38 - [TEST_STEP][PASSED] - setText(findTestObject("1.Registration and Login/Card Details Page/Text Box_Card Number"), "5244550100131688", 0): Text '5244550100131688' has been set to element 'Object Repository/1.Registration and Login/Card Details Page/Text Box_Card Number'

2023-03-02 11:58:38 - [MESSAGE][WARNING] - Timeout '0' is invalid. Using default page load timeout: '30'

2023-03-02 11:58:38 - [MESSAGE][PASSED] - Text '5244550100131688' has been set to element 'Object Repository/1.Registration and Login/Card Details Page/Text Box_Card Number'

2023-03-02 11:58:38 - [TEST_STEP][PASSED] - setText(findTestObject("1.Registration and Login/Card Details Page/Text Box_Card Pin"), "4631", 0): Text '4631' has been set to element 'Object Repository/1.Registration and Login/Card Details Page/Text Box_Card Pin'

2023-03-02 11:58:39 - [MESSAGE][WARNING] - Timeout '0' is invalid. Using default page load timeout: '30'

2023-03-02 11:58:40 - [MESSAGE][PASSED] - Text '4631' has been set to element 'Object Repository/1.Registration and Login/Card Details Page/Text Box_Card Pin'

2023-03-02 11:58:40 - [TEST_STEP][PASSED] - delay(2, STOP_ON_FAILURE): Delayed 2 second(s)

2023-03-02 11:58:42 - [MESSAGE][PASSED] - Delayed 2 second(s)

2023-03-02 11:58:42 - [TEST_STEP][PASSED] - takeScreenshot(): Screenshot is taken

2023-03-02 11:58:42 - [MESSAGE][PASSED] - Screenshot is taken
[[ATTACHMENT|C:\\Users\\Dell\\git\\SuperApp-Ajman\\Reports\\20230302_115735\\TS_Demo\\20230302_115735\\1677738522216.png]]

2023-03-02 11:58:43 - [TEST_STEP][PASSED] - tap(findTestObject("1.Registration and Login/Card Details Page/Button_Next on Card details"), 0): Tapped on element 'Object Repository/1.Registration and Login/Card Details Page/Button_Next on Card details'

2023-03-02 11:58:43 - [MESSAGE][WARNING] - Timeout '0' is invalid. Using default page load timeout: '30'

2023-03-02 11:58:43 - [MESSAGE][PASSED] - Tapped on element 'Object Repository/1.Registration and Login/Card Details Page/Button_Next on Card details'

2023-03-02 11:58:43 - [TEST_STEP][PASSED] - waitForElementPresent(findTestObject("1.Registration and Login/OTP Page/label_Enter OTP"), 60): Element 'Object Repository/1.Registration and Login/OTP Page/label_Enter OTP' is present

2023-03-02 11:58:51 - [MESSAGE][PASSED] - Element 'Object Repository/1.Registration and Login/OTP Page/label_Enter OTP' is present

2023-03-02 11:58:51 - [TEST_STEP][PASSED] - callTestCase(findTestCase("Utilities/Enter_OTP"), [:], CONTINUE_ON_FAILURE): Call Test Case 'Test Cases/Utilities/Enter_OTP' successfully

2023-03-02 11:58:51 - [TEST_CASE][PASSED] - Test Cases/Utilities/Enter_OTP: Test Cases/Utilities/Enter_OTP

2023-03-02 11:58:53 - [TEST_STEP][PASSED] - driver = getDriver(): null

2023-03-02 11:58:53 - [TEST_STEP][PASSED] - driver.pressKey(new io.appium.java_client.android.nativekey.KeyEvent(io.appium.java_client.android.nativekey.AndroidKey.DIGIT_6)): null

2023-03-02 11:58:53 - [TEST_STEP][PASSED] - driver.pressKey(new io.appium.java_client.android.nativekey.KeyEvent(io.appium.java_client.android.nativekey.AndroidKey.DIGIT_5)): null

2023-03-02 11:58:54 - [TEST_STEP][PASSED] - driver.pressKey(new io.appium.java_client.android.nativekey.KeyEvent(io.appium.java_client.android.nativekey.AndroidKey.DIGIT_4)): null

2023-03-02 11:58:55 - [TEST_STEP][PASSED] - driver.pressKey(new io.appium.java_client.android.nativekey.KeyEvent(io.appium.java_client.android.nativekey.AndroidKey.DIGIT_3)): null

2023-03-02 11:58:56 - [TEST_STEP][PASSED] - driver.pressKey(new io.appium.java_client.android.nativekey.KeyEvent(io.appium.java_client.android.nativekey.AndroidKey.DIGIT_2)): null

2023-03-02 11:58:57 - [TEST_STEP][PASSED] - driver.pressKey(new io.appium.java_client.android.nativekey.KeyEvent(io.appium.java_client.android.nativekey.AndroidKey.DIGIT_1)): null

2023-03-02 11:58:58 - [TEST_STEP][PASSED] - driver.pressKey(new io.appium.java_client.android.nativekey.KeyEvent(io.appium.java_client.android.nativekey.AndroidKey.ENTER)): null

2023-03-02 11:58:59 - [MESSAGE][PASSED] - Call Test Case 'Test Cases/Utilities/Enter_OTP' successfully

2023-03-02 11:58:59 - [TEST_STEP][PASSED] - tap(findTestObject("1.Registration and Login/OTP Page/Button_Verify OTP"), 0): Tapped on element 'Object Repository/1.Registration and Login/OTP Page/Button_Verify OTP'

2023-03-02 11:59:00 - [MESSAGE][WARNING] - Timeout '0' is invalid. Using default page load timeout: '30'

2023-03-02 11:59:01 - [MESSAGE][PASSED] - Tapped on element 'Object Repository/1.Registration and Login/OTP Page/Button_Verify OTP'

2023-03-02 11:59:01 - [TEST_STEP][PASSED] - delay(5, STOP_ON_FAILURE): Delayed 5 second(s)

2023-03-02 11:59:06 - [MESSAGE][PASSED] - Delayed 5 second(s)

2023-03-02 11:59:06 - [TEST_STEP][PASSED] - setText(findTestObject("1.Registration and Login/mPIN Page/Text Box_Create mPIN"), "102030", 0): Text '102030' has been set to element 'Object Repository/1.Registration and Login/mPIN Page/Text Box_Create mPIN'

2023-03-02 11:59:07 - [MESSAGE][WARNING] - Timeout '0' is invalid. Using default page load timeout: '30'

2023-03-02 11:59:07 - [MESSAGE][PASSED] - Text '102030' has been set to element 'Object Repository/1.Registration and Login/mPIN Page/Text Box_Create mPIN'

2023-03-02 11:59:07 - [TEST_STEP][PASSED] - setText(findTestObject("1.Registration and Login/mPIN Page/Text Box_Confirm mPIN Entry"), "102030", 0): Text '102030' has been set to element 'Object Repository/1.Registration and Login/mPIN Page/Text Box_Confirm mPIN Entry'

2023-03-02 11:59:07 - [MESSAGE][WARNING] - Timeout '0' is invalid. Using default page load timeout: '30'

2023-03-02 11:59:08 - [MESSAGE][PASSED] - Text '102030' has been set to element 'Object Repository/1.Registration and Login/mPIN Page/Text Box_Confirm mPIN Entry'

2023-03-02 11:59:08 - [TEST_STEP][PASSED] - tap(findTestObject("1.Registration and Login/mPIN Page/Button_Next mPIN Page"), 0): Tapped on element 'Object Repository/1.Registration and Login/mPIN Page/Button_Next mPIN Page'

2023-03-02 11:59:08 - [MESSAGE][WARNING] - Timeout '0' is invalid. Using default page load timeout: '30'

2023-03-02 11:59:09 - [MESSAGE][PASSED] - Tapped on element 'Object Repository/1.Registration and Login/mPIN Page/Button_Next mPIN Page'

2023-03-02 11:59:09 - [TEST_STEP][PASSED] - waitForElementPresent(findTestObject("1.Registration and Login/mPIN Page/Button_Maybe later Biometric"), 0): Element 'Object Repository/1.Registration and Login/mPIN Page/Button_Maybe later Biometric' is present

2023-03-02 11:59:09 - [MESSAGE][WARNING] - Timeout '0' is invalid. Using default page load timeout: '30'

2023-03-02 11:59:10 - [MESSAGE][PASSED] - Element 'Object Repository/1.Registration and Login/mPIN Page/Button_Maybe later Biometric' is present

2023-03-02 11:59:10 - [TEST_STEP][PASSED] - tap(findTestObject("1.Registration and Login/mPIN Page/Button_Maybe later Biometric"), 0): Tapped on element 'Object Repository/1.Registration and Login/mPIN Page/Button_Maybe later Biometric'

2023-03-02 11:59:11 - [MESSAGE][WARNING] - Timeout '0' is invalid. Using default page load timeout: '30'

2023-03-02 11:59:11 - [MESSAGE][PASSED] - Tapped on element 'Object Repository/1.Registration and Login/mPIN Page/Button_Maybe later Biometric'

2023-03-02 11:59:11 - [TEST_STEP][PASSED] - waitForElementPresent(findTestObject("2.Dashboard/Profile Settings/Image_Profile Picture_Profile Settings"), 0): Element 'Object Repository/2.Dashboard/Profile Settings/Image_Profile Picture_Profile Settings' is present

2023-03-02 11:59:11 - [MESSAGE][WARNING] - Timeout '0' is invalid. Using default page load timeout: '30'

2023-03-02 11:59:17 - [MESSAGE][PASSED] - Element 'Object Repository/2.Dashboard/Profile Settings/Image_Profile Picture_Profile Settings' is present

2023-03-02 11:59:17 - [TEST_STEP][PASSED] - takeScreenshot(): Screenshot is taken

2023-03-02 11:59:18 - [MESSAGE][PASSED] - Screenshot is taken
[[ATTACHMENT|C:\\Users\\Dell\\git\\SuperApp-Ajman\\Reports\\20230302_115735\\TS_Demo\\20230302_115735\\1677738557193.png]]

2023-03-02 11:59:18 - [TEST_STEP][PASSED] - callTestCase(findTestCase("Utilities/Logout"), [:], CONTINUE_ON_FAILURE): Call Test Case 'Test Cases/Utilities/Logout' successfully

2023-03-02 11:59:18 - [TEST_CASE][PASSED] - Test Cases/Utilities/Logout: Test Cases/Utilities/Logout

2023-03-02 11:59:19 - [TEST_STEP][PASSED] - waitForElementPresent(findTestObject("2.Dashboard/Profile Settings/Icon_Home"), 60): Element 'Object Repository/2.Dashboard/Profile Settings/Icon_Home' is present

2023-03-02 11:59:21 - [MESSAGE][PASSED] - Element 'Object Repository/2.Dashboard/Profile Settings/Icon_Home' is present

2023-03-02 11:59:21 - [TEST_STEP][PASSED] - tap(findTestObject("2.Dashboard/Profile Settings/Icon_Home"), 0): Tapped on element 'Object Repository/2.Dashboard/Profile Settings/Icon_Home'

2023-03-02 11:59:21 - [MESSAGE][WARNING] - Timeout '0' is invalid. Using default page load timeout: '30'

2023-03-02 11:59:22 - [MESSAGE][PASSED] - Tapped on element 'Object Repository/2.Dashboard/Profile Settings/Icon_Home'

2023-03-02 11:59:22 - [TEST_STEP][PASSED] - waitForElementPresent(findTestObject("2.Dashboard/Accounts/AccountDetails"), 0): Element 'Object Repository/2.Dashboard/Accounts/AccountDetails' is present

2023-03-02 11:59:22 - [MESSAGE][WARNING] - Timeout '0' is invalid. Using default page load timeout: '30'

2023-03-02 11:59:23 - [MESSAGE][PASSED] - Element 'Object Repository/2.Dashboard/Accounts/AccountDetails' is present

2023-03-02 11:59:23 - [TEST_STEP][PASSED] - tap(findTestObject("2.Dashboard/Profile Settings/Image_Profile Picture_DashBoard"), 0): Tapped on element 'Object Repository/2.Dashboard/Profile Settings/Image_Profile Picture_DashBoard'

2023-03-02 11:59:23 - [MESSAGE][WARNING] - Timeout '0' is invalid. Using default page load timeout: '30'

2023-03-02 11:59:23 - [MESSAGE][PASSED] - Tapped on element 'Object Repository/2.Dashboard/Profile Settings/Image_Profile Picture_DashBoard'

2023-03-02 11:59:23 - [TEST_STEP][PASSED] - waitForElementPresent(findTestObject("2.Dashboard/Profile Settings/Image_Profile Picture_Profile Settings"), 0): Element 'Object Repository/2.Dashboard/Profile Settings/Image_Profile Picture_Profile Settings' is present

2023-03-02 11:59:24 - [MESSAGE][WARNING] - Timeout '0' is invalid. Using default page load timeout: '30'

2023-03-02 11:59:25 - [MESSAGE][PASSED] - Element 'Object Repository/2.Dashboard/Profile Settings/Image_Profile Picture_Profile Settings' is present

2023-03-02 11:59:25 - [TEST_STEP][PASSED] - swipe(135, 1840, 447, 259): Swiped from 135,1,840 to 447,259

2023-03-02 11:59:26 - [MESSAGE][PASSED] - Swiped from 135,1,840 to 447,259

2023-03-02 11:59:26 - [TEST_STEP][PASSED] - swipe(135, 1840, 447, 259): Swiped from 135,1,840 to 447,259

2023-03-02 11:59:27 - [MESSAGE][PASSED] - Swiped from 135,1,840 to 447,259

2023-03-02 11:59:27 - [TEST_STEP][PASSED] - tap(findTestObject("2.Dashboard/Profile Settings/Button_Logout"), 0): Tapped on element 'Object Repository/2.Dashboard/Profile Settings/Button_Logout'

2023-03-02 11:59:27 - [MESSAGE][WARNING] - Timeout '0' is invalid. Using default page load timeout: '30'

2023-03-02 11:59:28 - [MESSAGE][PASSED] - Tapped on element 'Object Repository/2.Dashboard/Profile Settings/Button_Logout'

2023-03-02 11:59:28 - [MESSAGE][PASSED] - Call Test Case 'Test Cases/Utilities/Logout' successfully

2023-03-02 11:59:28 - [TEST_STEP][PASSED] - closeApplication(): Close app successfully

2023-03-02 11:59:30 - [MESSAGE][PASSED] - Close app successfully

2023-03-02 11:59:30 - [TEST_STEP][PASSED] - Start listener action : autoUpdateJobStatus: [SAUCELABS] Current run configuration: Chrome

2023-03-02 11:59:30 - [MESSAGE][INFO] - [SAUCELABS] Current run configuration: Chrome]]></system-out>
         <system-err><![CDATA[]]></system-err>
      </testcase>
      <testcase name="Test Cases/Demo/TC 01 - Login with mPIN" time="160.971" classname="Test Cases/Demo/TC 01 - Login with mPIN" status="FAILED">
         <failure type="FAILED" message="Test Cases/Demo/TC 01 - Login with mPIN FAILED.
Reason:
com.kms.katalon.core.exception.StepFailedException: Object Object Repository/2.Dashboard/Accounts/AccountDetails not found
	at com.kms.katalon.core.keyword.internal.KeywordMain.stepFailed(KeywordMain.groovy:39)
	at com.kms.katalon.core.mobile.keyword.internal.MobileKeywordMain.stepFailed(MobileKeywordMain.groovy:40)
	at com.kms.katalon.core.mobile.keyword.builtin.GetAttributeKeyword$_getAttribute_closure1.doCall(GetAttributeKeyword.groovy:76)
	at com.kms.katalon.core.mobile.keyword.builtin.GetAttributeKeyword$_getAttribute_closure1.call(GetAttributeKeyword.groovy)
	at com.kms.katalon.core.mobile.keyword.internal.MobileKeywordMain.runKeyword(MobileKeywordMain.groovy:21)
	at com.kms.katalon.core.mobile.keyword.builtin.GetAttributeKeyword.getAttribute(GetAttributeKeyword.groovy:82)
	at com.kms.katalon.core.mobile.keyword.builtin.GetAttributeKeyword.execute(GetAttributeKeyword.groovy:66)
	at com.kms.katalon.core.keyword.internal.KeywordExecutor.executeKeywordForPlatform(KeywordExecutor.groovy:74)
	at com.kms.katalon.core.mobile.keyword.MobileBuiltInKeywords.getAttribute(MobileBuiltInKeywords.groovy:1656)
	at com.kms.katalon.core.mobile.keyword.MobileBuiltInKeywords$getAttribute$5.call(Unknown Source)
	at TC 01 - Login with mPIN.run(TC 01 - Login with mPIN:39)
	at com.kms.katalon.core.main.ScriptEngine.run(ScriptEngine.java:194)
	at com.kms.katalon.core.main.ScriptEngine.runScriptAsRawText(ScriptEngine.java:119)
	at com.kms.katalon.core.main.TestCaseExecutor.runScript(TestCaseExecutor.java:448)
	at com.kms.katalon.core.main.TestCaseExecutor.doExecute(TestCaseExecutor.java:439)
	at com.kms.katalon.core.main.TestCaseExecutor.processExecutionPhase(TestCaseExecutor.java:418)
	at com.kms.katalon.core.main.TestCaseExecutor.accessMainPhase(TestCaseExecutor.java:410)
	at com.kms.katalon.core.main.TestCaseExecutor.execute(TestCaseExecutor.java:285)
	at com.kms.katalon.core.common.CommonExecutor.accessTestCaseMainPhase(CommonExecutor.java:65)
	at com.kms.katalon.core.main.TestSuiteExecutor.accessTestSuiteMainPhase(TestSuiteExecutor.java:151)
	at com.kms.katalon.core.main.TestSuiteExecutor.execute(TestSuiteExecutor.java:106)
	at com.kms.katalon.core.main.TestCaseMain.startTestSuite(TestCaseMain.java:185)
	at com.kms.katalon.core.main.TestCaseMain$startTestSuite$0.call(Unknown Source)
	at TempTestSuite1677738455679.run(TempTestSuite1677738455679.groovy:36)
"/>
         <system-out><![CDATA[2023-03-02 11:59:30 - [TEST_CASE][FAILED] - Test Cases/Demo/TC 01 - Login with mPIN: Test Cases/Demo/TC 01 - Login with mPIN FAILED.
Reason:
com.kms.katalon.core.exception.StepFailedException: Object Object Repository/2.Dashboard/Accounts/AccountDetails not found
	at com.kms.katalon.core.keyword.internal.KeywordMain.stepFailed(KeywordMain.groovy:39)
	at com.kms.katalon.core.mobile.keyword.internal.MobileKeywordMain.stepFailed(MobileKeywordMain.groovy:40)
	at com.kms.katalon.core.mobile.keyword.builtin.GetAttributeKeyword$_getAttribute_closure1.doCall(GetAttributeKeyword.groovy:76)
	at com.kms.katalon.core.mobile.keyword.builtin.GetAttributeKeyword$_getAttribute_closure1.call(GetAttributeKeyword.groovy)
	at com.kms.katalon.core.mobile.keyword.internal.MobileKeywordMain.runKeyword(MobileKeywordMain.groovy:21)
	at com.kms.katalon.core.mobile.keyword.builtin.GetAttributeKeyword.getAttribute(GetAttributeKeyword.groovy:82)
	at com.kms.katalon.core.mobile.keyword.builtin.GetAttributeKeyword.execute(GetAttributeKeyword.groovy:66)
	at com.kms.katalon.core.keyword.internal.KeywordExecutor.executeKeywordForPlatform(KeywordExecutor.groovy:74)
	at com.kms.katalon.core.mobile.keyword.MobileBuiltInKeywords.getAttribute(MobileBuiltInKeywords.groovy:1656)
	at com.kms.katalon.core.mobile.keyword.MobileBuiltInKeywords$getAttribute$5.call(Unknown Source)
	at TC 01 - Login with mPIN.run(TC 01 - Login with mPIN:39)
	at com.kms.katalon.core.main.ScriptEngine.run(ScriptEngine.java:194)
	at com.kms.katalon.core.main.ScriptEngine.runScriptAsRawText(ScriptEngine.java:119)
	at com.kms.katalon.core.main.TestCaseExecutor.runScript(TestCaseExecutor.java:448)
	at com.kms.katalon.core.main.TestCaseExecutor.doExecute(TestCaseExecutor.java:439)
	at com.kms.katalon.core.main.TestCaseExecutor.processExecutionPhase(TestCaseExecutor.java:418)
	at com.kms.katalon.core.main.TestCaseExecutor.accessMainPhase(TestCaseExecutor.java:410)
	at com.kms.katalon.core.main.TestCaseExecutor.execute(TestCaseExecutor.java:285)
	at com.kms.katalon.core.common.CommonExecutor.accessTestCaseMainPhase(CommonExecutor.java:65)
	at com.kms.katalon.core.main.TestSuiteExecutor.accessTestSuiteMainPhase(TestSuiteExecutor.java:151)
	at com.kms.katalon.core.main.TestSuiteExecutor.execute(TestSuiteExecutor.java:106)
	at com.kms.katalon.core.main.TestCaseMain.startTestSuite(TestCaseMain.java:185)
	at com.kms.katalon.core.main.TestCaseMain$startTestSuite$0.call(Unknown Source)
	at TempTestSuite1677738455679.run(TempTestSuite1677738455679.groovy:36)


2023-03-02 11:59:30 - [TEST_STEP][PASSED] - Start listener action : enableSauceLabs: [SAUCELABS] Saucelabs Plugin will not attempt to auto update job status and information !

2023-03-02 11:59:30 - [MESSAGE][INFO] - [SAUCELABS] Current run configuration: Chrome

2023-03-02 11:59:30 - [MESSAGE][INFO] - [SAUCELABS] Saucelabs Plugin will not attempt to auto update job status and information !

2023-03-02 11:59:31 - [TEST_STEP][PASSED] - callTestCase(findTestCase("Utilities/BrowserStackIntegration"), [:], CONTINUE_ON_FAILURE): Call Test Case 'Test Cases/Utilities/BrowserStackIntegration' successfully

2023-03-02 11:59:31 - [TEST_CASE][PASSED] - Test Cases/Utilities/BrowserStackIntegration: Test Cases/Utilities/BrowserStackIntegration

2023-03-02 11:59:31 - [TEST_STEP][PASSED] - caps = new org.openqa.selenium.remote.DesiredCapabilities(): null

2023-03-02 11:59:31 - [TEST_STEP][PASSED] - caps.setCapability("browserstack.user", "akhilg_bcP6MO"): null

2023-03-02 11:59:31 - [TEST_STEP][PASSED] - caps.setCapability("browserstack.key", "RcXLz7Sh5mbzziaT81Jd"): null

2023-03-02 11:59:31 - [TEST_STEP][PASSED] - caps.setCapability("app", "bs://8e1bdaf1e2220e857eeee2a8c8d2d59f4ba08396"): null

2023-03-02 11:59:31 - [TEST_STEP][PASSED] - caps.setCapability("device", "Google Pixel 3"): null

2023-03-02 11:59:31 - [TEST_STEP][PASSED] - caps.setCapability("os_version", "9.0"): null

2023-03-02 11:59:31 - [TEST_STEP][PASSED] - caps.setCapability("project", "First Java Project"): null

2023-03-02 11:59:31 - [TEST_STEP][PASSED] - caps.setCapability("build", "browserstack-build-1"): null

2023-03-02 11:59:31 - [TEST_STEP][PASSED] - caps.setCapability("name", "first_test"): null

2023-03-02 11:59:31 - [TEST_STEP][PASSED] - createMobileDriver(ANDROID_DRIVER, caps, new java.net.URL(http://hub.browserstack.com/wd/hub)): null

2023-03-02 12:00:04 - [MESSAGE][PASSED] - Call Test Case 'Test Cases/Utilities/BrowserStackIntegration' successfully

2023-03-02 12:00:04 - [TEST_STEP][PASSED] - waitForElementPresent(findTestObject("1.Registration and Login/Login Page/button_ForgotmPIN"), 0): Object Object Repository/1.Registration and Login/Login Page/button_ForgotmPIN not found

2023-03-02 12:00:05 - [MESSAGE][WARNING] - Timeout '0' is invalid. Using default page load timeout: '30'

2023-03-02 12:00:35 - [MESSAGE][WARNING] - Object Object Repository/1.Registration and Login/Login Page/button_ForgotmPIN not found

2023-03-02 12:00:35 - [TEST_STEP][PASSED] - callTestCase(findTestCase("Utilities/Enter_mPIN"), [:], STOP_ON_FAILURE): Call Test Case 'Test Cases/Utilities/Enter_mPIN' successfully

2023-03-02 12:00:35 - [TEST_CASE][PASSED] - Test Cases/Utilities/Enter_mPIN: Test Cases/Utilities/Enter_mPIN

2023-03-02 12:00:36 - [TEST_STEP][PASSED] - driver = getDriver(): null

2023-03-02 12:00:36 - [TEST_STEP][PASSED] - driver.pressKey(new io.appium.java_client.android.nativekey.KeyEvent(io.appium.java_client.android.nativekey.AndroidKey.DIGIT_1)): null

2023-03-02 12:00:36 - [TEST_STEP][PASSED] - driver.pressKey(new io.appium.java_client.android.nativekey.KeyEvent(io.appium.java_client.android.nativekey.AndroidKey.DIGIT_0)): null

2023-03-02 12:00:37 - [TEST_STEP][PASSED] - driver.pressKey(new io.appium.java_client.android.nativekey.KeyEvent(io.appium.java_client.android.nativekey.AndroidKey.DIGIT_2)): null

2023-03-02 12:00:37 - [TEST_STEP][PASSED] - driver.pressKey(new io.appium.java_client.android.nativekey.KeyEvent(io.appium.java_client.android.nativekey.AndroidKey.DIGIT_0)): null

2023-03-02 12:00:37 - [TEST_STEP][PASSED] - driver.pressKey(new io.appium.java_client.android.nativekey.KeyEvent(io.appium.java_client.android.nativekey.AndroidKey.DIGIT_3)): null

2023-03-02 12:00:37 - [TEST_STEP][PASSED] - driver.pressKey(new io.appium.java_client.android.nativekey.KeyEvent(io.appium.java_client.android.nativekey.AndroidKey.DIGIT_0)): null

2023-03-02 12:00:37 - [TEST_STEP][PASSED] - driver.pressKey(new io.appium.java_client.android.nativekey.KeyEvent(io.appium.java_client.android.nativekey.AndroidKey.ENTER)): null

2023-03-02 12:00:37 - [MESSAGE][PASSED] - Call Test Case 'Test Cases/Utilities/Enter_mPIN' successfully

2023-03-02 12:00:37 - [TEST_STEP][PASSED] - waitForElementPresent(findTestObject("2.Dashboard/Accounts/AccountDetails"), 60): Object Object Repository/2.Dashboard/Accounts/AccountDetails not found

2023-03-02 12:01:38 - [MESSAGE][WARNING] - Object Object Repository/2.Dashboard/Accounts/AccountDetails not found

2023-03-02 12:01:38 - [TEST_STEP][PASSED] - takeScreenshot(): Screenshot is taken

2023-03-02 12:01:40 - [MESSAGE][PASSED] - Screenshot is taken
[[ATTACHMENT|C:\\Users\\Dell\\git\\SuperApp-Ajman\\Reports\\20230302_115735\\TS_Demo\\20230302_115735\\1677738698602.png]]

2023-03-02 12:01:40 - [TEST_STEP][FAILED] - content = getAttribute(findTestObject("2.Dashboard/Accounts/AccountDetails"), "contentDescription", 0): Object Object Repository/2.Dashboard/Accounts/AccountDetails not found

2023-03-02 12:01:40 - [MESSAGE][WARNING] - Timeout '0' is invalid. Using default page load timeout: '30'

2023-03-02 12:02:11 - [MESSAGE][FAILED] - Object Object Repository/2.Dashboard/Accounts/AccountDetails not found

2023-03-02 12:02:11 - [TEST_STEP][PASSED] - println(content): null

2023-03-02 12:02:11 - [TEST_STEP][ERROR] - line = content.split("\R"): Test Cases/Demo/TC 01 - Login with mPIN FAILED.
Reason:
java.lang.NullPointerException: Cannot invoke method split() on null object
	at TC 01 - Login with mPIN.run(TC 01 - Login with mPIN:43)
	at com.kms.katalon.core.main.ScriptEngine.run(ScriptEngine.java:194)
	at com.kms.katalon.core.main.ScriptEngine.runScriptAsRawText(ScriptEngine.java:119)
	at com.kms.katalon.core.main.TestCaseExecutor.runScript(TestCaseExecutor.java:448)
	at com.kms.katalon.core.main.TestCaseExecutor.doExecute(TestCaseExecutor.java:439)
	at com.kms.katalon.core.main.TestCaseExecutor.processExecutionPhase(TestCaseExecutor.java:418)
	at com.kms.katalon.core.main.TestCaseExecutor.accessMainPhase(TestCaseExecutor.java:410)
	at com.kms.katalon.core.main.TestCaseExecutor.execute(TestCaseExecutor.java:285)
	at com.kms.katalon.core.common.CommonExecutor.accessTestCaseMainPhase(CommonExecutor.java:65)
	at com.kms.katalon.core.main.TestSuiteExecutor.accessTestSuiteMainPhase(TestSuiteExecutor.java:151)
	at com.kms.katalon.core.main.TestSuiteExecutor.execute(TestSuiteExecutor.java:106)
	at com.kms.katalon.core.main.TestCaseMain.startTestSuite(TestCaseMain.java:185)
	at com.kms.katalon.core.main.TestCaseMain$startTestSuite$0.call(Unknown Source)
	at TempTestSuite1677738455679.run(TempTestSuite1677738455679.groovy:36)


2023-03-02 12:02:11 - [MESSAGE][ERROR] - Test Cases/Demo/TC 01 - Login with mPIN FAILED.
Reason:
java.lang.NullPointerException: Cannot invoke method split() on null object
	at TC 01 - Login with mPIN.run(TC 01 - Login with mPIN:43)
	at com.kms.katalon.core.main.ScriptEngine.run(ScriptEngine.java:194)
	at com.kms.katalon.core.main.ScriptEngine.runScriptAsRawText(ScriptEngine.java:119)
	at com.kms.katalon.core.main.TestCaseExecutor.runScript(TestCaseExecutor.java:448)
	at com.kms.katalon.core.main.TestCaseExecutor.doExecute(TestCaseExecutor.java:439)
	at com.kms.katalon.core.main.TestCaseExecutor.processExecutionPhase(TestCaseExecutor.java:418)
	at com.kms.katalon.core.main.TestCaseExecutor.accessMainPhase(TestCaseExecutor.java:410)
	at com.kms.katalon.core.main.TestCaseExecutor.execute(TestCaseExecutor.java:285)
	at com.kms.katalon.core.common.CommonExecutor.accessTestCaseMainPhase(CommonExecutor.java:65)
	at com.kms.katalon.core.main.TestSuiteExecutor.accessTestSuiteMainPhase(TestSuiteExecutor.java:151)
	at com.kms.katalon.core.main.TestSuiteExecutor.execute(TestSuiteExecutor.java:106)
	at com.kms.katalon.core.main.TestCaseMain.startTestSuite(TestCaseMain.java:185)
	at com.kms.katalon.core.main.TestCaseMain$startTestSuite$0.call(Unknown Source)
	at TempTestSuite1677738455679.run(TempTestSuite1677738455679.groovy:36)


2023-03-02 12:02:11 - [TEST_STEP][PASSED] - Start listener action : autoUpdateJobStatus: [SAUCELABS] Current run configuration: Chrome

2023-03-02 12:02:11 - [MESSAGE][INFO] - [SAUCELABS] Current run configuration: Chrome]]></system-out>
         <system-err><![CDATA[2023-03-02 11:59:30 - [TEST_CASE][FAILED] - Test Cases/Demo/TC 01 - Login with mPIN: Test Cases/Demo/TC 01 - Login with mPIN FAILED.
Reason:
com.kms.katalon.core.exception.StepFailedException: Object Object Repository/2.Dashboard/Accounts/AccountDetails not found
	at com.kms.katalon.core.keyword.internal.KeywordMain.stepFailed(KeywordMain.groovy:39)
	at com.kms.katalon.core.mobile.keyword.internal.MobileKeywordMain.stepFailed(MobileKeywordMain.groovy:40)
	at com.kms.katalon.core.mobile.keyword.builtin.GetAttributeKeyword$_getAttribute_closure1.doCall(GetAttributeKeyword.groovy:76)
	at com.kms.katalon.core.mobile.keyword.builtin.GetAttributeKeyword$_getAttribute_closure1.call(GetAttributeKeyword.groovy)
	at com.kms.katalon.core.mobile.keyword.internal.MobileKeywordMain.runKeyword(MobileKeywordMain.groovy:21)
	at com.kms.katalon.core.mobile.keyword.builtin.GetAttributeKeyword.getAttribute(GetAttributeKeyword.groovy:82)
	at com.kms.katalon.core.mobile.keyword.builtin.GetAttributeKeyword.execute(GetAttributeKeyword.groovy:66)
	at com.kms.katalon.core.keyword.internal.KeywordExecutor.executeKeywordForPlatform(KeywordExecutor.groovy:74)
	at com.kms.katalon.core.mobile.keyword.MobileBuiltInKeywords.getAttribute(MobileBuiltInKeywords.groovy:1656)
	at com.kms.katalon.core.mobile.keyword.MobileBuiltInKeywords$getAttribute$5.call(Unknown Source)
	at TC 01 - Login with mPIN.run(TC 01 - Login with mPIN:39)
	at com.kms.katalon.core.main.ScriptEngine.run(ScriptEngine.java:194)
	at com.kms.katalon.core.main.ScriptEngine.runScriptAsRawText(ScriptEngine.java:119)
	at com.kms.katalon.core.main.TestCaseExecutor.runScript(TestCaseExecutor.java:448)
	at com.kms.katalon.core.main.TestCaseExecutor.doExecute(TestCaseExecutor.java:439)
	at com.kms.katalon.core.main.TestCaseExecutor.processExecutionPhase(TestCaseExecutor.java:418)
	at com.kms.katalon.core.main.TestCaseExecutor.accessMainPhase(TestCaseExecutor.java:410)
	at com.kms.katalon.core.main.TestCaseExecutor.execute(TestCaseExecutor.java:285)
	at com.kms.katalon.core.common.CommonExecutor.accessTestCaseMainPhase(CommonExecutor.java:65)
	at com.kms.katalon.core.main.TestSuiteExecutor.accessTestSuiteMainPhase(TestSuiteExecutor.java:151)
	at com.kms.katalon.core.main.TestSuiteExecutor.execute(TestSuiteExecutor.java:106)
	at com.kms.katalon.core.main.TestCaseMain.startTestSuite(TestCaseMain.java:185)
	at com.kms.katalon.core.main.TestCaseMain$startTestSuite$0.call(Unknown Source)
	at TempTestSuite1677738455679.run(TempTestSuite1677738455679.groovy:36)]]></system-err>
      </testcase>
      <system-out><![CDATA[2023-03-02 11:57:48 - [TEST_SUITE][FAILED] - TS_Demo: Test Cases/Demo/TC 01 - Login with mPIN FAILED.
Reason:
com.kms.katalon.core.exception.StepFailedException: Object Object Repository/2.Dashboard/Accounts/AccountDetails not found
	at com.kms.katalon.core.keyword.internal.KeywordMain.stepFailed(KeywordMain.groovy:39)
	at com.kms.katalon.core.mobile.keyword.internal.MobileKeywordMain.stepFailed(MobileKeywordMain.groovy:40)
	at com.kms.katalon.core.mobile.keyword.builtin.GetAttributeKeyword$_getAttribute_closure1.doCall(GetAttributeKeyword.groovy:76)
	at com.kms.katalon.core.mobile.keyword.builtin.GetAttributeKeyword$_getAttribute_closure1.call(GetAttributeKeyword.groovy)
	at com.kms.katalon.core.mobile.keyword.internal.MobileKeywordMain.runKeyword(MobileKeywordMain.groovy:21)
	at com.kms.katalon.core.mobile.keyword.builtin.GetAttributeKeyword.getAttribute(GetAttributeKeyword.groovy:82)
	at com.kms.katalon.core.mobile.keyword.builtin.GetAttributeKeyword.execute(GetAttributeKeyword.groovy:66)
	at com.kms.katalon.core.keyword.internal.KeywordExecutor.executeKeywordForPlatform(KeywordExecutor.groovy:74)
	at com.kms.katalon.core.mobile.keyword.MobileBuiltInKeywords.getAttribute(MobileBuiltInKeywords.groovy:1656)
	at com.kms.katalon.core.mobile.keyword.MobileBuiltInKeywords$getAttribute$5.call(Unknown Source)
	at TC 01 - Login with mPIN.run(TC 01 - Login with mPIN:39)
	at com.kms.katalon.core.main.ScriptEngine.run(ScriptEngine.java:194)
	at com.kms.katalon.core.main.ScriptEngine.runScriptAsRawText(ScriptEngine.java:119)
	at com.kms.katalon.core.main.TestCaseExecutor.runScript(TestCaseExecutor.java:448)
	at com.kms.katalon.core.main.TestCaseExecutor.doExecute(TestCaseExecutor.java:439)
	at com.kms.katalon.core.main.TestCaseExecutor.processExecutionPhase(TestCaseExecutor.java:418)
	at com.kms.katalon.core.main.TestCaseExecutor.accessMainPhase(TestCaseExecutor.java:410)
	at com.kms.katalon.core.main.TestCaseExecutor.execute(TestCaseExecutor.java:285)
	at com.kms.katalon.core.common.CommonExecutor.accessTestCaseMainPhase(CommonExecutor.java:65)
	at com.kms.katalon.core.main.TestSuiteExecutor.accessTestSuiteMainPhase(TestSuiteExecutor.java:151)
	at com.kms.katalon.core.main.TestSuiteExecutor.execute(TestSuiteExecutor.java:106)
	at com.kms.katalon.core.main.TestCaseMain.startTestSuite(TestCaseMain.java:185)
	at com.kms.katalon.core.main.TestCaseMain$startTestSuite$0.call(Unknown Source)
	at TempTestSuite1677738455679.run(TempTestSuite1677738455679.groovy:36)]]></system-out>
      <system-err><![CDATA[2023-03-02 11:57:48 - [TEST_SUITE][FAILED] - TS_Demo: Test Cases/Demo/TC 01 - Login with mPIN FAILED.
Reason:
com.kms.katalon.core.exception.StepFailedException: Object Object Repository/2.Dashboard/Accounts/AccountDetails not found
	at com.kms.katalon.core.keyword.internal.KeywordMain.stepFailed(KeywordMain.groovy:39)
	at com.kms.katalon.core.mobile.keyword.internal.MobileKeywordMain.stepFailed(MobileKeywordMain.groovy:40)
	at com.kms.katalon.core.mobile.keyword.builtin.GetAttributeKeyword$_getAttribute_closure1.doCall(GetAttributeKeyword.groovy:76)
	at com.kms.katalon.core.mobile.keyword.builtin.GetAttributeKeyword$_getAttribute_closure1.call(GetAttributeKeyword.groovy)
	at com.kms.katalon.core.mobile.keyword.internal.MobileKeywordMain.runKeyword(MobileKeywordMain.groovy:21)
	at com.kms.katalon.core.mobile.keyword.builtin.GetAttributeKeyword.getAttribute(GetAttributeKeyword.groovy:82)
	at com.kms.katalon.core.mobile.keyword.builtin.GetAttributeKeyword.execute(GetAttributeKeyword.groovy:66)
	at com.kms.katalon.core.keyword.internal.KeywordExecutor.executeKeywordForPlatform(KeywordExecutor.groovy:74)
	at com.kms.katalon.core.mobile.keyword.MobileBuiltInKeywords.getAttribute(MobileBuiltInKeywords.groovy:1656)
	at com.kms.katalon.core.mobile.keyword.MobileBuiltInKeywords$getAttribute$5.call(Unknown Source)
	at TC 01 - Login with mPIN.run(TC 01 - Login with mPIN:39)
	at com.kms.katalon.core.main.ScriptEngine.run(ScriptEngine.java:194)
	at com.kms.katalon.core.main.ScriptEngine.runScriptAsRawText(ScriptEngine.java:119)
	at com.kms.katalon.core.main.TestCaseExecutor.runScript(TestCaseExecutor.java:448)
	at com.kms.katalon.core.main.TestCaseExecutor.doExecute(TestCaseExecutor.java:439)
	at com.kms.katalon.core.main.TestCaseExecutor.processExecutionPhase(TestCaseExecutor.java:418)
	at com.kms.katalon.core.main.TestCaseExecutor.accessMainPhase(TestCaseExecutor.java:410)
	at com.kms.katalon.core.main.TestCaseExecutor.execute(TestCaseExecutor.java:285)
	at com.kms.katalon.core.common.CommonExecutor.accessTestCaseMainPhase(CommonExecutor.java:65)
	at com.kms.katalon.core.main.TestSuiteExecutor.accessTestSuiteMainPhase(TestSuiteExecutor.java:151)
	at com.kms.katalon.core.main.TestSuiteExecutor.execute(TestSuiteExecutor.java:106)
	at com.kms.katalon.core.main.TestCaseMain.startTestSuite(TestCaseMain.java:185)
	at com.kms.katalon.core.main.TestCaseMain$startTestSuite$0.call(Unknown Source)
	at TempTestSuite1677738455679.run(TempTestSuite1677738455679.groovy:36)]]></system-err>
   </testsuite>
</testsuites>
