<?xml version="1.0" encoding="UTF-8"?>
<testsuites name="BS_Demo" time="365.409" tests="3" failures="0" errors="0">
   <testsuite name="BS_Demo" tests="3" failures="0" errors="0" time="365.409" skipped="0" timestamp="2023-03-06 13:33:58" hostname="Dell - DESKTOP-RBJSP3C.bbrouter" id="Test Suites/BS Demo/BS_Demo">
      <properties>
         <property name="deviceName" value="Xiaomi Redmi Note 9 Pro (Android 12)"/>
         <property name="devicePlatform" value=""/>
         <property name="logFolder" value="C:\\Users\\Dell\\git\\SuperApp-Ajman\\Reports\\20230306_133346\\BS Demo\\BS_Demo\\20230306_133346"/>
         <property name="logFiles" value="C:\\Users\\Dell\\git\\SuperApp-Ajman\\Reports\\20230306_133346\\BS Demo\\BS_Demo\\20230306_133346\\appium.log, C:\\Users\\Dell\\git\\SuperApp-Ajman\\Reports\\20230306_133346\\BS Demo\\BS_Demo\\20230306_133346\\execution0.log"/>
         <property name="attachments" value="C:\\Users\\Dell\\git\\SuperApp-Ajman\\Reports\\20230306_133346\\BS Demo\\BS_Demo\\20230306_133346\\1678089913410.png, C:\\Users\\Dell\\git\\SuperApp-Ajman\\Reports\\20230306_133346\\BS Demo\\BS_Demo\\20230306_133346\\1678089920976.png, C:\\Users\\Dell\\git\\SuperApp-Ajman\\Reports\\20230306_133346\\BS Demo\\BS_Demo\\20230306_133346\\1678090026662.png, C:\\Users\\Dell\\git\\SuperApp-Ajman\\Reports\\20230306_133346\\BS Demo\\BS_Demo\\20230306_133346\\1678090034795.png, C:\\Users\\Dell\\git\\SuperApp-Ajman\\Reports\\20230306_133346\\BS Demo\\BS_Demo\\20230306_133346\\1678090140046.png, C:\\Users\\Dell\\git\\SuperApp-Ajman\\Reports\\20230306_133346\\BS Demo\\BS_Demo\\20230306_133346\\1678090147936.png"/>
         <property name="hostName" value="Dell - DESKTOP-RBJSP3C.bbrouter"/>
         <property name="os" value="Windows 10 64bit"/>
         <property name="appiumServerStatus" value="{&quot;value&quot;:{&quot;build&quot;:{&quot;version&quot;:&quot;1.22.0&quot;}},&quot;sessionId&quot;:null,&quot;status&quot;:0}"/>
         <property name="katalonVersion" value="8.5.5.208"/>
         <property name="deviceOS" value="Android"/>
         <property name="appiumVersion" value="1.22.0"/>
         <property name="deviceModel" value="Redmi Note 9 Pro"/>
         <property name="hostAddress" value="192.168.1.6"/>
         <property name="deviceManufacturer" value="Xiaomi"/>
         <property name="deviceId" value="b76dcbe1"/>
         <property name="deviceName" value="Xiaomi Redmi Note 9 Pro (Android 12)"/>
         <property name="deviceOSVersion" value="12"/>
      </properties>
      <testcase name="Test Cases/Payments/TC 01 - Saved Bill Payment" time="139.724" classname="Test Cases/Payments/TC 01 - Saved Bill Payment" status="PASSED">
         <system-out><![CDATA[2023-03-06 13:33:59 - [TEST_CASE][PASSED] - Test Cases/Payments/TC 01 - Saved Bill Payment: Test Cases/Payments/TC 01 - Saved Bill Payment

2023-03-06 13:33:59 - [TEST_STEP][PASSED] - Start listener action : enableSauceLabs: [SAUCELABS] Saucelabs Plugin will not attempt to auto update job status and information !

2023-03-06 13:33:59 - [MESSAGE][INFO] - [SAUCELABS] Current run configuration: Android - b76dcbe1

2023-03-06 13:33:59 - [MESSAGE][INFO] - [SAUCELABS] Saucelabs Plugin will not attempt to auto update job status and information !

2023-03-06 13:34:01 - [TEST_STEP][PASSED] - callTestCase(findTestCase("Utilities/Login"), [:], CONTINUE_ON_FAILURE): Call Test Case 'Test Cases/Utilities/Login' successfully

2023-03-06 13:34:01 - [TEST_CASE][PASSED] - Test Cases/Utilities/Login: Test Cases/Utilities/Login

2023-03-06 13:34:02 - [TEST_STEP][PASSED] - startExistingApplication("com.cbt.ajmandigital", STOP_ON_FAILURE): Starting app with application ID: 'com.cbt.ajmandigital'

2023-03-06 13:34:02 - [MESSAGE][INFO] - Detected NodeJS location: "C:\Program Files\nodejs\node.exe"

2023-03-06 13:34:04 - [MESSAGE][INFO] - Appium server started on port 58,113

2023-03-06 13:34:29 - [MESSAGE][PASSED] - Starting app with application ID: 'com.cbt.ajmandigital'

2023-03-06 13:34:29 - [TEST_STEP][PASSED] - waitForElementPresent(findTestObject("1.Registration and Login/Login Page/button_ForgotmPIN"), 0): Element 'Object Repository/1.Registration and Login/Login Page/button_ForgotmPIN' is present

2023-03-06 13:34:29 - [MESSAGE][WARNING] - Timeout '0' is invalid. Using default page load timeout: '30'

2023-03-06 13:34:41 - [MESSAGE][PASSED] - Element 'Object Repository/1.Registration and Login/Login Page/button_ForgotmPIN' is present

2023-03-06 13:34:41 - [TEST_STEP][PASSED] - callTestCase(findTestCase("Utilities/Enter_mPIN"), [:], STOP_ON_FAILURE): Call Test Case 'Test Cases/Utilities/Enter_mPIN' successfully

2023-03-06 13:34:41 - [TEST_CASE][PASSED] - Test Cases/Utilities/Enter_mPIN: Test Cases/Utilities/Enter_mPIN

2023-03-06 13:34:42 - [TEST_STEP][PASSED] - driver = getDriver(): null

2023-03-06 13:34:42 - [TEST_STEP][PASSED] - driver.pressKey(new io.appium.java_client.android.nativekey.KeyEvent(io.appium.java_client.android.nativekey.AndroidKey.DIGIT_1)): null

2023-03-06 13:34:42 - [TEST_STEP][PASSED] - driver.pressKey(new io.appium.java_client.android.nativekey.KeyEvent(io.appium.java_client.android.nativekey.AndroidKey.DIGIT_0)): null

2023-03-06 13:34:43 - [TEST_STEP][PASSED] - driver.pressKey(new io.appium.java_client.android.nativekey.KeyEvent(io.appium.java_client.android.nativekey.AndroidKey.DIGIT_2)): null

2023-03-06 13:34:43 - [TEST_STEP][PASSED] - driver.pressKey(new io.appium.java_client.android.nativekey.KeyEvent(io.appium.java_client.android.nativekey.AndroidKey.DIGIT_0)): null

2023-03-06 13:34:44 - [TEST_STEP][PASSED] - driver.pressKey(new io.appium.java_client.android.nativekey.KeyEvent(io.appium.java_client.android.nativekey.AndroidKey.DIGIT_3)): null

2023-03-06 13:34:44 - [TEST_STEP][PASSED] - driver.pressKey(new io.appium.java_client.android.nativekey.KeyEvent(io.appium.java_client.android.nativekey.AndroidKey.DIGIT_0)): null

2023-03-06 13:34:46 - [TEST_STEP][PASSED] - driver.pressKey(new io.appium.java_client.android.nativekey.KeyEvent(io.appium.java_client.android.nativekey.AndroidKey.ENTER)): null

2023-03-06 13:34:47 - [MESSAGE][PASSED] - Call Test Case 'Test Cases/Utilities/Enter_mPIN' successfully

2023-03-06 13:34:47 - [TEST_STEP][PASSED] - waitForElementPresent(findTestObject("2.Dashboard/Accounts/AccountDetails"), 60): Element 'Object Repository/2.Dashboard/Accounts/AccountDetails' is present

2023-03-06 13:34:52 - [MESSAGE][PASSED] - Element 'Object Repository/2.Dashboard/Accounts/AccountDetails' is present

2023-03-06 13:34:52 - [MESSAGE][PASSED] - Call Test Case 'Test Cases/Utilities/Login' successfully

2023-03-06 13:34:52 - [TEST_STEP][PASSED] - tap(findTestObject("3.Payments/Payments_page/tab_PAY"), 0): Tapped on element 'Object Repository/3.Payments/Payments_page/tab_PAY'

2023-03-06 13:34:53 - [MESSAGE][WARNING] - Timeout '0' is invalid. Using default page load timeout: '30'

2023-03-06 13:34:53 - [MESSAGE][PASSED] - Tapped on element 'Object Repository/3.Payments/Payments_page/tab_PAY'

2023-03-06 13:34:53 - [TEST_STEP][PASSED] - tap(findTestObject("3.Payments/Payments_page/tab_Bills"), 0): Tapped on element 'Object Repository/3.Payments/Payments_page/tab_Bills'

2023-03-06 13:34:53 - [MESSAGE][WARNING] - Timeout '0' is invalid. Using default page load timeout: '30'

2023-03-06 13:34:55 - [MESSAGE][PASSED] - Tapped on element 'Object Repository/3.Payments/Payments_page/tab_Bills'

2023-03-06 13:34:55 - [TEST_STEP][PASSED] - tap(findTestObject("3.Payments/Payments_page/button_NewBill"), 0): Tapped on element 'Object Repository/3.Payments/Payments_page/button_NewBill'

2023-03-06 13:34:55 - [MESSAGE][WARNING] - Timeout '0' is invalid. Using default page load timeout: '30'

2023-03-06 13:34:57 - [MESSAGE][PASSED] - Tapped on element 'Object Repository/3.Payments/Payments_page/button_NewBill'

2023-03-06 13:34:57 - [TEST_STEP][PASSED] - delay(2): Delayed 2 second(s)

2023-03-06 13:34:59 - [MESSAGE][PASSED] - Delayed 2 second(s)

2023-03-06 13:34:59 - [TEST_STEP][PASSED] - tap(findTestObject("3.Payments/Pay To New Biller/Label_Select Biller", ["biller":biller]), 0): Tapped on element 'Object Repository/3.Payments/Pay To New Biller/Label_Select Biller'

2023-03-06 13:34:59 - [MESSAGE][WARNING] - Timeout '0' is invalid. Using default page load timeout: '30'

2023-03-06 13:35:00 - [MESSAGE][PASSED] - Tapped on element 'Object Repository/3.Payments/Pay To New Biller/Label_Select Biller'

2023-03-06 13:35:00 - [TEST_STEP][PASSED] - tap(findTestObject("3.Payments/Pay To New Biller/Label_Select Sub Biller", ["subBiller":subBiller]), 0): Tapped on element 'Object Repository/3.Payments/Pay To New Biller/Label_Select Sub Biller'

2023-03-06 13:35:00 - [MESSAGE][WARNING] - Timeout '0' is invalid. Using default page load timeout: '30'

2023-03-06 13:35:04 - [MESSAGE][PASSED] - Tapped on element 'Object Repository/3.Payments/Pay To New Biller/Label_Select Sub Biller'

2023-03-06 13:35:04 - [TEST_STEP][PASSED] - delay(5, CONTINUE_ON_FAILURE): Delayed 5 second(s)

2023-03-06 13:35:09 - [MESSAGE][PASSED] - Delayed 5 second(s)

2023-03-06 13:35:09 - [TEST_STEP][PASSED] - callTestCase(findTestCase("Utilities/Account Selection Based on AccountNumber"), ["accountNumber":accountNumber], CONTINUE_ON_FAILURE): Call Test Case 'Test Cases/Utilities/Account Selection Based on AccountNumber' successfully

2023-03-06 13:35:09 - [TEST_CASE][PASSED] - Test Cases/Utilities/Account Selection Based on AccountNumber: Test Cases/Utilities/Account Selection Based on AccountNumber

2023-03-06 13:35:10 - [TEST_STEP][PASSED] - count = 1: null

2023-03-06 13:35:10 - [TEST_STEP][PASSED] - AccountDetails = getAttribute(findTestObject("2.Dashboard/Accounts/Account Selection", ["index":count]), "contentDescription", 0): Element 'Object Repository/2.Dashboard/Accounts/Account Selection' has attribute 'contentDescription' is 'Available Balance
3,259,284.76
AED
Savings Account
011074763011'

2023-03-06 13:35:10 - [MESSAGE][WARNING] - Timeout '0' is invalid. Using default page load timeout: '30'

2023-03-06 13:35:11 - [MESSAGE][PASSED] - Element 'Object Repository/2.Dashboard/Accounts/Account Selection' has attribute 'contentDescription' is 'Available Balance
3,259,284.76
AED
Savings Account
011074763011'

2023-03-06 13:35:11 - [TEST_STEP][PASSED] - element = <not implemented yet for class: org.codehaus.groovy.ast.expr.EmptyExpression>: null

2023-03-06 13:35:11 - [TEST_STEP][PASSED] - element = AccountDetails.split("\R"): null

2023-03-06 13:35:11 - [TEST_STEP][PASSED] - println(element[4]): null

2023-03-06 13:35:11 - [TEST_STEP][PASSED] - println(accountNumber): null

2023-03-06 13:35:11 - [TEST_STEP][PASSED] - while (accountNumber != element[4]): null

2023-03-06 13:35:11 - [MESSAGE][PASSED] - Call Test Case 'Test Cases/Utilities/Account Selection Based on AccountNumber' successfully

2023-03-06 13:35:11 - [TEST_STEP][PASSED] - tap(findTestObject("3.Payments/Pay To New Biller/Text Box_Account Number Entry"), 0): Tapped on element 'Object Repository/3.Payments/Pay To New Biller/Text Box_Account Number Entry'

2023-03-06 13:35:11 - [MESSAGE][WARNING] - Timeout '0' is invalid. Using default page load timeout: '30'

2023-03-06 13:35:11 - [MESSAGE][PASSED] - Tapped on element 'Object Repository/3.Payments/Pay To New Biller/Text Box_Account Number Entry'

2023-03-06 13:35:11 - [TEST_STEP][PASSED] - setText(findTestObject("3.Payments/Pay To New Biller/Text Box_Account Number Entry"), consumerNumber, 0): Text '210000137777' has been set to element 'Object Repository/3.Payments/Pay To New Biller/Text Box_Account Number Entry'

2023-03-06 13:35:11 - [MESSAGE][WARNING] - Timeout '0' is invalid. Using default page load timeout: '30'

2023-03-06 13:35:12 - [MESSAGE][PASSED] - Text '210000137777' has been set to element 'Object Repository/3.Payments/Pay To New Biller/Text Box_Account Number Entry'

2023-03-06 13:35:12 - [TEST_STEP][PASSED] - pressBack(): Press back button successfully

2023-03-06 13:35:13 - [MESSAGE][PASSED] - Press back button successfully

2023-03-06 13:35:13 - [TEST_STEP][PASSED] - if (biller == "Salik"): null

2023-03-06 13:35:13 - [TEST_STEP][PASSED] - takeScreenshot(): Screenshot is taken

2023-03-06 13:35:14 - [MESSAGE][PASSED] - Screenshot is taken
[[ATTACHMENT|C:\\Users\\Dell\\git\\SuperApp-Ajman\\Reports\\20230306_133346\\BS Demo\\BS_Demo\\20230306_133346\\1678089913410.png]]

2023-03-06 13:35:14 - [TEST_STEP][PASSED] - tap(findTestObject("3.Payments/Pay To New Biller/Button_Next"), 0): Tapped on element 'Object Repository/3.Payments/Pay To New Biller/Button_Next'

2023-03-06 13:35:14 - [MESSAGE][WARNING] - Timeout '0' is invalid. Using default page load timeout: '30'

2023-03-06 13:35:14 - [MESSAGE][PASSED] - Tapped on element 'Object Repository/3.Payments/Pay To New Biller/Button_Next'

2023-03-06 13:35:14 - [TEST_STEP][PASSED] - waitForElementPresent(findTestObject("3.Payments/Amount/Text Box_Amount Entry"), 0): Element 'Object Repository/3.Payments/Amount/Text Box_Amount Entry' is present

2023-03-06 13:35:14 - [MESSAGE][WARNING] - Timeout '0' is invalid. Using default page load timeout: '30'

2023-03-06 13:35:19 - [MESSAGE][PASSED] - Element 'Object Repository/3.Payments/Amount/Text Box_Amount Entry' is present

2023-03-06 13:35:19 - [TEST_STEP][PASSED] - due = <not implemented yet for class: org.codehaus.groovy.ast.expr.EmptyExpression>: null

2023-03-06 13:35:19 - [TEST_STEP][PASSED] - if (paymentType.equals("partial")): Text '1.00' has been set to element 'Object Repository/3.Payments/Amount/Text Box_Amount Entry'

2023-03-06 13:35:19 - [TEST_STEP][PASSED] - tap(findTestObject("3.Payments/Amount/Text Box_Amount Entry"), 0): Tapped on element 'Object Repository/3.Payments/Amount/Text Box_Amount Entry'

2023-03-06 13:35:19 - [MESSAGE][WARNING] - Timeout '0' is invalid. Using default page load timeout: '30'

2023-03-06 13:35:19 - [MESSAGE][PASSED] - Tapped on element 'Object Repository/3.Payments/Amount/Text Box_Amount Entry'

2023-03-06 13:35:19 - [TEST_STEP][PASSED] - clearText(findTestObject("3.Payments/Amount/Text Box_Amount Entry"), 0): Element 'Object Repository/3.Payments/Amount/Text Box_Amount Entry' text is cleared

2023-03-06 13:35:19 - [MESSAGE][WARNING] - Timeout '0' is invalid. Using default page load timeout: '30'

2023-03-06 13:35:20 - [MESSAGE][PASSED] - Element 'Object Repository/3.Payments/Amount/Text Box_Amount Entry' text is cleared

2023-03-06 13:35:20 - [TEST_STEP][PASSED] - setText(findTestObject("3.Payments/Amount/Text Box_Amount Entry"), amount, 0): Text '1.00' has been set to element 'Object Repository/3.Payments/Amount/Text Box_Amount Entry'

2023-03-06 13:35:20 - [MESSAGE][WARNING] - Timeout '0' is invalid. Using default page load timeout: '30'

2023-03-06 13:35:20 - [MESSAGE][PASSED] - Text '1.00' has been set to element 'Object Repository/3.Payments/Amount/Text Box_Amount Entry'

2023-03-06 13:35:20 - [TEST_STEP][PASSED] - takeScreenshot(): Screenshot is taken

2023-03-06 13:35:21 - [MESSAGE][PASSED] - Screenshot is taken
[[ATTACHMENT|C:\\Users\\Dell\\git\\SuperApp-Ajman\\Reports\\20230306_133346\\BS Demo\\BS_Demo\\20230306_133346\\1678089920976.png]]

2023-03-06 13:35:21 - [TEST_STEP][PASSED] - tap(findTestObject("3.Payments/Amount/Button_Next"), 0): Tapped on element 'Object Repository/3.Payments/Amount/Button_Next'

2023-03-06 13:35:21 - [MESSAGE][WARNING] - Timeout '0' is invalid. Using default page load timeout: '30'

2023-03-06 13:35:22 - [MESSAGE][PASSED] - Tapped on element 'Object Repository/3.Payments/Amount/Button_Next'

2023-03-06 13:35:22 - [TEST_STEP][PASSED] - waitForElementPresent(findTestObject("3.Payments/Payment Confirmation Page/Button_Confirm"), 0): Element 'Object Repository/3.Payments/Payment Confirmation Page/Button_Confirm' is present

2023-03-06 13:35:23 - [MESSAGE][WARNING] - Timeout '0' is invalid. Using default page load timeout: '30'

2023-03-06 13:35:23 - [MESSAGE][PASSED] - Element 'Object Repository/3.Payments/Payment Confirmation Page/Button_Confirm' is present

2023-03-06 13:35:23 - [TEST_STEP][PASSED] - tap(findTestObject("3.Payments/Payment Confirmation Page/Button_Confirm"), 0): Tapped on element 'Object Repository/3.Payments/Payment Confirmation Page/Button_Confirm'

2023-03-06 13:35:23 - [MESSAGE][WARNING] - Timeout '0' is invalid. Using default page load timeout: '30'

2023-03-06 13:35:24 - [MESSAGE][PASSED] - Tapped on element 'Object Repository/3.Payments/Payment Confirmation Page/Button_Confirm'

2023-03-06 13:35:24 - [TEST_STEP][PASSED] - delay(5): Delayed 5 second(s)

2023-03-06 13:35:29 - [MESSAGE][PASSED] - Delayed 5 second(s)

2023-03-06 13:35:29 - [TEST_STEP][PASSED] - callTestCase(findTestCase("Utilities/Enter_mPIN"), [:], STOP_ON_FAILURE): Call Test Case 'Test Cases/Utilities/Enter_mPIN' successfully

2023-03-06 13:35:29 - [TEST_CASE][PASSED] - Test Cases/Utilities/Enter_mPIN: Test Cases/Utilities/Enter_mPIN

2023-03-06 13:35:29 - [TEST_STEP][PASSED] - driver = getDriver(): null

2023-03-06 13:35:29 - [TEST_STEP][PASSED] - driver.pressKey(new io.appium.java_client.android.nativekey.KeyEvent(io.appium.java_client.android.nativekey.AndroidKey.DIGIT_1)): null

2023-03-06 13:35:29 - [TEST_STEP][PASSED] - driver.pressKey(new io.appium.java_client.android.nativekey.KeyEvent(io.appium.java_client.android.nativekey.AndroidKey.DIGIT_0)): null

2023-03-06 13:35:30 - [TEST_STEP][PASSED] - driver.pressKey(new io.appium.java_client.android.nativekey.KeyEvent(io.appium.java_client.android.nativekey.AndroidKey.DIGIT_2)): null

2023-03-06 13:35:31 - [TEST_STEP][PASSED] - driver.pressKey(new io.appium.java_client.android.nativekey.KeyEvent(io.appium.java_client.android.nativekey.AndroidKey.DIGIT_0)): null

2023-03-06 13:35:31 - [TEST_STEP][PASSED] - driver.pressKey(new io.appium.java_client.android.nativekey.KeyEvent(io.appium.java_client.android.nativekey.AndroidKey.DIGIT_3)): null

2023-03-06 13:35:32 - [TEST_STEP][PASSED] - driver.pressKey(new io.appium.java_client.android.nativekey.KeyEvent(io.appium.java_client.android.nativekey.AndroidKey.DIGIT_0)): null

2023-03-06 13:35:33 - [TEST_STEP][PASSED] - driver.pressKey(new io.appium.java_client.android.nativekey.KeyEvent(io.appium.java_client.android.nativekey.AndroidKey.ENTER)): null

2023-03-06 13:35:34 - [MESSAGE][PASSED] - Call Test Case 'Test Cases/Utilities/Enter_mPIN' successfully

2023-03-06 13:35:34 - [TEST_STEP][PASSED] - tap(findTestObject("3.Payments/Payment Confirmation Page/Button_Verify"), 0): Tapped on element 'Object Repository/3.Payments/Payment Confirmation Page/Button_Verify'

2023-03-06 13:35:34 - [MESSAGE][WARNING] - Timeout '0' is invalid. Using default page load timeout: '30'

2023-03-06 13:35:34 - [MESSAGE][PASSED] - Tapped on element 'Object Repository/3.Payments/Payment Confirmation Page/Button_Verify'

2023-03-06 13:35:34 - [TEST_STEP][PASSED] - delay(5): Delayed 5 second(s)

2023-03-06 13:35:39 - [MESSAGE][PASSED] - Delayed 5 second(s)

2023-03-06 13:35:39 - [TEST_STEP][PASSED] - callTestCase(findTestCase("Utilities/Enter_OTP"), [:], STOP_ON_FAILURE): Call Test Case 'Test Cases/Utilities/Enter_OTP' successfully

2023-03-06 13:35:39 - [TEST_CASE][PASSED] - Test Cases/Utilities/Enter_OTP: Test Cases/Utilities/Enter_OTP

2023-03-06 13:35:40 - [TEST_STEP][PASSED] - driver = getDriver(): null

2023-03-06 13:35:40 - [TEST_STEP][PASSED] - driver.pressKey(new io.appium.java_client.android.nativekey.KeyEvent(io.appium.java_client.android.nativekey.AndroidKey.DIGIT_6)): null

2023-03-06 13:35:40 - [TEST_STEP][PASSED] - driver.pressKey(new io.appium.java_client.android.nativekey.KeyEvent(io.appium.java_client.android.nativekey.AndroidKey.DIGIT_5)): null

2023-03-06 13:35:41 - [TEST_STEP][PASSED] - driver.pressKey(new io.appium.java_client.android.nativekey.KeyEvent(io.appium.java_client.android.nativekey.AndroidKey.DIGIT_4)): null

2023-03-06 13:35:42 - [TEST_STEP][PASSED] - driver.pressKey(new io.appium.java_client.android.nativekey.KeyEvent(io.appium.java_client.android.nativekey.AndroidKey.DIGIT_3)): null

2023-03-06 13:35:43 - [TEST_STEP][PASSED] - driver.pressKey(new io.appium.java_client.android.nativekey.KeyEvent(io.appium.java_client.android.nativekey.AndroidKey.DIGIT_2)): null

2023-03-06 13:35:44 - [TEST_STEP][PASSED] - driver.pressKey(new io.appium.java_client.android.nativekey.KeyEvent(io.appium.java_client.android.nativekey.AndroidKey.DIGIT_1)): null

2023-03-06 13:35:45 - [TEST_STEP][PASSED] - driver.pressKey(new io.appium.java_client.android.nativekey.KeyEvent(io.appium.java_client.android.nativekey.AndroidKey.ENTER)): null

2023-03-06 13:35:46 - [MESSAGE][PASSED] - Call Test Case 'Test Cases/Utilities/Enter_OTP' successfully

2023-03-06 13:35:46 - [TEST_STEP][PASSED] - tap(findTestObject("4.Transfers/Button_VerifyOTP"), 0): Tapped on element 'Object Repository/4.Transfers/Button_VerifyOTP'

2023-03-06 13:35:46 - [MESSAGE][WARNING] - Timeout '0' is invalid. Using default page load timeout: '30'

2023-03-06 13:35:48 - [MESSAGE][PASSED] - Tapped on element 'Object Repository/4.Transfers/Button_VerifyOTP'

2023-03-06 13:35:48 - [TEST_STEP][PASSED] - waitForElementPresent(findTestObject("3.Payments/Payment Success page/Button_Back To Payment"), 30): Element 'Object Repository/3.Payments/Payment Success page/Button_Back To Payment' is present

2023-03-06 13:36:01 - [MESSAGE][PASSED] - Element 'Object Repository/3.Payments/Payment Success page/Button_Back To Payment' is present

2023-03-06 13:36:01 - [TEST_STEP][PASSED] - tap(findTestObject("3.Payments/Payment Success page/Button_Add ToMy Bills"), 0): Tapped on element 'Object Repository/3.Payments/Payment Success page/Button_Add ToMy Bills'

2023-03-06 13:36:01 - [MESSAGE][WARNING] - Timeout '0' is invalid. Using default page load timeout: '30'

2023-03-06 13:36:02 - [MESSAGE][PASSED] - Tapped on element 'Object Repository/3.Payments/Payment Success page/Button_Add ToMy Bills'

2023-03-06 13:36:02 - [TEST_STEP][PASSED] - waitForElementPresent(findTestObject("3.Payments/Save Bill/textBox_Nickname"), 30): Element 'Object Repository/3.Payments/Save Bill/textBox_Nickname' is present

2023-03-06 13:36:03 - [MESSAGE][PASSED] - Element 'Object Repository/3.Payments/Save Bill/textBox_Nickname' is present

2023-03-06 13:36:03 - [TEST_STEP][PASSED] - tap(findTestObject("3.Payments/Save Bill/textBox_Nickname"), 0): Tapped on element 'Object Repository/3.Payments/Save Bill/textBox_Nickname'

2023-03-06 13:36:03 - [MESSAGE][WARNING] - Timeout '0' is invalid. Using default page load timeout: '30'

2023-03-06 13:36:03 - [MESSAGE][PASSED] - Tapped on element 'Object Repository/3.Payments/Save Bill/textBox_Nickname'

2023-03-06 13:36:03 - [TEST_STEP][PASSED] - setText(findTestObject("3.Payments/Save Bill/textBox_Nickname"), biller, 0): Text 'FEWA' has been set to element 'Object Repository/3.Payments/Save Bill/textBox_Nickname'

2023-03-06 13:36:03 - [MESSAGE][WARNING] - Timeout '0' is invalid. Using default page load timeout: '30'

2023-03-06 13:36:04 - [MESSAGE][PASSED] - Text 'FEWA' has been set to element 'Object Repository/3.Payments/Save Bill/textBox_Nickname'

2023-03-06 13:36:04 - [TEST_STEP][PASSED] - tap(findTestObject("3.Payments/Save Bill/button_Verify"), 0): Tapped on element 'Object Repository/3.Payments/Save Bill/button_Verify'

2023-03-06 13:36:04 - [MESSAGE][WARNING] - Timeout '0' is invalid. Using default page load timeout: '30'

2023-03-06 13:36:06 - [MESSAGE][PASSED] - Tapped on element 'Object Repository/3.Payments/Save Bill/button_Verify'

2023-03-06 13:36:06 - [TEST_STEP][PASSED] - waitForElementPresent(findTestObject("3.Payments/Payment Success page/Button_Back To Payment"), 30): Element 'Object Repository/3.Payments/Payment Success page/Button_Back To Payment' is present

2023-03-06 13:36:07 - [MESSAGE][PASSED] - Element 'Object Repository/3.Payments/Payment Success page/Button_Back To Payment' is present

2023-03-06 13:36:07 - [TEST_STEP][PASSED] - tap(findTestObject("3.Payments/Payment Success page/Button_Back To Payment"), 0): Tapped on element 'Object Repository/3.Payments/Payment Success page/Button_Back To Payment'

2023-03-06 13:36:07 - [MESSAGE][WARNING] - Timeout '0' is invalid. Using default page load timeout: '30'

2023-03-06 13:36:08 - [MESSAGE][PASSED] - Tapped on element 'Object Repository/3.Payments/Payment Success page/Button_Back To Payment'

2023-03-06 13:36:08 - [TEST_STEP][PASSED] - waitForElementPresent(findTestObject("3.Payments/Payments_page/button_NewBill"), 0): Element 'Object Repository/3.Payments/Payments_page/button_NewBill' is present

2023-03-06 13:36:08 - [MESSAGE][WARNING] - Timeout '0' is invalid. Using default page load timeout: '30'

2023-03-06 13:36:11 - [MESSAGE][PASSED] - Element 'Object Repository/3.Payments/Payments_page/button_NewBill' is present

2023-03-06 13:36:11 - [TEST_STEP][PASSED] - if (waitForElementPresent(findTestObject("3.Payments/Save Bill/vrify_Saved Biller", ["biller":biller, "consumerNumber":consumerNumber]), 0)): null

2023-03-06 13:36:11 - [MESSAGE][WARNING] - Timeout '0' is invalid. Using default page load timeout: '30'

2023-03-06 13:36:11 - [MESSAGE][PASSED] - Element 'Object Repository/3.Payments/Save Bill/vrify_Saved Biller' is present

2023-03-06 13:36:11 - [TEST_STEP][PASSED] - markPassed(Biller $biller Saved Successfully with consumer number $subBiller): Biller FEWA Saved Successfully with consumer number FEWA

2023-03-06 13:36:11 - [MESSAGE][PASSED] - Biller FEWA Saved Successfully with consumer number FEWA

2023-03-06 13:36:11 - [TEST_STEP][PASSED] - callTestCase(findTestCase("Utilities/Logout"), [:], CONTINUE_ON_FAILURE): Call Test Case 'Test Cases/Utilities/Logout' successfully

2023-03-06 13:36:11 - [TEST_CASE][PASSED] - Test Cases/Utilities/Logout: Test Cases/Utilities/Logout

2023-03-06 13:36:11 - [TEST_STEP][PASSED] - waitForElementPresent(findTestObject("2.Dashboard/Profile Settings/Icon_Home"), 60): Element 'Object Repository/2.Dashboard/Profile Settings/Icon_Home' is present

2023-03-06 13:36:12 - [MESSAGE][PASSED] - Element 'Object Repository/2.Dashboard/Profile Settings/Icon_Home' is present

2023-03-06 13:36:12 - [TEST_STEP][PASSED] - tap(findTestObject("2.Dashboard/Profile Settings/Icon_Home"), 0): Tapped on element 'Object Repository/2.Dashboard/Profile Settings/Icon_Home'

2023-03-06 13:36:12 - [MESSAGE][WARNING] - Timeout '0' is invalid. Using default page load timeout: '30'

2023-03-06 13:36:13 - [MESSAGE][PASSED] - Tapped on element 'Object Repository/2.Dashboard/Profile Settings/Icon_Home'

2023-03-06 13:36:13 - [TEST_STEP][PASSED] - waitForElementPresent(findTestObject("2.Dashboard/Accounts/AccountDetails"), 0): Element 'Object Repository/2.Dashboard/Accounts/AccountDetails' is present

2023-03-06 13:36:13 - [MESSAGE][WARNING] - Timeout '0' is invalid. Using default page load timeout: '30'

2023-03-06 13:36:14 - [MESSAGE][PASSED] - Element 'Object Repository/2.Dashboard/Accounts/AccountDetails' is present

2023-03-06 13:36:14 - [TEST_STEP][PASSED] - tap(findTestObject("2.Dashboard/Profile Settings/Image_Profile Picture_DashBoard"), 0): Tapped on element 'Object Repository/2.Dashboard/Profile Settings/Image_Profile Picture_DashBoard'

2023-03-06 13:36:14 - [MESSAGE][WARNING] - Timeout '0' is invalid. Using default page load timeout: '30'

2023-03-06 13:36:15 - [MESSAGE][PASSED] - Tapped on element 'Object Repository/2.Dashboard/Profile Settings/Image_Profile Picture_DashBoard'

2023-03-06 13:36:15 - [TEST_STEP][PASSED] - waitForElementPresent(findTestObject("2.Dashboard/Profile Settings/Image_Profile Picture_Profile Settings"), 0): Element 'Object Repository/2.Dashboard/Profile Settings/Image_Profile Picture_Profile Settings' is present

2023-03-06 13:36:15 - [MESSAGE][WARNING] - Timeout '0' is invalid. Using default page load timeout: '30'

2023-03-06 13:36:16 - [MESSAGE][PASSED] - Element 'Object Repository/2.Dashboard/Profile Settings/Image_Profile Picture_Profile Settings' is present

2023-03-06 13:36:16 - [TEST_STEP][PASSED] - swipe(135, 1840, 447, 259): Swiped from 135,1,840 to 447,259

2023-03-06 13:36:17 - [MESSAGE][PASSED] - Swiped from 135,1,840 to 447,259

2023-03-06 13:36:17 - [TEST_STEP][PASSED] - swipe(135, 1840, 447, 259): Swiped from 135,1,840 to 447,259

2023-03-06 13:36:18 - [MESSAGE][PASSED] - Swiped from 135,1,840 to 447,259

2023-03-06 13:36:18 - [TEST_STEP][PASSED] - tap(findTestObject("2.Dashboard/Profile Settings/Button_Logout"), 0): Tapped on element 'Object Repository/2.Dashboard/Profile Settings/Button_Logout'

2023-03-06 13:36:18 - [MESSAGE][WARNING] - Timeout '0' is invalid. Using default page load timeout: '30'

2023-03-06 13:36:19 - [MESSAGE][PASSED] - Tapped on element 'Object Repository/2.Dashboard/Profile Settings/Button_Logout'

2023-03-06 13:36:19 - [MESSAGE][PASSED] - Call Test Case 'Test Cases/Utilities/Logout' successfully

2023-03-06 13:36:19 - [TEST_STEP][PASSED] - Start listener action : autoUpdateJobStatus: [SAUCELABS] Current run configuration: Android - b76dcbe1

2023-03-06 13:36:19 - [MESSAGE][INFO] - [SAUCELABS] Current run configuration: Android - b76dcbe1]]></system-out>
         <system-err><![CDATA[]]></system-err>
      </testcase>
      <testcase name="Test Cases/Payments/TC 01 - Saved Bill Payment" time="109.467" classname="Test Cases/Payments/TC 01 - Saved Bill Payment" status="PASSED">
         <system-out><![CDATA[2023-03-06 13:36:19 - [TEST_CASE][PASSED] - Test Cases/Payments/TC 01 - Saved Bill Payment: Test Cases/Payments/TC 01 - Saved Bill Payment

2023-03-06 13:36:19 - [TEST_STEP][PASSED] - Start listener action : enableSauceLabs: [SAUCELABS] Saucelabs Plugin will not attempt to auto update job status and information !

2023-03-06 13:36:19 - [MESSAGE][INFO] - [SAUCELABS] Current run configuration: Android - b76dcbe1

2023-03-06 13:36:19 - [MESSAGE][INFO] - [SAUCELABS] Saucelabs Plugin will not attempt to auto update job status and information !

2023-03-06 13:36:19 - [TEST_STEP][PASSED] - callTestCase(findTestCase("Utilities/Login"), [:], CONTINUE_ON_FAILURE): Call Test Case 'Test Cases/Utilities/Login' successfully

2023-03-06 13:36:19 - [TEST_CASE][PASSED] - Test Cases/Utilities/Login: Test Cases/Utilities/Login

2023-03-06 13:36:19 - [TEST_STEP][PASSED] - startExistingApplication("com.cbt.ajmandigital", STOP_ON_FAILURE): Starting app with application ID: 'com.cbt.ajmandigital'

2023-03-06 13:36:38 - [MESSAGE][PASSED] - Starting app with application ID: 'com.cbt.ajmandigital'

2023-03-06 13:36:38 - [TEST_STEP][PASSED] - waitForElementPresent(findTestObject("1.Registration and Login/Login Page/button_ForgotmPIN"), 0): Element 'Object Repository/1.Registration and Login/Login Page/button_ForgotmPIN' is present

2023-03-06 13:36:38 - [MESSAGE][WARNING] - Timeout '0' is invalid. Using default page load timeout: '30'

2023-03-06 13:36:39 - [MESSAGE][PASSED] - Element 'Object Repository/1.Registration and Login/Login Page/button_ForgotmPIN' is present

2023-03-06 13:36:39 - [TEST_STEP][PASSED] - callTestCase(findTestCase("Utilities/Enter_mPIN"), [:], STOP_ON_FAILURE): Call Test Case 'Test Cases/Utilities/Enter_mPIN' successfully

2023-03-06 13:36:39 - [TEST_CASE][PASSED] - Test Cases/Utilities/Enter_mPIN: Test Cases/Utilities/Enter_mPIN

2023-03-06 13:36:39 - [TEST_STEP][PASSED] - driver = getDriver(): null

2023-03-06 13:36:39 - [TEST_STEP][PASSED] - driver.pressKey(new io.appium.java_client.android.nativekey.KeyEvent(io.appium.java_client.android.nativekey.AndroidKey.DIGIT_1)): null

2023-03-06 13:36:39 - [TEST_STEP][PASSED] - driver.pressKey(new io.appium.java_client.android.nativekey.KeyEvent(io.appium.java_client.android.nativekey.AndroidKey.DIGIT_0)): null

2023-03-06 13:36:40 - [TEST_STEP][PASSED] - driver.pressKey(new io.appium.java_client.android.nativekey.KeyEvent(io.appium.java_client.android.nativekey.AndroidKey.DIGIT_2)): null

2023-03-06 13:36:41 - [TEST_STEP][PASSED] - driver.pressKey(new io.appium.java_client.android.nativekey.KeyEvent(io.appium.java_client.android.nativekey.AndroidKey.DIGIT_0)): null

2023-03-06 13:36:41 - [TEST_STEP][PASSED] - driver.pressKey(new io.appium.java_client.android.nativekey.KeyEvent(io.appium.java_client.android.nativekey.AndroidKey.DIGIT_3)): null

2023-03-06 13:36:42 - [TEST_STEP][PASSED] - driver.pressKey(new io.appium.java_client.android.nativekey.KeyEvent(io.appium.java_client.android.nativekey.AndroidKey.DIGIT_0)): null

2023-03-06 13:36:42 - [TEST_STEP][PASSED] - driver.pressKey(new io.appium.java_client.android.nativekey.KeyEvent(io.appium.java_client.android.nativekey.AndroidKey.ENTER)): null

2023-03-06 13:36:43 - [MESSAGE][PASSED] - Call Test Case 'Test Cases/Utilities/Enter_mPIN' successfully

2023-03-06 13:36:43 - [TEST_STEP][PASSED] - waitForElementPresent(findTestObject("2.Dashboard/Accounts/AccountDetails"), 60): Element 'Object Repository/2.Dashboard/Accounts/AccountDetails' is present

2023-03-06 13:36:48 - [MESSAGE][PASSED] - Element 'Object Repository/2.Dashboard/Accounts/AccountDetails' is present

2023-03-06 13:36:48 - [MESSAGE][PASSED] - Call Test Case 'Test Cases/Utilities/Login' successfully

2023-03-06 13:36:48 - [TEST_STEP][PASSED] - tap(findTestObject("3.Payments/Payments_page/tab_PAY"), 0): Tapped on element 'Object Repository/3.Payments/Payments_page/tab_PAY'

2023-03-06 13:36:48 - [MESSAGE][WARNING] - Timeout '0' is invalid. Using default page load timeout: '30'

2023-03-06 13:36:49 - [MESSAGE][PASSED] - Tapped on element 'Object Repository/3.Payments/Payments_page/tab_PAY'

2023-03-06 13:36:49 - [TEST_STEP][PASSED] - tap(findTestObject("3.Payments/Payments_page/tab_Bills"), 0): Tapped on element 'Object Repository/3.Payments/Payments_page/tab_Bills'

2023-03-06 13:36:49 - [MESSAGE][WARNING] - Timeout '0' is invalid. Using default page load timeout: '30'

2023-03-06 13:36:51 - [MESSAGE][PASSED] - Tapped on element 'Object Repository/3.Payments/Payments_page/tab_Bills'

2023-03-06 13:36:51 - [TEST_STEP][PASSED] - tap(findTestObject("3.Payments/Payments_page/button_NewBill"), 0): Tapped on element 'Object Repository/3.Payments/Payments_page/button_NewBill'

2023-03-06 13:36:51 - [MESSAGE][WARNING] - Timeout '0' is invalid. Using default page load timeout: '30'

2023-03-06 13:36:51 - [MESSAGE][PASSED] - Tapped on element 'Object Repository/3.Payments/Payments_page/button_NewBill'

2023-03-06 13:36:51 - [TEST_STEP][PASSED] - delay(2): Delayed 2 second(s)

2023-03-06 13:36:53 - [MESSAGE][PASSED] - Delayed 2 second(s)

2023-03-06 13:36:53 - [TEST_STEP][PASSED] - tap(findTestObject("3.Payments/Pay To New Biller/Label_Select Biller", ["biller":biller]), 0): Tapped on element 'Object Repository/3.Payments/Pay To New Biller/Label_Select Biller'

2023-03-06 13:36:54 - [MESSAGE][WARNING] - Timeout '0' is invalid. Using default page load timeout: '30'

2023-03-06 13:36:54 - [MESSAGE][PASSED] - Tapped on element 'Object Repository/3.Payments/Pay To New Biller/Label_Select Biller'

2023-03-06 13:36:54 - [TEST_STEP][PASSED] - tap(findTestObject("3.Payments/Pay To New Biller/Label_Select Sub Biller", ["subBiller":subBiller]), 0): Tapped on element 'Object Repository/3.Payments/Pay To New Biller/Label_Select Sub Biller'

2023-03-06 13:36:55 - [MESSAGE][WARNING] - Timeout '0' is invalid. Using default page load timeout: '30'

2023-03-06 13:36:55 - [MESSAGE][PASSED] - Tapped on element 'Object Repository/3.Payments/Pay To New Biller/Label_Select Sub Biller'

2023-03-06 13:36:55 - [TEST_STEP][PASSED] - delay(5, CONTINUE_ON_FAILURE): Delayed 5 second(s)

2023-03-06 13:37:00 - [MESSAGE][PASSED] - Delayed 5 second(s)

2023-03-06 13:37:00 - [TEST_STEP][PASSED] - callTestCase(findTestCase("Utilities/Account Selection Based on AccountNumber"), ["accountNumber":accountNumber], CONTINUE_ON_FAILURE): Call Test Case 'Test Cases/Utilities/Account Selection Based on AccountNumber' successfully

2023-03-06 13:37:01 - [TEST_CASE][PASSED] - Test Cases/Utilities/Account Selection Based on AccountNumber: Test Cases/Utilities/Account Selection Based on AccountNumber

2023-03-06 13:37:01 - [TEST_STEP][PASSED] - count = 1: null

2023-03-06 13:37:01 - [TEST_STEP][PASSED] - AccountDetails = getAttribute(findTestObject("2.Dashboard/Accounts/Account Selection", ["index":count]), "contentDescription", 0): Element 'Object Repository/2.Dashboard/Accounts/Account Selection' has attribute 'contentDescription' is 'Available Balance
3,259,283.76
AED
Savings Account
011074763011'

2023-03-06 13:37:01 - [MESSAGE][WARNING] - Timeout '0' is invalid. Using default page load timeout: '30'

2023-03-06 13:37:01 - [MESSAGE][PASSED] - Element 'Object Repository/2.Dashboard/Accounts/Account Selection' has attribute 'contentDescription' is 'Available Balance
3,259,283.76
AED
Savings Account
011074763011'

2023-03-06 13:37:01 - [TEST_STEP][PASSED] - element = <not implemented yet for class: org.codehaus.groovy.ast.expr.EmptyExpression>: null

2023-03-06 13:37:01 - [TEST_STEP][PASSED] - element = AccountDetails.split("\R"): null

2023-03-06 13:37:01 - [TEST_STEP][PASSED] - println(element[4]): null

2023-03-06 13:37:01 - [TEST_STEP][PASSED] - println(accountNumber): null

2023-03-06 13:37:01 - [TEST_STEP][PASSED] - while (accountNumber != element[4]): null

2023-03-06 13:37:01 - [TEST_STEP][PASSED] - swipe(1026, 614, 54, 614): Swiped from 1,026,614 to 54,614

2023-03-06 13:37:02 - [MESSAGE][PASSED] - Swiped from 1,026,614 to 54,614

2023-03-06 13:37:02 - [TEST_STEP][PASSED] - delay(2): Delayed 2 second(s)

2023-03-06 13:37:04 - [MESSAGE][PASSED] - Delayed 2 second(s)

2023-03-06 13:37:04 - [TEST_STEP][PASSED] - (count++): null

2023-03-06 13:37:04 - [TEST_STEP][PASSED] - AccountDetails = getAttribute(findTestObject("2.Dashboard/Accounts/Account Selection", ["index":count]), "contentDescription", 0): Element 'Object Repository/2.Dashboard/Accounts/Account Selection' has attribute 'contentDescription' is 'Available Balance
8,163.98
AED
Current Account
011074763023'

2023-03-06 13:37:04 - [MESSAGE][WARNING] - Timeout '0' is invalid. Using default page load timeout: '30'

2023-03-06 13:37:05 - [MESSAGE][PASSED] - Element 'Object Repository/2.Dashboard/Accounts/Account Selection' has attribute 'contentDescription' is 'Available Balance
8,163.98
AED
Current Account
011074763023'

2023-03-06 13:37:05 - [TEST_STEP][PASSED] - element = AccountDetails.split("\R"): null

2023-03-06 13:37:05 - [TEST_STEP][PASSED] - println(element[4]): null

2023-03-06 13:37:05 - [MESSAGE][PASSED] - Call Test Case 'Test Cases/Utilities/Account Selection Based on AccountNumber' successfully

2023-03-06 13:37:05 - [TEST_STEP][PASSED] - tap(findTestObject("3.Payments/Pay To New Biller/Text Box_Account Number Entry"), 0): Tapped on element 'Object Repository/3.Payments/Pay To New Biller/Text Box_Account Number Entry'

2023-03-06 13:37:05 - [MESSAGE][WARNING] - Timeout '0' is invalid. Using default page load timeout: '30'

2023-03-06 13:37:05 - [MESSAGE][PASSED] - Tapped on element 'Object Repository/3.Payments/Pay To New Biller/Text Box_Account Number Entry'

2023-03-06 13:37:05 - [TEST_STEP][PASSED] - setText(findTestObject("3.Payments/Pay To New Biller/Text Box_Account Number Entry"), consumerNumber, 0): Text '599588538' has been set to element 'Object Repository/3.Payments/Pay To New Biller/Text Box_Account Number Entry'

2023-03-06 13:37:05 - [MESSAGE][WARNING] - Timeout '0' is invalid. Using default page load timeout: '30'

2023-03-06 13:37:05 - [MESSAGE][PASSED] - Text '599588538' has been set to element 'Object Repository/3.Payments/Pay To New Biller/Text Box_Account Number Entry'

2023-03-06 13:37:05 - [TEST_STEP][PASSED] - pressBack(): Press back button successfully

2023-03-06 13:37:06 - [MESSAGE][PASSED] - Press back button successfully

2023-03-06 13:37:06 - [TEST_STEP][PASSED] - if (biller == "Salik"): null

2023-03-06 13:37:06 - [TEST_STEP][PASSED] - takeScreenshot(): Screenshot is taken

2023-03-06 13:37:07 - [MESSAGE][PASSED] - Screenshot is taken
[[ATTACHMENT|C:\\Users\\Dell\\git\\SuperApp-Ajman\\Reports\\20230306_133346\\BS Demo\\BS_Demo\\20230306_133346\\1678090026662.png]]

2023-03-06 13:37:07 - [TEST_STEP][PASSED] - tap(findTestObject("3.Payments/Pay To New Biller/Button_Next"), 0): Tapped on element 'Object Repository/3.Payments/Pay To New Biller/Button_Next'

2023-03-06 13:37:07 - [MESSAGE][WARNING] - Timeout '0' is invalid. Using default page load timeout: '30'

2023-03-06 13:37:08 - [MESSAGE][PASSED] - Tapped on element 'Object Repository/3.Payments/Pay To New Biller/Button_Next'

2023-03-06 13:37:08 - [TEST_STEP][PASSED] - waitForElementPresent(findTestObject("3.Payments/Amount/Text Box_Amount Entry"), 0): Element 'Object Repository/3.Payments/Amount/Text Box_Amount Entry' is present

2023-03-06 13:37:08 - [MESSAGE][WARNING] - Timeout '0' is invalid. Using default page load timeout: '30'

2023-03-06 13:37:13 - [MESSAGE][PASSED] - Element 'Object Repository/3.Payments/Amount/Text Box_Amount Entry' is present

2023-03-06 13:37:13 - [TEST_STEP][PASSED] - due = <not implemented yet for class: org.codehaus.groovy.ast.expr.EmptyExpression>: null

2023-03-06 13:37:13 - [TEST_STEP][PASSED] - if (paymentType.equals("partial")): Text '100.00' has been set to element 'Object Repository/3.Payments/Amount/Text Box_Amount Entry'

2023-03-06 13:37:13 - [TEST_STEP][PASSED] - tap(findTestObject("3.Payments/Amount/Text Box_Amount Entry"), 0): Tapped on element 'Object Repository/3.Payments/Amount/Text Box_Amount Entry'

2023-03-06 13:37:13 - [MESSAGE][WARNING] - Timeout '0' is invalid. Using default page load timeout: '30'

2023-03-06 13:37:13 - [MESSAGE][PASSED] - Tapped on element 'Object Repository/3.Payments/Amount/Text Box_Amount Entry'

2023-03-06 13:37:13 - [TEST_STEP][PASSED] - clearText(findTestObject("3.Payments/Amount/Text Box_Amount Entry"), 0): Element 'Object Repository/3.Payments/Amount/Text Box_Amount Entry' text is cleared

2023-03-06 13:37:13 - [MESSAGE][WARNING] - Timeout '0' is invalid. Using default page load timeout: '30'

2023-03-06 13:37:14 - [MESSAGE][PASSED] - Element 'Object Repository/3.Payments/Amount/Text Box_Amount Entry' text is cleared

2023-03-06 13:37:14 - [TEST_STEP][PASSED] - setText(findTestObject("3.Payments/Amount/Text Box_Amount Entry"), amount, 0): Text '100.00' has been set to element 'Object Repository/3.Payments/Amount/Text Box_Amount Entry'

2023-03-06 13:37:14 - [MESSAGE][WARNING] - Timeout '0' is invalid. Using default page load timeout: '30'

2023-03-06 13:37:14 - [MESSAGE][PASSED] - Text '100.00' has been set to element 'Object Repository/3.Payments/Amount/Text Box_Amount Entry'

2023-03-06 13:37:14 - [TEST_STEP][PASSED] - takeScreenshot(): Screenshot is taken

2023-03-06 13:37:15 - [MESSAGE][PASSED] - Screenshot is taken
[[ATTACHMENT|C:\\Users\\Dell\\git\\SuperApp-Ajman\\Reports\\20230306_133346\\BS Demo\\BS_Demo\\20230306_133346\\1678090034795.png]]

2023-03-06 13:37:15 - [TEST_STEP][PASSED] - tap(findTestObject("3.Payments/Amount/Button_Next"), 0): Tapped on element 'Object Repository/3.Payments/Amount/Button_Next'

2023-03-06 13:37:15 - [MESSAGE][WARNING] - Timeout '0' is invalid. Using default page load timeout: '30'

2023-03-06 13:37:15 - [MESSAGE][PASSED] - Tapped on element 'Object Repository/3.Payments/Amount/Button_Next'

2023-03-06 13:37:15 - [TEST_STEP][PASSED] - waitForElementPresent(findTestObject("3.Payments/Payment Confirmation Page/Button_Confirm"), 0): Element 'Object Repository/3.Payments/Payment Confirmation Page/Button_Confirm' is present

2023-03-06 13:37:15 - [MESSAGE][WARNING] - Timeout '0' is invalid. Using default page load timeout: '30'

2023-03-06 13:37:16 - [MESSAGE][PASSED] - Element 'Object Repository/3.Payments/Payment Confirmation Page/Button_Confirm' is present

2023-03-06 13:37:16 - [TEST_STEP][PASSED] - tap(findTestObject("3.Payments/Payment Confirmation Page/Button_Confirm"), 0): Tapped on element 'Object Repository/3.Payments/Payment Confirmation Page/Button_Confirm'

2023-03-06 13:37:16 - [MESSAGE][WARNING] - Timeout '0' is invalid. Using default page load timeout: '30'

2023-03-06 13:37:18 - [MESSAGE][PASSED] - Tapped on element 'Object Repository/3.Payments/Payment Confirmation Page/Button_Confirm'

2023-03-06 13:37:18 - [TEST_STEP][PASSED] - delay(5): Delayed 5 second(s)

2023-03-06 13:37:23 - [MESSAGE][PASSED] - Delayed 5 second(s)

2023-03-06 13:37:23 - [TEST_STEP][PASSED] - callTestCase(findTestCase("Utilities/Enter_mPIN"), [:], STOP_ON_FAILURE): Call Test Case 'Test Cases/Utilities/Enter_mPIN' successfully

2023-03-06 13:37:23 - [TEST_CASE][PASSED] - Test Cases/Utilities/Enter_mPIN: Test Cases/Utilities/Enter_mPIN

2023-03-06 13:37:23 - [TEST_STEP][PASSED] - driver = getDriver(): null

2023-03-06 13:37:23 - [TEST_STEP][PASSED] - driver.pressKey(new io.appium.java_client.android.nativekey.KeyEvent(io.appium.java_client.android.nativekey.AndroidKey.DIGIT_1)): null

2023-03-06 13:37:23 - [TEST_STEP][PASSED] - driver.pressKey(new io.appium.java_client.android.nativekey.KeyEvent(io.appium.java_client.android.nativekey.AndroidKey.DIGIT_0)): null

2023-03-06 13:37:23 - [TEST_STEP][PASSED] - driver.pressKey(new io.appium.java_client.android.nativekey.KeyEvent(io.appium.java_client.android.nativekey.AndroidKey.DIGIT_2)): null

2023-03-06 13:37:24 - [TEST_STEP][PASSED] - driver.pressKey(new io.appium.java_client.android.nativekey.KeyEvent(io.appium.java_client.android.nativekey.AndroidKey.DIGIT_0)): null

2023-03-06 13:37:24 - [TEST_STEP][PASSED] - driver.pressKey(new io.appium.java_client.android.nativekey.KeyEvent(io.appium.java_client.android.nativekey.AndroidKey.DIGIT_3)): null

2023-03-06 13:37:25 - [TEST_STEP][PASSED] - driver.pressKey(new io.appium.java_client.android.nativekey.KeyEvent(io.appium.java_client.android.nativekey.AndroidKey.DIGIT_0)): null

2023-03-06 13:37:26 - [TEST_STEP][PASSED] - driver.pressKey(new io.appium.java_client.android.nativekey.KeyEvent(io.appium.java_client.android.nativekey.AndroidKey.ENTER)): null

2023-03-06 13:37:27 - [MESSAGE][PASSED] - Call Test Case 'Test Cases/Utilities/Enter_mPIN' successfully

2023-03-06 13:37:27 - [TEST_STEP][PASSED] - tap(findTestObject("3.Payments/Payment Confirmation Page/Button_Verify"), 0): Tapped on element 'Object Repository/3.Payments/Payment Confirmation Page/Button_Verify'

2023-03-06 13:37:27 - [MESSAGE][WARNING] - Timeout '0' is invalid. Using default page load timeout: '30'

2023-03-06 13:37:27 - [MESSAGE][PASSED] - Tapped on element 'Object Repository/3.Payments/Payment Confirmation Page/Button_Verify'

2023-03-06 13:37:27 - [TEST_STEP][PASSED] - delay(5): Delayed 5 second(s)

2023-03-06 13:37:32 - [MESSAGE][PASSED] - Delayed 5 second(s)

2023-03-06 13:37:32 - [TEST_STEP][PASSED] - callTestCase(findTestCase("Utilities/Enter_OTP"), [:], STOP_ON_FAILURE): Call Test Case 'Test Cases/Utilities/Enter_OTP' successfully

2023-03-06 13:37:32 - [TEST_CASE][PASSED] - Test Cases/Utilities/Enter_OTP: Test Cases/Utilities/Enter_OTP

2023-03-06 13:37:32 - [TEST_STEP][PASSED] - driver = getDriver(): null

2023-03-06 13:37:32 - [TEST_STEP][PASSED] - driver.pressKey(new io.appium.java_client.android.nativekey.KeyEvent(io.appium.java_client.android.nativekey.AndroidKey.DIGIT_6)): null

2023-03-06 13:37:32 - [TEST_STEP][PASSED] - driver.pressKey(new io.appium.java_client.android.nativekey.KeyEvent(io.appium.java_client.android.nativekey.AndroidKey.DIGIT_5)): null

2023-03-06 13:37:33 - [TEST_STEP][PASSED] - driver.pressKey(new io.appium.java_client.android.nativekey.KeyEvent(io.appium.java_client.android.nativekey.AndroidKey.DIGIT_4)): null

2023-03-06 13:37:34 - [TEST_STEP][PASSED] - driver.pressKey(new io.appium.java_client.android.nativekey.KeyEvent(io.appium.java_client.android.nativekey.AndroidKey.DIGIT_3)): null

2023-03-06 13:37:35 - [TEST_STEP][PASSED] - driver.pressKey(new io.appium.java_client.android.nativekey.KeyEvent(io.appium.java_client.android.nativekey.AndroidKey.DIGIT_2)): null

2023-03-06 13:37:36 - [TEST_STEP][PASSED] - driver.pressKey(new io.appium.java_client.android.nativekey.KeyEvent(io.appium.java_client.android.nativekey.AndroidKey.DIGIT_1)): null

2023-03-06 13:37:37 - [TEST_STEP][PASSED] - driver.pressKey(new io.appium.java_client.android.nativekey.KeyEvent(io.appium.java_client.android.nativekey.AndroidKey.ENTER)): null

2023-03-06 13:37:38 - [MESSAGE][PASSED] - Call Test Case 'Test Cases/Utilities/Enter_OTP' successfully

2023-03-06 13:37:38 - [TEST_STEP][PASSED] - tap(findTestObject("4.Transfers/Button_VerifyOTP"), 0): Tapped on element 'Object Repository/4.Transfers/Button_VerifyOTP'

2023-03-06 13:37:38 - [MESSAGE][WARNING] - Timeout '0' is invalid. Using default page load timeout: '30'

2023-03-06 13:37:39 - [MESSAGE][PASSED] - Tapped on element 'Object Repository/4.Transfers/Button_VerifyOTP'

2023-03-06 13:37:39 - [TEST_STEP][PASSED] - waitForElementPresent(findTestObject("3.Payments/Payment Success page/Button_Back To Payment"), 30): Element 'Object Repository/3.Payments/Payment Success page/Button_Back To Payment' is present

2023-03-06 13:37:50 - [MESSAGE][PASSED] - Element 'Object Repository/3.Payments/Payment Success page/Button_Back To Payment' is present

2023-03-06 13:37:50 - [TEST_STEP][PASSED] - tap(findTestObject("3.Payments/Payment Success page/Button_Add ToMy Bills"), 0): Tapped on element 'Object Repository/3.Payments/Payment Success page/Button_Add ToMy Bills'

2023-03-06 13:37:50 - [MESSAGE][WARNING] - Timeout '0' is invalid. Using default page load timeout: '30'

2023-03-06 13:37:50 - [MESSAGE][PASSED] - Tapped on element 'Object Repository/3.Payments/Payment Success page/Button_Add ToMy Bills'

2023-03-06 13:37:50 - [TEST_STEP][PASSED] - waitForElementPresent(findTestObject("3.Payments/Save Bill/textBox_Nickname"), 30): Element 'Object Repository/3.Payments/Save Bill/textBox_Nickname' is present

2023-03-06 13:37:51 - [MESSAGE][PASSED] - Element 'Object Repository/3.Payments/Save Bill/textBox_Nickname' is present

2023-03-06 13:37:51 - [TEST_STEP][PASSED] - tap(findTestObject("3.Payments/Save Bill/textBox_Nickname"), 0): Tapped on element 'Object Repository/3.Payments/Save Bill/textBox_Nickname'

2023-03-06 13:37:52 - [MESSAGE][WARNING] - Timeout '0' is invalid. Using default page load timeout: '30'

2023-03-06 13:37:52 - [MESSAGE][PASSED] - Tapped on element 'Object Repository/3.Payments/Save Bill/textBox_Nickname'

2023-03-06 13:37:52 - [TEST_STEP][PASSED] - setText(findTestObject("3.Payments/Save Bill/textBox_Nickname"), biller, 0): Text 'Du' has been set to element 'Object Repository/3.Payments/Save Bill/textBox_Nickname'

2023-03-06 13:37:52 - [MESSAGE][WARNING] - Timeout '0' is invalid. Using default page load timeout: '30'

2023-03-06 13:37:53 - [MESSAGE][PASSED] - Text 'Du' has been set to element 'Object Repository/3.Payments/Save Bill/textBox_Nickname'

2023-03-06 13:37:53 - [TEST_STEP][PASSED] - tap(findTestObject("3.Payments/Save Bill/button_Verify"), 0): Tapped on element 'Object Repository/3.Payments/Save Bill/button_Verify'

2023-03-06 13:37:53 - [MESSAGE][WARNING] - Timeout '0' is invalid. Using default page load timeout: '30'

2023-03-06 13:37:55 - [MESSAGE][PASSED] - Tapped on element 'Object Repository/3.Payments/Save Bill/button_Verify'

2023-03-06 13:37:55 - [TEST_STEP][PASSED] - waitForElementPresent(findTestObject("3.Payments/Payment Success page/Button_Back To Payment"), 30): Element 'Object Repository/3.Payments/Payment Success page/Button_Back To Payment' is present

2023-03-06 13:37:56 - [MESSAGE][PASSED] - Element 'Object Repository/3.Payments/Payment Success page/Button_Back To Payment' is present

2023-03-06 13:37:56 - [TEST_STEP][PASSED] - tap(findTestObject("3.Payments/Payment Success page/Button_Back To Payment"), 0): Tapped on element 'Object Repository/3.Payments/Payment Success page/Button_Back To Payment'

2023-03-06 13:37:56 - [MESSAGE][WARNING] - Timeout '0' is invalid. Using default page load timeout: '30'

2023-03-06 13:37:57 - [MESSAGE][PASSED] - Tapped on element 'Object Repository/3.Payments/Payment Success page/Button_Back To Payment'

2023-03-06 13:37:57 - [TEST_STEP][PASSED] - waitForElementPresent(findTestObject("3.Payments/Payments_page/button_NewBill"), 0): Element 'Object Repository/3.Payments/Payments_page/button_NewBill' is present

2023-03-06 13:37:57 - [MESSAGE][WARNING] - Timeout '0' is invalid. Using default page load timeout: '30'

2023-03-06 13:38:00 - [MESSAGE][PASSED] - Element 'Object Repository/3.Payments/Payments_page/button_NewBill' is present

2023-03-06 13:38:00 - [TEST_STEP][PASSED] - if (waitForElementPresent(findTestObject("3.Payments/Save Bill/vrify_Saved Biller", ["biller":biller, "consumerNumber":consumerNumber]), 0)): null

2023-03-06 13:38:01 - [MESSAGE][WARNING] - Timeout '0' is invalid. Using default page load timeout: '30'

2023-03-06 13:38:01 - [MESSAGE][PASSED] - Element 'Object Repository/3.Payments/Save Bill/vrify_Saved Biller' is present

2023-03-06 13:38:01 - [TEST_STEP][PASSED] - markPassed(Biller $biller Saved Successfully with consumer number $subBiller): Biller Du Saved Successfully with consumer number du Postpaid

2023-03-06 13:38:01 - [MESSAGE][PASSED] - Biller Du Saved Successfully with consumer number du Postpaid

2023-03-06 13:38:01 - [TEST_STEP][PASSED] - callTestCase(findTestCase("Utilities/Logout"), [:], CONTINUE_ON_FAILURE): Call Test Case 'Test Cases/Utilities/Logout' successfully

2023-03-06 13:38:01 - [TEST_CASE][PASSED] - Test Cases/Utilities/Logout: Test Cases/Utilities/Logout

2023-03-06 13:38:01 - [TEST_STEP][PASSED] - waitForElementPresent(findTestObject("2.Dashboard/Profile Settings/Icon_Home"), 60): Element 'Object Repository/2.Dashboard/Profile Settings/Icon_Home' is present

2023-03-06 13:38:01 - [MESSAGE][PASSED] - Element 'Object Repository/2.Dashboard/Profile Settings/Icon_Home' is present

2023-03-06 13:38:01 - [TEST_STEP][PASSED] - tap(findTestObject("2.Dashboard/Profile Settings/Icon_Home"), 0): Tapped on element 'Object Repository/2.Dashboard/Profile Settings/Icon_Home'

2023-03-06 13:38:01 - [MESSAGE][WARNING] - Timeout '0' is invalid. Using default page load timeout: '30'

2023-03-06 13:38:02 - [MESSAGE][PASSED] - Tapped on element 'Object Repository/2.Dashboard/Profile Settings/Icon_Home'

2023-03-06 13:38:02 - [TEST_STEP][PASSED] - waitForElementPresent(findTestObject("2.Dashboard/Accounts/AccountDetails"), 0): Element 'Object Repository/2.Dashboard/Accounts/AccountDetails' is present

2023-03-06 13:38:02 - [MESSAGE][WARNING] - Timeout '0' is invalid. Using default page load timeout: '30'

2023-03-06 13:38:02 - [MESSAGE][PASSED] - Element 'Object Repository/2.Dashboard/Accounts/AccountDetails' is present

2023-03-06 13:38:02 - [TEST_STEP][PASSED] - tap(findTestObject("2.Dashboard/Profile Settings/Image_Profile Picture_DashBoard"), 0): Tapped on element 'Object Repository/2.Dashboard/Profile Settings/Image_Profile Picture_DashBoard'

2023-03-06 13:38:02 - [MESSAGE][WARNING] - Timeout '0' is invalid. Using default page load timeout: '30'

2023-03-06 13:38:05 - [MESSAGE][PASSED] - Tapped on element 'Object Repository/2.Dashboard/Profile Settings/Image_Profile Picture_DashBoard'

2023-03-06 13:38:05 - [TEST_STEP][PASSED] - waitForElementPresent(findTestObject("2.Dashboard/Profile Settings/Image_Profile Picture_Profile Settings"), 0): Element 'Object Repository/2.Dashboard/Profile Settings/Image_Profile Picture_Profile Settings' is present

2023-03-06 13:38:05 - [MESSAGE][WARNING] - Timeout '0' is invalid. Using default page load timeout: '30'

2023-03-06 13:38:05 - [MESSAGE][PASSED] - Element 'Object Repository/2.Dashboard/Profile Settings/Image_Profile Picture_Profile Settings' is present

2023-03-06 13:38:05 - [TEST_STEP][PASSED] - swipe(135, 1840, 447, 259): Swiped from 135,1,840 to 447,259

2023-03-06 13:38:06 - [MESSAGE][PASSED] - Swiped from 135,1,840 to 447,259

2023-03-06 13:38:06 - [TEST_STEP][PASSED] - swipe(135, 1840, 447, 259): Swiped from 135,1,840 to 447,259

2023-03-06 13:38:07 - [MESSAGE][PASSED] - Swiped from 135,1,840 to 447,259

2023-03-06 13:38:07 - [TEST_STEP][PASSED] - tap(findTestObject("2.Dashboard/Profile Settings/Button_Logout"), 0): Tapped on element 'Object Repository/2.Dashboard/Profile Settings/Button_Logout'

2023-03-06 13:38:07 - [MESSAGE][WARNING] - Timeout '0' is invalid. Using default page load timeout: '30'

2023-03-06 13:38:08 - [MESSAGE][PASSED] - Tapped on element 'Object Repository/2.Dashboard/Profile Settings/Button_Logout'

2023-03-06 13:38:08 - [MESSAGE][PASSED] - Call Test Case 'Test Cases/Utilities/Logout' successfully

2023-03-06 13:38:08 - [TEST_STEP][PASSED] - Start listener action : autoUpdateJobStatus: [SAUCELABS] Current run configuration: Android - b76dcbe1

2023-03-06 13:38:08 - [MESSAGE][INFO] - [SAUCELABS] Current run configuration: Android - b76dcbe1]]></system-out>
         <system-err><![CDATA[]]></system-err>
      </testcase>
      <testcase name="Test Cases/Payments/TC 01 - Saved Bill Payment" time="115.084" classname="Test Cases/Payments/TC 01 - Saved Bill Payment" status="PASSED">
         <system-out><![CDATA[2023-03-06 13:38:08 - [TEST_CASE][PASSED] - Test Cases/Payments/TC 01 - Saved Bill Payment: Test Cases/Payments/TC 01 - Saved Bill Payment

2023-03-06 13:38:09 - [TEST_STEP][PASSED] - Start listener action : enableSauceLabs: [SAUCELABS] Saucelabs Plugin will not attempt to auto update job status and information !

2023-03-06 13:38:09 - [MESSAGE][INFO] - [SAUCELABS] Current run configuration: Android - b76dcbe1

2023-03-06 13:38:09 - [MESSAGE][INFO] - [SAUCELABS] Saucelabs Plugin will not attempt to auto update job status and information !

2023-03-06 13:38:09 - [TEST_STEP][PASSED] - callTestCase(findTestCase("Utilities/Login"), [:], CONTINUE_ON_FAILURE): Call Test Case 'Test Cases/Utilities/Login' successfully

2023-03-06 13:38:09 - [TEST_CASE][PASSED] - Test Cases/Utilities/Login: Test Cases/Utilities/Login

2023-03-06 13:38:09 - [TEST_STEP][PASSED] - startExistingApplication("com.cbt.ajmandigital", STOP_ON_FAILURE): Starting app with application ID: 'com.cbt.ajmandigital'

2023-03-06 13:38:29 - [MESSAGE][PASSED] - Starting app with application ID: 'com.cbt.ajmandigital'

2023-03-06 13:38:29 - [TEST_STEP][PASSED] - waitForElementPresent(findTestObject("1.Registration and Login/Login Page/button_ForgotmPIN"), 0): Element 'Object Repository/1.Registration and Login/Login Page/button_ForgotmPIN' is present

2023-03-06 13:38:29 - [MESSAGE][WARNING] - Timeout '0' is invalid. Using default page load timeout: '30'

2023-03-06 13:38:29 - [MESSAGE][PASSED] - Element 'Object Repository/1.Registration and Login/Login Page/button_ForgotmPIN' is present

2023-03-06 13:38:29 - [TEST_STEP][PASSED] - callTestCase(findTestCase("Utilities/Enter_mPIN"), [:], STOP_ON_FAILURE): Call Test Case 'Test Cases/Utilities/Enter_mPIN' successfully

2023-03-06 13:38:30 - [TEST_CASE][PASSED] - Test Cases/Utilities/Enter_mPIN: Test Cases/Utilities/Enter_mPIN

2023-03-06 13:38:30 - [TEST_STEP][PASSED] - driver = getDriver(): null

2023-03-06 13:38:30 - [TEST_STEP][PASSED] - driver.pressKey(new io.appium.java_client.android.nativekey.KeyEvent(io.appium.java_client.android.nativekey.AndroidKey.DIGIT_1)): null

2023-03-06 13:38:30 - [TEST_STEP][PASSED] - driver.pressKey(new io.appium.java_client.android.nativekey.KeyEvent(io.appium.java_client.android.nativekey.AndroidKey.DIGIT_0)): null

2023-03-06 13:38:31 - [TEST_STEP][PASSED] - driver.pressKey(new io.appium.java_client.android.nativekey.KeyEvent(io.appium.java_client.android.nativekey.AndroidKey.DIGIT_2)): null

2023-03-06 13:38:31 - [TEST_STEP][PASSED] - driver.pressKey(new io.appium.java_client.android.nativekey.KeyEvent(io.appium.java_client.android.nativekey.AndroidKey.DIGIT_0)): null

2023-03-06 13:38:32 - [TEST_STEP][PASSED] - driver.pressKey(new io.appium.java_client.android.nativekey.KeyEvent(io.appium.java_client.android.nativekey.AndroidKey.DIGIT_3)): null

2023-03-06 13:38:33 - [TEST_STEP][PASSED] - driver.pressKey(new io.appium.java_client.android.nativekey.KeyEvent(io.appium.java_client.android.nativekey.AndroidKey.DIGIT_0)): null

2023-03-06 13:38:34 - [TEST_STEP][PASSED] - driver.pressKey(new io.appium.java_client.android.nativekey.KeyEvent(io.appium.java_client.android.nativekey.AndroidKey.ENTER)): null

2023-03-06 13:38:35 - [MESSAGE][PASSED] - Call Test Case 'Test Cases/Utilities/Enter_mPIN' successfully

2023-03-06 13:38:35 - [TEST_STEP][PASSED] - waitForElementPresent(findTestObject("2.Dashboard/Accounts/AccountDetails"), 60): Element 'Object Repository/2.Dashboard/Accounts/AccountDetails' is present

2023-03-06 13:38:39 - [MESSAGE][PASSED] - Element 'Object Repository/2.Dashboard/Accounts/AccountDetails' is present

2023-03-06 13:38:39 - [MESSAGE][PASSED] - Call Test Case 'Test Cases/Utilities/Login' successfully

2023-03-06 13:38:39 - [TEST_STEP][PASSED] - tap(findTestObject("3.Payments/Payments_page/tab_PAY"), 0): Tapped on element 'Object Repository/3.Payments/Payments_page/tab_PAY'

2023-03-06 13:38:39 - [MESSAGE][WARNING] - Timeout '0' is invalid. Using default page load timeout: '30'

2023-03-06 13:38:40 - [MESSAGE][PASSED] - Tapped on element 'Object Repository/3.Payments/Payments_page/tab_PAY'

2023-03-06 13:38:40 - [TEST_STEP][PASSED] - tap(findTestObject("3.Payments/Payments_page/tab_Bills"), 0): Tapped on element 'Object Repository/3.Payments/Payments_page/tab_Bills'

2023-03-06 13:38:40 - [MESSAGE][WARNING] - Timeout '0' is invalid. Using default page load timeout: '30'

2023-03-06 13:38:42 - [MESSAGE][PASSED] - Tapped on element 'Object Repository/3.Payments/Payments_page/tab_Bills'

2023-03-06 13:38:42 - [TEST_STEP][PASSED] - tap(findTestObject("3.Payments/Payments_page/button_NewBill"), 0): Tapped on element 'Object Repository/3.Payments/Payments_page/button_NewBill'

2023-03-06 13:38:43 - [MESSAGE][WARNING] - Timeout '0' is invalid. Using default page load timeout: '30'

2023-03-06 13:38:44 - [MESSAGE][PASSED] - Tapped on element 'Object Repository/3.Payments/Payments_page/button_NewBill'

2023-03-06 13:38:44 - [TEST_STEP][PASSED] - delay(2): Delayed 2 second(s)

2023-03-06 13:38:46 - [MESSAGE][PASSED] - Delayed 2 second(s)

2023-03-06 13:38:46 - [TEST_STEP][PASSED] - tap(findTestObject("3.Payments/Pay To New Biller/Label_Select Biller", ["biller":biller]), 0): Tapped on element 'Object Repository/3.Payments/Pay To New Biller/Label_Select Biller'

2023-03-06 13:38:46 - [MESSAGE][WARNING] - Timeout '0' is invalid. Using default page load timeout: '30'

2023-03-06 13:38:47 - [MESSAGE][PASSED] - Tapped on element 'Object Repository/3.Payments/Pay To New Biller/Label_Select Biller'

2023-03-06 13:38:47 - [TEST_STEP][PASSED] - tap(findTestObject("3.Payments/Pay To New Biller/Label_Select Sub Biller", ["subBiller":subBiller]), 0): Tapped on element 'Object Repository/3.Payments/Pay To New Biller/Label_Select Sub Biller'

2023-03-06 13:38:47 - [MESSAGE][WARNING] - Timeout '0' is invalid. Using default page load timeout: '30'

2023-03-06 13:38:52 - [MESSAGE][PASSED] - Tapped on element 'Object Repository/3.Payments/Pay To New Biller/Label_Select Sub Biller'

2023-03-06 13:38:52 - [TEST_STEP][PASSED] - delay(5, CONTINUE_ON_FAILURE): Delayed 5 second(s)

2023-03-06 13:38:57 - [MESSAGE][PASSED] - Delayed 5 second(s)

2023-03-06 13:38:57 - [TEST_STEP][PASSED] - callTestCase(findTestCase("Utilities/Account Selection Based on AccountNumber"), ["accountNumber":accountNumber], CONTINUE_ON_FAILURE): Call Test Case 'Test Cases/Utilities/Account Selection Based on AccountNumber' successfully

2023-03-06 13:38:57 - [TEST_CASE][PASSED] - Test Cases/Utilities/Account Selection Based on AccountNumber: Test Cases/Utilities/Account Selection Based on AccountNumber

2023-03-06 13:38:57 - [TEST_STEP][PASSED] - count = 1: null

2023-03-06 13:38:57 - [TEST_STEP][PASSED] - AccountDetails = getAttribute(findTestObject("2.Dashboard/Accounts/Account Selection", ["index":count]), "contentDescription", 0): Element 'Object Repository/2.Dashboard/Accounts/Account Selection' has attribute 'contentDescription' is 'Available Balance
3,259,283.76
AED
Savings Account
011074763011'

2023-03-06 13:38:57 - [MESSAGE][WARNING] - Timeout '0' is invalid. Using default page load timeout: '30'

2023-03-06 13:38:57 - [MESSAGE][PASSED] - Element 'Object Repository/2.Dashboard/Accounts/Account Selection' has attribute 'contentDescription' is 'Available Balance
3,259,283.76
AED
Savings Account
011074763011'

2023-03-06 13:38:57 - [TEST_STEP][PASSED] - element = <not implemented yet for class: org.codehaus.groovy.ast.expr.EmptyExpression>: null

2023-03-06 13:38:57 - [TEST_STEP][PASSED] - element = AccountDetails.split("\R"): null

2023-03-06 13:38:57 - [TEST_STEP][PASSED] - println(element[4]): null

2023-03-06 13:38:57 - [TEST_STEP][PASSED] - println(accountNumber): null

2023-03-06 13:38:57 - [TEST_STEP][PASSED] - while (accountNumber != element[4]): null

2023-03-06 13:38:57 - [MESSAGE][PASSED] - Call Test Case 'Test Cases/Utilities/Account Selection Based on AccountNumber' successfully

2023-03-06 13:38:57 - [TEST_STEP][PASSED] - tap(findTestObject("3.Payments/Pay To New Biller/Text Box_Account Number Entry"), 0): Tapped on element 'Object Repository/3.Payments/Pay To New Biller/Text Box_Account Number Entry'

2023-03-06 13:38:57 - [MESSAGE][WARNING] - Timeout '0' is invalid. Using default page load timeout: '30'

2023-03-06 13:38:58 - [MESSAGE][PASSED] - Tapped on element 'Object Repository/3.Payments/Pay To New Biller/Text Box_Account Number Entry'

2023-03-06 13:38:58 - [TEST_STEP][PASSED] - setText(findTestObject("3.Payments/Pay To New Biller/Text Box_Account Number Entry"), consumerNumber, 0): Text '8235355929' has been set to element 'Object Repository/3.Payments/Pay To New Biller/Text Box_Account Number Entry'

2023-03-06 13:38:58 - [MESSAGE][WARNING] - Timeout '0' is invalid. Using default page load timeout: '30'

2023-03-06 13:38:59 - [MESSAGE][PASSED] - Text '8235355929' has been set to element 'Object Repository/3.Payments/Pay To New Biller/Text Box_Account Number Entry'

2023-03-06 13:38:59 - [TEST_STEP][PASSED] - pressBack(): Press back button successfully

2023-03-06 13:39:00 - [MESSAGE][PASSED] - Press back button successfully

2023-03-06 13:39:00 - [TEST_STEP][PASSED] - if (biller == "Salik"): null

2023-03-06 13:39:00 - [TEST_STEP][PASSED] - takeScreenshot(): Screenshot is taken

2023-03-06 13:39:00 - [MESSAGE][PASSED] - Screenshot is taken
[[ATTACHMENT|C:\\Users\\Dell\\git\\SuperApp-Ajman\\Reports\\20230306_133346\\BS Demo\\BS_Demo\\20230306_133346\\1678090140046.png]]

2023-03-06 13:39:00 - [TEST_STEP][PASSED] - tap(findTestObject("3.Payments/Pay To New Biller/Button_Next"), 0): Tapped on element 'Object Repository/3.Payments/Pay To New Biller/Button_Next'

2023-03-06 13:39:01 - [MESSAGE][WARNING] - Timeout '0' is invalid. Using default page load timeout: '30'

2023-03-06 13:39:01 - [MESSAGE][PASSED] - Tapped on element 'Object Repository/3.Payments/Pay To New Biller/Button_Next'

2023-03-06 13:39:02 - [TEST_STEP][PASSED] - waitForElementPresent(findTestObject("3.Payments/Amount/Text Box_Amount Entry"), 0): Element 'Object Repository/3.Payments/Amount/Text Box_Amount Entry' is present

2023-03-06 13:39:02 - [MESSAGE][WARNING] - Timeout '0' is invalid. Using default page load timeout: '30'

2023-03-06 13:39:06 - [MESSAGE][PASSED] - Element 'Object Repository/3.Payments/Amount/Text Box_Amount Entry' is present

2023-03-06 13:39:06 - [TEST_STEP][PASSED] - due = <not implemented yet for class: org.codehaus.groovy.ast.expr.EmptyExpression>: null

2023-03-06 13:39:06 - [TEST_STEP][PASSED] - if (paymentType.equals("partial")): Text '1.00' has been set to element 'Object Repository/3.Payments/Amount/Text Box_Amount Entry'

2023-03-06 13:39:06 - [TEST_STEP][PASSED] - tap(findTestObject("3.Payments/Amount/Text Box_Amount Entry"), 0): Tapped on element 'Object Repository/3.Payments/Amount/Text Box_Amount Entry'

2023-03-06 13:39:06 - [MESSAGE][WARNING] - Timeout '0' is invalid. Using default page load timeout: '30'

2023-03-06 13:39:07 - [MESSAGE][PASSED] - Tapped on element 'Object Repository/3.Payments/Amount/Text Box_Amount Entry'

2023-03-06 13:39:07 - [TEST_STEP][PASSED] - clearText(findTestObject("3.Payments/Amount/Text Box_Amount Entry"), 0): Element 'Object Repository/3.Payments/Amount/Text Box_Amount Entry' text is cleared

2023-03-06 13:39:07 - [MESSAGE][WARNING] - Timeout '0' is invalid. Using default page load timeout: '30'

2023-03-06 13:39:07 - [MESSAGE][PASSED] - Element 'Object Repository/3.Payments/Amount/Text Box_Amount Entry' text is cleared

2023-03-06 13:39:07 - [TEST_STEP][PASSED] - setText(findTestObject("3.Payments/Amount/Text Box_Amount Entry"), amount, 0): Text '1.00' has been set to element 'Object Repository/3.Payments/Amount/Text Box_Amount Entry'

2023-03-06 13:39:07 - [MESSAGE][WARNING] - Timeout '0' is invalid. Using default page load timeout: '30'

2023-03-06 13:39:07 - [MESSAGE][PASSED] - Text '1.00' has been set to element 'Object Repository/3.Payments/Amount/Text Box_Amount Entry'

2023-03-06 13:39:07 - [TEST_STEP][PASSED] - takeScreenshot(): Screenshot is taken

2023-03-06 13:39:08 - [MESSAGE][PASSED] - Screenshot is taken
[[ATTACHMENT|C:\\Users\\Dell\\git\\SuperApp-Ajman\\Reports\\20230306_133346\\BS Demo\\BS_Demo\\20230306_133346\\1678090147936.png]]

2023-03-06 13:39:08 - [TEST_STEP][PASSED] - tap(findTestObject("3.Payments/Amount/Button_Next"), 0): Tapped on element 'Object Repository/3.Payments/Amount/Button_Next'

2023-03-06 13:39:08 - [MESSAGE][WARNING] - Timeout '0' is invalid. Using default page load timeout: '30'

2023-03-06 13:39:09 - [MESSAGE][PASSED] - Tapped on element 'Object Repository/3.Payments/Amount/Button_Next'

2023-03-06 13:39:09 - [TEST_STEP][PASSED] - waitForElementPresent(findTestObject("3.Payments/Payment Confirmation Page/Button_Confirm"), 0): Element 'Object Repository/3.Payments/Payment Confirmation Page/Button_Confirm' is present

2023-03-06 13:39:10 - [MESSAGE][WARNING] - Timeout '0' is invalid. Using default page load timeout: '30'

2023-03-06 13:39:10 - [MESSAGE][PASSED] - Element 'Object Repository/3.Payments/Payment Confirmation Page/Button_Confirm' is present

2023-03-06 13:39:10 - [TEST_STEP][PASSED] - tap(findTestObject("3.Payments/Payment Confirmation Page/Button_Confirm"), 0): Tapped on element 'Object Repository/3.Payments/Payment Confirmation Page/Button_Confirm'

2023-03-06 13:39:10 - [MESSAGE][WARNING] - Timeout '0' is invalid. Using default page load timeout: '30'

2023-03-06 13:39:11 - [MESSAGE][PASSED] - Tapped on element 'Object Repository/3.Payments/Payment Confirmation Page/Button_Confirm'

2023-03-06 13:39:11 - [TEST_STEP][PASSED] - delay(5): Delayed 5 second(s)

2023-03-06 13:39:16 - [MESSAGE][PASSED] - Delayed 5 second(s)

2023-03-06 13:39:16 - [TEST_STEP][PASSED] - callTestCase(findTestCase("Utilities/Enter_mPIN"), [:], STOP_ON_FAILURE): Call Test Case 'Test Cases/Utilities/Enter_mPIN' successfully

2023-03-06 13:39:16 - [TEST_CASE][PASSED] - Test Cases/Utilities/Enter_mPIN: Test Cases/Utilities/Enter_mPIN

2023-03-06 13:39:16 - [TEST_STEP][PASSED] - driver = getDriver(): null

2023-03-06 13:39:16 - [TEST_STEP][PASSED] - driver.pressKey(new io.appium.java_client.android.nativekey.KeyEvent(io.appium.java_client.android.nativekey.AndroidKey.DIGIT_1)): null

2023-03-06 13:39:16 - [TEST_STEP][PASSED] - driver.pressKey(new io.appium.java_client.android.nativekey.KeyEvent(io.appium.java_client.android.nativekey.AndroidKey.DIGIT_0)): null

2023-03-06 13:39:17 - [TEST_STEP][PASSED] - driver.pressKey(new io.appium.java_client.android.nativekey.KeyEvent(io.appium.java_client.android.nativekey.AndroidKey.DIGIT_2)): null

2023-03-06 13:39:18 - [TEST_STEP][PASSED] - driver.pressKey(new io.appium.java_client.android.nativekey.KeyEvent(io.appium.java_client.android.nativekey.AndroidKey.DIGIT_0)): null

2023-03-06 13:39:18 - [TEST_STEP][PASSED] - driver.pressKey(new io.appium.java_client.android.nativekey.KeyEvent(io.appium.java_client.android.nativekey.AndroidKey.DIGIT_3)): null

2023-03-06 13:39:19 - [TEST_STEP][PASSED] - driver.pressKey(new io.appium.java_client.android.nativekey.KeyEvent(io.appium.java_client.android.nativekey.AndroidKey.DIGIT_0)): null

2023-03-06 13:39:20 - [TEST_STEP][PASSED] - driver.pressKey(new io.appium.java_client.android.nativekey.KeyEvent(io.appium.java_client.android.nativekey.AndroidKey.ENTER)): null

2023-03-06 13:39:21 - [MESSAGE][PASSED] - Call Test Case 'Test Cases/Utilities/Enter_mPIN' successfully

2023-03-06 13:39:21 - [TEST_STEP][PASSED] - tap(findTestObject("3.Payments/Payment Confirmation Page/Button_Verify"), 0): Tapped on element 'Object Repository/3.Payments/Payment Confirmation Page/Button_Verify'

2023-03-06 13:39:21 - [MESSAGE][WARNING] - Timeout '0' is invalid. Using default page load timeout: '30'

2023-03-06 13:39:21 - [MESSAGE][PASSED] - Tapped on element 'Object Repository/3.Payments/Payment Confirmation Page/Button_Verify'

2023-03-06 13:39:21 - [TEST_STEP][PASSED] - delay(5): Delayed 5 second(s)

2023-03-06 13:39:26 - [MESSAGE][PASSED] - Delayed 5 second(s)

2023-03-06 13:39:26 - [TEST_STEP][PASSED] - callTestCase(findTestCase("Utilities/Enter_OTP"), [:], STOP_ON_FAILURE): Call Test Case 'Test Cases/Utilities/Enter_OTP' successfully

2023-03-06 13:39:27 - [TEST_CASE][PASSED] - Test Cases/Utilities/Enter_OTP: Test Cases/Utilities/Enter_OTP

2023-03-06 13:39:27 - [TEST_STEP][PASSED] - driver = getDriver(): null

2023-03-06 13:39:27 - [TEST_STEP][PASSED] - driver.pressKey(new io.appium.java_client.android.nativekey.KeyEvent(io.appium.java_client.android.nativekey.AndroidKey.DIGIT_6)): null

2023-03-06 13:39:27 - [TEST_STEP][PASSED] - driver.pressKey(new io.appium.java_client.android.nativekey.KeyEvent(io.appium.java_client.android.nativekey.AndroidKey.DIGIT_5)): null

2023-03-06 13:39:28 - [TEST_STEP][PASSED] - driver.pressKey(new io.appium.java_client.android.nativekey.KeyEvent(io.appium.java_client.android.nativekey.AndroidKey.DIGIT_4)): null

2023-03-06 13:39:29 - [TEST_STEP][PASSED] - driver.pressKey(new io.appium.java_client.android.nativekey.KeyEvent(io.appium.java_client.android.nativekey.AndroidKey.DIGIT_3)): null

2023-03-06 13:39:30 - [TEST_STEP][PASSED] - driver.pressKey(new io.appium.java_client.android.nativekey.KeyEvent(io.appium.java_client.android.nativekey.AndroidKey.DIGIT_2)): null

2023-03-06 13:39:31 - [TEST_STEP][PASSED] - driver.pressKey(new io.appium.java_client.android.nativekey.KeyEvent(io.appium.java_client.android.nativekey.AndroidKey.DIGIT_1)): null

2023-03-06 13:39:32 - [TEST_STEP][PASSED] - driver.pressKey(new io.appium.java_client.android.nativekey.KeyEvent(io.appium.java_client.android.nativekey.AndroidKey.ENTER)): null

2023-03-06 13:39:33 - [MESSAGE][PASSED] - Call Test Case 'Test Cases/Utilities/Enter_OTP' successfully

2023-03-06 13:39:33 - [TEST_STEP][PASSED] - tap(findTestObject("4.Transfers/Button_VerifyOTP"), 0): Tapped on element 'Object Repository/4.Transfers/Button_VerifyOTP'

2023-03-06 13:39:33 - [MESSAGE][WARNING] - Timeout '0' is invalid. Using default page load timeout: '30'

2023-03-06 13:39:34 - [MESSAGE][PASSED] - Tapped on element 'Object Repository/4.Transfers/Button_VerifyOTP'

2023-03-06 13:39:34 - [TEST_STEP][PASSED] - waitForElementPresent(findTestObject("3.Payments/Payment Success page/Button_Back To Payment"), 30): Element 'Object Repository/3.Payments/Payment Success page/Button_Back To Payment' is present

2023-03-06 13:39:47 - [MESSAGE][PASSED] - Element 'Object Repository/3.Payments/Payment Success page/Button_Back To Payment' is present

2023-03-06 13:39:47 - [TEST_STEP][PASSED] - tap(findTestObject("3.Payments/Payment Success page/Button_Add ToMy Bills"), 0): Tapped on element 'Object Repository/3.Payments/Payment Success page/Button_Add ToMy Bills'

2023-03-06 13:39:47 - [MESSAGE][WARNING] - Timeout '0' is invalid. Using default page load timeout: '30'

2023-03-06 13:39:48 - [MESSAGE][PASSED] - Tapped on element 'Object Repository/3.Payments/Payment Success page/Button_Add ToMy Bills'

2023-03-06 13:39:48 - [TEST_STEP][PASSED] - waitForElementPresent(findTestObject("3.Payments/Save Bill/textBox_Nickname"), 30): Element 'Object Repository/3.Payments/Save Bill/textBox_Nickname' is present

2023-03-06 13:39:48 - [MESSAGE][PASSED] - Element 'Object Repository/3.Payments/Save Bill/textBox_Nickname' is present

2023-03-06 13:39:48 - [TEST_STEP][PASSED] - tap(findTestObject("3.Payments/Save Bill/textBox_Nickname"), 0): Tapped on element 'Object Repository/3.Payments/Save Bill/textBox_Nickname'

2023-03-06 13:39:48 - [MESSAGE][WARNING] - Timeout '0' is invalid. Using default page load timeout: '30'

2023-03-06 13:39:48 - [MESSAGE][PASSED] - Tapped on element 'Object Repository/3.Payments/Save Bill/textBox_Nickname'

2023-03-06 13:39:48 - [TEST_STEP][PASSED] - setText(findTestObject("3.Payments/Save Bill/textBox_Nickname"), biller, 0): Text 'ADDC' has been set to element 'Object Repository/3.Payments/Save Bill/textBox_Nickname'

2023-03-06 13:39:49 - [MESSAGE][WARNING] - Timeout '0' is invalid. Using default page load timeout: '30'

2023-03-06 13:39:50 - [MESSAGE][PASSED] - Text 'ADDC' has been set to element 'Object Repository/3.Payments/Save Bill/textBox_Nickname'

2023-03-06 13:39:50 - [TEST_STEP][PASSED] - tap(findTestObject("3.Payments/Save Bill/button_Verify"), 0): Tapped on element 'Object Repository/3.Payments/Save Bill/button_Verify'

2023-03-06 13:39:50 - [MESSAGE][WARNING] - Timeout '0' is invalid. Using default page load timeout: '30'

2023-03-06 13:39:51 - [MESSAGE][PASSED] - Tapped on element 'Object Repository/3.Payments/Save Bill/button_Verify'

2023-03-06 13:39:51 - [TEST_STEP][PASSED] - waitForElementPresent(findTestObject("3.Payments/Payment Success page/Button_Back To Payment"), 30): Element 'Object Repository/3.Payments/Payment Success page/Button_Back To Payment' is present

2023-03-06 13:39:52 - [MESSAGE][PASSED] - Element 'Object Repository/3.Payments/Payment Success page/Button_Back To Payment' is present

2023-03-06 13:39:52 - [TEST_STEP][PASSED] - tap(findTestObject("3.Payments/Payment Success page/Button_Back To Payment"), 0): Tapped on element 'Object Repository/3.Payments/Payment Success page/Button_Back To Payment'

2023-03-06 13:39:52 - [MESSAGE][WARNING] - Timeout '0' is invalid. Using default page load timeout: '30'

2023-03-06 13:39:53 - [MESSAGE][PASSED] - Tapped on element 'Object Repository/3.Payments/Payment Success page/Button_Back To Payment'

2023-03-06 13:39:53 - [TEST_STEP][PASSED] - waitForElementPresent(findTestObject("3.Payments/Payments_page/button_NewBill"), 0): Element 'Object Repository/3.Payments/Payments_page/button_NewBill' is present

2023-03-06 13:39:53 - [MESSAGE][WARNING] - Timeout '0' is invalid. Using default page load timeout: '30'

2023-03-06 13:39:56 - [MESSAGE][PASSED] - Element 'Object Repository/3.Payments/Payments_page/button_NewBill' is present

2023-03-06 13:39:56 - [TEST_STEP][PASSED] - if (waitForElementPresent(findTestObject("3.Payments/Save Bill/vrify_Saved Biller", ["biller":biller, "consumerNumber":consumerNumber]), 0)): null

2023-03-06 13:39:56 - [MESSAGE][WARNING] - Timeout '0' is invalid. Using default page load timeout: '30'

2023-03-06 13:39:56 - [MESSAGE][PASSED] - Element 'Object Repository/3.Payments/Save Bill/vrify_Saved Biller' is present

2023-03-06 13:39:56 - [TEST_STEP][PASSED] - markPassed(Biller $biller Saved Successfully with consumer number $subBiller): Biller ADDC Saved Successfully with consumer number ADDC

2023-03-06 13:39:56 - [MESSAGE][PASSED] - Biller ADDC Saved Successfully with consumer number ADDC

2023-03-06 13:39:56 - [TEST_STEP][PASSED] - callTestCase(findTestCase("Utilities/Logout"), [:], CONTINUE_ON_FAILURE): Call Test Case 'Test Cases/Utilities/Logout' successfully

2023-03-06 13:39:56 - [TEST_CASE][PASSED] - Test Cases/Utilities/Logout: Test Cases/Utilities/Logout

2023-03-06 13:39:56 - [TEST_STEP][PASSED] - waitForElementPresent(findTestObject("2.Dashboard/Profile Settings/Icon_Home"), 60): Element 'Object Repository/2.Dashboard/Profile Settings/Icon_Home' is present

2023-03-06 13:39:56 - [MESSAGE][PASSED] - Element 'Object Repository/2.Dashboard/Profile Settings/Icon_Home' is present

2023-03-06 13:39:56 - [TEST_STEP][PASSED] - tap(findTestObject("2.Dashboard/Profile Settings/Icon_Home"), 0): Tapped on element 'Object Repository/2.Dashboard/Profile Settings/Icon_Home'

2023-03-06 13:39:56 - [MESSAGE][WARNING] - Timeout '0' is invalid. Using default page load timeout: '30'

2023-03-06 13:39:57 - [MESSAGE][PASSED] - Tapped on element 'Object Repository/2.Dashboard/Profile Settings/Icon_Home'

2023-03-06 13:39:57 - [TEST_STEP][PASSED] - waitForElementPresent(findTestObject("2.Dashboard/Accounts/AccountDetails"), 0): Element 'Object Repository/2.Dashboard/Accounts/AccountDetails' is present

2023-03-06 13:39:57 - [MESSAGE][WARNING] - Timeout '0' is invalid. Using default page load timeout: '30'

2023-03-06 13:39:59 - [MESSAGE][PASSED] - Element 'Object Repository/2.Dashboard/Accounts/AccountDetails' is present

2023-03-06 13:39:59 - [TEST_STEP][PASSED] - tap(findTestObject("2.Dashboard/Profile Settings/Image_Profile Picture_DashBoard"), 0): Tapped on element 'Object Repository/2.Dashboard/Profile Settings/Image_Profile Picture_DashBoard'

2023-03-06 13:39:59 - [MESSAGE][WARNING] - Timeout '0' is invalid. Using default page load timeout: '30'

2023-03-06 13:40:00 - [MESSAGE][PASSED] - Tapped on element 'Object Repository/2.Dashboard/Profile Settings/Image_Profile Picture_DashBoard'

2023-03-06 13:40:00 - [TEST_STEP][PASSED] - waitForElementPresent(findTestObject("2.Dashboard/Profile Settings/Image_Profile Picture_Profile Settings"), 0): Element 'Object Repository/2.Dashboard/Profile Settings/Image_Profile Picture_Profile Settings' is present

2023-03-06 13:40:00 - [MESSAGE][WARNING] - Timeout '0' is invalid. Using default page load timeout: '30'

2023-03-06 13:40:00 - [MESSAGE][PASSED] - Element 'Object Repository/2.Dashboard/Profile Settings/Image_Profile Picture_Profile Settings' is present

2023-03-06 13:40:00 - [TEST_STEP][PASSED] - swipe(135, 1840, 447, 259): Swiped from 135,1,840 to 447,259

2023-03-06 13:40:02 - [MESSAGE][PASSED] - Swiped from 135,1,840 to 447,259

2023-03-06 13:40:02 - [TEST_STEP][PASSED] - swipe(135, 1840, 447, 259): Swiped from 135,1,840 to 447,259

2023-03-06 13:40:03 - [MESSAGE][PASSED] - Swiped from 135,1,840 to 447,259

2023-03-06 13:40:03 - [TEST_STEP][PASSED] - tap(findTestObject("2.Dashboard/Profile Settings/Button_Logout"), 0): Tapped on element 'Object Repository/2.Dashboard/Profile Settings/Button_Logout'

2023-03-06 13:40:03 - [MESSAGE][WARNING] - Timeout '0' is invalid. Using default page load timeout: '30'

2023-03-06 13:40:03 - [MESSAGE][PASSED] - Tapped on element 'Object Repository/2.Dashboard/Profile Settings/Button_Logout'

2023-03-06 13:40:03 - [MESSAGE][PASSED] - Call Test Case 'Test Cases/Utilities/Logout' successfully

2023-03-06 13:40:03 - [TEST_STEP][PASSED] - Start listener action : autoUpdateJobStatus: [SAUCELABS] Current run configuration: Android - b76dcbe1

2023-03-06 13:40:03 - [MESSAGE][INFO] - [SAUCELABS] Current run configuration: Android - b76dcbe1]]></system-out>
         <system-err><![CDATA[]]></system-err>
      </testcase>
      <system-out><![CDATA[2023-03-06 13:33:58 - [TEST_SUITE][PASSED] - BS_Demo: Test Cases/Payments/TC 01 - Saved Bill Payment]]></system-out>
      <system-err><![CDATA[]]></system-err>
   </testsuite>
</testsuites>
