<?xml version="1.0" encoding="UTF-8"?>
<testsuites name="TS_Demo" time="403.259" tests="4" failures="0" errors="0">
   <testsuite name="TS_Demo" tests="4" failures="0" errors="0" time="403.259" skipped="0" timestamp="2023-02-28 13:47:08" hostname="Dell - DESKTOP-RBJSP3C.bbrouter" id="Test Suites/TS_Demo">
      <properties>
         <property name="deviceName" value="Xiaomi Redmi Note 9 Pro (Android 12)"/>
         <property name="devicePlatform" value=""/>
         <property name="logFolder" value="C:\\Users\\Dell\\git\\SuperApp-Ajman\\Reports\\20230228_134656\\TS_Demo\\20230228_134656"/>
         <property name="logFiles" value="C:\\Users\\Dell\\git\\SuperApp-Ajman\\Reports\\20230228_134656\\TS_Demo\\20230228_134656\\appium.log, C:\\Users\\Dell\\git\\SuperApp-Ajman\\Reports\\20230228_134656\\TS_Demo\\20230228_134656\\execution0.log"/>
         <property name="attachments" value="C:\\Users\\Dell\\git\\SuperApp-Ajman\\Reports\\20230228_134656\\TS_Demo\\20230228_134656\\1677572285238.png, C:\\Users\\Dell\\git\\SuperApp-Ajman\\Reports\\20230228_134656\\TS_Demo\\20230228_134656\\1677572322415.png, C:\\Users\\Dell\\git\\SuperApp-Ajman\\Reports\\20230228_134656\\TS_Demo\\20230228_134656\\1677572368922.png, C:\\Users\\Dell\\git\\SuperApp-Ajman\\Reports\\20230228_134656\\TS_Demo\\20230228_134656\\1677572428639.png, C:\\Users\\Dell\\git\\SuperApp-Ajman\\Reports\\20230228_134656\\TS_Demo\\20230228_134656\\1677572441695.png, C:\\Users\\Dell\\git\\SuperApp-Ajman\\Reports\\20230228_134656\\TS_Demo\\20230228_134656\\1677572491263.png, C:\\Users\\Dell\\git\\SuperApp-Ajman\\Reports\\20230228_134656\\TS_Demo\\20230228_134656\\1677572569243.png, C:\\Users\\Dell\\git\\SuperApp-Ajman\\Reports\\20230228_134656\\TS_Demo\\20230228_134656\\1677572581569.png, C:\\Users\\Dell\\git\\SuperApp-Ajman\\Reports\\20230228_134656\\TS_Demo\\20230228_134656\\1677572619104.png"/>
         <property name="hostName" value="Dell - DESKTOP-RBJSP3C.bbrouter"/>
         <property name="os" value="Windows 10 64bit"/>
         <property name="appiumServerStatus" value="{&quot;value&quot;:{&quot;build&quot;:{&quot;version&quot;:&quot;1.22.0&quot;}},&quot;sessionId&quot;:null,&quot;status&quot;:0}"/>
         <property name="katalonVersion" value="8.5.5.208"/>
         <property name="deviceOS" value="Android"/>
         <property name="appiumVersion" value="1.22.0"/>
         <property name="deviceModel" value="Redmi Note 9 Pro"/>
         <property name="hostAddress" value="192.168.1.6"/>
         <property name="deviceManufacturer" value="Xiaomi"/>
         <property name="deviceId" value="b76dcbe1"/>
         <property name="deviceName" value="Xiaomi Redmi Note 9 Pro (Android 12)"/>
         <property name="deviceOSVersion" value="12"/>
      </properties>
      <testcase name="Test Cases/Demo/TC 01 - Registration with Debit Card" time="103.289" classname="Test Cases/Demo/TC 01 - Registration with Debit Card" status="PASSED">
         <system-out><![CDATA[2023-02-28 13:47:09 - [TEST_CASE][PASSED] - Test Cases/Demo/TC 01 - Registration with Debit Card: Test Cases/Demo/TC 01 - Registration with Debit Card

2023-02-28 13:47:09 - [TEST_STEP][PASSED] - Start listener action : enableSauceLabs: [SAUCELABS] Saucelabs Plugin will not attempt to auto update job status and information !

2023-02-28 13:47:09 - [MESSAGE][INFO] - [SAUCELABS] Current run configuration: Android - b76dcbe1

2023-02-28 13:47:09 - [MESSAGE][INFO] - [SAUCELABS] Saucelabs Plugin will not attempt to auto update job status and information !

2023-02-28 13:47:10 - [TEST_STEP][PASSED] - startExistingApplication("com.cbt.ajmandigital", CONTINUE_ON_FAILURE): Starting app with application ID: 'com.cbt.ajmandigital'

2023-02-28 13:47:12 - [MESSAGE][INFO] - Detected NodeJS location: "C:\Program Files\nodejs\node.exe"

2023-02-28 13:47:14 - [MESSAGE][INFO] - Appium server started on port 51,056

2023-02-28 13:47:42 - [MESSAGE][PASSED] - Starting app with application ID: 'com.cbt.ajmandigital'

2023-02-28 13:47:42 - [TEST_STEP][PASSED] - waitForElementPresent(findTestObject("1.Registration and Login/Welcome Page/button_Already a Customer"), 0): Element 'Object Repository/1.Registration and Login/Welcome Page/button_Already a Customer' is present

2023-02-28 13:47:42 - [MESSAGE][WARNING] - Timeout '0' is invalid. Using default page load timeout: '30'

2023-02-28 13:47:58 - [MESSAGE][PASSED] - Element 'Object Repository/1.Registration and Login/Welcome Page/button_Already a Customer' is present

2023-02-28 13:47:58 - [TEST_STEP][PASSED] - tap(findTestObject("1.Registration and Login/Welcome Page/button_Already a Customer"), 0): Tapped on element 'Object Repository/1.Registration and Login/Welcome Page/button_Already a Customer'

2023-02-28 13:47:58 - [MESSAGE][WARNING] - Timeout '0' is invalid. Using default page load timeout: '30'

2023-02-28 13:47:59 - [MESSAGE][PASSED] - Tapped on element 'Object Repository/1.Registration and Login/Welcome Page/button_Already a Customer'

2023-02-28 13:47:59 - [TEST_STEP][PASSED] - waitForElementPresent(findTestObject("1.Registration and Login/Card Details Page/Radio Button_Debit Card"), 0): Element 'Object Repository/1.Registration and Login/Card Details Page/Radio Button_Debit Card' is present

2023-02-28 13:48:00 - [MESSAGE][WARNING] - Timeout '0' is invalid. Using default page load timeout: '30'

2023-02-28 13:48:00 - [MESSAGE][PASSED] - Element 'Object Repository/1.Registration and Login/Card Details Page/Radio Button_Debit Card' is present

2023-02-28 13:48:00 - [TEST_STEP][PASSED] - tap(findTestObject("1.Registration and Login/Card Details Page/Radio Button_Debit Card"), 0): Tapped on element 'Object Repository/1.Registration and Login/Card Details Page/Radio Button_Debit Card'

2023-02-28 13:48:00 - [MESSAGE][WARNING] - Timeout '0' is invalid. Using default page load timeout: '30'

2023-02-28 13:48:01 - [MESSAGE][PASSED] - Tapped on element 'Object Repository/1.Registration and Login/Card Details Page/Radio Button_Debit Card'

2023-02-28 13:48:01 - [TEST_STEP][PASSED] - setText(findTestObject("1.Registration and Login/Card Details Page/Text Box_Card Number"), "5244550100131688", 0): Text '5244550100131688' has been set to element 'Object Repository/1.Registration and Login/Card Details Page/Text Box_Card Number'

2023-02-28 13:48:01 - [MESSAGE][WARNING] - Timeout '0' is invalid. Using default page load timeout: '30'

2023-02-28 13:48:02 - [MESSAGE][PASSED] - Text '5244550100131688' has been set to element 'Object Repository/1.Registration and Login/Card Details Page/Text Box_Card Number'

2023-02-28 13:48:02 - [TEST_STEP][PASSED] - setText(findTestObject("1.Registration and Login/Card Details Page/Text Box_Card Pin"), "4631", 0): Text '4631' has been set to element 'Object Repository/1.Registration and Login/Card Details Page/Text Box_Card Pin'

2023-02-28 13:48:02 - [MESSAGE][WARNING] - Timeout '0' is invalid. Using default page load timeout: '30'

2023-02-28 13:48:03 - [MESSAGE][PASSED] - Text '4631' has been set to element 'Object Repository/1.Registration and Login/Card Details Page/Text Box_Card Pin'

2023-02-28 13:48:03 - [TEST_STEP][PASSED] - delay(2, STOP_ON_FAILURE): Delayed 2 second(s)

2023-02-28 13:48:05 - [MESSAGE][PASSED] - Delayed 2 second(s)

2023-02-28 13:48:05 - [TEST_STEP][PASSED] - takeScreenshot(): Screenshot is taken

2023-02-28 13:48:06 - [MESSAGE][PASSED] - Screenshot is taken
[[ATTACHMENT|C:\\Users\\Dell\\git\\SuperApp-Ajman\\Reports\\20230228_134656\\TS_Demo\\20230228_134656\\1677572285238.png]]

2023-02-28 13:48:06 - [TEST_STEP][PASSED] - tap(findTestObject("1.Registration and Login/Card Details Page/Button_Next on Card details"), 0): Tapped on element 'Object Repository/1.Registration and Login/Card Details Page/Button_Next on Card details'

2023-02-28 13:48:06 - [MESSAGE][WARNING] - Timeout '0' is invalid. Using default page load timeout: '30'

2023-02-28 13:48:07 - [MESSAGE][PASSED] - Tapped on element 'Object Repository/1.Registration and Login/Card Details Page/Button_Next on Card details'

2023-02-28 13:48:07 - [TEST_STEP][PASSED] - waitForElementPresent(findTestObject("1.Registration and Login/OTP Page/label_Enter OTP"), 60): Element 'Object Repository/1.Registration and Login/OTP Page/label_Enter OTP' is present

2023-02-28 13:48:17 - [MESSAGE][PASSED] - Element 'Object Repository/1.Registration and Login/OTP Page/label_Enter OTP' is present

2023-02-28 13:48:17 - [TEST_STEP][PASSED] - callTestCase(findTestCase("Utilities/Enter_OTP"), [:], CONTINUE_ON_FAILURE): Call Test Case 'Test Cases/Utilities/Enter_OTP' successfully

2023-02-28 13:48:17 - [TEST_CASE][PASSED] - Test Cases/Utilities/Enter_OTP: Test Cases/Utilities/Enter_OTP

2023-02-28 13:48:19 - [TEST_STEP][PASSED] - driver = getDriver(): null

2023-02-28 13:48:19 - [TEST_STEP][PASSED] - driver.pressKey(new io.appium.java_client.android.nativekey.KeyEvent(io.appium.java_client.android.nativekey.AndroidKey.DIGIT_6)): null

2023-02-28 13:48:19 - [TEST_STEP][PASSED] - driver.pressKey(new io.appium.java_client.android.nativekey.KeyEvent(io.appium.java_client.android.nativekey.AndroidKey.DIGIT_5)): null

2023-02-28 13:48:20 - [TEST_STEP][PASSED] - driver.pressKey(new io.appium.java_client.android.nativekey.KeyEvent(io.appium.java_client.android.nativekey.AndroidKey.DIGIT_4)): null

2023-02-28 13:48:21 - [TEST_STEP][PASSED] - driver.pressKey(new io.appium.java_client.android.nativekey.KeyEvent(io.appium.java_client.android.nativekey.AndroidKey.DIGIT_3)): null

2023-02-28 13:48:23 - [TEST_STEP][PASSED] - driver.pressKey(new io.appium.java_client.android.nativekey.KeyEvent(io.appium.java_client.android.nativekey.AndroidKey.DIGIT_2)): null

2023-02-28 13:48:24 - [TEST_STEP][PASSED] - driver.pressKey(new io.appium.java_client.android.nativekey.KeyEvent(io.appium.java_client.android.nativekey.AndroidKey.DIGIT_1)): null

2023-02-28 13:48:25 - [TEST_STEP][PASSED] - driver.pressKey(new io.appium.java_client.android.nativekey.KeyEvent(io.appium.java_client.android.nativekey.AndroidKey.ENTER)): null

2023-02-28 13:48:26 - [MESSAGE][PASSED] - Call Test Case 'Test Cases/Utilities/Enter_OTP' successfully

2023-02-28 13:48:26 - [TEST_STEP][PASSED] - tap(findTestObject("1.Registration and Login/OTP Page/Button_Verify OTP"), 0): Tapped on element 'Object Repository/1.Registration and Login/OTP Page/Button_Verify OTP'

2023-02-28 13:48:26 - [MESSAGE][WARNING] - Timeout '0' is invalid. Using default page load timeout: '30'

2023-02-28 13:48:27 - [MESSAGE][PASSED] - Tapped on element 'Object Repository/1.Registration and Login/OTP Page/Button_Verify OTP'

2023-02-28 13:48:27 - [TEST_STEP][PASSED] - delay(5, STOP_ON_FAILURE): Delayed 5 second(s)

2023-02-28 13:48:32 - [MESSAGE][PASSED] - Delayed 5 second(s)

2023-02-28 13:48:32 - [TEST_STEP][PASSED] - setText(findTestObject("1.Registration and Login/mPIN Page/Text Box_Create mPIN"), "102030", 0): Text '102030' has been set to element 'Object Repository/1.Registration and Login/mPIN Page/Text Box_Create mPIN'

2023-02-28 13:48:32 - [MESSAGE][WARNING] - Timeout '0' is invalid. Using default page load timeout: '30'

2023-02-28 13:48:33 - [MESSAGE][PASSED] - Text '102030' has been set to element 'Object Repository/1.Registration and Login/mPIN Page/Text Box_Create mPIN'

2023-02-28 13:48:33 - [TEST_STEP][PASSED] - setText(findTestObject("1.Registration and Login/mPIN Page/Text Box_Confirm mPIN Entry"), "102030", 0): Text '102030' has been set to element 'Object Repository/1.Registration and Login/mPIN Page/Text Box_Confirm mPIN Entry'

2023-02-28 13:48:33 - [MESSAGE][WARNING] - Timeout '0' is invalid. Using default page load timeout: '30'

2023-02-28 13:48:34 - [MESSAGE][PASSED] - Text '102030' has been set to element 'Object Repository/1.Registration and Login/mPIN Page/Text Box_Confirm mPIN Entry'

2023-02-28 13:48:34 - [TEST_STEP][PASSED] - tap(findTestObject("1.Registration and Login/mPIN Page/Button_Next mPIN Page"), 0): Tapped on element 'Object Repository/1.Registration and Login/mPIN Page/Button_Next mPIN Page'

2023-02-28 13:48:34 - [MESSAGE][WARNING] - Timeout '0' is invalid. Using default page load timeout: '30'

2023-02-28 13:48:34 - [MESSAGE][PASSED] - Tapped on element 'Object Repository/1.Registration and Login/mPIN Page/Button_Next mPIN Page'

2023-02-28 13:48:34 - [TEST_STEP][PASSED] - waitForElementPresent(findTestObject("1.Registration and Login/mPIN Page/Button_Maybe later Biometric"), 0): Element 'Object Repository/1.Registration and Login/mPIN Page/Button_Maybe later Biometric' is present

2023-02-28 13:48:35 - [MESSAGE][WARNING] - Timeout '0' is invalid. Using default page load timeout: '30'

2023-02-28 13:48:36 - [MESSAGE][PASSED] - Element 'Object Repository/1.Registration and Login/mPIN Page/Button_Maybe later Biometric' is present

2023-02-28 13:48:36 - [TEST_STEP][PASSED] - tap(findTestObject("1.Registration and Login/mPIN Page/Button_Maybe later Biometric"), 0): Tapped on element 'Object Repository/1.Registration and Login/mPIN Page/Button_Maybe later Biometric'

2023-02-28 13:48:36 - [MESSAGE][WARNING] - Timeout '0' is invalid. Using default page load timeout: '30'

2023-02-28 13:48:38 - [MESSAGE][PASSED] - Tapped on element 'Object Repository/1.Registration and Login/mPIN Page/Button_Maybe later Biometric'

2023-02-28 13:48:38 - [TEST_STEP][PASSED] - waitForElementPresent(findTestObject("2.Dashboard/Profile Settings/Image_Profile Picture_Profile Settings"), 0): Element 'Object Repository/2.Dashboard/Profile Settings/Image_Profile Picture_Profile Settings' is present

2023-02-28 13:48:38 - [MESSAGE][WARNING] - Timeout '0' is invalid. Using default page load timeout: '30'

2023-02-28 13:48:42 - [MESSAGE][PASSED] - Element 'Object Repository/2.Dashboard/Profile Settings/Image_Profile Picture_Profile Settings' is present

2023-02-28 13:48:42 - [TEST_STEP][PASSED] - takeScreenshot(): Screenshot is taken

2023-02-28 13:48:44 - [MESSAGE][PASSED] - Screenshot is taken
[[ATTACHMENT|C:\\Users\\Dell\\git\\SuperApp-Ajman\\Reports\\20230228_134656\\TS_Demo\\20230228_134656\\1677572322415.png]]

2023-02-28 13:48:44 - [TEST_STEP][PASSED] - callTestCase(findTestCase("Utilities/Logout"), [:], CONTINUE_ON_FAILURE): Call Test Case 'Test Cases/Utilities/Logout' successfully

2023-02-28 13:48:44 - [TEST_CASE][PASSED] - Test Cases/Utilities/Logout: Test Cases/Utilities/Logout

2023-02-28 13:48:44 - [TEST_STEP][PASSED] - waitForElementPresent(findTestObject("2.Dashboard/Profile Settings/Icon_Home"), 60): Element 'Object Repository/2.Dashboard/Profile Settings/Icon_Home' is present

2023-02-28 13:48:45 - [MESSAGE][PASSED] - Element 'Object Repository/2.Dashboard/Profile Settings/Icon_Home' is present

2023-02-28 13:48:45 - [TEST_STEP][PASSED] - tap(findTestObject("2.Dashboard/Profile Settings/Icon_Home"), 0): Tapped on element 'Object Repository/2.Dashboard/Profile Settings/Icon_Home'

2023-02-28 13:48:45 - [MESSAGE][WARNING] - Timeout '0' is invalid. Using default page load timeout: '30'

2023-02-28 13:48:46 - [MESSAGE][PASSED] - Tapped on element 'Object Repository/2.Dashboard/Profile Settings/Icon_Home'

2023-02-28 13:48:46 - [TEST_STEP][PASSED] - waitForElementPresent(findTestObject("2.Dashboard/Accounts/AccountDetails"), 0): Element 'Object Repository/2.Dashboard/Accounts/AccountDetails' is present

2023-02-28 13:48:46 - [MESSAGE][WARNING] - Timeout '0' is invalid. Using default page load timeout: '30'

2023-02-28 13:48:46 - [MESSAGE][PASSED] - Element 'Object Repository/2.Dashboard/Accounts/AccountDetails' is present

2023-02-28 13:48:46 - [TEST_STEP][PASSED] - tap(findTestObject("2.Dashboard/Profile Settings/Image_Profile Picture_DashBoard"), 0): Tapped on element 'Object Repository/2.Dashboard/Profile Settings/Image_Profile Picture_DashBoard'

2023-02-28 13:48:46 - [MESSAGE][WARNING] - Timeout '0' is invalid. Using default page load timeout: '30'

2023-02-28 13:48:46 - [MESSAGE][PASSED] - Tapped on element 'Object Repository/2.Dashboard/Profile Settings/Image_Profile Picture_DashBoard'

2023-02-28 13:48:46 - [TEST_STEP][PASSED] - waitForElementPresent(findTestObject("2.Dashboard/Profile Settings/Image_Profile Picture_Profile Settings"), 0): Element 'Object Repository/2.Dashboard/Profile Settings/Image_Profile Picture_Profile Settings' is present

2023-02-28 13:48:47 - [MESSAGE][WARNING] - Timeout '0' is invalid. Using default page load timeout: '30'

2023-02-28 13:48:48 - [MESSAGE][PASSED] - Element 'Object Repository/2.Dashboard/Profile Settings/Image_Profile Picture_Profile Settings' is present

2023-02-28 13:48:48 - [TEST_STEP][PASSED] - swipe(135, 1840, 447, 259): Swiped from 135,1,840 to 447,259

2023-02-28 13:48:50 - [MESSAGE][PASSED] - Swiped from 135,1,840 to 447,259

2023-02-28 13:48:50 - [TEST_STEP][PASSED] - swipe(135, 1840, 447, 259): Swiped from 135,1,840 to 447,259

2023-02-28 13:48:51 - [MESSAGE][PASSED] - Swiped from 135,1,840 to 447,259

2023-02-28 13:48:51 - [TEST_STEP][PASSED] - tap(findTestObject("2.Dashboard/Profile Settings/Button_Logout"), 0): Tapped on element 'Object Repository/2.Dashboard/Profile Settings/Button_Logout'

2023-02-28 13:48:51 - [MESSAGE][WARNING] - Timeout '0' is invalid. Using default page load timeout: '30'

2023-02-28 13:48:51 - [MESSAGE][PASSED] - Tapped on element 'Object Repository/2.Dashboard/Profile Settings/Button_Logout'

2023-02-28 13:48:51 - [MESSAGE][PASSED] - Call Test Case 'Test Cases/Utilities/Logout' successfully

2023-02-28 13:48:51 - [TEST_STEP][PASSED] - closeApplication(): Close app successfully

2023-02-28 13:48:52 - [MESSAGE][PASSED] - Close app successfully

2023-02-28 13:48:52 - [TEST_STEP][PASSED] - Start listener action : autoUpdateJobStatus: [SAUCELABS] Current run configuration: Android - b76dcbe1

2023-02-28 13:48:52 - [MESSAGE][INFO] - [SAUCELABS] Current run configuration: Android - b76dcbe1]]></system-out>
         <system-err><![CDATA[]]></system-err>
      </testcase>
      <testcase name="Test Cases/Demo/TC 01 - Login with mPIN" time="44.951" classname="Test Cases/Demo/TC 01 - Login with mPIN" status="PASSED">
         <system-out><![CDATA[2023-02-28 13:48:52 - [TEST_CASE][PASSED] - Test Cases/Demo/TC 01 - Login with mPIN: Test Cases/Demo/TC 01 - Login with mPIN

2023-02-28 13:48:53 - [TEST_STEP][PASSED] - Start listener action : enableSauceLabs: [SAUCELABS] Saucelabs Plugin will not attempt to auto update job status and information !

2023-02-28 13:48:53 - [MESSAGE][INFO] - [SAUCELABS] Current run configuration: Android - b76dcbe1

2023-02-28 13:48:53 - [MESSAGE][INFO] - [SAUCELABS] Saucelabs Plugin will not attempt to auto update job status and information !

2023-02-28 13:48:54 - [TEST_STEP][PASSED] - startExistingApplication("com.cbt.ajmandigital", STOP_ON_FAILURE): Starting app with application ID: 'com.cbt.ajmandigital'

2023-02-28 13:48:54 - [MESSAGE][INFO] - Detected NodeJS location: "C:\Program Files\nodejs\node.exe"

2023-02-28 13:48:56 - [MESSAGE][INFO] - Appium server started on port 51,194

2023-02-28 13:49:17 - [MESSAGE][PASSED] - Starting app with application ID: 'com.cbt.ajmandigital'

2023-02-28 13:49:17 - [TEST_STEP][PASSED] - waitForElementPresent(findTestObject("1.Registration and Login/Login Page/button_ForgotmPIN"), 0): Element 'Object Repository/1.Registration and Login/Login Page/button_ForgotmPIN' is present

2023-02-28 13:49:17 - [MESSAGE][WARNING] - Timeout '0' is invalid. Using default page load timeout: '30'

2023-02-28 13:49:18 - [MESSAGE][PASSED] - Element 'Object Repository/1.Registration and Login/Login Page/button_ForgotmPIN' is present

2023-02-28 13:49:18 - [TEST_STEP][PASSED] - callTestCase(findTestCase("Utilities/Enter_mPIN"), [:], STOP_ON_FAILURE): Call Test Case 'Test Cases/Utilities/Enter_mPIN' successfully

2023-02-28 13:49:18 - [TEST_CASE][PASSED] - Test Cases/Utilities/Enter_mPIN: Test Cases/Utilities/Enter_mPIN

2023-02-28 13:49:19 - [TEST_STEP][PASSED] - driver = getDriver(): null

2023-02-28 13:49:19 - [TEST_STEP][PASSED] - driver.pressKey(new io.appium.java_client.android.nativekey.KeyEvent(io.appium.java_client.android.nativekey.AndroidKey.DIGIT_1)): null

2023-02-28 13:49:19 - [TEST_STEP][PASSED] - driver.pressKey(new io.appium.java_client.android.nativekey.KeyEvent(io.appium.java_client.android.nativekey.AndroidKey.DIGIT_0)): null

2023-02-28 13:49:20 - [TEST_STEP][PASSED] - driver.pressKey(new io.appium.java_client.android.nativekey.KeyEvent(io.appium.java_client.android.nativekey.AndroidKey.DIGIT_2)): null

2023-02-28 13:49:21 - [TEST_STEP][PASSED] - driver.pressKey(new io.appium.java_client.android.nativekey.KeyEvent(io.appium.java_client.android.nativekey.AndroidKey.DIGIT_0)): null

2023-02-28 13:49:22 - [TEST_STEP][PASSED] - driver.pressKey(new io.appium.java_client.android.nativekey.KeyEvent(io.appium.java_client.android.nativekey.AndroidKey.DIGIT_3)): null

2023-02-28 13:49:22 - [TEST_STEP][PASSED] - driver.pressKey(new io.appium.java_client.android.nativekey.KeyEvent(io.appium.java_client.android.nativekey.AndroidKey.DIGIT_0)): null

2023-02-28 13:49:23 - [TEST_STEP][PASSED] - driver.pressKey(new io.appium.java_client.android.nativekey.KeyEvent(io.appium.java_client.android.nativekey.AndroidKey.ENTER)): null

2023-02-28 13:49:24 - [MESSAGE][PASSED] - Call Test Case 'Test Cases/Utilities/Enter_mPIN' successfully

2023-02-28 13:49:24 - [TEST_STEP][PASSED] - waitForElementPresent(findTestObject("2.Dashboard/Accounts/AccountDetails"), 60): Element 'Object Repository/2.Dashboard/Accounts/AccountDetails' is present

2023-02-28 13:49:28 - [MESSAGE][PASSED] - Element 'Object Repository/2.Dashboard/Accounts/AccountDetails' is present

2023-02-28 13:49:28 - [TEST_STEP][PASSED] - takeScreenshot(): Screenshot is taken

2023-02-28 13:49:29 - [MESSAGE][PASSED] - Screenshot is taken
[[ATTACHMENT|C:\\Users\\Dell\\git\\SuperApp-Ajman\\Reports\\20230228_134656\\TS_Demo\\20230228_134656\\1677572368922.png]]

2023-02-28 13:49:29 - [TEST_STEP][PASSED] - content = getAttribute(findTestObject("2.Dashboard/Accounts/AccountDetails"), "contentDescription", 0): Element 'Object Repository/2.Dashboard/Accounts/AccountDetails' has attribute 'contentDescription' is 'Available Balance
3,264,876.28
AED
Savings Account
011074763011'

2023-02-28 13:49:30 - [MESSAGE][WARNING] - Timeout '0' is invalid. Using default page load timeout: '30'

2023-02-28 13:49:30 - [MESSAGE][PASSED] - Element 'Object Repository/2.Dashboard/Accounts/AccountDetails' has attribute 'contentDescription' is 'Available Balance
3,264,876.28
AED
Savings Account
011074763011'

2023-02-28 13:49:30 - [TEST_STEP][PASSED] - println(content): null

2023-02-28 13:49:30 - [TEST_STEP][PASSED] - line = content.split("\R"): null

2023-02-28 13:49:30 - [TEST_STEP][PASSED] - println(line[4]): null

2023-02-28 13:49:30 - [TEST_STEP][PASSED] - if (accountNumber == line[4]): Pass

2023-02-28 13:49:30 - [TEST_STEP][PASSED] - markPassed("Pass"): Pass

2023-02-28 13:49:30 - [MESSAGE][PASSED] - Pass

2023-02-28 13:49:30 - [TEST_STEP][PASSED] - callTestCase(findTestCase("Utilities/Logout"), [:], CONTINUE_ON_FAILURE): Call Test Case 'Test Cases/Utilities/Logout' successfully

2023-02-28 13:49:30 - [TEST_CASE][PASSED] - Test Cases/Utilities/Logout: Test Cases/Utilities/Logout

2023-02-28 13:49:30 - [TEST_STEP][PASSED] - waitForElementPresent(findTestObject("2.Dashboard/Profile Settings/Icon_Home"), 60): Element 'Object Repository/2.Dashboard/Profile Settings/Icon_Home' is present

2023-02-28 13:49:30 - [MESSAGE][PASSED] - Element 'Object Repository/2.Dashboard/Profile Settings/Icon_Home' is present

2023-02-28 13:49:30 - [TEST_STEP][PASSED] - tap(findTestObject("2.Dashboard/Profile Settings/Icon_Home"), 0): Tapped on element 'Object Repository/2.Dashboard/Profile Settings/Icon_Home'

2023-02-28 13:49:31 - [MESSAGE][WARNING] - Timeout '0' is invalid. Using default page load timeout: '30'

2023-02-28 13:49:31 - [MESSAGE][PASSED] - Tapped on element 'Object Repository/2.Dashboard/Profile Settings/Icon_Home'

2023-02-28 13:49:31 - [TEST_STEP][PASSED] - waitForElementPresent(findTestObject("2.Dashboard/Accounts/AccountDetails"), 0): Element 'Object Repository/2.Dashboard/Accounts/AccountDetails' is present

2023-02-28 13:49:32 - [MESSAGE][WARNING] - Timeout '0' is invalid. Using default page load timeout: '30'

2023-02-28 13:49:32 - [MESSAGE][PASSED] - Element 'Object Repository/2.Dashboard/Accounts/AccountDetails' is present

2023-02-28 13:49:32 - [TEST_STEP][PASSED] - tap(findTestObject("2.Dashboard/Profile Settings/Image_Profile Picture_DashBoard"), 0): Tapped on element 'Object Repository/2.Dashboard/Profile Settings/Image_Profile Picture_DashBoard'

2023-02-28 13:49:32 - [MESSAGE][WARNING] - Timeout '0' is invalid. Using default page load timeout: '30'

2023-02-28 13:49:33 - [MESSAGE][PASSED] - Tapped on element 'Object Repository/2.Dashboard/Profile Settings/Image_Profile Picture_DashBoard'

2023-02-28 13:49:33 - [TEST_STEP][PASSED] - waitForElementPresent(findTestObject("2.Dashboard/Profile Settings/Image_Profile Picture_Profile Settings"), 0): Element 'Object Repository/2.Dashboard/Profile Settings/Image_Profile Picture_Profile Settings' is present

2023-02-28 13:49:33 - [MESSAGE][WARNING] - Timeout '0' is invalid. Using default page load timeout: '30'

2023-02-28 13:49:34 - [MESSAGE][PASSED] - Element 'Object Repository/2.Dashboard/Profile Settings/Image_Profile Picture_Profile Settings' is present

2023-02-28 13:49:34 - [TEST_STEP][PASSED] - swipe(135, 1840, 447, 259): Swiped from 135,1,840 to 447,259

2023-02-28 13:49:35 - [MESSAGE][PASSED] - Swiped from 135,1,840 to 447,259

2023-02-28 13:49:35 - [TEST_STEP][PASSED] - swipe(135, 1840, 447, 259): Swiped from 135,1,840 to 447,259

2023-02-28 13:49:36 - [MESSAGE][PASSED] - Swiped from 135,1,840 to 447,259

2023-02-28 13:49:36 - [TEST_STEP][PASSED] - tap(findTestObject("2.Dashboard/Profile Settings/Button_Logout"), 0): Tapped on element 'Object Repository/2.Dashboard/Profile Settings/Button_Logout'

2023-02-28 13:49:36 - [MESSAGE][WARNING] - Timeout '0' is invalid. Using default page load timeout: '30'

2023-02-28 13:49:37 - [MESSAGE][PASSED] - Tapped on element 'Object Repository/2.Dashboard/Profile Settings/Button_Logout'

2023-02-28 13:49:37 - [MESSAGE][PASSED] - Call Test Case 'Test Cases/Utilities/Logout' successfully

2023-02-28 13:49:37 - [TEST_STEP][PASSED] - closeApplication(): Close app successfully

2023-02-28 13:49:37 - [MESSAGE][PASSED] - Close app successfully

2023-02-28 13:49:37 - [TEST_STEP][PASSED] - Start listener action : autoUpdateJobStatus: [SAUCELABS] Current run configuration: Android - b76dcbe1

2023-02-28 13:49:37 - [MESSAGE][INFO] - [SAUCELABS] Current run configuration: Android - b76dcbe1]]></system-out>
         <system-err><![CDATA[]]></system-err>
      </testcase>
      <testcase name="Test Cases/Demo/TC 01 - Tranfer with in Ajman" time="126.33" classname="Test Cases/Demo/TC 01 - Tranfer with in Ajman" status="PASSED">
         <system-out><![CDATA[2023-02-28 13:49:37 - [TEST_CASE][PASSED] - Test Cases/Demo/TC 01 - Tranfer with in Ajman: Test Cases/Demo/TC 01 - Tranfer with in Ajman

2023-02-28 13:49:37 - [TEST_STEP][PASSED] - Start listener action : enableSauceLabs: [SAUCELABS] Saucelabs Plugin will not attempt to auto update job status and information !

2023-02-28 13:49:37 - [MESSAGE][INFO] - [SAUCELABS] Current run configuration: Android - b76dcbe1

2023-02-28 13:49:37 - [MESSAGE][INFO] - [SAUCELABS] Saucelabs Plugin will not attempt to auto update job status and information !

2023-02-28 13:49:39 - [TEST_STEP][PASSED] - callTestCase(findTestCase("Utilities/Login"), [:], CONTINUE_ON_FAILURE): Call Test Case 'Test Cases/Utilities/Login' successfully

2023-02-28 13:49:39 - [TEST_CASE][PASSED] - Test Cases/Utilities/Login: Test Cases/Utilities/Login

2023-02-28 13:49:40 - [TEST_STEP][PASSED] - startExistingApplication("com.cbt.ajmandigital", STOP_ON_FAILURE): Starting app with application ID: 'com.cbt.ajmandigital'

2023-02-28 13:49:40 - [MESSAGE][INFO] - Detected NodeJS location: "C:\Program Files\nodejs\node.exe"

2023-02-28 13:49:42 - [MESSAGE][INFO] - Appium server started on port 51,325

2023-02-28 13:50:01 - [MESSAGE][PASSED] - Starting app with application ID: 'com.cbt.ajmandigital'

2023-02-28 13:50:01 - [TEST_STEP][PASSED] - waitForElementPresent(findTestObject("1.Registration and Login/Login Page/button_ForgotmPIN"), 0): Element 'Object Repository/1.Registration and Login/Login Page/button_ForgotmPIN' is present

2023-02-28 13:50:01 - [MESSAGE][WARNING] - Timeout '0' is invalid. Using default page load timeout: '30'

2023-02-28 13:50:02 - [MESSAGE][PASSED] - Element 'Object Repository/1.Registration and Login/Login Page/button_ForgotmPIN' is present

2023-02-28 13:50:02 - [TEST_STEP][PASSED] - callTestCase(findTestCase("Utilities/Enter_mPIN"), [:], STOP_ON_FAILURE): Call Test Case 'Test Cases/Utilities/Enter_mPIN' successfully

2023-02-28 13:50:02 - [TEST_CASE][PASSED] - Test Cases/Utilities/Enter_mPIN: Test Cases/Utilities/Enter_mPIN

2023-02-28 13:50:02 - [TEST_STEP][PASSED] - driver = getDriver(): null

2023-02-28 13:50:02 - [TEST_STEP][PASSED] - driver.pressKey(new io.appium.java_client.android.nativekey.KeyEvent(io.appium.java_client.android.nativekey.AndroidKey.DIGIT_1)): null

2023-02-28 13:50:02 - [TEST_STEP][PASSED] - driver.pressKey(new io.appium.java_client.android.nativekey.KeyEvent(io.appium.java_client.android.nativekey.AndroidKey.DIGIT_0)): null

2023-02-28 13:50:03 - [TEST_STEP][PASSED] - driver.pressKey(new io.appium.java_client.android.nativekey.KeyEvent(io.appium.java_client.android.nativekey.AndroidKey.DIGIT_2)): null

2023-02-28 13:50:04 - [TEST_STEP][PASSED] - driver.pressKey(new io.appium.java_client.android.nativekey.KeyEvent(io.appium.java_client.android.nativekey.AndroidKey.DIGIT_0)): null

2023-02-28 13:50:04 - [TEST_STEP][PASSED] - driver.pressKey(new io.appium.java_client.android.nativekey.KeyEvent(io.appium.java_client.android.nativekey.AndroidKey.DIGIT_3)): null

2023-02-28 13:50:05 - [TEST_STEP][PASSED] - driver.pressKey(new io.appium.java_client.android.nativekey.KeyEvent(io.appium.java_client.android.nativekey.AndroidKey.DIGIT_0)): null

2023-02-28 13:50:06 - [TEST_STEP][PASSED] - driver.pressKey(new io.appium.java_client.android.nativekey.KeyEvent(io.appium.java_client.android.nativekey.AndroidKey.ENTER)): null

2023-02-28 13:50:07 - [MESSAGE][PASSED] - Call Test Case 'Test Cases/Utilities/Enter_mPIN' successfully

2023-02-28 13:50:07 - [TEST_STEP][PASSED] - waitForElementPresent(findTestObject("2.Dashboard/Accounts/AccountDetails"), 60): Element 'Object Repository/2.Dashboard/Accounts/AccountDetails' is present

2023-02-28 13:50:13 - [MESSAGE][PASSED] - Element 'Object Repository/2.Dashboard/Accounts/AccountDetails' is present

2023-02-28 13:50:13 - [MESSAGE][PASSED] - Call Test Case 'Test Cases/Utilities/Login' successfully

2023-02-28 13:50:13 - [TEST_STEP][PASSED] - tap(findTestObject("3.Payments/Payments_page/tab_PAY"), 0): Tapped on element 'Object Repository/3.Payments/Payments_page/tab_PAY'

2023-02-28 13:50:13 - [MESSAGE][WARNING] - Timeout '0' is invalid. Using default page load timeout: '30'

2023-02-28 13:50:14 - [MESSAGE][PASSED] - Tapped on element 'Object Repository/3.Payments/Payments_page/tab_PAY'

2023-02-28 13:50:14 - [TEST_STEP][PASSED] - waitForElementPresent(findTestObject("4.Transfers/Button_Ajman Transfer"), 0): Element 'Object Repository/4.Transfers/Button_Ajman Transfer' is present

2023-02-28 13:50:14 - [MESSAGE][WARNING] - Timeout '0' is invalid. Using default page load timeout: '30'

2023-02-28 13:50:16 - [MESSAGE][PASSED] - Element 'Object Repository/4.Transfers/Button_Ajman Transfer' is present

2023-02-28 13:50:16 - [TEST_STEP][PASSED] - tap(findTestObject("4.Transfers/Button_Ajman Transfer"), 0): Tapped on element 'Object Repository/4.Transfers/Button_Ajman Transfer'

2023-02-28 13:50:16 - [MESSAGE][WARNING] - Timeout '0' is invalid. Using default page load timeout: '30'

2023-02-28 13:50:17 - [MESSAGE][PASSED] - Tapped on element 'Object Repository/4.Transfers/Button_Ajman Transfer'

2023-02-28 13:50:17 - [TEST_STEP][PASSED] - waitForElementPresent(findTestObject("4.Transfers/Text Box_ IBAN Account Number"), 0): Element 'Object Repository/4.Transfers/Text Box_ IBAN Account Number' is present

2023-02-28 13:50:17 - [MESSAGE][WARNING] - Timeout '0' is invalid. Using default page load timeout: '30'

2023-02-28 13:50:21 - [MESSAGE][PASSED] - Element 'Object Repository/4.Transfers/Text Box_ IBAN Account Number' is present

2023-02-28 13:50:21 - [TEST_STEP][PASSED] - callTestCase(findTestCase("Utilities/Account Selection Based on AccountNumber"), ["accountNumber":accountNumber], CONTINUE_ON_FAILURE): Call Test Case 'Test Cases/Utilities/Account Selection Based on AccountNumber' successfully

2023-02-28 13:50:21 - [TEST_CASE][PASSED] - Test Cases/Utilities/Account Selection Based on AccountNumber: Test Cases/Utilities/Account Selection Based on AccountNumber

2023-02-28 13:50:22 - [TEST_STEP][PASSED] - count = 1: null

2023-02-28 13:50:22 - [TEST_STEP][PASSED] - AccountDetails = getAttribute(findTestObject("2.Dashboard/Accounts/Account Selection", ["index":count]), "contentDescription", 0): Element 'Object Repository/2.Dashboard/Accounts/Account Selection' has attribute 'contentDescription' is 'Available Balance
3,264,876.28
AED
Savings Account
011074763011'

2023-02-28 13:50:23 - [MESSAGE][WARNING] - Timeout '0' is invalid. Using default page load timeout: '30'

2023-02-28 13:50:23 - [MESSAGE][PASSED] - Element 'Object Repository/2.Dashboard/Accounts/Account Selection' has attribute 'contentDescription' is 'Available Balance
3,264,876.28
AED
Savings Account
011074763011'

2023-02-28 13:50:23 - [TEST_STEP][PASSED] - element = <not implemented yet for class: org.codehaus.groovy.ast.expr.EmptyExpression>: null

2023-02-28 13:50:23 - [TEST_STEP][PASSED] - element = AccountDetails.split("\R"): null

2023-02-28 13:50:23 - [TEST_STEP][PASSED] - println(element[4]): null

2023-02-28 13:50:23 - [TEST_STEP][PASSED] - println(accountNumber): null

2023-02-28 13:50:23 - [TEST_STEP][PASSED] - while (accountNumber != element[4]): null

2023-02-28 13:50:23 - [TEST_STEP][PASSED] - swipe(1026, 614, 54, 614): Swiped from 1,026,614 to 54,614

2023-02-28 13:50:24 - [MESSAGE][PASSED] - Swiped from 1,026,614 to 54,614

2023-02-28 13:50:24 - [TEST_STEP][PASSED] - delay(2): Delayed 2 second(s)

2023-02-28 13:50:26 - [MESSAGE][PASSED] - Delayed 2 second(s)

2023-02-28 13:50:26 - [TEST_STEP][PASSED] - (count++): null

2023-02-28 13:50:26 - [TEST_STEP][PASSED] - AccountDetails = getAttribute(findTestObject("2.Dashboard/Accounts/Account Selection", ["index":count]), "contentDescription", 0): Element 'Object Repository/2.Dashboard/Accounts/Account Selection' has attribute 'contentDescription' is 'Available Balance
10,039.00
AED
Current Account
011074763023'

2023-02-28 13:50:26 - [MESSAGE][WARNING] - Timeout '0' is invalid. Using default page load timeout: '30'

2023-02-28 13:50:27 - [MESSAGE][PASSED] - Element 'Object Repository/2.Dashboard/Accounts/Account Selection' has attribute 'contentDescription' is 'Available Balance
10,039.00
AED
Current Account
011074763023'

2023-02-28 13:50:27 - [TEST_STEP][PASSED] - element = AccountDetails.split("\R"): null

2023-02-28 13:50:27 - [TEST_STEP][PASSED] - println(element[4]): null

2023-02-28 13:50:27 - [MESSAGE][PASSED] - Call Test Case 'Test Cases/Utilities/Account Selection Based on AccountNumber' successfully

2023-02-28 13:50:27 - [TEST_STEP][PASSED] - tap(findTestObject("4.Transfers/Text Box_ IBAN Account Number"), 0): Tapped on element 'Object Repository/4.Transfers/Text Box_ IBAN Account Number'

2023-02-28 13:50:27 - [MESSAGE][WARNING] - Timeout '0' is invalid. Using default page load timeout: '30'

2023-02-28 13:50:27 - [MESSAGE][PASSED] - Tapped on element 'Object Repository/4.Transfers/Text Box_ IBAN Account Number'

2023-02-28 13:50:27 - [TEST_STEP][PASSED] - setText(findTestObject("4.Transfers/Text Box_ IBAN Account Number"), "011000833011", 0): Text '011000833011' has been set to element 'Object Repository/4.Transfers/Text Box_ IBAN Account Number'

2023-02-28 13:50:27 - [MESSAGE][WARNING] - Timeout '0' is invalid. Using default page load timeout: '30'

2023-02-28 13:50:28 - [MESSAGE][PASSED] - Text '011000833011' has been set to element 'Object Repository/4.Transfers/Text Box_ IBAN Account Number'

2023-02-28 13:50:28 - [TEST_STEP][PASSED] - takeScreenshot(): Screenshot is taken

2023-02-28 13:50:29 - [MESSAGE][PASSED] - Screenshot is taken
[[ATTACHMENT|C:\\Users\\Dell\\git\\SuperApp-Ajman\\Reports\\20230228_134656\\TS_Demo\\20230228_134656\\1677572428639.png]]

2023-02-28 13:50:29 - [TEST_STEP][PASSED] - tap(findTestObject("4.Transfers/Button_Verify mPIN"), 0): Tapped on element 'Object Repository/4.Transfers/Button_Verify mPIN'

2023-02-28 13:50:30 - [MESSAGE][WARNING] - Timeout '0' is invalid. Using default page load timeout: '30'

2023-02-28 13:50:30 - [MESSAGE][PASSED] - Tapped on element 'Object Repository/4.Transfers/Button_Verify mPIN'

2023-02-28 13:50:30 - [TEST_STEP][PASSED] - waitForElementPresent(findTestObject("4.Transfers/Button_Next"), 0): Element 'Object Repository/4.Transfers/Button_Next' is present

2023-02-28 13:50:31 - [MESSAGE][WARNING] - Timeout '0' is invalid. Using default page load timeout: '30'

2023-02-28 13:50:36 - [MESSAGE][PASSED] - Element 'Object Repository/4.Transfers/Button_Next' is present

2023-02-28 13:50:36 - [TEST_STEP][PASSED] - tap(findTestObject("4.Transfers/Button_Next"), 0): Tapped on element 'Object Repository/4.Transfers/Button_Next'

2023-02-28 13:50:36 - [MESSAGE][WARNING] - Timeout '0' is invalid. Using default page load timeout: '30'

2023-02-28 13:50:38 - [MESSAGE][PASSED] - Tapped on element 'Object Repository/4.Transfers/Button_Next'

2023-02-28 13:50:38 - [TEST_STEP][PASSED] - delay(3): Delayed 3 second(s)

2023-02-28 13:50:41 - [MESSAGE][PASSED] - Delayed 3 second(s)

2023-02-28 13:50:41 - [TEST_STEP][PASSED] - setText(findTestObject("4.Transfers/Text Box_Amount"), amount, 0): Text '100.00' has been set to element 'Object Repository/4.Transfers/Text Box_Amount'

2023-02-28 13:50:41 - [MESSAGE][WARNING] - Timeout '0' is invalid. Using default page load timeout: '30'

2023-02-28 13:50:41 - [MESSAGE][PASSED] - Text '100.00' has been set to element 'Object Repository/4.Transfers/Text Box_Amount'

2023-02-28 13:50:41 - [TEST_STEP][PASSED] - takeScreenshot(): Screenshot is taken

2023-02-28 13:50:42 - [MESSAGE][PASSED] - Screenshot is taken
[[ATTACHMENT|C:\\Users\\Dell\\git\\SuperApp-Ajman\\Reports\\20230228_134656\\TS_Demo\\20230228_134656\\1677572441695.png]]

2023-02-28 13:50:42 - [TEST_STEP][PASSED] - tap(findTestObject("4.Transfers/Button_Next"), 0): Tapped on element 'Object Repository/4.Transfers/Button_Next'

2023-02-28 13:50:42 - [MESSAGE][WARNING] - Timeout '0' is invalid. Using default page load timeout: '30'

2023-02-28 13:50:43 - [MESSAGE][PASSED] - Tapped on element 'Object Repository/4.Transfers/Button_Next'

2023-02-28 13:50:43 - [TEST_STEP][PASSED] - delay(3): Delayed 3 second(s)

2023-02-28 13:50:46 - [MESSAGE][PASSED] - Delayed 3 second(s)

2023-02-28 13:50:46 - [TEST_STEP][PASSED] - swipe(135, 1840, 447, 259): Swiped from 135,1,840 to 447,259

2023-02-28 13:50:47 - [MESSAGE][PASSED] - Swiped from 135,1,840 to 447,259

2023-02-28 13:50:48 - [TEST_STEP][PASSED] - tap(findTestObject("4.Transfers/Button_Confirm"), 0): Tapped on element 'Object Repository/4.Transfers/Button_Confirm'

2023-02-28 13:50:48 - [MESSAGE][WARNING] - Timeout '0' is invalid. Using default page load timeout: '30'

2023-02-28 13:50:48 - [MESSAGE][PASSED] - Tapped on element 'Object Repository/4.Transfers/Button_Confirm'

2023-02-28 13:50:48 - [TEST_STEP][PASSED] - delay(5): Delayed 5 second(s)

2023-02-28 13:50:53 - [MESSAGE][PASSED] - Delayed 5 second(s)

2023-02-28 13:50:53 - [TEST_STEP][PASSED] - tapAtPosition(137, 771): Tapped at [137, 771]

2023-02-28 13:50:54 - [MESSAGE][PASSED] - Tapped at [137, 771]

2023-02-28 13:50:54 - [TEST_STEP][PASSED] - callTestCase(findTestCase("Utilities/Enter_mPIN"), [:], STOP_ON_FAILURE): Call Test Case 'Test Cases/Utilities/Enter_mPIN' successfully

2023-02-28 13:50:54 - [TEST_CASE][PASSED] - Test Cases/Utilities/Enter_mPIN: Test Cases/Utilities/Enter_mPIN

2023-02-28 13:50:54 - [TEST_STEP][PASSED] - driver = getDriver(): null

2023-02-28 13:50:54 - [TEST_STEP][PASSED] - driver.pressKey(new io.appium.java_client.android.nativekey.KeyEvent(io.appium.java_client.android.nativekey.AndroidKey.DIGIT_1)): null

2023-02-28 13:50:54 - [TEST_STEP][PASSED] - driver.pressKey(new io.appium.java_client.android.nativekey.KeyEvent(io.appium.java_client.android.nativekey.AndroidKey.DIGIT_0)): null

2023-02-28 13:50:55 - [TEST_STEP][PASSED] - driver.pressKey(new io.appium.java_client.android.nativekey.KeyEvent(io.appium.java_client.android.nativekey.AndroidKey.DIGIT_2)): null

2023-02-28 13:50:55 - [TEST_STEP][PASSED] - driver.pressKey(new io.appium.java_client.android.nativekey.KeyEvent(io.appium.java_client.android.nativekey.AndroidKey.DIGIT_0)): null

2023-02-28 13:50:56 - [TEST_STEP][PASSED] - driver.pressKey(new io.appium.java_client.android.nativekey.KeyEvent(io.appium.java_client.android.nativekey.AndroidKey.DIGIT_3)): null

2023-02-28 13:50:57 - [TEST_STEP][PASSED] - driver.pressKey(new io.appium.java_client.android.nativekey.KeyEvent(io.appium.java_client.android.nativekey.AndroidKey.DIGIT_0)): null

2023-02-28 13:50:58 - [TEST_STEP][PASSED] - driver.pressKey(new io.appium.java_client.android.nativekey.KeyEvent(io.appium.java_client.android.nativekey.AndroidKey.ENTER)): null

2023-02-28 13:50:59 - [MESSAGE][PASSED] - Call Test Case 'Test Cases/Utilities/Enter_mPIN' successfully

2023-02-28 13:50:59 - [TEST_STEP][PASSED] - tap(findTestObject("4.Transfers/Button_Verify mPIN"), 0): Tapped on element 'Object Repository/4.Transfers/Button_Verify mPIN'

2023-02-28 13:50:59 - [MESSAGE][WARNING] - Timeout '0' is invalid. Using default page load timeout: '30'

2023-02-28 13:51:00 - [MESSAGE][PASSED] - Tapped on element 'Object Repository/4.Transfers/Button_Verify mPIN'

2023-02-28 13:51:00 - [TEST_STEP][PASSED] - delay(5): Delayed 5 second(s)

2023-02-28 13:51:05 - [MESSAGE][PASSED] - Delayed 5 second(s)

2023-02-28 13:51:05 - [TEST_STEP][PASSED] - callTestCase(findTestCase("Utilities/Enter_OTP"), [:], STOP_ON_FAILURE): Call Test Case 'Test Cases/Utilities/Enter_OTP' successfully

2023-02-28 13:51:05 - [TEST_CASE][PASSED] - Test Cases/Utilities/Enter_OTP: Test Cases/Utilities/Enter_OTP

2023-02-28 13:51:05 - [TEST_STEP][PASSED] - driver = getDriver(): null

2023-02-28 13:51:05 - [TEST_STEP][PASSED] - driver.pressKey(new io.appium.java_client.android.nativekey.KeyEvent(io.appium.java_client.android.nativekey.AndroidKey.DIGIT_6)): null

2023-02-28 13:51:05 - [TEST_STEP][PASSED] - driver.pressKey(new io.appium.java_client.android.nativekey.KeyEvent(io.appium.java_client.android.nativekey.AndroidKey.DIGIT_5)): null

2023-02-28 13:51:06 - [TEST_STEP][PASSED] - driver.pressKey(new io.appium.java_client.android.nativekey.KeyEvent(io.appium.java_client.android.nativekey.AndroidKey.DIGIT_4)): null

2023-02-28 13:51:07 - [TEST_STEP][PASSED] - driver.pressKey(new io.appium.java_client.android.nativekey.KeyEvent(io.appium.java_client.android.nativekey.AndroidKey.DIGIT_3)): null

2023-02-28 13:51:08 - [TEST_STEP][PASSED] - driver.pressKey(new io.appium.java_client.android.nativekey.KeyEvent(io.appium.java_client.android.nativekey.AndroidKey.DIGIT_2)): null

2023-02-28 13:51:09 - [TEST_STEP][PASSED] - driver.pressKey(new io.appium.java_client.android.nativekey.KeyEvent(io.appium.java_client.android.nativekey.AndroidKey.DIGIT_1)): null

2023-02-28 13:51:10 - [TEST_STEP][PASSED] - driver.pressKey(new io.appium.java_client.android.nativekey.KeyEvent(io.appium.java_client.android.nativekey.AndroidKey.ENTER)): null

2023-02-28 13:51:11 - [MESSAGE][PASSED] - Call Test Case 'Test Cases/Utilities/Enter_OTP' successfully

2023-02-28 13:51:11 - [TEST_STEP][PASSED] - tap(findTestObject("4.Transfers/Button_VerifyOTP"), 0): Tapped on element 'Object Repository/4.Transfers/Button_VerifyOTP'

2023-02-28 13:51:11 - [MESSAGE][WARNING] - Timeout '0' is invalid. Using default page load timeout: '30'

2023-02-28 13:51:12 - [MESSAGE][PASSED] - Tapped on element 'Object Repository/4.Transfers/Button_VerifyOTP'

2023-02-28 13:51:12 - [TEST_STEP][PASSED] - waitForElementPresent(findTestObject("4.Transfers/Button_BackToPayment"), 180): Element 'Object Repository/4.Transfers/Button_BackToPayment' is present

2023-02-28 13:51:31 - [MESSAGE][PASSED] - Element 'Object Repository/4.Transfers/Button_BackToPayment' is present

2023-02-28 13:51:31 - [TEST_STEP][PASSED] - takeScreenshot(): Screenshot is taken

2023-02-28 13:51:32 - [MESSAGE][PASSED] - Screenshot is taken
[[ATTACHMENT|C:\\Users\\Dell\\git\\SuperApp-Ajman\\Reports\\20230228_134656\\TS_Demo\\20230228_134656\\1677572491263.png]]

2023-02-28 13:51:32 - [TEST_STEP][PASSED] - content = getAttribute(findTestObject("3.Payments/Payment Success page/label_SuccessPage"), "contentDescription", 0): Element 'Object Repository/3.Payments/Payment Success page/label_SuccessPage' has attribute 'contentDescription' is '100.00
AED
Transfer to
AED Current Account
011000833011
Ajman Bank
Description
Reference ID
FT23059T1SJ3'

2023-02-28 13:51:32 - [MESSAGE][WARNING] - Timeout '0' is invalid. Using default page load timeout: '30'

2023-02-28 13:51:32 - [MESSAGE][PASSED] - Element 'Object Repository/3.Payments/Payment Success page/label_SuccessPage' has attribute 'contentDescription' is '100.00
AED
Transfer to
AED Current Account
011000833011
Ajman Bank
Description
Reference ID
FT23059T1SJ3'

2023-02-28 13:51:32 - [TEST_STEP][PASSED] - println(content): null

2023-02-28 13:51:32 - [TEST_STEP][PASSED] - line = content.split("\R"): null

2023-02-28 13:51:32 - [TEST_STEP][PASSED] - println(line[0]): null

2023-02-28 13:51:32 - [TEST_STEP][PASSED] - if (amount == line[0]): Pass

2023-02-28 13:51:32 - [TEST_STEP][PASSED] - markPassed("Pass"): Pass

2023-02-28 13:51:32 - [MESSAGE][PASSED] - Pass

2023-02-28 13:51:32 - [TEST_STEP][PASSED] - tap(findTestObject("3.Payments/Payment Success page/Button_Back To Payment"), 0): Tapped on element 'Object Repository/3.Payments/Payment Success page/Button_Back To Payment'

2023-02-28 13:51:32 - [MESSAGE][WARNING] - Timeout '0' is invalid. Using default page load timeout: '30'

2023-02-28 13:51:33 - [MESSAGE][PASSED] - Tapped on element 'Object Repository/3.Payments/Payment Success page/Button_Back To Payment'

2023-02-28 13:51:33 - [TEST_STEP][PASSED] - callTestCase(findTestCase("Utilities/Logout"), [:], CONTINUE_ON_FAILURE): Call Test Case 'Test Cases/Utilities/Logout' successfully

2023-02-28 13:51:33 - [TEST_CASE][PASSED] - Test Cases/Utilities/Logout: Test Cases/Utilities/Logout

2023-02-28 13:51:33 - [TEST_STEP][PASSED] - waitForElementPresent(findTestObject("2.Dashboard/Profile Settings/Icon_Home"), 60): Element 'Object Repository/2.Dashboard/Profile Settings/Icon_Home' is present

2023-02-28 13:51:36 - [MESSAGE][PASSED] - Element 'Object Repository/2.Dashboard/Profile Settings/Icon_Home' is present

2023-02-28 13:51:36 - [TEST_STEP][PASSED] - tap(findTestObject("2.Dashboard/Profile Settings/Icon_Home"), 0): Tapped on element 'Object Repository/2.Dashboard/Profile Settings/Icon_Home'

2023-02-28 13:51:36 - [MESSAGE][WARNING] - Timeout '0' is invalid. Using default page load timeout: '30'

2023-02-28 13:51:37 - [MESSAGE][PASSED] - Tapped on element 'Object Repository/2.Dashboard/Profile Settings/Icon_Home'

2023-02-28 13:51:37 - [TEST_STEP][PASSED] - waitForElementPresent(findTestObject("2.Dashboard/Accounts/AccountDetails"), 0): Element 'Object Repository/2.Dashboard/Accounts/AccountDetails' is present

2023-02-28 13:51:37 - [MESSAGE][WARNING] - Timeout '0' is invalid. Using default page load timeout: '30'

2023-02-28 13:51:38 - [MESSAGE][PASSED] - Element 'Object Repository/2.Dashboard/Accounts/AccountDetails' is present

2023-02-28 13:51:38 - [TEST_STEP][PASSED] - tap(findTestObject("2.Dashboard/Profile Settings/Image_Profile Picture_DashBoard"), 0): Tapped on element 'Object Repository/2.Dashboard/Profile Settings/Image_Profile Picture_DashBoard'

2023-02-28 13:51:38 - [MESSAGE][WARNING] - Timeout '0' is invalid. Using default page load timeout: '30'

2023-02-28 13:51:39 - [MESSAGE][PASSED] - Tapped on element 'Object Repository/2.Dashboard/Profile Settings/Image_Profile Picture_DashBoard'

2023-02-28 13:51:39 - [TEST_STEP][PASSED] - waitForElementPresent(findTestObject("2.Dashboard/Profile Settings/Image_Profile Picture_Profile Settings"), 0): Element 'Object Repository/2.Dashboard/Profile Settings/Image_Profile Picture_Profile Settings' is present

2023-02-28 13:51:39 - [MESSAGE][WARNING] - Timeout '0' is invalid. Using default page load timeout: '30'

2023-02-28 13:51:40 - [MESSAGE][PASSED] - Element 'Object Repository/2.Dashboard/Profile Settings/Image_Profile Picture_Profile Settings' is present

2023-02-28 13:51:40 - [TEST_STEP][PASSED] - swipe(135, 1840, 447, 259): Swiped from 135,1,840 to 447,259

2023-02-28 13:51:41 - [MESSAGE][PASSED] - Swiped from 135,1,840 to 447,259

2023-02-28 13:51:41 - [TEST_STEP][PASSED] - swipe(135, 1840, 447, 259): Swiped from 135,1,840 to 447,259

2023-02-28 13:51:42 - [MESSAGE][PASSED] - Swiped from 135,1,840 to 447,259

2023-02-28 13:51:42 - [TEST_STEP][PASSED] - tap(findTestObject("2.Dashboard/Profile Settings/Button_Logout"), 0): Tapped on element 'Object Repository/2.Dashboard/Profile Settings/Button_Logout'

2023-02-28 13:51:42 - [MESSAGE][WARNING] - Timeout '0' is invalid. Using default page load timeout: '30'

2023-02-28 13:51:43 - [MESSAGE][PASSED] - Tapped on element 'Object Repository/2.Dashboard/Profile Settings/Button_Logout'

2023-02-28 13:51:43 - [MESSAGE][PASSED] - Call Test Case 'Test Cases/Utilities/Logout' successfully

2023-02-28 13:51:43 - [TEST_STEP][PASSED] - closeApplication(): Close app successfully

2023-02-28 13:51:44 - [MESSAGE][PASSED] - Close app successfully

2023-02-28 13:51:44 - [TEST_STEP][PASSED] - Start listener action : autoUpdateJobStatus: [SAUCELABS] Current run configuration: Android - b76dcbe1

2023-02-28 13:51:44 - [MESSAGE][INFO] - [SAUCELABS] Current run configuration: Android - b76dcbe1]]></system-out>
         <system-err><![CDATA[]]></system-err>
      </testcase>
      <testcase name="Test Cases/Demo/TC 01 - New Bill Payment" time="127.982" classname="Test Cases/Demo/TC 01 - New Bill Payment" status="PASSED">
         <system-out><![CDATA[2023-02-28 13:51:44 - [TEST_CASE][PASSED] - Test Cases/Demo/TC 01 - New Bill Payment: Test Cases/Demo/TC 01 - New Bill Payment

2023-02-28 13:51:44 - [TEST_STEP][PASSED] - Start listener action : enableSauceLabs: [SAUCELABS] Saucelabs Plugin will not attempt to auto update job status and information !

2023-02-28 13:51:44 - [MESSAGE][INFO] - [SAUCELABS] Current run configuration: Android - b76dcbe1

2023-02-28 13:51:44 - [MESSAGE][INFO] - [SAUCELABS] Saucelabs Plugin will not attempt to auto update job status and information !

2023-02-28 13:51:45 - [TEST_STEP][PASSED] - callTestCase(findTestCase("Utilities/Login"), [:], CONTINUE_ON_FAILURE): Call Test Case 'Test Cases/Utilities/Login' successfully

2023-02-28 13:51:45 - [TEST_CASE][PASSED] - Test Cases/Utilities/Login: Test Cases/Utilities/Login

2023-02-28 13:51:45 - [TEST_STEP][PASSED] - startExistingApplication("com.cbt.ajmandigital", STOP_ON_FAILURE): Starting app with application ID: 'com.cbt.ajmandigital'

2023-02-28 13:51:45 - [MESSAGE][INFO] - Detected NodeJS location: "C:\Program Files\nodejs\node.exe"

2023-02-28 13:51:48 - [MESSAGE][INFO] - Appium server started on port 51,467

2023-02-28 13:52:08 - [MESSAGE][PASSED] - Starting app with application ID: 'com.cbt.ajmandigital'

2023-02-28 13:52:08 - [TEST_STEP][PASSED] - waitForElementPresent(findTestObject("1.Registration and Login/Login Page/button_ForgotmPIN"), 0): Element 'Object Repository/1.Registration and Login/Login Page/button_ForgotmPIN' is present

2023-02-28 13:52:09 - [MESSAGE][WARNING] - Timeout '0' is invalid. Using default page load timeout: '30'

2023-02-28 13:52:18 - [MESSAGE][PASSED] - Element 'Object Repository/1.Registration and Login/Login Page/button_ForgotmPIN' is present

2023-02-28 13:52:18 - [TEST_STEP][PASSED] - callTestCase(findTestCase("Utilities/Enter_mPIN"), [:], STOP_ON_FAILURE): Call Test Case 'Test Cases/Utilities/Enter_mPIN' successfully

2023-02-28 13:52:18 - [TEST_CASE][PASSED] - Test Cases/Utilities/Enter_mPIN: Test Cases/Utilities/Enter_mPIN

2023-02-28 13:52:18 - [TEST_STEP][PASSED] - driver = getDriver(): null

2023-02-28 13:52:18 - [TEST_STEP][PASSED] - driver.pressKey(new io.appium.java_client.android.nativekey.KeyEvent(io.appium.java_client.android.nativekey.AndroidKey.DIGIT_1)): null

2023-02-28 13:52:18 - [TEST_STEP][PASSED] - driver.pressKey(new io.appium.java_client.android.nativekey.KeyEvent(io.appium.java_client.android.nativekey.AndroidKey.DIGIT_0)): null

2023-02-28 13:52:19 - [TEST_STEP][PASSED] - driver.pressKey(new io.appium.java_client.android.nativekey.KeyEvent(io.appium.java_client.android.nativekey.AndroidKey.DIGIT_2)): null

2023-02-28 13:52:19 - [TEST_STEP][PASSED] - driver.pressKey(new io.appium.java_client.android.nativekey.KeyEvent(io.appium.java_client.android.nativekey.AndroidKey.DIGIT_0)): null

2023-02-28 13:52:20 - [TEST_STEP][PASSED] - driver.pressKey(new io.appium.java_client.android.nativekey.KeyEvent(io.appium.java_client.android.nativekey.AndroidKey.DIGIT_3)): null

2023-02-28 13:52:20 - [TEST_STEP][PASSED] - driver.pressKey(new io.appium.java_client.android.nativekey.KeyEvent(io.appium.java_client.android.nativekey.AndroidKey.DIGIT_0)): null

2023-02-28 13:52:21 - [TEST_STEP][PASSED] - driver.pressKey(new io.appium.java_client.android.nativekey.KeyEvent(io.appium.java_client.android.nativekey.AndroidKey.ENTER)): null

2023-02-28 13:52:21 - [MESSAGE][PASSED] - Call Test Case 'Test Cases/Utilities/Enter_mPIN' successfully

2023-02-28 13:52:21 - [TEST_STEP][PASSED] - waitForElementPresent(findTestObject("2.Dashboard/Accounts/AccountDetails"), 60): Element 'Object Repository/2.Dashboard/Accounts/AccountDetails' is present

2023-02-28 13:52:27 - [MESSAGE][PASSED] - Element 'Object Repository/2.Dashboard/Accounts/AccountDetails' is present

2023-02-28 13:52:27 - [MESSAGE][PASSED] - Call Test Case 'Test Cases/Utilities/Login' successfully

2023-02-28 13:52:27 - [TEST_STEP][PASSED] - tap(findTestObject("3.Payments/Payments_page/tab_PAY"), 0): Tapped on element 'Object Repository/3.Payments/Payments_page/tab_PAY'

2023-02-28 13:52:27 - [MESSAGE][WARNING] - Timeout '0' is invalid. Using default page load timeout: '30'

2023-02-28 13:52:29 - [MESSAGE][PASSED] - Tapped on element 'Object Repository/3.Payments/Payments_page/tab_PAY'

2023-02-28 13:52:29 - [TEST_STEP][PASSED] - tap(findTestObject("3.Payments/Payments_page/tab_Bills"), 0): Tapped on element 'Object Repository/3.Payments/Payments_page/tab_Bills'

2023-02-28 13:52:29 - [MESSAGE][WARNING] - Timeout '0' is invalid. Using default page load timeout: '30'

2023-02-28 13:52:30 - [MESSAGE][PASSED] - Tapped on element 'Object Repository/3.Payments/Payments_page/tab_Bills'

2023-02-28 13:52:30 - [TEST_STEP][PASSED] - tap(findTestObject("3.Payments/Payments_page/button_NewBill"), 0): Tapped on element 'Object Repository/3.Payments/Payments_page/button_NewBill'

2023-02-28 13:52:30 - [MESSAGE][WARNING] - Timeout '0' is invalid. Using default page load timeout: '30'

2023-02-28 13:52:32 - [MESSAGE][PASSED] - Tapped on element 'Object Repository/3.Payments/Payments_page/button_NewBill'

2023-02-28 13:52:32 - [TEST_STEP][PASSED] - delay(2): Delayed 2 second(s)

2023-02-28 13:52:34 - [MESSAGE][PASSED] - Delayed 2 second(s)

2023-02-28 13:52:34 - [TEST_STEP][PASSED] - tap(findTestObject("3.Payments/Pay To New Biller/Label_Select Biller", ["biller":biller]), 0): Tapped on element 'Object Repository/3.Payments/Pay To New Biller/Label_Select Biller'

2023-02-28 13:52:34 - [MESSAGE][WARNING] - Timeout '0' is invalid. Using default page load timeout: '30'

2023-02-28 13:52:35 - [MESSAGE][PASSED] - Tapped on element 'Object Repository/3.Payments/Pay To New Biller/Label_Select Biller'

2023-02-28 13:52:35 - [TEST_STEP][PASSED] - tap(findTestObject("3.Payments/Pay To New Biller/Label_Select Sub Biller", ["subBiller":subBiller]), 0): Tapped on element 'Object Repository/3.Payments/Pay To New Biller/Label_Select Sub Biller'

2023-02-28 13:52:35 - [MESSAGE][WARNING] - Timeout '0' is invalid. Using default page load timeout: '30'

2023-02-28 13:52:41 - [MESSAGE][PASSED] - Tapped on element 'Object Repository/3.Payments/Pay To New Biller/Label_Select Sub Biller'

2023-02-28 13:52:41 - [TEST_STEP][PASSED] - delay(5, CONTINUE_ON_FAILURE): Delayed 5 second(s)

2023-02-28 13:52:46 - [MESSAGE][PASSED] - Delayed 5 second(s)

2023-02-28 13:52:46 - [TEST_STEP][PASSED] - callTestCase(findTestCase("Utilities/Account Selection Based on AccountNumber"), ["accountNumber":accountNumber], CONTINUE_ON_FAILURE): Call Test Case 'Test Cases/Utilities/Account Selection Based on AccountNumber' successfully

2023-02-28 13:52:46 - [TEST_CASE][PASSED] - Test Cases/Utilities/Account Selection Based on AccountNumber: Test Cases/Utilities/Account Selection Based on AccountNumber

2023-02-28 13:52:46 - [TEST_STEP][PASSED] - count = 1: null

2023-02-28 13:52:46 - [TEST_STEP][PASSED] - AccountDetails = getAttribute(findTestObject("2.Dashboard/Accounts/Account Selection", ["index":count]), "contentDescription", 0): Element 'Object Repository/2.Dashboard/Accounts/Account Selection' has attribute 'contentDescription' is 'Available Balance
3,264,876.28
AED
Savings Account
011074763011'

2023-02-28 13:52:46 - [MESSAGE][WARNING] - Timeout '0' is invalid. Using default page load timeout: '30'

2023-02-28 13:52:46 - [MESSAGE][PASSED] - Element 'Object Repository/2.Dashboard/Accounts/Account Selection' has attribute 'contentDescription' is 'Available Balance
3,264,876.28
AED
Savings Account
011074763011'

2023-02-28 13:52:46 - [TEST_STEP][PASSED] - element = <not implemented yet for class: org.codehaus.groovy.ast.expr.EmptyExpression>: null

2023-02-28 13:52:46 - [TEST_STEP][PASSED] - element = AccountDetails.split("\R"): null

2023-02-28 13:52:46 - [TEST_STEP][PASSED] - println(element[4]): null

2023-02-28 13:52:46 - [TEST_STEP][PASSED] - println(accountNumber): null

2023-02-28 13:52:46 - [TEST_STEP][PASSED] - while (accountNumber != element[4]): null

2023-02-28 13:52:46 - [MESSAGE][PASSED] - Call Test Case 'Test Cases/Utilities/Account Selection Based on AccountNumber' successfully

2023-02-28 13:52:46 - [TEST_STEP][PASSED] - tap(findTestObject("3.Payments/Pay To New Biller/Text Box_Account Number Entry"), 0): Tapped on element 'Object Repository/3.Payments/Pay To New Biller/Text Box_Account Number Entry'

2023-02-28 13:52:47 - [MESSAGE][WARNING] - Timeout '0' is invalid. Using default page load timeout: '30'

2023-02-28 13:52:47 - [MESSAGE][PASSED] - Tapped on element 'Object Repository/3.Payments/Pay To New Biller/Text Box_Account Number Entry'

2023-02-28 13:52:47 - [TEST_STEP][PASSED] - setText(findTestObject("3.Payments/Pay To New Biller/Text Box_Account Number Entry"), consumerNumber, 0): Text '210000137777' has been set to element 'Object Repository/3.Payments/Pay To New Biller/Text Box_Account Number Entry'

2023-02-28 13:52:47 - [MESSAGE][WARNING] - Timeout '0' is invalid. Using default page load timeout: '30'

2023-02-28 13:52:48 - [MESSAGE][PASSED] - Text '210000137777' has been set to element 'Object Repository/3.Payments/Pay To New Biller/Text Box_Account Number Entry'

2023-02-28 13:52:48 - [TEST_STEP][PASSED] - pressBack(): Press back button successfully

2023-02-28 13:52:49 - [MESSAGE][PASSED] - Press back button successfully

2023-02-28 13:52:49 - [TEST_STEP][PASSED] - takeScreenshot(): Screenshot is taken

2023-02-28 13:52:50 - [MESSAGE][PASSED] - Screenshot is taken
[[ATTACHMENT|C:\\Users\\Dell\\git\\SuperApp-Ajman\\Reports\\20230228_134656\\TS_Demo\\20230228_134656\\1677572569243.png]]

2023-02-28 13:52:50 - [TEST_STEP][PASSED] - tap(findTestObject("3.Payments/Pay To New Biller/Button_Next"), 0): Tapped on element 'Object Repository/3.Payments/Pay To New Biller/Button_Next'

2023-02-28 13:52:50 - [MESSAGE][WARNING] - Timeout '0' is invalid. Using default page load timeout: '30'

2023-02-28 13:52:51 - [MESSAGE][PASSED] - Tapped on element 'Object Repository/3.Payments/Pay To New Biller/Button_Next'

2023-02-28 13:52:51 - [TEST_STEP][PASSED] - waitForElementPresent(findTestObject("3.Payments/Amount/Text Box_Amount Entry"), 0): Element 'Object Repository/3.Payments/Amount/Text Box_Amount Entry' is present

2023-02-28 13:52:51 - [MESSAGE][WARNING] - Timeout '0' is invalid. Using default page load timeout: '30'

2023-02-28 13:52:59 - [MESSAGE][PASSED] - Element 'Object Repository/3.Payments/Amount/Text Box_Amount Entry' is present

2023-02-28 13:52:59 - [TEST_STEP][PASSED] - tap(findTestObject("3.Payments/Amount/Text Box_Amount Entry"), 0): Tapped on element 'Object Repository/3.Payments/Amount/Text Box_Amount Entry'

2023-02-28 13:52:59 - [MESSAGE][WARNING] - Timeout '0' is invalid. Using default page load timeout: '30'

2023-02-28 13:53:00 - [MESSAGE][PASSED] - Tapped on element 'Object Repository/3.Payments/Amount/Text Box_Amount Entry'

2023-02-28 13:53:00 - [TEST_STEP][PASSED] - clearText(findTestObject("3.Payments/Amount/Text Box_Amount Entry"), 0): Element 'Object Repository/3.Payments/Amount/Text Box_Amount Entry' text is cleared

2023-02-28 13:53:00 - [MESSAGE][WARNING] - Timeout '0' is invalid. Using default page load timeout: '30'

2023-02-28 13:53:00 - [MESSAGE][PASSED] - Element 'Object Repository/3.Payments/Amount/Text Box_Amount Entry' text is cleared

2023-02-28 13:53:00 - [TEST_STEP][PASSED] - setText(findTestObject("3.Payments/Amount/Text Box_Amount Entry"), amount, 0): Text '1.00' has been set to element 'Object Repository/3.Payments/Amount/Text Box_Amount Entry'

2023-02-28 13:53:00 - [MESSAGE][WARNING] - Timeout '0' is invalid. Using default page load timeout: '30'

2023-02-28 13:53:01 - [MESSAGE][PASSED] - Text '1.00' has been set to element 'Object Repository/3.Payments/Amount/Text Box_Amount Entry'

2023-02-28 13:53:01 - [TEST_STEP][PASSED] - takeScreenshot(): Screenshot is taken

2023-02-28 13:53:02 - [MESSAGE][PASSED] - Screenshot is taken
[[ATTACHMENT|C:\\Users\\Dell\\git\\SuperApp-Ajman\\Reports\\20230228_134656\\TS_Demo\\20230228_134656\\1677572581569.png]]

2023-02-28 13:53:02 - [TEST_STEP][PASSED] - tap(findTestObject("3.Payments/Amount/Button_Next"), 0): Tapped on element 'Object Repository/3.Payments/Amount/Button_Next'

2023-02-28 13:53:02 - [MESSAGE][WARNING] - Timeout '0' is invalid. Using default page load timeout: '30'

2023-02-28 13:53:03 - [MESSAGE][PASSED] - Tapped on element 'Object Repository/3.Payments/Amount/Button_Next'

2023-02-28 13:53:03 - [TEST_STEP][PASSED] - tap(findTestObject("3.Payments/Payment Confirmation Page/Button_Confirm"), 0): Tapped on element 'Object Repository/3.Payments/Payment Confirmation Page/Button_Confirm'

2023-02-28 13:53:03 - [MESSAGE][WARNING] - Timeout '0' is invalid. Using default page load timeout: '30'

2023-02-28 13:53:04 - [MESSAGE][PASSED] - Tapped on element 'Object Repository/3.Payments/Payment Confirmation Page/Button_Confirm'

2023-02-28 13:53:04 - [TEST_STEP][PASSED] - delay(5): Delayed 5 second(s)

2023-02-28 13:53:09 - [MESSAGE][PASSED] - Delayed 5 second(s)

2023-02-28 13:53:09 - [TEST_STEP][PASSED] - callTestCase(findTestCase("Utilities/Enter_mPIN"), [:], STOP_ON_FAILURE): Call Test Case 'Test Cases/Utilities/Enter_mPIN' successfully

2023-02-28 13:53:10 - [TEST_CASE][PASSED] - Test Cases/Utilities/Enter_mPIN: Test Cases/Utilities/Enter_mPIN

2023-02-28 13:53:10 - [TEST_STEP][PASSED] - driver = getDriver(): null

2023-02-28 13:53:10 - [TEST_STEP][PASSED] - driver.pressKey(new io.appium.java_client.android.nativekey.KeyEvent(io.appium.java_client.android.nativekey.AndroidKey.DIGIT_1)): null

2023-02-28 13:53:10 - [TEST_STEP][PASSED] - driver.pressKey(new io.appium.java_client.android.nativekey.KeyEvent(io.appium.java_client.android.nativekey.AndroidKey.DIGIT_0)): null

2023-02-28 13:53:10 - [TEST_STEP][PASSED] - driver.pressKey(new io.appium.java_client.android.nativekey.KeyEvent(io.appium.java_client.android.nativekey.AndroidKey.DIGIT_2)): null

2023-02-28 13:53:11 - [TEST_STEP][PASSED] - driver.pressKey(new io.appium.java_client.android.nativekey.KeyEvent(io.appium.java_client.android.nativekey.AndroidKey.DIGIT_0)): null

2023-02-28 13:53:12 - [TEST_STEP][PASSED] - driver.pressKey(new io.appium.java_client.android.nativekey.KeyEvent(io.appium.java_client.android.nativekey.AndroidKey.DIGIT_3)): null

2023-02-28 13:53:13 - [TEST_STEP][PASSED] - driver.pressKey(new io.appium.java_client.android.nativekey.KeyEvent(io.appium.java_client.android.nativekey.AndroidKey.DIGIT_0)): null

2023-02-28 13:53:13 - [TEST_STEP][PASSED] - driver.pressKey(new io.appium.java_client.android.nativekey.KeyEvent(io.appium.java_client.android.nativekey.AndroidKey.ENTER)): null

2023-02-28 13:53:14 - [MESSAGE][PASSED] - Call Test Case 'Test Cases/Utilities/Enter_mPIN' successfully

2023-02-28 13:53:14 - [TEST_STEP][PASSED] - tap(findTestObject("3.Payments/Payment Confirmation Page/Button_Verify"), 0): Tapped on element 'Object Repository/3.Payments/Payment Confirmation Page/Button_Verify'

2023-02-28 13:53:14 - [MESSAGE][WARNING] - Timeout '0' is invalid. Using default page load timeout: '30'

2023-02-28 13:53:15 - [MESSAGE][PASSED] - Tapped on element 'Object Repository/3.Payments/Payment Confirmation Page/Button_Verify'

2023-02-28 13:53:15 - [TEST_STEP][PASSED] - delay(5): Delayed 5 second(s)

2023-02-28 13:53:20 - [MESSAGE][PASSED] - Delayed 5 second(s)

2023-02-28 13:53:20 - [TEST_STEP][PASSED] - callTestCase(findTestCase("Utilities/Enter_OTP"), [:], STOP_ON_FAILURE): Call Test Case 'Test Cases/Utilities/Enter_OTP' successfully

2023-02-28 13:53:20 - [TEST_CASE][PASSED] - Test Cases/Utilities/Enter_OTP: Test Cases/Utilities/Enter_OTP

2023-02-28 13:53:20 - [TEST_STEP][PASSED] - driver = getDriver(): null

2023-02-28 13:53:20 - [TEST_STEP][PASSED] - driver.pressKey(new io.appium.java_client.android.nativekey.KeyEvent(io.appium.java_client.android.nativekey.AndroidKey.DIGIT_6)): null

2023-02-28 13:53:20 - [TEST_STEP][PASSED] - driver.pressKey(new io.appium.java_client.android.nativekey.KeyEvent(io.appium.java_client.android.nativekey.AndroidKey.DIGIT_5)): null

2023-02-28 13:53:21 - [TEST_STEP][PASSED] - driver.pressKey(new io.appium.java_client.android.nativekey.KeyEvent(io.appium.java_client.android.nativekey.AndroidKey.DIGIT_4)): null

2023-02-28 13:53:22 - [TEST_STEP][PASSED] - driver.pressKey(new io.appium.java_client.android.nativekey.KeyEvent(io.appium.java_client.android.nativekey.AndroidKey.DIGIT_3)): null

2023-02-28 13:53:23 - [TEST_STEP][PASSED] - driver.pressKey(new io.appium.java_client.android.nativekey.KeyEvent(io.appium.java_client.android.nativekey.AndroidKey.DIGIT_2)): null

2023-02-28 13:53:24 - [TEST_STEP][PASSED] - driver.pressKey(new io.appium.java_client.android.nativekey.KeyEvent(io.appium.java_client.android.nativekey.AndroidKey.DIGIT_1)): null

2023-02-28 13:53:25 - [TEST_STEP][PASSED] - driver.pressKey(new io.appium.java_client.android.nativekey.KeyEvent(io.appium.java_client.android.nativekey.AndroidKey.ENTER)): null

2023-02-28 13:53:26 - [MESSAGE][PASSED] - Call Test Case 'Test Cases/Utilities/Enter_OTP' successfully

2023-02-28 13:53:26 - [TEST_STEP][PASSED] - tap(findTestObject("4.Transfers/Button_VerifyOTP"), 0): Tapped on element 'Object Repository/4.Transfers/Button_VerifyOTP'

2023-02-28 13:53:26 - [MESSAGE][WARNING] - Timeout '0' is invalid. Using default page load timeout: '30'

2023-02-28 13:53:28 - [MESSAGE][PASSED] - Tapped on element 'Object Repository/4.Transfers/Button_VerifyOTP'

2023-02-28 13:53:28 - [TEST_STEP][PASSED] - waitForElementPresent(findTestObject("3.Payments/Payment Success page/Button_Back To Payment"), 180): Element 'Object Repository/3.Payments/Payment Success page/Button_Back To Payment' is present

2023-02-28 13:53:39 - [MESSAGE][PASSED] - Element 'Object Repository/3.Payments/Payment Success page/Button_Back To Payment' is present

2023-02-28 13:53:39 - [TEST_STEP][PASSED] - takeScreenshot(): Screenshot is taken

2023-02-28 13:53:39 - [MESSAGE][PASSED] - Screenshot is taken
[[ATTACHMENT|C:\\Users\\Dell\\git\\SuperApp-Ajman\\Reports\\20230228_134656\\TS_Demo\\20230228_134656\\1677572619104.png]]

2023-02-28 13:53:39 - [TEST_STEP][PASSED] - content = getAttribute(findTestObject("3.Payments/Payment Success page/label_SuccessPage"), "contentDescription", 0): Element 'Object Repository/3.Payments/Payment Success page/label_SuccessPage' has attribute 'contentDescription' is '1.00
AED
Paid To
FEWA
FEWA
210000137777
Reference ID
22101724910846'

2023-02-28 13:53:40 - [MESSAGE][WARNING] - Timeout '0' is invalid. Using default page load timeout: '30'

2023-02-28 13:53:40 - [MESSAGE][PASSED] - Element 'Object Repository/3.Payments/Payment Success page/label_SuccessPage' has attribute 'contentDescription' is '1.00
AED
Paid To
FEWA
FEWA
210000137777
Reference ID
22101724910846'

2023-02-28 13:53:40 - [TEST_STEP][PASSED] - println(content): null

2023-02-28 13:53:40 - [TEST_STEP][PASSED] - line = content.split("\R"): null

2023-02-28 13:53:40 - [TEST_STEP][PASSED] - println(line[0]): null

2023-02-28 13:53:40 - [TEST_STEP][PASSED] - if (amount == line[0]): Pass

2023-02-28 13:53:40 - [TEST_STEP][PASSED] - markPassed("Pass"): Pass

2023-02-28 13:53:40 - [MESSAGE][PASSED] - Pass

2023-02-28 13:53:40 - [TEST_STEP][PASSED] - tap(findTestObject("3.Payments/Payment Success page/Button_Back To Payment"), 0): Tapped on element 'Object Repository/3.Payments/Payment Success page/Button_Back To Payment'

2023-02-28 13:53:40 - [MESSAGE][WARNING] - Timeout '0' is invalid. Using default page load timeout: '30'

2023-02-28 13:53:41 - [MESSAGE][PASSED] - Tapped on element 'Object Repository/3.Payments/Payment Success page/Button_Back To Payment'

2023-02-28 13:53:41 - [TEST_STEP][PASSED] - callTestCase(findTestCase("Utilities/Logout"), [:], CONTINUE_ON_FAILURE): Call Test Case 'Test Cases/Utilities/Logout' successfully

2023-02-28 13:53:41 - [TEST_CASE][PASSED] - Test Cases/Utilities/Logout: Test Cases/Utilities/Logout

2023-02-28 13:53:41 - [TEST_STEP][PASSED] - waitForElementPresent(findTestObject("2.Dashboard/Profile Settings/Icon_Home"), 60): Element 'Object Repository/2.Dashboard/Profile Settings/Icon_Home' is present

2023-02-28 13:53:44 - [MESSAGE][PASSED] - Element 'Object Repository/2.Dashboard/Profile Settings/Icon_Home' is present

2023-02-28 13:53:44 - [TEST_STEP][PASSED] - tap(findTestObject("2.Dashboard/Profile Settings/Icon_Home"), 0): Tapped on element 'Object Repository/2.Dashboard/Profile Settings/Icon_Home'

2023-02-28 13:53:44 - [MESSAGE][WARNING] - Timeout '0' is invalid. Using default page load timeout: '30'

2023-02-28 13:53:45 - [MESSAGE][PASSED] - Tapped on element 'Object Repository/2.Dashboard/Profile Settings/Icon_Home'

2023-02-28 13:53:45 - [TEST_STEP][PASSED] - waitForElementPresent(findTestObject("2.Dashboard/Accounts/AccountDetails"), 0): Element 'Object Repository/2.Dashboard/Accounts/AccountDetails' is present

2023-02-28 13:53:45 - [MESSAGE][WARNING] - Timeout '0' is invalid. Using default page load timeout: '30'

2023-02-28 13:53:45 - [MESSAGE][PASSED] - Element 'Object Repository/2.Dashboard/Accounts/AccountDetails' is present

2023-02-28 13:53:46 - [TEST_STEP][PASSED] - tap(findTestObject("2.Dashboard/Profile Settings/Image_Profile Picture_DashBoard"), 0): Tapped on element 'Object Repository/2.Dashboard/Profile Settings/Image_Profile Picture_DashBoard'

2023-02-28 13:53:46 - [MESSAGE][WARNING] - Timeout '0' is invalid. Using default page load timeout: '30'

2023-02-28 13:53:47 - [MESSAGE][PASSED] - Tapped on element 'Object Repository/2.Dashboard/Profile Settings/Image_Profile Picture_DashBoard'

2023-02-28 13:53:47 - [TEST_STEP][PASSED] - waitForElementPresent(findTestObject("2.Dashboard/Profile Settings/Image_Profile Picture_Profile Settings"), 0): Element 'Object Repository/2.Dashboard/Profile Settings/Image_Profile Picture_Profile Settings' is present

2023-02-28 13:53:47 - [MESSAGE][WARNING] - Timeout '0' is invalid. Using default page load timeout: '30'

2023-02-28 13:53:48 - [MESSAGE][PASSED] - Element 'Object Repository/2.Dashboard/Profile Settings/Image_Profile Picture_Profile Settings' is present

2023-02-28 13:53:48 - [TEST_STEP][PASSED] - swipe(135, 1840, 447, 259): Swiped from 135,1,840 to 447,259

2023-02-28 13:53:49 - [MESSAGE][PASSED] - Swiped from 135,1,840 to 447,259

2023-02-28 13:53:49 - [TEST_STEP][PASSED] - swipe(135, 1840, 447, 259): Swiped from 135,1,840 to 447,259

2023-02-28 13:53:50 - [MESSAGE][PASSED] - Swiped from 135,1,840 to 447,259

2023-02-28 13:53:50 - [TEST_STEP][PASSED] - tap(findTestObject("2.Dashboard/Profile Settings/Button_Logout"), 0): Tapped on element 'Object Repository/2.Dashboard/Profile Settings/Button_Logout'

2023-02-28 13:53:51 - [MESSAGE][WARNING] - Timeout '0' is invalid. Using default page load timeout: '30'

2023-02-28 13:53:51 - [MESSAGE][PASSED] - Tapped on element 'Object Repository/2.Dashboard/Profile Settings/Button_Logout'

2023-02-28 13:53:51 - [MESSAGE][PASSED] - Call Test Case 'Test Cases/Utilities/Logout' successfully

2023-02-28 13:53:51 - [TEST_STEP][PASSED] - closeApplication(): Close app successfully

2023-02-28 13:53:52 - [MESSAGE][PASSED] - Close app successfully

2023-02-28 13:53:52 - [TEST_STEP][PASSED] - Start listener action : autoUpdateJobStatus: [SAUCELABS] Current run configuration: Android - b76dcbe1

2023-02-28 13:53:52 - [MESSAGE][INFO] - [SAUCELABS] Current run configuration: Android - b76dcbe1]]></system-out>
         <system-err><![CDATA[]]></system-err>
      </testcase>
      <system-out><![CDATA[2023-02-28 13:47:08 - [TEST_SUITE][PASSED] - TS_Demo: Test Cases/Demo/TC 01 - New Bill Payment]]></system-out>
      <system-err><![CDATA[]]></system-err>
   </testsuite>
</testsuites>
